-2450	2450	0	754060.25
-2518	2518	0	738421.75
-2584	2584	0	722360.88
-2652	2652	0	705878.19
-2718	2718	0	688973.06
-2785	2785	0	671649.19
-2852	2852	0	653903.19
-2919	2919	0	635735.06
-2986	2986	0	617144.88
-3053	3053	0	598132.56
-3120	3120	0	578698.19
-3187	3187	0	558841.69
-3254	3254	0	538563.06
-3320	3320	0	517865.38
-3388	3388	0	496745.88
-3454	3454	0	475203.97
-3521	3521	0	453243.28
-3588	3588	0	430860.50
-3655	3655	0	408055.59
-3722	3722	0	384828.59
-3789	3789	0	361179.50
-3856	3856	0	337108.31
-3923	3923	0	312615.03
-3990	3990	0	287699.63
-4056	4056	0	262365.13
-4124	4124	0	236608.84
-4190	4190	0	210430.14
-4257	4257	0	183832.64
-4324	4324	0	156813.05
-4391	4391	0	129371.35
-4458	4458	0	101507.55
-4525	4525	0	73221.66
-4592	4592	0	44513.66
-4658	4658	0	15386.56
-4726	4726	0	-14162.33
-4778	4778	0	-44091.74
-4802	4802	0	-74264.95
-4799	4799	0	-104508.57
-4776	4776	0	-134673.44
-4742	4742	0	-164660.48
-4699	4699	0	-194406.41
-4650	4650	0	-223863.47
-4596	4596	0	-252996.88
-4538	4538	0	-281778.09
-4479	4479	0	-310190.94
-4417	4417	0	-338223.09
-4354	4354	0	-365861.66
-4290	4290	0	-393100.34
-4225	4225	0	-419932.84
-4160	4160	0	-446355.84
-4094	4094	0	-472366.34
-4028	4028	0	-497961.03
-3961	3961	0	-523136.94
-3894	3894	0	-547890.75
-3827	3827	0	-572222.44
-3760	3760	0	-596132.06
-3692	3692	0	-619616.56
-3625	3625	0	-642675.69
-3557	3557	0	-665309.69
-3490	3490	0	-687518.31
-3422	3422	0	-709301.81
-3354	3354	0	-730656.94
-3287	3287	0	-751586.63
-3219	3219	0	-772091.25
-3152	3152	0	-792170.44
-3084	3084	0	-811824.56
-3016	3016	0	-831050.25
-2948	2948	0	-849847.56
-2881	2881	0	-868219.44
-2813	2813	0	-886166.25
-2746	2746	0	-903687.63
-2678	2678	0	-920783.94
-2610	2610	0	-937451.88
-2542	2542	0	-953691.38
-2474	2474	0	-969502.50
-2407	2407	0	-984888.19
-2339	2339	0	-999848.81
-2272	2272	0	-1014384.00
-2204	2204	0	-1028494.13
-2136	2136	0	-1042175.81
-2068	2068	0	-1055429.12
-2000	2000	0	-1068254.00
-1933	1933	0	-1080653.50
-1865	1865	0	-1092627.87
-1797	1797	0	-1104173.87
-1730	1730	0	-1115294.50
-1662	1662	0	-1125990.00
-1594	1594	0	-1136257.12
-1526	1526	0	-1146095.87
-1459	1459	0	-1155509.12
-1391	1391	0	-1164497.37
-1323	1323	0	-1173057.12
-1256	1256	0	-1181191.50
-1188	1188	0	-1188900.75
-1120	1120	0	-1196181.62
-1052	1052	0	-1203034.12
-984	984	0	-1209458.25
-917	917	0	-1215457.00
-849	849	0	-1221030.62
-782	782	0	-1226178.87
-714	714	0	-1230902.00
-646	646	0	-1235196.75
-578	578	0	-1239063.00
-510	510	0	-1242500.87
-443	443	0	-1245513.37
-375	375	0	-1248100.75
-308	308	0	-1250262.75
-240	240	0	-1251999.62
-172	172	0	-1253308.12
-104	104	0	-1254188.25
-36	36	0	-1254640.00
31	-31	0	-1254666.25
99	-99	0	-1254267.50
166	-166	0	-1253443.25
234	-234	0	-1252194.00
302	-302	0	-1250516.25
370	-370	0	-1248410.12
438	-438	0	-1245875.62
505	-505	0	-1242915.75
573	-573	0	-1239530.75
640	-640	0	-1235720.37
708	-708	0	-1231484.87
776	-776	0	-1226821.00
844	-844	0	-1221728.75
912	-912	0	-1216208.00
979	-979	0	-1210261.87
1047	-1047	0	-1203890.62
1114	-1114	0	-1197094.00
1182	-1182	0	-1189872.25
1250	-1250	0	-1182222.12
1318	-1318	0	-1174143.62
1385	-1385	0	-1165639.75
1453	-1453	0	-1156710.75
1520	-1520	0	-1147356.37
1588	-1588	0	-1137576.87
1656	-1656	0	-1127369.00
1724	-1724	0	-1116732.75
1792	-1792	0	-1105668.00
1859	-1859	0	-1094177.87
1927	-1927	0	-1082262.62
1994	-1994	0	-1069922.00
2062	-2062	0	-1057156.25
2130	-2130	0	-1043962.19
2198	-2198	0	-1030339.69
2265	-2265	0	-1016291.81
2333	-2333	0	-1001818.81
2400	-2400	0	-986920.44
2468	-2468	0	-971596.94
2536	-2536	0	-955845.06
2604	-2604	0	-939664.75
2671	-2671	0	-923059.06
2739	-2739	0	-906028.25
2807	-2807	0	-888569.06
2874	-2874	0	-870684.44
2942	-2942	0	-852374.75
3010	-3010	0	-833636.69
3077	-3077	0	-814473.19
3145	-3145	0	-794884.63
3213	-3213	0	-774867.63
3280	-3280	0	-754425.25
3348	-3348	0	-733557.75
3416	-3416	0	-712261.88
3484	-3484	0	-690537.56
3551	-3551	0	-668387.88
3619	-3619	0	-645813.06
3686	-3686	0	-622812.88
3754	-3754	0	-599387.56
3822	-3822	0	-575533.88
3890	-3890	0	-551251.81
3957	-3957	0	-526544.31
4025	-4025	0	-501411.72
4092	-4092	0	-475853.72
4160	-4160	0	-449870.63
4228	-4228	0	-423459.13
4296	-4296	0	-396619.25
4364	-4364	0	-369350.97
4431	-4431	0	-341657.28
4499	-4499	0	-313538.50
4566	-4566	0	-284994.31
4634	-4634	0	-256025.03
4702	-4702	0	-226627.34
4770	-4770	0	-196801.25
4837	-4837	0	-166549.75
4905	-4905	0	-135873.16
4972	-4972	0	-104771.16
5040	-5040	0	-73244.08
5108	-5108	0	-41288.59
5176	-5176	0	-8904.70
5244	-5244	0	23907.59
5297	-5297	0	57103.39
5321	-5321	0	90546.30
5320	-5320	0	124065.61
5300	-5300	0	157521.75
5268	-5268	0	190815.98
5228	-5228	0	223884.69
5180	-5180	0	256677.44
5128	-5128	0	289155.81
5072	-5072	0	321294.63
5014	-5014	0	353074.66
4954	-4954	0	384483.31
4892	-4892	0	415507.97
4830	-4830	0	446142.03
4766	-4766	0	476379.50
4702	-4702	0	506213.78
4637	-4637	0	535641.88
4572	-4572	0	564660.44
4506	-4506	0	593266.50
4440	-4440	0	621456.81
4374	-4374	0	649231.31
4308	-4308	0	676590.00
4242	-4242	0	703532.88
4175	-4175	0	730057.00
4109	-4109	0	756162.00
4042	-4042	0	781848.19
3976	-3976	0	807115.25
3909	-3909	0	831963.56
3842	-3842	0	856389.75
3776	-3776	0	880396.81
3709	-3709	0	903985.13
3642	-3642	0	927151.31
3576	-3576	0	949898.38
3509	-3509	0	972226.69
3442	-3442	0	994132.88
3376	-3376	0	1015619.94
3308	-3308	0	1036685.25
3242	-3242	0	1057328.12
3175	-3175	0	1077552.25
3108	-3108	0	1097354.25
3042	-3042	0	1116737.12
2975	-2975	0	1135701.25
2908	-2908	0	1154243.25
2841	-2841	0	1172363.12
2774	-2774	0	1190060.87
2708	-2708	0	1207339.62
2641	-2641	0	1224199.50
2574	-2574	0	1240637.25
2507	-2507	0	1256653.00
2440	-2440	0	1272246.62
2374	-2374	0	1287421.12
2307	-2307	0	1302176.87
2240	-2240	0	1316510.50
2173	-2173	0	1330422.00
2106	-2106	0	1343911.37
2040	-2040	0	1356981.62
1973	-1973	0	1369633.12
1906	-1906	0	1381862.50
1839	-1839	0	1393669.75
1772	-1772	0	1405055.00
1706	-1706	0	1416021.12
1638	-1638	0	1426565.37
1572	-1572	0	1436687.25
1505	-1505	0	1446390.37
1438	-1438	0	1455671.37
1371	-1371	0	1464530.25
1304	-1304	0	1472967.00
1238	-1238	0	1480984.75
1171	-1171	0	1488583.62
1104	-1104	0	1495760.37
1037	-1037	0	1502515.12
970	-970	0	1508847.75
904	-904	0	1514761.25
836	-836	0	1520253.00
770	-770	0	1525322.25
703	-703	0	1529972.75
636	-636	0	1534201.12
569	-569	0	1538007.37
502	-502	0	1541391.62
435	-435	0	1544353.75
368	-368	0	1546893.75
302	-302	0	1549014.62
235	-235	0	1550716.75
168	-168	0	1551996.75
101	-101	0	1552854.62
34	-34	0	1553290.37
-33	33	0	1553304.12
-100	100	0	1552895.75
-166	166	0	1552068.25
-234	234	0	1550819.00
-300	300	0	1549147.25
-367	367	0	1547056.75
-434	434	0	1544544.12
-501	501	0	1541609.37
-568	568	0	1538252.62
-635	635	0	1534473.75
-702	702	0	1530272.75
-768	768	0	1525652.62
-836	836	0	1520610.75
-902	902	0	1515146.50
-969	969	0	1509263.37
-1036	1036	0	1502958.12
-1103	1103	0	1496230.87
-1170	1170	0	1489081.50
-1236	1236	0	1481513.00
-1304	1304	0	1473522.75
-1370	1370	0	1465110.00
-1437	1437	0	1456278.50
-1504	1504	0	1447024.87
-1571	1571	0	1437349.12
-1638	1638	0	1427251.37
-1704	1704	0	1416734.50
228	1772	2000	1411780.75
162	1838	2000	1413019.62
95	1905	2000	1413839.75
28	1972	2000	1414237.75
-39	2039	2000	1414213.62
-106	2106	2000	1413767.37
-172	2172	2000	1412902.12
-240	2240	2000	1411615.00
-306	2306	2000	1409905.50
-373	2373	2000	1407777.25
-440	2440	2000	1405226.87
-507	2507	2000	1402254.37
-574	2574	2000	1398859.75
-641	2641	2000	1395043.00
-708	2708	2000	1390804.25
-774	2774	2000	1386146.37
-841	2841	2000	1381069.62
-908	2908	2000	1375570.87
-975	2975	2000	1369650.00
-1042	3042	2000	1363307.00
-1109	3109	2000	1356541.87
-1176	3176	2000	1349354.62
-1242	3242	2000	1341748.37
-1310	3310	2000	1333720.25
-1376	3376	2000	1325269.75
-1443	3443	2000	1316400.50
-1510	3510	2000	1307109.12
-1577	3577	2000	1297395.62
-1644	3644	2000	1287260.00
-1711	3711	2000	1276702.25
-1778	3778	2000	1265722.50
-1844	3844	2000	1254323.62
-1912	3912	2000	1242502.87
-1978	3978	2000	1230259.75
-2045	4045	2000	1217597.87
-2112	4112	2000	1204513.87
-2179	4179	2000	1191007.75
-2246	4246	2000	1177079.50
-2313	4313	2000	1162729.25
-2380	4380	2000	1147956.87
-2446	4446	2000	1132765.37
-2513	4513	2000	1117155.12
-2580	4580	2000	1101122.75
-2647	4647	2000	1084668.25
-2714	4714	2000	1067791.62
-2781	4781	2000	1050492.87
-2848	4848	2000	1032772.06
-2914	4914	2000	1014632.19
-2981	4981	2000	996073.50
-3048	5048	2000	977092.69
-3115	5115	2000	957689.81
-3182	5182	2000	937864.81
-3249	5249	2000	917617.69
-3316	5316	2000	896948.50
-3382	5382	2000	875860.19
-3449	5449	2000	854353.06
-3516	5516	2000	832423.88
-3583	5583	2000	810072.56
-3650	5650	2000	787299.19
-3717	5717	2000	764103.69
-3784	5784	2000	740486.06
-3850	5850	2000	716449.38
-3917	5917	2000	691993.88
-3984	5984	2000	667116.25
-4051	6051	2000	641816.56
-4118	6118	2000	616094.75
-4185	6185	2000	589950.88
-4252	6252	2000	563384.88
-4318	6318	2000	536399.75
-4385	6385	2000	508995.84
-4452	6452	2000	481169.84
-4519	6519	2000	452921.75
-4586	6586	2000	424251.56
-4653	6653	2000	395159.28
-4720	6720	2000	365644.88
-4786	6786	2000	335711.38
-4853	6853	2000	305359.09
-4920	6920	2000	274584.69
-4987	6987	2000	243388.19
-5054	7054	2000	211769.59
-5121	7121	2000	179728.91
-5188	7188	2000	147266.11
-5254	7254	2000	114384.21
-5322	7322	2000	81080.52
-5388	7388	2000	47354.42
-5455	7455	2000	13209.53
-5522	7522	2000	-21357.47
-5575	7575	2000	-56304.67
-5598	7598	2000	-91495.99
-5595	7595	2000	-126754.41
-5574	7574	2000	-161940.06
-5540	7540	2000	-196954.52
-5497	7497	2000	-231727.83
-5448	7448	2000	-266212.28
-5394	7394	2000	-300373.09
-5336	7336	2000	-334181.72
-5277	7277	2000	-367621.97
-5216	7216	2000	-400684.53
-5152	7152	2000	-433353.81
-5088	7088	2000	-465619.88
-5024	7024	2000	-497482.75
-4958	6958	2000	-528936.44
-4892	6892	2000	-559974.31
-4825	6825	2000	-590593.44
-4758	6758	2000	-620790.44
-4692	6692	2000	-650568.31
-4624	6624	2000	-679924.44
-4557	6557	2000	-708855.13
-4490	6490	2000	-737363.75
-4422	6422	2000	-765447.25
-4355	6355	2000	-793105.38
-4287	6287	2000	-820338.38
-4220	6220	2000	-847146.00
-4152	6152	2000	-873528.50
-4084	6084	2000	-899482.63
-4016	6016	2000	-925008.31
-3948	5948	2000	-950105.63
-3881	5881	2000	-974777.50
-3813	5813	2000	-999024.31
-3745	5745	2000	-1022842.75
-3678	5678	2000	-1046235.75
-3610	5610	2000	-1069203.62
-3542	5542	2000	-1091743.12
-3474	5474	2000	-1113854.25
-3406	5406	2000	-1135537.00
-3339	5339	2000	-1156794.25
-3271	5271	2000	-1177626.50
-3203	5203	2000	-1198030.25
-3136	5136	2000	-1218008.62
-3068	5068	2000	-1237561.87
-3000	5000	2000	-1256686.75
-2932	4932	2000	-1275383.25
-2864	4864	2000	-1293651.37
-2796	4796	2000	-1311491.12
-2728	4728	2000	-1328902.37
-2661	4661	2000	-1345888.25
-2593	4593	2000	-1362449.00
-2525	4525	2000	-1378581.37
-2458	4458	2000	-1394288.37
-2390	4390	2000	-1409570.25
-2322	4322	2000	-1424423.75
-2254	4254	2000	-1438848.87
-2186	4186	2000	-1452845.62
-2118	4118	2000	-1466413.87
-2051	4051	2000	-1479556.75
-1983	3983	2000	-1492274.50
-1915	3915	2000	-1504563.87
-1848	3848	2000	-1516427.87
-1780	3780	2000	-1527866.75
-1712	3712	2000	-1538877.25
-1644	3644	2000	-1549459.37
-1576	3576	2000	-1559613.12
-1508	3508	2000	-1569338.37
-1441	3441	2000	-1578638.25
-1373	3373	2000	-1587513.00
-1305	3305	2000	-1595959.37
-1238	3238	2000	-1603980.37
-1170	3170	2000	-1611576.25
-1102	3102	2000	-1618743.75
-1034	3034	2000	-1625482.87
-966	2966	2000	-1631793.62
-898	2898	2000	-1637675.87
-831	2831	2000	-1643132.75
-763	2763	2000	-1648164.50
-695	2695	2000	-1652767.87
-628	2628	2000	-1656945.87
-560	2560	2000	-1660698.75
-492	2492	2000	-1664023.25
-424	2424	2000	-1666919.37
-356	2356	2000	-1669387.12
-289	2289	2000	-1671429.37
-221	2221	2000	-1673046.62
-153	2153	2000	-1674235.37
-86	2086	2000	-1674998.75
-18	2018	2000	-1675337.00
50	1950	2000	-1675246.87
118	1882	2000	-1674728.37
186	1814	2000	-1673781.50
254	1746	2000	-1672406.25
321	1679	2000	-1670605.50
389	1611	2000	-1668379.75
457	1543	2000	-1665725.50
524	1476	2000	-1662645.87
592	1408	2000	-1659141.12
660	1340	2000	-1655208.00
728	1272	2000	-1650846.50
796	1204	2000	-1646056.62
864	1136	2000	-1640838.37
931	1069	2000	-1635194.62
999	1001	2000	-1629125.87
1067	933	2000	-1622628.62
1134	866	2000	-1615706.00
1202	798	2000	-1608358.25
1270	730	2000	-1600582.12
1338	662	2000	-1592377.62
1406	594	2000	-1583744.75
1473	527	2000	-1574686.50
1541	459	2000	-1565203.12
1609	391	2000	-1555291.37
1676	324	2000	-1544954.12
1744	256	2000	-1534191.87
1812	188	2000	-1523001.12
1880	120	2000	-1511382.00
1948	52	2000	-1499334.50
2016	-16	2000	-1486858.62
2083	-83	2000	-1473957.37
2151	-151	2000	-1460631.00
2218	-218	2000	-1446879.25
2286	-286	2000	-1432702.37
2354	-354	2000	-1418097.12
2422	-422	2000	-1403063.37
2490	-490	2000	-1387601.25
2557	-557	2000	-1371713.75
2625	-625	2000	-1355401.12
2693	-693	2000	-1338660.12
2760	-760	2000	-1321493.75
2828	-828	2000	-1303902.25
2896	-896	2000	-1285882.37
2964	-964	2000	-1267434.12
3032	-1032	2000	-1248557.37
3100	-1100	2000	-1229252.25
3167	-1167	2000	-1209521.75
3235	-1235	2000	-1189366.12
3303	-1303	2000	-1168782.12
3370	-1370	2000	-1147772.75
3438	-1438	2000	-1126338.25
3506	-1506	2000	-1104475.37
3574	-1574	2000	-1082184.12
3642	-1642	2000	-1059464.50
3709	-1709	2000	-1036319.38
3777	-1777	2000	-1012749.19
3845	-1845	2000	-988750.63
3912	-1912	2000	-964326.63
3980	-1980	2000	-939477.56
4048	-2048	2000	-914200.06
4116	-2116	2000	-888494.19
4184	-2184	2000	-862359.88
4252	-2252	2000	-835797.19
4319	-2319	2000	-808809.06
4387	-2387	2000	-781395.88
4454	-2454	2000	-753557.25
4522	-2522	2000	-725293.56
4590	-2590	2000	-696601.50
4658	-2658	2000	-667481.00
4726	-2726	2000	-637932.13
4793	-2793	2000	-607957.81
4861	-2861	2000	-577558.44
4929	-2929	2000	-546730.63
4996	-2996	2000	-515477.44
5064	-3064	2000	-483799.16
5132	-3132	2000	-451692.47
5200	-3200	2000	-419157.38
5268	-3268	2000	-386193.88
5335	-3335	2000	-352804.97
5403	-3403	2000	-318990.97
5471	-3471	2000	-284748.59
5538	-3538	2000	-250080.80
5606	-3606	2000	-214987.91
5674	-3674	2000	-179466.63
5742	-3742	2000	-143516.94
5810	-3810	2000	-107138.85
5877	-3877	2000	-70335.36
5945	-3945	2000	-33106.77
6013	-4013	2000	4550.21
6066	-4066	2000	42590.71
6090	-4090	2000	80878.34
6089	-4089	2000	119242.34
6070	-4070	2000	157546.19
6038	-4038	2000	195691.42
5997	-3997	2000	233608.13
5949	-3949	2000	271245.59
5897	-3897	2000	308568.69
5842	-3842	2000	345555.19
5784	-3784	2000	382186.22
5723	-3723	2000	418442.88
5662	-3662	2000	454315.22
5599	-3599	2000	489797.28
5535	-3535	2000	524879.44
5471	-3471	2000	559558.44
5406	-3406	2000	593831.25
5341	-3341	2000	627694.56
5276	-3276	2000	661148.38
5210	-3210	2000	694189.69
5144	-3144	2000	726815.19
5078	-3078	2000	759024.88
5011	-3011	2000	790815.75
4945	-2945	2000	822187.56
4878	-2878	2000	853140.56
4812	-2812	2000	883674.44
4746	-2746	2000	913792.50
4679	-2679	2000	943491.81
4612	-2612	2000	972769.00
4546	-2546	2000	1001627.06
4480	-2480	2000	1030069.38
4413	-2413	2000	1058092.87
4346	-2346	2000	1085694.25
4280	-2280	2000	1112876.50
4213	-2213	2000	1139640.00
4146	-2146	2000	1165981.37
4080	-2080	2000	1191903.62
4013	-2013	2000	1217407.12
1946	-1946	0	1236503.50
1880	-1880	0	1248565.75
1813	-1813	0	1260209.25
1746	-1746	0	1271430.62
1680	-1680	0	1282232.87
1612	-1612	0	1292613.37
1546	-1546	0	1302571.50
1479	-1479	0	1312110.75
1412	-1412	0	1321228.00
1346	-1346	0	1329926.12
1279	-1279	0	1338205.37
1212	-1212	0	1346062.62
1146	-1146	0	1353500.75
1079	-1079	0	1360520.00
1012	-1012	0	1367117.25
945	-945	0	1373292.37
878	-878	0	1379045.37
812	-812	0	1384379.25
745	-745	0	1389294.37
678	-678	0	1393787.37
612	-612	0	1397861.25
545	-545	0	1401516.37
478	-478	0	1404749.37
412	-412	0	1407563.25
344	-344	0	1409955.37
278	-278	0	1411925.12
211	-211	0	1413476.00
144	-144	0	1414604.75
78	-78	0	1415314.50
