-0.70
-32.66
-26.63
-32.96
-29.53
-26.06
-28.63
-35.40
-41.99
-34.44
-62.45
-77.84
-57.51
-58.64
-62.74
-54.64
-52.38
-36.62
-37.65
-47.41
-34.65
-43.05
-35.27
-57.46
-52.51
-53.28
-60.40
-64.39
-60.31
-55.67
-47.01
-44.67
-55.07
-64.01
-72.20
-48.35
-54.41
-47.32
-57.24
-55.76
-58.40
-57.93
-47.60
-45.18
-47.72
-47.12
-48.18
-53.75
-40.96
-52.92
-44.30
-47.75
-39.50
-41.05
-41.85
-69.15
-81.05
-80.39
-60.45
-74.10
-67.25
-72.04
-85.54
-81.88
-101.07
-84.34
-106.55
-93.24
-106.84
-78.57
-98.61
-97.58
-81.75
-67.07
-66.08
-64.92
-69.75
-75.30
-66.25
-46.74
-56.23
-41.10
-16.09
-8.48
33.68
1.46
27.27
-19.37
-1.86
11.33
20.27
-4.51
-19.45
-33.57
-29.33
-37.42
-28.45
-36.81
-42.38
-38.36
-33.74
-37.89
-31.23
-30.60
-33.34
-38.51
-35.83
-35.50
-34.01
-37.81
-39.51
-37.83
-33.93
-37.82
-34.49
-42.31
-31.89
-40.14
-39.24
-29.90
-36.33
-23.94
-13.01
-30.76
-27.32
-16.10
-14.22
-20.95
-20.29
-23.12
-22.19
-14.66
-25.39
3.42
28.70
44.27
35.35
-18.11
-5.59
26.33
19.43
14.94
-6.17
82.69
55.00
21.95
-28.72
-87.17
-38.09
-164.19
-9.11
-7.59
-22.98
-27.81
-0.27
-38.62
-59.30
59.92
94.13
141.94
102.00
90.58
34.83
131.72
76.85
76.13
45.76
32.17
11.62
53.20
30.71
20.24
52.72
14.27
46.11
25.70
11.40
-9.75
26.42
23.16
17.08
-47.10
19.46
21.37
22.87
28.99
24.17
17.90
12.88
11.91
1.99
17.02
20.87
17.99
25.81
24.08
24.69
20.32
20.06
53.90
42.40
20.55
11.27
15.90
32.89
28.84
22.46
28.24
21.30
21.60
12.23
-4.40
-8.35
-121.82
-91.96
-61.80
-26.51
-26.65
-9.78
-59.46
-22.94
-5.48
-61.27
7.18
17.09
-8.40
-7.01
-10.09
0.19
-7.09
-5.35
-4.33
-0.78
-6.56
-5.19
-3.32
-3.17
-4.65
3.07
-2.57
-5.39
-4.28
-6.41
-7.30
-6.39
-6.52
-6.01
-5.43
-3.52
-4.41
-3.93
-2.32
-3.92
-6.71
-4.18
-3.99
-4.92
-3.74
0.39
-4.50
-3.71
-4.05
-1.80
16.40
10.47
35.15
14.92
6.17
15.97
31.29
57.40
55.37
47.92
88.13
106.10
123.60
145.86
111.21
77.25
91.22
110.31
106.39
126.58
107.68
107.69
134.79
125.08
105.45
148.34
75.90
113.88
111.86
122.28
156.10
130.41
94.15
91.40
90.64
91.96
91.51
94.71
95.21
90.19
99.85
184.76
95.15
92.27
94.02
95.93
97.92
96.62
96.30
122.35
206.02
111.20
99.31
103.72
102.05
97.43
102.60
100.74
100.73
102.47
106.10
105.26
108.20
105.80
105.02
145.46
137.66
108.57
111.51
110.08
106.22
109.06
109.27
109.04
109.50
105.97
105.07
109.21
137.03
120.10
111.66
111.63
115.16
109.90
116.45
128.14
110.28
111.12
113.74
111.67
112.07
108.25
111.17
110.62
110.45
111.58
111.45
111.53
107.83
107.95
108.64
110.00
108.85
110.28
110.93
108.39
76.89
53.22
2.39
43.34
30.93
25.02
33.44
10.12
-37.95
-49.39
-67.20
-86.60
-121.62
-103.50
-135.56
-121.40
-33.00
-59.84
-12.92
-46.16
-13.05
-17.22
-26.69
-40.27
-17.14
-5.51
-5.72
-8.61
-6.18
-1.56
23.88
28.43
19.57
-2.15
-2.47
-5.39
2.52
-1.71
-9.90
-4.37
-3.98
-2.64
-2.75
-3.52
-3.43
-5.96
-42.45
-8.78
-23.17
-39.75
-27.23
-10.39
-11.26
-7.59
-6.84
-9.95
-8.54
-16.11
-12.53
-8.86
-12.42
-10.59
-9.41
-8.15
-10.04
-10.53
-9.99
-2.29
-5.90
26.05
-5.74
-8.19
-7.91
-7.36
-7.25
-8.57
-8.13
-6.79
-5.73
10.49
-4.48
-7.26
-6.62
-7.31
-5.66
-6.65
-5.76
-4.70
-5.64
-4.46
-6.42
-5.57
7.06
31.37
-5.78
-1.99
-4.32
-3.75
-5.12
-4.47
-4.03
-6.52
-3.29
-6.15
-6.36
-8.69
-73.26
-53.81
-10.14
-9.53
-11.04
-8.96
-10.45
-9.76
-9.01
-8.52
-9.67
-9.11
-10.52
-9.41
-8.58
-10.17
-10.93
-10.76
-11.90
-11.17
-10.39
-12.39
-10.04
-15.06
-14.18
-11.85
-10.99
-4.87
-2.11
-1.41
-9.48
-8.69
-10.42
-12.56
-10.06
-9.59
-10.26
-9.14
-9.24
-8.48
-9.03
-5.57
-1.16
-10.39
-9.77
-7.22
-7.57
-7.14
-7.44
-6.48
-10.38
-9.62
-5.07
-7.22
-8.11
-8.59
-11.16
-7.46
-7.15
-8.09
-5.90
-5.75
-7.83
-7.86
-7.57
-7.18
-7.16
-8.61
-7.24
-7.65
-15.65
-2.67
-5.03
-3.44
-8.97
-6.40
-6.27
-7.86
-13.20
-16.39
-14.38
-21.94
-21.58
-9.82
-8.16
-9.97
0.86
-3.69
-8.99
-1.52
-0.98
-7.15
-5.74
-3.51
-13.82
-16.27
-15.30
-13.88
-10.89
-7.82
4.21
15.33
21.25
12.38
0.93
-5.58
-8.75
-10.84
-8.35
-10.13
-9.60
-3.41
3.10
4.21
4.24
0.66
-6.13
-15.82
-32.17
-28.01
-16.73
-12.53
-10.89
-7.06
-7.56
-13.65
-6.12
-8.99
-15.74
-25.29
-16.50
-3.72
0.95
-32.83
-8.57
-9.66
-9.59
-10.53
-11.01
-10.62
-11.94
-15.63
-9.58
-11.36
-11.74
-11.68
-12.49
-11.81
-11.48
-11.67
-11.02
-11.31
-11.56
-8.83
-10.10
-10.10
-10.39
-11.00
-12.90
-12.40
-13.47
-12.97
-12.54
-10.54
-10.20
-10.94
-10.94
-11.18
-12.46
-12.61
-12.40
-12.32
-12.46
-12.41
-12.44
-12.41
-12.97
-13.09
-10.55
-9.76
-10.37
-10.16
-9.86
-11.38
-10.85
-10.54
-10.77
-10.60
-8.17
-8.14
-8.25
-10.26
-9.95
-8.95
-8.74
-8.89
-10.08
-9.79
-9.37
-8.78
-10.62
-13.06
-12.18
-11.87
-10.13
-13.08
-10.43
-11.55
-10.75
-10.93
-10.61
-12.30
-11.41
-11.46
-13.16
-13.65
-14.94
-26.54
-20.11
-15.56
-16.42
-16.79
-50.49
-41.02
-18.33
-30.71
-36.04
-18.20
-36.41
-42.38
-32.30
-51.18
-36.49
-39.00
-48.30
-39.39
-26.62
-39.79
-29.38
-50.75
-60.50
-60.79
-56.98
-39.94
-67.73
-40.95
-78.53
-45.30
-73.17
-66.23
-92.81
-49.94
-82.12
-71.14
-49.79
-60.83
-53.13
-92.97
-115.79
-79.57
-75.61
-55.02
-55.15
-62.54
-59.14
-56.38
-56.81
-56.00
-55.98
-57.53
-57.69
-55.00
-54.26
-54.45
-57.38
-57.43
-58.46
-58.72
-58.74
-58.91
-60.19
-55.61
-57.68
-60.72
-158.66
-159.61
-102.19
-83.56
-154.39
-119.60
-88.26
-111.36
-97.64
-129.29
-73.02
-76.73
-79.45
-84.28
-79.53
-82.17
-81.17
-81.54
-83.74
-82.34
-82.08
-81.05
-87.90
-88.63
-85.84
-81.74
-82.21
-81.65
-78.87
-80.57
-80.87
-80.97
-81.28
-86.36
-86.07
-114.26
-330.83
-96.85
-123.02
-100.15
-110.22
-108.92
-113.07
-106.04
-102.92
-103.07
-104.46
-103.46
-103.19
-103.32
-101.59
-101.18
-103.97
-103.91
-110.04
-104.12
-97.59
-98.41
-103.18
-103.49
-102.66
-102.20
-101.40
-101.12
-101.57
-100.59
-102.01
-45.45
-22.12
-96.26
-23.86
-31.73
-21.91
33.08
0.51
-45.10
-2.11
-34.39
70.30
-49.45
-59.39
-69.52
-32.52
14.45
-10.36
118.59
-48.13
-80.30
-2.33
24.64
29.85
34.64
-19.83
-26.29
-7.95
-30.25
-23.66
-24.04
-24.39
-19.06
-21.99
-26.54
-26.03
-21.10
-19.36
-15.90
-18.81
-19.38
-14.01
-12.85
-22.70
-11.53
1.22
0.39
-20.33
-14.02
-20.49
1.21
-4.40
-19.22
-19.98
-13.66
-13.65
-15.30
-16.56
-14.88
-19.50
-20.75
-22.72
-17.29
-20.38
3.09
-19.13
-42.63
-22.10
-23.93
-24.49
-17.96
-9.49
-16.73
-20.38
-15.25
-4.46
-21.53
-11.76
-14.63
-15.50
-14.45
-14.91
-15.08
-15.47
-10.71
-26.29
-18.04
-19.36
-20.03
-19.81
-21.08
-19.66
-19.21
-11.91
-8.37
-9.66
-13.36
-17.08
-17.47
-18.50
-20.52
-19.30
-18.67
-19.32
-19.67
-19.81
-19.58
-20.26
-19.92
-18.64
-15.86
-18.22
-21.35
-16.66
-12.69
-11.91
-6.21
-13.73
-14.82
-16.98
-17.28
-13.33
-15.51
-11.42
-12.29
-15.09
78.92
-4.91
-13.03
-3.76
-10.48
111.12
-4.08
28.21
7.92
100.72
45.46
17.21
11.12
14.56
90.85
13.29
103.80
63.52
12.91
32.52
53.67
116.60
86.06
90.31
80.94
100.86
58.44
130.47
82.26
45.01
46.01
65.25
79.35
78.26
49.95
44.16
51.90
52.87
53.55
53.34
51.39
94.51
51.81
54.96
56.80
51.60
55.62
57.67
53.76
28.36
36.68
-8.64
26.73
-22.07
-3.85
-0.77
25.61
-5.17
9.07
-12.93
-32.29
-24.01
0.22
-91.50
-13.29
-54.18
-84.35
-21.93
-60.53
-40.38
-232.60
-90.68
-117.76
-89.85
-70.24
-225.15
-102.96
-91.53
-152.22
-190.20
-130.35
-103.88
-112.36
-78.34
-67.50
-74.02
-137.39
-106.77
-126.56
-139.70
-92.19
-92.87
-113.56
-101.11
-163.03
-98.02
-79.90
-85.84
-87.06
-87.49
-86.94
-85.53
-81.15
-86.59
-83.59
-83.21
-83.09
-83.09
-83.32
-84.34
-80.79
-84.31
-83.97
-71.94
-78.95
-70.50
-80.23
-70.55
-76.46
-83.57
-77.47
-82.79
-82.54
-83.18
-81.50
-80.85
-80.48
-81.36
-82.15
-81.62
-82.01
-82.08
-82.79
-80.81
-83.29
-85.11
-86.76
-84.27
-81.84
-71.90
-82.07
-80.35
-80.95
-81.18
-81.44
-81.03
-80.62
-73.47
-14.49
7.92
69.02
128.04
207.28
65.27
1.44
-29.44
-11.41
-48.85
-258.24
-66.09
-32.94
-73.04
-76.70
-50.31
-42.02
-45.20
-43.91
-41.06
-40.56
-42.46
-41.26
-42.04
-40.75
-40.62
-41.10
-43.92
-42.68
-42.85
-32.77
-28.14
-40.79
-40.72
-43.50
-43.00
-45.35
-42.15
-47.49
-43.45
-40.23
-42.48
-40.56
-43.09
-42.11
-39.97
-41.00
-41.91
-42.39
-42.92
-41.62
-42.03
-41.23
-40.89
-41.15
-41.80
-41.67
-41.45
-40.70
-41.12
-43.84
-43.78
-42.22
-41.58
-41.93
-42.36
-42.15
-42.30
-42.49
-42.31
-44.46
-44.23
-44.04
-43.82
-43.16
-43.06
-42.85
-42.47
-42.74
-42.81
-41.39
-41.21
-40.29
-39.97
-39.76
-40.33
-40.79
-42.22
-44.33
-43.99
-43.33
-43.02
-43.05
-43.10
-42.66
-41.39
-41.20
-42.63
-43.60
-43.21
-42.17
-42.31
-42.20
-40.10
-39.97
-40.51
-40.51
-40.72
-42.83
-42.65
-41.46
-41.22
-41.77
-40.82
-40.92
-42.14
-42.19
-42.21
-39.94
-38.57
-78.51
-52.61
-44.74
-42.91
-42.18
-43.05
-43.10
-41.95
-43.13
-42.83
-42.78
-42.63
-43.16
-42.26
-42.29
-44.35
-44.34
-44.45
-42.22
2.22
-93.34
-90.86
-106.44
-99.12
-125.95
-140.13
-68.70
-93.31
-141.79
-183.49
-182.50
-170.27
-207.34
-224.39
-239.18
-232.85
-155.91
-17.41
116.48
56.22
-13.83
-50.51
-78.15
-19.66
4.39
-47.24
-19.67
-2.25
8.47
-61.15
-62.09
-60.41
-60.23
-60.77
-61.08
-60.80
-59.89
-59.83
-59.40
-59.22
-59.29
-60.83
-60.80
-59.79
-59.47
-59.41
-61.45
-61.75
-61.01
-61.29
-61.26
-62.08
-62.26
-60.90
-60.84
-60.67
-61.45
-61.26
-61.34
-61.19
-61.34
-60.77
-60.81
-61.97
-62.59
-62.69
-60.99
-60.81
-60.56
-60.52
-60.34
-59.01
-58.90
-59.33
-59.80
-60.48
-58.48
-58.14
-59.29
-59.79
-59.49
-60.66
-60.62
-60.59
-61.54
-61.68
-61.14
-61.35
-61.34
-59.83
-59.85
-60.64
-61.02
-60.73
-59.87
-59.88
-60.99
-61.02
-61.38
-59.84
-59.74
-60.54
-60.63
-60.77
-59.34
-59.49
-60.56
-60.76
-60.72
-59.60
-59.48
-61.03
-61.24
-61.19
-61.78
-61.83
-61.72
-61.58
-61.88
-59.76
-59.88
-60.74
-61.14
-61.27
-62.17
-62.17
-60.77
-59.97
-59.91
-60.11
-59.94
-61.14
-62.07
-61.92
-59.66
-59.25
-58.64
-57.91
-58.03
-57.82
-58.04
-57.93
-60.04
-59.79
-60.84
-60.99
-60.82
-61.83
-61.66
-63.00
-63.26
-62.97
-60.34
-60.42
-59.98
-59.92
-59.88
-58.77
-58.95
-60.09
-60.40
-60.40
-60.84
-60.87
-61.06
-61.03
-61.06
-60.46
-60.26
-61.58
-61.53
-61.75
-59.27
-59.41
-59.98
-60.39
-60.30
-60.67
-60.87
-60.48
-60.49
-60.34
-59.82
-59.92
-59.05
-58.55
-58.63
-59.85
-59.96
-60.29
-60.18
-60.36
-60.55
-60.83
-61.27
-61.77
-61.69
-60.49
-60.42
-60.46
-60.72
-60.70
-60.34
-60.28
-60.17
-59.87
-59.79
-59.78
-59.62
-59.91
-58.20
-58.29
-60.91
-61.26
-61.23
-59.55
-59.32
-59.31
-59.34
-59.36
-59.94
-59.76
-60.25
-60.31
-60.36
-60.24
-60.28
-60.23
-60.22
-60.28
-59.88
-60.08
-58.72
-58.39
-58.30
-59.57
-59.83
-59.80
-59.72
-59.76
-60.82
-60.55
-60.72
-60.82
-60.91
-60.40
-60.37
-60.49
-60.67
-60.94
-60.78
-60.95
-60.06
-60.06
-59.98
-59.13
-58.94
-61.56
-62.91
-62.90
-60.61
-60.37
-60.28
-61.04
-61.39
-61.32
-61.63
-61.32
-60.92
-60.85
-61.30
-61.11
-61.22
-60.97
-60.63
-58.93
-58.49
-58.59
-60.30
-60.26
-57.95
-57.46
-57.46
-61.72
-61.72
-60.15
-59.94
-59.93
-59.36
-59.34
-60.66
-60.85
-60.77
-61.36
-61.12
-60.55
-60.32
-60.13
-60.29
-60.27
-61.37
-62.12
-62.23
-59.40
-59.35
-59.42
-59.94
-59.77
-61.77
-61.55
-61.20
-60.77
-60.68
-60.46
-60.31
-60.50
-60.73
-60.92
-61.12
-61.36
-60.76
-60.73
-60.59
-60.79
-60.86
-60.76
-60.43
-60.22
-59.80
-59.73
-60.05
-59.56
-59.37
-59.40
-59.29
-59.37
-60.63
-60.80
-59.57
-59.40
-59.20
-60.81
