-12.97
-13.93
-14.33
-14.29
-14.45
-14.69
-14.67
-14.92
-13.96
-13.99
-13.76
-11.24
-11.22
-13.28
-13.64
-13.79
-14.39
-14.23
-14.24
-14.57
-14.97
-14.59
-14.76
-14.84
-11.93
-11.47
-11.95
-9.98
-30.38
26.50
-25.26
-14.06
8.94
-19.92
10.33
-8.50
-1.79
14.31
37.21
8.13
26.99
15.61
10.79
-11.46
19.58
27.28
26.04
-15.26
-22.86
-2.69
4.45
6.20
7.78
25.03
21.93
17.78
15.33
3.06
8.31
4.81
41.10
9.61
14.66
7.14
5.48
10.34
10.86
12.46
7.49
8.51
9.98
8.66
7.55
1.74
-6.01
4.42
4.80
12.01
7.07
6.79
6.89
6.75
11.13
11.35
6.91
6.74
6.67
6.81
6.65
7.96
8.04
8.02
6.43
6.54
-50.09
7.25
7.22
3.13
3.14
2.12
2.18
2.28
8.07
8.28
5.68
5.72
5.05
5.67
5.54
-5.07
5.77
5.52
2.60
4.42
-0.68
3.02
-3.73
4.53
4.76
4.29
4.59
4.54
-1.28
1.37
3.15
3.37
3.54
1.58
3.42
5.61
5.76
5.92
2.40
2.25
2.29
6.47
1.79
3.46
3.75
3.61
3.39
-1.05
3.74
3.72
3.82
2.51
2.53
2.38
2.28
2.36
0.34
0.30
4.50
-3.54
-1.04
1.25
0.46
1.39
1.33
-6.10
1.03
1.61
1.38
17.51
31.10
1.82
1.48
2.88
2.86
2.63
3.92
-17.56
-25.30
-27.12
-32.96
-44.11
-30.01
-53.73
-50.88
-40.67
-61.77
-44.19
-76.87
-86.77
-70.83
-38.62
-54.84
-78.31
-71.31
-60.14
-80.12
-73.37
-92.19
-81.91
-74.07
-83.31
-66.03
-64.59
-93.68
-96.77
-116.73
-78.71
-98.68
-95.08
-107.26
-96.63
-79.97
-71.54
-91.15
-83.12
-84.65
-88.95
-91.20
-83.99
-86.88
-93.13
-86.00
-83.27
-82.62
-84.57
-85.46
-86.00
-88.05
-87.25
-88.04
-84.98
-84.47
-84.53
-87.24
-87.35
-84.74
-84.30
-84.60
-84.49
-84.58
-84.85
-85.93
-85.85
-85.98
-85.50
-85.23
-84.05
-81.64
-67.89
-78.51
-58.23
-38.30
-47.18
-51.48
-56.16
-22.38
-55.01
-10.83
16.07
-10.71
-8.35
6.03
-39.27
-1.35
-6.41
10.85
19.58
1.12
26.10
7.23
2.96
14.02
14.12
14.55
18.15
26.56
36.20
37.23
11.55
21.88
28.03
16.11
-5.10
21.21
29.80
16.88
8.46
4.82
7.23
7.81
6.75
12.80
12.46
8.27
9.49
7.84
8.60
8.43
10.23
13.95
21.23
10.36
8.06
11.84
12.19
12.35
14.23
11.07
11.64
10.76
8.71
12.74
16.22
20.30
11.62
28.64
35.96
31.67
64.75
77.82
47.39
44.23
72.38
84.27
105.57
64.55
68.95
95.75
60.18
68.10
65.50
76.36
64.52
82.26
73.88
76.48
78.35
93.08
90.36
89.40
71.98
78.62
167.98
146.14
119.26
90.36
114.55
106.48
87.93
85.27
89.70
103.23
105.84
139.43
87.54
88.88
86.83
87.72
92.33
91.32
94.08
80.27
60.60
97.22
86.33
90.99
94.32
108.19
89.08
91.56
95.37
95.34
97.06
96.10
99.87
95.60
93.12
90.81
93.61
96.72
100.89
102.24
109.55
119.46
120.54
128.73
115.64
110.80
137.50
147.84
202.75
240.84
149.04
160.04
183.32
205.20
159.03
203.45
211.39
175.80
168.13
174.00
177.20
198.80
186.85
185.27
190.39
206.73
195.01
182.77
185.81
196.86
185.70
219.32
189.82
189.55
208.99
-150.27
-174.71
-195.67
-166.98
-168.34
-186.63
-198.57
-187.91
-182.44
-165.58
-171.73
-154.20
-168.30
-170.11
-170.63
-172.82
-173.14
-170.19
-169.90
-171.77
-170.39
-172.40
-170.29
-170.69
-168.37
-176.14
-177.27
-180.24
-175.42
-206.80
-199.05
-191.34
-193.23
-198.37
-212.67
151.33
163.27
144.93
149.74
148.45
126.31
124.49
154.03
135.49
142.11
118.58
103.12
116.47
97.81
62.01
65.00
102.80
128.17
96.31
39.46
55.28
54.06
30.83
17.11
54.83
-23.94
13.20
38.07
15.92
-0.30
18.64
-27.01
12.77
22.10
15.74
16.72
-1.38
-8.97
1.50
-19.49
-14.84
12.47
-10.22
8.31
8.72
13.59
-18.73
-0.90
-17.83
-11.25
-2.95
-10.57
-31.71
-40.09
-3.85
13.71
1.21
-2.49
-19.60
15.47
19.02
6.00
0.11
-5.62
2.32
4.61
3.69
5.38
-1.05
-0.87
-0.13
2.47
1.13
-2.94
1.37
3.73
2.92
21.71
9.94
3.84
6.99
4.54
-7.18
2.58
54.43
14.68
22.69
-11.21
10.11
8.73
8.35
11.38
11.13
12.06
13.28
11.84
10.66
10.65
10.71
10.53
10.71
9.72
9.84
11.30
10.37
10.78
18.85
9.10
9.08
11.12
10.82
11.98
11.96
11.92
9.71
11.94
11.99
11.88
11.98
9.67
9.79
9.07
-5.86
9.18
9.82
9.59
9.57
9.39
9.75
9.74
9.71
11.90
12.13
12.06
8.78
8.66
9.25
9.75
9.87
10.67
10.71
8.87
8.91
8.69
8.74
8.63
9.36
20.97
3.56
6.77
8.09
7.05
6.62
5.74
6.46
5.88
7.42
7.33
7.39
7.39
7.62
6.43
6.56
6.56
7.42
7.50
7.32
10.11
10.11
6.16
6.15
6.12
8.95
8.95
5.26
5.54
5.46
8.63
8.42
8.57
8.60
8.53
5.65
5.39
7.62
7.53
7.46
6.07
6.07
10.02
9.86
9.86
6.52
6.63
7.42
7.57
7.56
7.61
7.49
7.61
7.58
7.49
7.03
6.89
8.64
8.53
8.71
8.54
8.64
8.98
8.98
9.03
8.92
9.08
6.82
6.73
6.59
5.39
5.38
8.33
8.72
8.54
8.56
8.75
8.69
8.66
8.62
5.99
6.02
6.00
8.79
8.84
7.40
7.45
7.27
9.60
9.63
11.08
10.86
11.06
10.24
10.08
6.52
6.48
