-5	5	0	-0.00
-15	15	0	1.57
-22	22	0	2.67
-30	30	0	3.92
-41	41	0	5.63
-55	55	0	7.82
-75	75	0	10.95
-104	104	0	15.48
-141	141	0	21.26
-186	186	0	28.29
-236	236	0	36.09
-290	290	0	44.50
-347	347	0	53.36
-406	406	0	62.51
-467	467	0	71.95
-529	529	0	81.53
-592	592	0	91.25
-655	655	0	100.94
-719	719	0	110.77
-784	784	0	120.72
-848	848	0	130.50
-914	914	0	140.57
-978	978	0	150.30
-1044	1044	0	160.32
-1110	1110	0	170.32
-1175	1175	0	180.13
-1240	1240	0	189.92
-1306	1306	0	199.84
-1372	1372	0	209.74
-1438	1438	0	219.62
-1504	1504	0	229.47
-1569	1569	0	239.13
-1635	1635	0	248.94
-1701	1701	0	258.71
-1767	1767	0	268.47
-1833	1833	0	278.19
-1899	1899	0	287.90
-1965	1965	0	297.58
-2031	2031	0	307.23
-2097	2097	0	316.86
-2163	2163	0	326.47
-2229	2229	0	336.05
-2295	2295	0	345.60
-2361	2361	0	355.14
-2427	2427	0	364.64
-2493	2493	0	374.13
-2559	2559	0	383.59
-2626	2626	0	393.18
-2692	2692	0	402.59
-2758	2758	0	411.97
-2824	2824	0	421.33
-2890	2890	0	430.67
-2956	2956	0	439.98
-3022	3022	0	449.27
-3088	3088	0	458.53
-3154	3154	0	467.77
-3220	3220	0	476.98
-3286	3286	0	486.17
-3352	3352	0	495.34
-3418	3418	0	504.48
-3485	3485	0	513.75
-3551	3551	0	522.84
-3617	3617	0	531.91
-3683	3683	0	540.95
-3749	3749	0	549.97
-3815	3815	0	558.96
-3882	3882	0	568.09
-3948	3948	0	577.03
-4014	4014	0	585.95
-4080	4080	0	594.85
-4146	4146	0	603.72
-4212	4212	0	612.57
-4278	4278	0	621.39
-4344	4344	0	630.19
-4410	4410	0	638.96
-4476	4476	0	647.71
-4542	4542	0	656.43
-4609	4609	0	665.29
-4675	4675	0	673.96
-4741	4741	0	682.61
-4807	4807	0	691.24
-4873	4873	0	699.84
-4940	4940	0	708.57
-5006	5006	0	717.13
-5072	5072	0	725.65
-5138	5138	0	734.16
-5204	5204	0	742.64
-5270	5270	0	751.09
-5336	5336	0	759.52
-5402	5402	0	767.92
-5469	5469	0	776.46
-5535	5535	0	784.82
-5601	5601	0	793.15
-5667	5667	0	801.46
-5733	5733	0	809.74
-5800	5800	0	818.16
-5866	5866	0	826.39
-5932	5932	0	834.60
-5998	5998	0	842.78
-6064	6064	0	850.94
-6130	6130	0	859.08
-6196	6196	0	867.19
-6262	6262	0	875.28
-6328	6328	0	883.34
-6395	6395	0	891.53
-6461	6461	0	899.55
-6527	6527	0	907.53
-6593	6593	0	915.50
-6660	6660	0	923.59
-6726	6726	0	931.51
-6792	6792	0	939.40
-6858	6858	0	947.27
-6924	6924	0	955.11
-6990	6990	0	962.92
-7056	7056	0	970.72
-7122	7122	0	978.48
-7189	7189	0	986.38
-7255	7255	0	994.10
-7321	7321	0	1001.80
-7387	7387	0	1009.47
-7454	7454	0	1017.27
-7520	7520	0	1024.89
-7586	7586	0	1032.49
-7652	7652	0	1040.06
-7718	7718	0	1047.60
-7784	7784	0	1055.13
-7850	7850	0	1062.62
-7917	7917	0	1070.26
-7983	7983	0	1077.70
-8049	8049	0	1085.13
-8115	8115	0	1092.53
-8182	8182	0	1100.06
-8248	8248	0	1107.41
-8314	8314	0	1114.74
-8380	8380	0	1122.04
-8446	8446	0	1129.32
-8512	8512	0	1136.57
-8578	8578	0	1143.80
-8645	8645	0	1151.16
-8711	8711	0	1158.34
-8777	8777	0	1165.49
-8844	8844	0	1172.78
-8910	8910	0	1179.89
-8976	8976	0	1186.97
-9042	9042	0	1194.02
-9108	9108	0	1201.06
-9174	9174	0	1208.06
-9240	9240	0	1215.05
-9307	9307	0	1222.16
-9373	9373	0	1229.09
-9439	9439	0	1236.00
-9506	9506	0	1243.05
-9572	9572	0	1249.91
-9638	9638	0	1256.74
-9704	9704	0	1263.55
-9770	9770	0	1270.34
-9836	9836	0	1277.10
-9902	9902	0	1283.84
-9969	9969	0	1290.71
-10035	10035	0	1297.40
-10101	10101	0	1304.06
-10168	10168	0	1310.86
-10234	10234	0	1317.47
-10300	10300	0	1324.06
-10366	10366	0	1330.63
-10432	10432	0	1337.17
-10498	10498	0	1343.69
-10564	10564	0	1350.18
-10631	10631	0	1356.80
-10697	10697	0	1363.25
-10763	10763	0	1369.67
-10829	10829	0	1376.06
-10896	10896	0	1382.59
-10962	10962	0	1388.93
-11028	11028	0	1395.25
-11094	11094	0	1401.55
-11160	11160	0	1407.82
-11226	11226	0	1414.07
-11292	11292	0	1420.29
-11359	11359	0	1426.64
-11425	11425	0	1432.82
-11491	11491	0	1438.97
-11558	11558	0	1445.25
-11624	11624	0	1451.35
-11690	11690	0	1457.42
-11756	11756	0	1463.47
-11822	11822	0	1469.50
-11888	11888	0	1475.50
-11954	11954	0	1481.48
-12021	12021	0	1487.59
-12087	12087	0	1493.52
-12153	12153	0	1499.42
-12219	12219	0	1505.30
-12286	12286	0	1511.31
-12352	12352	0	1517.14
-12418	12418	0	1522.95
-12484	12484	0	1528.73
-12550	12550	0	1534.48
-12616	12616	0	1540.21
-12682	12682	0	1545.92
-12749	12749	0	1551.76
-12815	12815	0	1557.42
-12881	12881	0	1563.05
-12948	12948	0	1568.82
-13014	13014	0	1574.40
-13080	13080	0	1579.96
-13146	13146	0	1585.50
-13212	13212	0	1591.01
-13278	13278	0	1596.50
-13345	13345	0	1602.12
-13411	13411	0	1607.55
-13477	13477	0	1612.97
-13543	13543	0	1618.35
-13610	13610	0	1623.88
-13676	13676	0	1629.22
-13742	13742	0	1634.53
-13808	13808	0	1639.82
-13874	13874	0	1645.09
-13940	13940	0	1650.33
-14007	14007	0	1655.70
-14073	14073	0	1660.89
-14139	14139	0	1666.06
-14206	14206	0	1671.36
-14272	14272	0	1676.48
-14338	14338	0	1681.57
-14404	14404	0	1686.64
-14470	14470	0	1691.69
-14537	14537	0	1696.86
-14603	14603	0	1701.86
-14669	14669	0	1706.83
-14735	14735	0	1711.78
-14802	14802	0	1716.86
-14868	14868	0	1721.75
-14934	14934	0	1726.63
-15000	15000	0	1731.48
-15066	15066	0	1736.30
-15132	15132	0	1741.10
-15199	15199	0	1746.03
-15265	15265	0	1750.78
-15331	15331	0	1755.51
-15398	15398	0	1760.37
-15464	15464	0	1765.04
-15530	15530	0	1769.69
-15596	15596	0	1774.32
-15662	15662	0	1778.92
-15728	15728	0	1783.50
-15795	15795	0	1788.21
-15861	15861	0	1792.74
-15927	15927	0	1797.25
-15994	15994	0	1801.89
-16060	16060	0	1806.34
-16126	16126	0	1810.77
-16192	16192	0	1815.18
-16258	16258	0	1819.56
-16324	16324	0	1823.92
-16391	16391	0	1828.41
-16457	16457	0	1832.72
-16523	16523	0	1837.00
-16589	16589	0	1841.26
-16656	16656	0	1845.65
-16722	16722	0	1849.86
-16788	16788	0	1854.05
-16854	16854	0	1858.21
-16920	16920	0	1862.35
-16987	16987	0	1866.62
-17053	17053	0	1870.71
-17119	17119	0	1874.77
-17186	17186	0	1878.96
-17252	17252	0	1882.98
-17318	17318	0	1886.97
-17384	17384	0	1890.93
-17450	17450	0	1894.87
-17517	17517	0	1898.95
-17583	17583	0	1902.84
-17649	17649	0	1906.70
-17715	17715	0	1910.55
-17782	17782	0	1914.52
-17848	17848	0	1918.31
-17914	17914	0	1922.08
-17980	17980	0	1925.83
-18046	18046	0	1929.55
-18112	18112	0	1933.24
-18179	18179	0	1937.07
-18245	18245	0	1940.72
-18311	18311	0	1944.34
-18378	18378	0	1948.09
-18444	18444	0	1951.66
-18510	18510	0	1955.21
-18576	18576	0	1958.73
-18642	18642	0	1962.23
-18708	18708	0	1965.71
-18774	18774	0	1969.16
-18841	18841	0	1972.74
-18907	18907	0	1976.14
-18973	18973	0	1979.52
-19040	19040	0	1983.02
-19106	19106	0	1986.35
-19172	19172	0	1989.65
-19238	19238	0	1992.93
-19304	19304	0	1996.18
-17370	19370	2000	1684.78
-17437	19437	2000	1688.89
-17503	19503	2000	1692.81
-17569	19569	2000	1696.70
-17635	19635	2000	1700.58
-17702	19702	2000	1704.58
-17768	19768	2000	1708.40
-17834	19834	2000	1712.20
-17900	19900	2000	1715.98
-17966	19966	2000	1719.72
-18032	20032	2000	1723.45
-18098	20098	2000	1727.15
-18165	20165	2000	1730.98
-18231	20231	2000	1734.63
-18297	20297	2000	1738.26
-18364	20364	2000	1742.02
-18430	20430	2000	1745.60
-18496	20496	2000	1749.15
-18562	20562	2000	1752.68
-18628	20628	2000	1756.18
-18694	20694	2000	1759.66
-18760	20760	2000	1763.12
-18827	20827	2000	1766.70
-18893	20893	2000	1770.11
-18959	20959	2000	1773.49
-19026	21026	2000	1777.01
-19092	21092	2000	1780.34
-19158	21158	2000	1783.64
-19224	21224	2000	1786.93
-19290	21290	2000	1790.19
-19356	21356	2000	1793.42
-19422	21422	2000	1796.63
-19489	21489	2000	1799.97
-19555	21555	2000	1803.13
-19621	21621	2000	1806.27
-19687	21687	2000	1809.38
-19754	21754	2000	1812.62
-19820	21820	2000	1815.69
-19886	21886	2000	1818.72
-19952	21952	2000	1821.74
-20018	22018	2000	1824.73
-20084	22084	2000	1827.69
-20151	22151	2000	1830.79
-20217	22217	2000	1833.70
-20283	22283	2000	1836.59
-20350	22350	2000	1839.62
-20416	22416	2000	1842.46
-20482	22482	2000	1845.27
-20548	22548	2000	1848.07
-20614	22614	2000	1850.83
-20680	22680	2000	1853.58
-20746	22746	2000	1856.30
-20813	22813	2000	1859.15
-20879	22879	2000	1861.82
-20945	22945	2000	1864.46
-21012	23012	2000	1867.24
-21078	23078	2000	1869.84
-21144	23144	2000	1872.41
-21210	23210	2000	1874.96
-21276	23276	2000	1877.48
-21342	23342	2000	1879.98
-21409	23409	2000	1882.61
-21475	23475	2000	1885.06
-21541	23541	2000	1887.48
-21607	23607	2000	1889.88
-21674	23674	2000	1892.41
-21740	23740	2000	1894.76
-21806	23806	2000	1897.09
-21872	23872	2000	1899.39
-21938	23938	2000	1901.67
-22004	24004	2000	1903.92
-22071	24071	2000	1906.31
-22137	24137	2000	1908.51
-22203	24203	2000	1910.69
-22270	24270	2000	1913.00
-22336	24336	2000	1915.13
-22402	24402	2000	1917.24
-22468	24468	2000	1919.32
-22534	24534	2000	1921.37
-22600	24600	2000	1923.41
-22667	24667	2000	1925.57
-22733	24733	2000	1927.55
-22799	24799	2000	1929.51
-22866	24866	2000	1931.60
-22932	24932	2000	1933.51
-22998	24998	2000	1935.40
-23064	25064	2000	1937.26
-23130	25130	2000	1939.09
-23197	25197	2000	1941.06
-23263	25263	2000	1942.85
-23329	25329	2000	1944.61
-23395	25395	2000	1946.35
-23462	25462	2000	1948.22
-23528	25528	2000	1949.90
-23594	25594	2000	1951.57
-23660	25660	2000	1953.21
-23726	25726	2000	1954.82
-23793	25793	2000	1956.57
-23859	25859	2000	1958.13
-23925	25925	2000	1959.68
-23991	25991	2000	1961.19
-24058	26058	2000	1962.84
-24124	26124	2000	1964.31
-24190	26190	2000	1965.75
-24256	26256	2000	1967.17
-24322	26322	2000	1968.56
-24388	26388	2000	1969.93
-24455	26455	2000	1971.43
-24521	26521	2000	1972.75
-24587	26587	2000	1974.05
-24653	26653	2000	1975.32
-24720	26720	2000	1976.72
-24786	26786	2000	1977.95
-24852	26852	2000	1979.14
-24918	26918	2000	1980.32
-24984	26984	2000	1981.46
-25050	27050	2000	1982.59
-25117	27117	2000	1983.85
-25183	27183	2000	1984.92
-25249	27249	2000	1985.97
-25316	27316	2000	1987.15
-25382	27382	2000	1988.15
-25448	27448	2000	1989.13
-25514	27514	2000	1990.08
-25580	27580	2000	1991.01
-25646	27646	2000	1991.91
-25713	27713	2000	1992.95
-25779	27779	2000	1993.80
-25845	27845	2000	1994.63
-25912	27912	2000	1995.59
-25978	27978	2000	1996.38
-26044	28044	2000	1997.13
-26110	28110	2000	1997.86
-26176	28176	2000	1998.57
-26242	28242	2000	1999.25
-26309	28309	2000	2000.07
-26375	28375	2000	2000.70
-26441	28441	2000	2001.31
-26507	28507	2000	2001.89
-26574	28574	2000	2002.61
-26640	28640	2000	2003.14
-26706	28706	2000	2003.65
-26772	28772	2000	2004.14
-26838	28838	2000	2004.60
-26904	28904	2000	2005.04
-26971	28971	2000	2005.61
-27037	29037	2000	2005.99
-27103	29103	2000	2006.36
-27170	29170	2000	2006.85
-27236	29236	2000	2007.17
-27302	29302	2000	2007.46
-27368	29368	2000	2007.72
-27434	29434	2000	2007.96
-27500	29500	2000	2008.18
-27567	29567	2000	2008.53
-27633	29633	2000	2008.69
-27699	29699	2000	2008.84
-27766	29766	2000	2009.11
-27832	29832	2000	2009.20
-27898	29898	2000	2009.27
-27964	29964	2000	2009.32
-28030	30030	2000	2009.34
-28096	30096	2000	2009.33
-28163	30163	2000	2009.46
-28229	30229	2000	2009.40
-28295	30295	2000	2009.33
-28362	30362	2000	2009.38
-28428	30428	2000	2009.25
-28494	30494	2000	2009.10
-28560	30560	2000	2008.92
-28626	30626	2000	2008.72
-28692	30692	2000	2008.50
-28759	30759	2000	2008.40
-28825	30825	2000	2008.13
-28891	30891	2000	2007.83
-28957	30957	2000	2007.50
-29024	31024	2000	2007.31
-29090	31090	2000	2006.94
-29156	31156	2000	2006.54
-29222	31222	2000	2006.12
-29288	31288	2000	2005.67
-29354	31354	2000	2005.20
-29421	31421	2000	2004.86
-29487	31487	2000	2004.34
-29553	31553	2000	2003.80
-29620	31620	2000	2003.39
-29686	31686	2000	2002.79
-29752	31752	2000	2002.17
-29818	31818	2000	2001.53
-29884	31884	2000	2000.86
-29950	31950	2000	2000.17
-30017	32017	2000	1999.61
-30083	32083	2000	1998.87
-30149	32149	2000	1998.10
-30215	32215	2000	1997.31
-30282	32282	2000	1996.66
-30348	32348	2000	1995.82
-30414	32414	2000	1994.95
-30480	32480	2000	1994.07
-30546	32546	2000	1993.15
-30612	32612	2000	1992.22
-30679	32679	2000	1991.41
-30745	32745	2000	1990.42
-30811	32811	2000	1989.41
-30878	32878	2000	1988.54
-30944	32944	2000	1987.48
-31010	33010	2000	1986.39
-31076	33076	2000	1985.28
-31142	33142	2000	1984.15
-31209	33209	2000	1983.15
-31275	33275	2000	1981.96
-31341	33341	2000	1980.76
-31407	33407	2000	1979.52
-31474	33474	2000	1978.43
-31540	33540	2000	1977.14
-31606	33606	2000	1975.84
-31672	33672	2000	1974.51
-31738	33738	2000	1973.15
-31805	33805	2000	1971.93
-31871	33871	2000	1970.53
-31937	33937	2000	1969.10
-32003	34003	2000	1967.65
-32070	34070	2000	1966.33
-32136	34136	2000	1964.83
-32202	34202	2000	1963.30
-32268	34268	2000	1961.75
-32334	34334	2000	1960.17
-32400	34400	2000	1958.57
-32467	34467	2000	1957.11
-32533	34533	2000	1955.46
-32599	34599	2000	1953.78
-32666	34666	2000	1952.24
-32732	34732	2000	1950.52
-32798	34798	2000	1948.77
-32864	34864	2000	1947.00
-32930	34930	2000	1945.20
-32996	34996	2000	1943.38
-33062	35062	2000	1941.54
-33129	35129	2000	1939.82
-33195	35195	2000	1937.93
-33261	35261	2000	1936.01
-33328	35328	2000	1934.22
-33394	35394	2000	1932.26
-33460	35460	2000	1930.26
-33526	35526	2000	1928.25
-33592	35592	2000	1926.20
-33658	35658	2000	1924.14
-33724	35724	2000	1922.05
-33791	35791	2000	1920.09
-33857	35857	2000	1917.95
-33923	35923	2000	1915.79
-33989	35989	2000	1913.60
-34056	36056	2000	1911.54
-34122	36122	2000	1909.30
-34188	36188	2000	1907.04
-34254	36254	2000	1904.75
-34320	36320	2000	1902.44
-34386	36386	2000	1900.11
-34453	36453	2000	1897.90
-34519	36519	2000	1895.52
-34585	36585	2000	1893.11
-34651	36651	2000	1890.68
-34718	36718	2000	1888.37
-34784	36784	2000	1885.89
-34850	36850	2000	1883.38
-34916	36916	2000	1880.85
-34982	36982	2000	1878.29
-35048	37048	2000	1875.71
-35115	37115	2000	1873.26
-35181	37181	2000	1870.63
-35247	37247	2000	1867.98
-35314	37314	2000	1865.46
-35380	37380	2000	1862.75
-35446	37446	2000	1860.02
-35512	37512	2000	1857.27
-35578	37578	2000	1854.49
-35644	37644	2000	1851.69
-35710	37710	2000	1848.86
-35777	37777	2000	1846.17
-35843	37843	2000	1843.29
-35909	37909	2000	1840.39
-35976	37976	2000	1837.63
-36042	38042	2000	1834.68
-36108	38108	2000	1831.70
-36174	38174	2000	1828.70
-36240	38240	2000	1825.68
-36306	38306	2000	1822.63
-36373	38373	2000	1819.72
-36439	38439	2000	1816.62
-36505	38505	2000	1813.50
-36572	38572	2000	1810.51
-36638	38638	2000	1807.34
-36704	38704	2000	1804.15
-36770	38770	2000	1800.93
-36836	38836	2000	1797.68
-36902	38902	2000	1794.42
-36969	38969	2000	1791.28
-37035	39035	2000	1787.96
-37101	39101	2000	1784.62
-37168	39168	2000	1781.41
-37234	39234	2000	1778.02
-39300	39300	0	2089.23
-39366	39366	0	2085.05
-39432	39432	0	2080.85
-39498	39498	0	2076.62
-39565	39565	0	2072.52
-39631	39631	0	2068.24
-39698	39698	0	2064.09
-39764	39764	0	2059.76
-39830	39830	0	2055.41
-39896	39896	0	2051.03
-39962	39962	0	2046.63
-40028	40028	0	2042.20
-40095	40095	0	2037.91
-40161	40161	0	2033.43
-40227	40227	0	2028.93
-40294	40294	0	2024.57
-40360	40360	0	2020.02
-40426	40426	0	2015.44
-40492	40492	0	2010.84
-40558	40558	0	2006.22
-40625	40625	0	2001.73
-40691	40691	0	1997.06
-40757	40757	0	1992.36
-40823	40823	0	1987.64
-40890	40890	0	1983.05
-40956	40956	0	1978.28
-41022	41022	0	1973.48
-41088	41088	0	1968.67
-41154	41154	0	1963.82
-41221	41221	0	1959.11
-41287	41287	0	1954.22
-41353	41353	0	1949.30
-41419	41419	0	1944.36
-41486	41486	0	1939.55
-41552	41552	0	1934.56
-41618	41618	0	1929.54
-41684	41684	0	1924.50
-41750	41750	0	1919.43
-41816	41816	0	1914.34
-41882	41882	0	1909.23
-41949	41949	0	1904.25
-42015	42015	0	1899.09
-42081	42081	0	1893.90
-42148	42148	0	1888.84
-42214	42214	0	1883.61
-42280	42280	0	1878.35
-42346	42346	0	1873.06
-42412	42412	0	1867.75
-42478	42478	0	1862.42
-42545	42545	0	1857.21
-42611	42611	0	1851.83
-42677	42677	0	1846.42
-42743	42743	0	1840.99
-42810	42810	0	1835.69
-42876	42876	0	1830.21
-42942	42942	0	1824.70
-43008	43008	0	1819.17
-43074	43074	0	1813.61
-43141	43141	0	1808.19
-43207	43207	0	1802.59
-43273	43273	0	1796.96
-43339	43339	0	1791.30
-43406	43406	0	1785.78
-43472	43472	0	1780.08
-43538	43538	0	1774.35
-43604	43604	0	1768.60
-43670	43670	0	1762.82
-43736	43736	0	1757.02
-43802	43802	0	1751.20
-43869	43869	0	1745.50
-43935	43935	0	1739.63
-44001	44001	0	1733.73
-44068	44068	0	1727.96
-44134	44134	0	1722.02
-44200	44200	0	1716.04
-44266	44266	0	1710.05
-44332	44332	0	1704.02
-44398	44398	0	1697.98
-44465	44465	0	1692.06
-44531	44531	0	1685.97
-44597	44597	0	1679.85
-44664	44664	0	1673.86
-44730	44730	0	1667.69
-44796	44796	0	1661.50
-44862	44862	0	1655.28
-44928	44928	0	1649.04
-44994	44994	0	1642.77
-45060	45060	0	1636.48
-45127	45127	0	1630.32
-45193	45193	0	1623.98
-45259	45259	0	1617.61
-45326	45326	0	1611.38
-45392	45392	0	1604.97
-45458	45458	0	1598.53
-45524	45524	0	1592.07
-45590	45590	0	1585.58
-45656	45656	0	1579.06
-45722	45722	0	1572.53
-45789	45789	0	1566.12
-45855	45855	0	1559.54
-45921	45921	0	1552.93
-45987	45987	0	1546.29
-46054	46054	0	1539.79
-46120	46120	0	1533.11
-46186	46186	0	1526.40
-46252	46252	0	1519.66
-46318	46318	0	1512.91
-46384	46384	0	1506.12
-46450	46450	0	1499.32
-46517	46517	0	1492.64
-46583	46583	0	1485.79
-46649	46649	0	1478.91
-46715	46715	0	1472.00
-46782	46782	0	1465.23
-46848	46848	0	1458.27
-46914	46914	0	1451.30
-46980	46980	0	1444.29
-47046	47046	0	1437.27
-47112	47112	0	1430.21
-47178	47178	0	1423.14
-47245	47245	0	1416.19
-47311	47311	0	1409.07
-47377	47377	0	1401.92
-47443	47443	0	1394.74
-47509	47509	0	1387.54
-47576	47576	0	1380.48
-47642	47642	0	1373.23
-47708	47708	0	1365.96
-47774	47774	0	1358.66
-47840	47840	0	1351.34
-47906	47906	0	1343.99
-47973	47973	0	1336.78
-48039	48039	0	1329.38
-48105	48105	0	1321.96
-48171	48171	0	1314.52
-48238	48238	0	1307.21
-48304	48304	0	1299.71
-48370	48370	0	1292.19
-48436	48436	0	1284.65
-48502	48502	0	1277.08
-48568	48568	0	1269.49
-48634	48634	0	1261.88
-48701	48701	0	1254.39
-48767	48767	0	1246.73
-48833	48833	0	1239.04
-48900	48900	0	1231.48
-48966	48966	0	1223.74
-49032	49032	0	1215.98
-49098	49098	0	1208.19
-49164	49164	0	1200.38
-49230	49230	0	1192.54
-49296	49296	0	1184.68
-49363	49363	0	1176.95
-49429	49429	0	1169.04
-49495	49495	0	1161.11
-49562	49562	0	1153.30
-49628	49628	0	1145.32
-49694	49694	0	1137.31
-49760	49760	0	1129.28
-49826	49826	0	1121.22
-49892	49892	0	1113.14
-49958	49958	0	1105.03
-50025	50025	0	1097.06
-50091	50091	0	1088.90
-50157	50157	0	1080.72
-50223	50223	0	1072.52
-50290	50290	0	1064.44
-50356	50356	0	1056.19
-50422	50422	0	1047.91
-50488	50488	0	1039.61
-50554	50554	0	1031.28
-50620	50620	0	1022.93
-50687	50687	0	1014.71
-50753	50753	0	1006.31
-50819	50819	0	997.88
-50886	50886	0	989.59
-50952	50952	0	981.11
-51018	51018	0	972.61
-51084	51084	0	964.09
-51150	51150	0	955.54
-51216	51216	0	946.97
-51282	51282	0	938.37
-51349	51349	0	929.91
-51415	51415	0	921.26
-51481	51481	0	912.59
-51547	51547	0	903.89
-51614	51614	0	895.33
-51680	51680	0	886.59
-51746	51746	0	877.82
-51812	51812	0	869.02
-51878	51878	0	860.20
-51944	51944	0	851.36
-52010	52010	0	842.49
-52077	52077	0	833.76
-52143	52143	0	824.84
-52209	52209	0	815.90
-52275	52275	0	806.94
-52342	52342	0	798.11
-52408	52408	0	789.09
-52474	52474	0	780.05
-52540	52540	0	770.99
-52606	52606	0	761.90
-52672	52672	0	752.79
-52739	52739	0	743.81
-52805	52805	0	734.65
-52871	52871	0	725.46
-52937	52937	0	716.25
-53004	53004	0	707.17
-53070	53070	0	697.91
-53136	53136	0	688.63
-53202	53202	0	679.32
-53268	53268	0	669.98
-53334	53334	0	660.63
-53400	53400	0	651.24
-53467	53467	0	641.99
-53533	53533	0	632.56
-53599	53599	0	623.11
-53666	53666	0	613.78
-53732	53732	0	604.28
-53798	53798	0	594.75
-53864	53864	0	585.19
-53930	53930	0	575.62
-53996	53996	0	566.01
-54062	54062	0	556.38
-54129	54129	0	546.89
-54195	54195	0	537.21
-54261	54261	0	527.51
-54327	54327	0	517.79
-54394	54394	0	508.19
-54460	54460	0	498.42
-54526	54526	0	488.62
-54592	54592	0	478.79
-54658	54658	0	468.95
-54724	54724	0	459.07
-54790	54790	0	449.18
-54857	54857	0	439.41
-54923	54923	0	429.46
-54989	54989	0	419.49
-55055	55055	0	409.50
-55121	55121	0	399.48
-55188	55188	0	389.59
-55254	55254	0	379.52
-55320	55320	0	369.43
-55386	55386	0	359.31
-55452	55452	0	349.17
-55518	55518	0	339.00
-55584	55584	0	328.81
-55650	55650	0	318.59
-55717	55717	0	308.51
-55783	55783	0	298.24
-55849	55849	0	287.95
-55915	55915	0	277.64
-55981	55981	0	267.30
-56047	56047	0	256.94
-56114	56114	0	246.71
-56180	56180	0	236.29
-56246	56246	0	225.86
-56312	56312	0	215.40
-56378	56378	0	204.91
-56444	56444	0	194.40
-56510	56510	0	183.86
-56576	56576	0	173.30
-56643	56643	0	162.88
-56709	56709	0	152.27
-56775	56775	0	141.64
-56841	56841	0	130.98
-56907	56907	0	120.30
-56974	56974	0	109.75
-57040	57040	0	99.02
-57106	57106	0	88.26
-57172	57172	0	77.48
-57238	57238	0	66.68
-57304	57304	0	55.85
-57370	57370	0	44.99
-57437	57437	0	34.27
-57503	57503	0	23.37
-57569	57569	0	12.44
-57635	57635	0	1.49
-57695	57695	0	-10.43
-57734	57734	0	-25.67
-57746	57746	0	-45.18
-57735	57735	0	-68.31
-57708	57708	0	-93.96
-57671	57671	0	-121.16
-57626	57626	0	-149.61
-57576	57576	0	-178.84
-57521	57521	0	-208.83
-57464	57464	0	-239.11
-57405	57405	0	-269.69
-57344	57344	0	-300.56
-57282	57282	0	-331.56
-57218	57218	0	-362.86
-57155	57155	0	-393.97
-57090	57090	0	-425.38
-57025	57025	0	-456.76
-56960	56960	0	-488.12
-56894	56894	0	-519.61
-56828	56828	0	-551.08
-56762	56762	0	-582.52
-56696	56696	0	-613.94
-56630	56630	0	-645.33
-54564	56564	2000	-991.33
-54497	56497	2000	-1022.09
-54430	56430	2000	-1052.83
-54364	56364	2000	-1083.38
-54298	56298	2000	-1113.91
-54231	56231	2000	-1144.57
-54165	56165	2000	-1175.05
-54098	56098	2000	-1205.67
-54032	56032	2000	-1236.10
-53965	55965	2000	-1266.66
-53898	55898	2000	-1297.20
-53832	55832	2000	-1327.56
-53766	55766	2000	-1357.89
-53698	55698	2000	-1388.51
-53632	55632	2000	-1418.80
-53565	55565	2000	-1449.21
-53498	55498	2000	-1479.60
-53432	55432	2000	-1509.81
-53365	55365	2000	-1540.15
-53298	55298	2000	-1570.47
-53231	55231	2000	-1600.76
-53164	55164	2000	-1631.03
-53097	55097	2000	-1661.27
-53030	55030	2000	-1691.49
-52963	54963	2000	-1721.68
-52896	54896	2000	-1751.85
-52830	54830	2000	-1781.83
-52762	54762	2000	-1812.11
-52696	54696	2000	-1842.04
-52628	54628	2000	-1872.27
-52562	54562	2000	-1902.16
-52494	54494	2000	-1932.33
-52428	54428	2000	-1962.17
-52361	54361	2000	-1992.14
-52294	54294	2000	-2022.08
-52226	54226	2000	-2052.16
-52160	54160	2000	-2081.90
-52092	54092	2000	-2111.92
-52026	54026	2000	-2141.61
-51958	53958	2000	-2171.59
-51892	53892	2000	-2201.23
-51824	53824	2000	-2231.16
-51757	53757	2000	-2260.90
-51690	53690	2000	-2290.62
-51623	53623	2000	-2320.32
-51556	53556	2000	-2349.99
-51489	53489	2000	-2379.64
-51422	53422	2000	-2409.26
-51355	53355	2000	-2438.85
-51288	53288	2000	-2468.42
-51221	53221	2000	-2497.97
-51154	53154	2000	-2527.49
-51086	53086	2000	-2557.15
-51020	53020	2000	-2586.46
-50952	52952	2000	-2616.07
-50885	52885	2000	-2645.49
-50818	52818	2000	-2674.89
-50751	52751	2000	-2704.26
-50684	52684	2000	-2733.61
-50617	52617	2000	-2762.93
-50550	52550	2000	-2792.23
-50482	52482	2000	-2821.66
-50416	52416	2000	-2850.75
-50348	52348	2000	-2880.13
-50281	52281	2000	-2909.33
-50214	52214	2000	-2938.51
-50147	52147	2000	-2967.65
-50080	52080	2000	-2996.78
-50012	52012	2000	-3026.03
-49946	51946	2000	-3054.95
-49878	51878	2000	-3084.16
-49811	51811	2000	-3113.18
-49744	51744	2000	-3142.18
-49677	51677	2000	-3171.16
-49610	51610	2000	-3200.11
-49542	51542	2000	-3229.19
-49476	51476	2000	-3257.93
-49408	51408	2000	-3286.96
-49341	51341	2000	-3315.81
-49274	51274	2000	-3344.64
-49207	51207	2000	-3373.44
-49140	51140	2000	-3402.22
-49072	51072	2000	-3431.12
-49006	51006	2000	-3459.69
-48938	50938	2000	-3488.55
-48871	50871	2000	-3517.23
-48804	50804	2000	-3545.88
-48737	50737	2000	-3574.51
-48670	50670	2000	-3603.11
-48603	50603	2000	-3631.68
-48536	50536	2000	-3660.24
-48468	50468	2000	-3688.92
-48402	50402	2000	-3717.26
-48334	50334	2000	-3745.90
-48267	50267	2000	-3774.35
-48200	50200	2000	-3802.78
-48133	50133	2000	-3831.18
-48066	50066	2000	-3859.56
-47999	49999	2000	-3887.91
-47932	49932	2000	-3916.24
-47864	49864	2000	-3944.70
-47797	49797	2000	-3972.98
-47730	49730	2000	-4001.23
-47663	49663	2000	-4029.46
-47596	49596	2000	-4057.66
-47529	49529	2000	-4085.84
-47462	49462	2000	-4114.00
-47394	49394	2000	-4142.28
-47328	49328	2000	-4170.23
-47260	49260	2000	-4198.47
-47193	49193	2000	-4226.52
-47126	49126	2000	-4254.55
-47059	49059	2000	-4282.55
-46992	48992	2000	-4310.53
-46924	48924	2000	-4338.64
-46858	48858	2000	-4366.42
-46790	48790	2000	-4394.48
-46723	48723	2000	-4422.36
-46656	48656	2000	-4450.21
-46589	48589	2000	-4478.04
-46522	48522	2000	-4505.85
-46454	48454	2000	-4533.79
-46388	48388	2000	-4561.39
-46320	48320	2000	-4589.27
-46253	48253	2000	-4616.98
-46186	48186	2000	-4644.66
-46119	48119	2000	-4672.32
-46052	48052	2000	-4699.95
-45985	47985	2000	-4727.56
-45918	47918	2000	-4755.14
-45850	47850	2000	-4782.85
-45783	47783	2000	-4810.38
-45716	47716	2000	-4837.89
-45649	47649	2000	-4865.37
-45582	47582	2000	-4892.83
-45515	47515	2000	-4920.26
-45448	47448	2000	-4947.67
-45380	47380	2000	-4975.21
-45314	47314	2000	-5002.41
-45246	47246	2000	-5029.90
-45179	47179	2000	-5057.21
-45112	47112	2000	-5084.49
-45045	47045	2000	-5111.75
-44978	46978	2000	-5138.98
-44910	46910	2000	-5166.35
-44843	46843	2000	-5193.53
-44776	46776	2000	-5220.69
-44709	46709	2000	-5247.82
-44642	46642	2000	-5274.93
-44575	46575	2000	-5302.02
-44508	46508	2000	-5329.07
-44440	46440	2000	-5356.27
-44373	46373	2000	-5383.28
-44306	46306	2000	-5410.26
-44239	46239	2000	-5437.22
-44172	46172	2000	-5464.15
-44104	46104	2000	-5491.22
-44038	46038	2000	-5517.95
-43970	45970	2000	-5544.97
-43903	45903	2000	-5571.80
-43836	45836	2000	-5598.61
-43769	45769	2000	-5625.40
-43702	45702	2000	-5652.16
-43634	45634	2000	-5679.05
-43567	45567	2000	-5705.76
-43500	45500	2000	-5732.45
-43433	45433	2000	-5759.11
-43366	45366	2000	-5785.74
-43298	45298	2000	-5812.51
-43231	45231	2000	-5839.10
-43164	45164	2000	-5865.66
-43096	45096	2000	-5892.35
-43030	45030	2000	-5918.70
-42962	44962	2000	-5945.35
-42895	44895	2000	-5971.81
-42828	44828	2000	-5998.25
-42760	44760	2000	-6024.82
-42693	44693	2000	-6051.20
-42626	44626	2000	-6077.56
-42559	44559	2000	-6103.90
-42492	44492	2000	-6130.21
-42424	44424	2000	-6156.66
-42357	44357	2000	-6182.92
-42290	44290	2000	-6209.16
-42223	44223	2000	-6235.37
-42156	44156	2000	-6261.56
-42088	44088	2000	-6287.88
-42021	44021	2000	-6314.01
-41954	43954	2000	-6340.13
-41886	43886	2000	-6366.37
-41820	43820	2000	-6392.28
-41752	43752	2000	-6418.47
-41685	43685	2000	-6444.49
-41618	43618	2000	-6470.47
-41550	43550	2000	-6496.59
-41483	43483	2000	-6522.53
-41416	43416	2000	-6548.45
-41348	43348	2000	-6574.49
-41281	43281	2000	-6600.35
-41214	43214	2000	-6626.19
-41147	43147	2000	-6652.01
-41080	43080	2000	-6677.80
-41012	43012	2000	-6703.72
-40945	42945	2000	-6729.46
-40878	42878	2000	-6755.17
-40810	42810	2000	-6781.02
-40743	42743	2000	-6806.68
-40676	42676	2000	-6832.32
-40609	42609	2000	-6857.93
-40542	42542	2000	-6883.52
-40474	42474	2000	-6909.25
-40407	42407	2000	-6934.78
-40340	42340	2000	-6960.30
-40272	42272	2000	-6985.95
-40205	42205	2000	-7011.41
-40138	42138	2000	-7036.85
-40070	42070	2000	-7062.42
-40004	42004	2000	-7087.66
-39936	41936	2000	-7113.18
-39869	41869	2000	-7138.52
-39802	41802	2000	-7163.83
-39734	41734	2000	-7189.28
-39667	41667	2000	-7214.55
-39600	41600	2000	-7239.79
-39532	41532	2000	-7265.16
-39465	41465	2000	-7290.35
-39398	41398	2000	-7315.51
-39331	41331	2000	-7340.66
-39264	41264	2000	-7365.77
-39196	41196	2000	-7391.02
-39129	41129	2000	-7416.09
-39062	41062	2000	-7441.13
-38994	40994	2000	-7466.30
-38927	40927	2000	-7491.29
-38860	40860	2000	-7516.26
-38792	40792	2000	-7541.36
-38725	40725	2000	-7566.27
-38658	40658	2000	-7591.16
-38591	40591	2000	-7616.03
-38524	40524	2000	-7640.87
-38456	40456	2000	-7665.85
-38389	40389	2000	-7690.64
-38322	40322	2000	-7715.40
-38254	40254	2000	-7740.30
-38187	40187	2000	-7765.02
-38120	40120	2000	-7789.71
-38053	40053	2000	-7814.38
-37986	39986	2000	-7839.02
-37918	39918	2000	-7863.79
-37851	39851	2000	-7888.39
-37784	39784	2000	-7912.95
-37716	39716	2000	-7937.65
-37649	39649	2000	-7962.17
-37582	39582	2000	-7986.66
-37514	39514	2000	-8011.29
-37447	39447	2000	-8035.73
-37380	39380	2000	-8060.15
-37313	39313	2000	-8084.54
-37246	39246	2000	-8108.91
-37178	39178	2000	-8133.41
-37111	39111	2000	-8157.73
-37044	39044	2000	-8182.02
-36976	38976	2000	-8206.45
-36909	38909	2000	-8230.69
-36842	38842	2000	-8254.91
-36774	38774	2000	-8279.26
-36707	38707	2000	-8303.43
-36640	38640	2000	-8327.57
-36572	38572	2000	-8351.85
-36506	38506	2000	-8375.78
-36438	38438	2000	-8400.01
-36371	38371	2000	-8424.05
-36304	38304	2000	-8448.07
-36236	38236	2000	-8472.22
-36169	38169	2000	-8496.19
-36102	38102	2000	-8520.13
-36034	38034	2000	-8544.21
-35967	37967	2000	-8568.10
-35900	37900	2000	-8591.97
-35832	37832	2000	-8615.97
-35765	37765	2000	-8639.79
-35698	37698	2000	-8663.59
-35630	37630	2000	-8687.52
-35563	37563	2000	-8711.26
-35496	37496	2000	-8734.98
-35429	37429	2000	-8758.67
-35362	37362	2000	-8782.34
-35294	37294	2000	-8806.15
-35227	37227	2000	-8829.77
-35160	37160	2000	-8853.36
-35092	37092	2000	-8877.09
-35025	37025	2000	-8900.63
-34958	36958	2000	-8924.15
-34890	36890	2000	-8947.81
-34823	36823	2000	-8971.28
-34756	36756	2000	-8994.72
-34689	36689	2000	-9018.14
-34622	36622	2000	-9041.54
-34554	36554	2000	-9065.06
-34487	36487	2000	-9088.41
-34420	36420	2000	-9111.73
-36352	36352	0	-8820.55
-36285	36285	0	-8844.57
-36218	36218	0	-8868.55
-36150	36150	0	-8892.67
-36083	36083	0	-8916.61
-36016	36016	0	-8940.52
-35949	35949	0	-8964.41
-35882	35882	0	-8988.27
-35814	35814	0	-9012.27
-35747	35747	0	-9036.08
-35680	35680	0	-9059.87
-35612	35612	0	-9083.79
-35545	35545	0	-9107.52
-35478	35478	0	-9131.24
-35410	35410	0	-9155.08
-35344	35344	0	-9178.59
-35276	35276	0	-9202.38
-35209	35209	0	-9226.00
-35142	35142	0	-9249.58
-35074	35074	0	-9273.30
-35007	35007	0	-9296.84
-34940	34940	0	-9320.36
-34872	34872	0	-9344.00
-34805	34805	0	-9367.46
-34738	34738	0	-9390.90
-34670	34670	0	-9414.47
-34604	34604	0	-9437.71
-34536	34536	0	-9461.23
-34469	34469	0	-9484.57
-34402	34402	0	-9507.88
-34334	34334	0	-9531.33
-34267	34267	0	-9554.59
-34200	34200	0	-9577.83
-34132	34132	0	-9601.20
-34065	34065	0	-9624.39
-33998	33998	0	-9647.55
-33930	33930	0	-9670.85
-33864	33864	0	-9693.81
-33796	33796	0	-9717.05
-33729	33729	0	-9740.12
-33662	33662	0	-9763.16
-33594	33594	0	-9786.33
-33527	33527	0	-9809.32
-33460	33460	0	-9832.28
-33392	33392	0	-9855.38
-33325	33325	0	-9878.30
-33258	33258	0	-9901.19
-33190	33190	0	-9924.21
-33123	33123	0	-9947.05
-33056	33056	0	-9969.86
-32989	32989	0	-9992.65
-32922	32922	0	-10015.42
-32854	32854	0	-10038.32
-32787	32787	0	-10061.03
-32720	32720	0	-10083.72
-32652	32652	0	-10106.55
-32585	32585	0	-10129.19
-32518	32518	0	-10151.80
-32450	32450	0	-10174.55
-32383	32383	0	-10197.12
-32316	32316	0	-10219.66
-32248	32248	0	-10242.33
-32181	32181	0	-10264.82
-32114	32114	0	-10287.29
-32047	32047	0	-10309.73
-31980	31980	0	-10332.15
-31912	31912	0	-10354.70
-31845	31845	0	-10377.06
-31778	31778	0	-10399.40
-31710	31710	0	-10421.88
-31643	31643	0	-10444.17
-31576	31576	0	-10466.44
-31508	31508	0	-10488.83
-31441	31441	0	-10511.05
-31374	31374	0	-10533.24
-31306	31306	0	-10555.57
-31239	31239	0	-10577.71
-31172	31172	0	-10599.83
-31105	31105	0	-10621.92
-31038	31038	0	-10643.99
-30970	30970	0	-10666.19
-30903	30903	0	-10688.20
-30836	30836	0	-10710.20
-30768	30768	0	-10732.32
-30701	30701	0	-10754.26
-30634	30634	0	-10776.18
-30566	30566	0	-10798.23
-30499	30499	0	-10820.10
-30432	30432	0	-10841.94
-30365	30365	0	-10863.76
-30298	30298	0	-10885.55
-30230	30230	0	-10907.48
-30163	30163	0	-10929.22
-30096	30096	0	-10950.94
-30028	30028	0	-10972.79
-29961	29961	0	-10994.46
-29894	29894	0	-11016.10
-29826	29826	0	-11037.88
-29759	29759	0	-11059.47
-29692	29692	0	-11081.04
-29625	29625	0	-11102.58
-29558	29558	0	-11124.10
-29490	29490	0	-11145.75
-29423	29423	0	-11167.22
-29356	29356	0	-11188.67
-29288	29288	0	-11210.24
-29221	29221	0	-11231.64
-29154	29154	0	-11253.00
-29086	29086	0	-11274.51
-29019	29019	0	-11295.83
-28952	28952	0	-11317.12
-28885	28885	0	-11338.39
-28818	28818	0	-11359.63
-28750	28750	0	-11381.01
-28683	28683	0	-11402.21
-28616	28616	0	-11423.37
-28548	28548	0	-11444.68
-28481	28481	0	-11465.80
-28414	28414	0	-11486.89
-28346	28346	0	-11508.12
-28279	28279	0	-11529.16
-28212	28212	0	-11550.18
-28144	28144	0	-11571.34
-28077	28077	0	-11592.31
-28010	28010	0	-11613.25
-27942	27942	0	-11634.33
-27875	27875	0	-11655.22
-27808	27808	0	-11676.09
-27741	27741	0	-11696.94
-27674	27674	0	-11717.76
-27606	27606	0	-11738.71
-27539	27539	0	-11759.48
-27472	27472	0	-11780.23
-27404	27404	0	-11801.11
-27337	27337	0	-11821.80
-27270	27270	0	-11842.47
-27202	27202	0	-11863.28
-27135	27135	0	-11883.90
-27068	27068	0	-11904.49
-27000	27000	0	-11925.22
-26933	26933	0	-11945.77
-26866	26866	0	-11966.29
-26798	26798	0	-11986.94
-26731	26731	0	-12007.41
-26664	26664	0	-12027.86
-26596	26596	0	-12048.44
-26529	26529	0	-12068.84
-26462	26462	0	-12089.21
-26394	26394	0	-12109.71
-26327	26327	0	-12130.03
-26260	26260	0	-12150.33
-26193	26193	0	-12170.60
-26126	26126	0	-12190.85
-26058	26058	0	-12211.23
-25991	25991	0	-12231.42
-25924	25924	0	-12251.60
-25856	25856	0	-12271.90
-25789	25789	0	-12292.02
-25722	25722	0	-12312.12
-25654	25654	0	-12332.35
-25587	25587	0	-12352.40
-25520	25520	0	-12372.42
-25452	25452	0	-12392.57
-25385	25385	0	-12412.55
-25318	25318	0	-12432.49
-25250	25250	0	-12452.57
-25183	25183	0	-12472.47
-25116	25116	0	-12492.34
-25048	25048	0	-12512.35
-24981	24981	0	-12532.17
-24914	24914	0	-12551.97
-24847	24847	0	-12571.74
-24780	24780	0	-12591.49
-24712	24712	0	-12611.37
-24645	24645	0	-12631.07
-24578	24578	0	-12650.74
-24510	24510	0	-12670.55
-24443	24443	0	-12690.17
-24376	24376	0	-12709.77
-24308	24308	0	-12729.50
-24241	24241	0	-12749.05
-24174	24174	0	-12768.57
-24106	24106	0	-12788.23
-24039	24039	0	-12807.70
-23972	23972	0	-12827.15
-23905	23905	0	-12846.57
-23837	23837	0	-12866.13
-23770	23770	0	-12885.50
-23703	23703	0	-12904.85
-23636	23636	0	-12924.18
-23568	23568	0	-12943.63
-23501	23501	0	-12962.91
-23434	23434	0	-12982.16
-23366	23366	0	-13001.54
-23299	23299	0	-13020.74
-23232	23232	0	-13039.91
-23164	23164	0	-13059.22
-23097	23097	0	-13078.34
-23030	23030	0	-13097.44
-22962	22962	0	-13116.68
-22895	22895	0	-13135.73
-22828	22828	0	-13154.75
-22761	22761	0	-13173.75
-22694	22694	0	-13192.73
-22626	22626	0	-13211.83
-22559	22559	0	-13230.76
-22492	22492	0	-13249.66
-22424	22424	0	-13268.69
-22357	22357	0	-13287.54
-22290	22290	0	-13306.37
-22222	22222	0	-13325.32
-22155	22155	0	-13344.10
-22088	22088	0	-13362.85
-22020	22020	0	-13381.73
-21953	21953	0	-13400.43
-21886	21886	0	-13419.11
-21818	21818	0	-13437.92
-21752	21752	0	-13456.38
-21684	21684	0	-13475.14
-21617	21617	0	-13493.72
-21550	21550	0	-13512.27
-21482	21482	0	-13530.95
-21415	21415	0	-13549.45
-21348	21348	0	-13567.93
-21280	21280	0	-13586.54
-21213	21213	0	-13604.96
-21146	21146	0	-13623.37
-21078	21078	0	-13641.90
-21011	21011	0	-13660.25
-20944	20944	0	-13678.58
-20877	20877	0	-13696.88
-20810	20810	0	-13715.16
-20742	20742	0	-13733.57
-20675	20675	0	-13751.79
-20608	20608	0	-13769.99
-20540	20540	0	-13788.33
-20473	20473	0	-13806.48
-20406	20406	0	-13824.61
-20338	20338	0	-13842.87
-20271	20271	0	-13860.94
-20204	20204	0	-13879.00
-20136	20136	0	-13897.18
-20069	20069	0	-13915.18
-20002	20002	0	-13933.16
-19934	19934	0	-13951.27
-19867	19867	0	-13969.20
-19800	19800	0	-13987.10
-19733	19733	0	-14004.98
-19666	19666	0	-14022.83
-19598	19598	0	-14040.82
-19531	19531	0	-14058.62
-19464	19464	0	-14076.40
-19396	19396	0	-14094.31
-19329	19329	0	-14112.03
-19262	19262	0	-14129.74
-19194	19194	0	-14147.57
-19127	19127	0	-14165.23
-19060	19060	0	-14182.85
-18993	18993	0	-14200.46
-18926	18926	0	-14218.04
-18858	18858	0	-14235.75
-18791	18791	0	-14253.28
-18724	18724	0	-14270.78
-18656	18656	0	-14288.42
-18589	18589	0	-14305.87
-18522	18522	0	-14323.30
-18454	18454	0	-14340.86
-18387	18387	0	-14358.24
-18320	18320	0	-14375.59
-18253	18253	0	-14392.92
-18186	18186	0	-14410.23
-18118	18118	0	-14427.67
-18051	18051	0	-14444.92
-17984	17984	0	-14462.15
-17916	17916	0	-14479.51
-17849	17849	0	-14496.69
-17782	17782	0	-14513.84
-17714	17714	0	-14531.13
-17647	17647	0	-14548.24
-17580	17580	0	-14565.32
-17512	17512	0	-14582.53
-17445	17445	0	-14599.56
-17378	17378	0	-14616.56
-17311	17311	0	-14633.54
-17244	17244	0	-14650.50
-17176	17176	0	-14667.59
-17109	17109	0	-14684.49
-17042	17042	0	-14701.37
-16974	16974	0	-14718.38
-16907	16907	0	-14735.21
-16840	16840	0	-14752.02
-16772	16772	0	-14768.96
-16705	16705	0	-14785.71
-16638	16638	0	-14802.45
-16571	16571	0	-14819.15
-16504	16504	0	-14835.83
-16436	16436	0	-14852.65
-16369	16369	0	-14869.28
-16302	16302	0	-14885.88
-16234	16234	0	-14902.62
-16167	16167	0	-14919.18
-14100	16100	2000	-15250.34
-14032	16032	2000	-15266.26
-13965	15965	2000	-15282.00
-13898	15898	2000	-15297.72
-13831	15831	2000	-15313.41
-13764	15764	2000	-15329.08
-13696	15696	2000	-15344.87
-13629	15629	2000	-15360.49
-13562	15562	2000	-15376.08
-13494	15494	2000	-15391.80
-13427	15427	2000	-15407.34
-13360	15360	2000	-15422.86
-13293	15293	2000	-15438.35
-13226	15226	2000	-15453.82
-13158	15158	2000	-15469.42
-13091	15091	2000	-15484.83
-13024	15024	2000	-15500.22
-12956	14956	2000	-15515.75
-12889	14889	2000	-15531.09
-12822	14822	2000	-15546.41
-12755	14755	2000	-15561.70
-12688	14688	2000	-15576.96
-12620	14620	2000	-15592.36
-12553	14553	2000	-15607.58
-12486	14486	2000	-15622.77
-12418	14418	2000	-15638.10
-12351	14351	2000	-15653.24
-12284	14284	2000	-15668.36
-12216	14216	2000	-15683.61
-12149	14149	2000	-15698.67
-12082	14082	2000	-15713.72
-12015	14015	2000	-15728.73
-11948	13948	2000	-15743.73
-11880	13880	2000	-15758.85
-11813	13813	2000	-15773.79
-11746	13746	2000	-15788.71
-11678	13678	2000	-15803.76
-11611	13611	2000	-15818.63
-11544	13544	2000	-15833.47
-11476	13476	2000	-15848.45
-11409	13409	2000	-15863.24
-11342	13342	2000	-15878.01
-11274	13274	2000	-15892.91
-11207	13207	2000	-15907.63
-11140	13140	2000	-15922.32
-11073	13073	2000	-15936.99
-11006	13006	2000	-15951.63
-10938	12938	2000	-15966.41
-10871	12871	2000	-15981.00
-10804	12804	2000	-15995.57
-10736	12736	2000	-16010.27
-10669	12669	2000	-16024.79
-10602	12602	2000	-16039.29
-10534	12534	2000	-16053.91
-10468	12468	2000	-16068.20
-10400	12400	2000	-16082.78
-10333	12333	2000	-16097.17
-10266	12266	2000	-16111.54
-10198	12198	2000	-16126.04
-10131	12131	2000	-16140.36
-10064	12064	2000	-16154.66
-9996	11996	2000	-16169.08
-9930	11930	2000	-16183.17
-9862	11862	2000	-16197.55
-9795	11795	2000	-16211.74
-9728	11728	2000	-16225.91
-9660	11660	2000	-16240.21
-9593	11593	2000	-16254.33
-9526	11526	2000	-16268.43
-9458	11458	2000	-16282.66
-9391	11391	2000	-16296.70
-9324	11324	2000	-16310.72
-9257	11257	2000	-16324.72
-9190	11190	2000	-16338.69
-9122	11122	2000	-16352.79
-9055	11055	2000	-16366.71
-8988	10988	2000	-16380.61
-8920	10920	2000	-16394.63
-8854	10854	2000	-16408.32
-8786	10786	2000	-16422.30
-8719	10719	2000	-16436.10
-8652	10652	2000	-16449.87
-8584	10584	2000	-16463.77
-8517	10517	2000	-16477.49
-8450	10450	2000	-16491.19
-8382	10382	2000	-16505.02
-8315	10315	2000	-16518.67
-8248	10248	2000	-16532.29
-8181	10181	2000	-16545.88
-8114	10114	2000	-16559.46
-8046	10046	2000	-16573.16
-7979	9979	2000	-16586.68
-7912	9912	2000	-16600.18
-7844	9844	2000	-16613.81
-7777	9777	2000	-16627.25
-7710	9710	2000	-16640.68
-7643	9643	2000	-16654.07
-7576	9576	2000	-16667.45
-7508	9508	2000	-16680.95
-7441	9441	2000	-16694.27
-7374	9374	2000	-16707.57
-7306	9306	2000	-16721.00
-7239	9239	2000	-16734.25
-7172	9172	2000	-16747.47
-7105	9105	2000	-16760.67
-7038	9038	2000	-16773.84
-6970	8970	2000	-16787.15
-6903	8903	2000	-16800.27
-6836	8836	2000	-16813.37
-6769	8769	2000	-16826.44
-6702	8702	2000	-16839.49
-6634	8634	2000	-16852.67
-6567	8567	2000	-16865.67
-6500	8500	2000	-16878.64
-6432	8432	2000	-16891.75
-6365	8365	2000	-16904.67
-6298	8298	2000	-16917.57
-6230	8230	2000	-16930.60
-6164	8164	2000	-16943.29
-6096	8096	2000	-16956.28
-6029	8029	2000	-16969.08
-5962	7962	2000	-16981.85
-5894	7894	2000	-16994.76
-5827	7827	2000	-17007.48
-5760	7760	2000	-17020.18
-5693	7693	2000	-17032.85
-5626	7626	2000	-17045.50
-5558	7558	2000	-17058.29
-5491	7491	2000	-17070.89
-5424	7424	2000	-17083.46
-5356	7356	2000	-17096.17
-5289	7289	2000	-17108.69
-5222	7222	2000	-17121.19
-5154	7154	2000	-17133.83
-5088	7088	2000	-17146.12
-5020	7020	2000	-17158.70
-4953	6953	2000	-17171.10
-4886	6886	2000	-17183.48
-4818	6818	2000	-17195.98
-4751	6751	2000	-17208.31
-4684	6684	2000	-17220.61
-4617	6617	2000	-17232.89
-4550	6550	2000	-17245.14
-4482	6482	2000	-17257.52
-4415	6415	2000	-17269.72
-4348	6348	2000	-17281.90
-4280	6280	2000	-17294.21
-4214	6214	2000	-17306.18
-4146	6146	2000	-17318.44
-4079	6079	2000	-17330.51
-4012	6012	2000	-17342.56
-3944	5944	2000	-17354.75
-3878	5878	2000	-17366.59
-3810	5810	2000	-17378.72
-3743	5743	2000	-17390.68
-3676	5676	2000	-17402.60
-3609	5609	2000	-17414.51
-3542	5542	2000	-17426.38
-3474	5474	2000	-17438.39
-3407	5407	2000	-17450.22
-3340	5340	2000	-17462.02
-3272	5272	2000	-17473.96
-3205	5205	2000	-17485.71
-3138	5138	2000	-17497.44
-3071	5071	2000	-17509.14
-3004	5004	2000	-17520.82
-2936	4936	2000	-17532.63
-2869	4869	2000	-17544.26
-2802	4802	2000	-17555.86
-2734	4734	2000	-17567.60
-2667	4667	2000	-17579.15
-2600	4600	2000	-17590.68
-2532	4532	2000	-17602.34
-2466	4466	2000	-17613.66
-2398	4398	2000	-17625.27
-2331	4331	2000	-17636.70
-2264	4264	2000	-17648.11
-2196	4196	2000	-17659.64
-2129	4129	2000	-17671.00
-2062	4062	2000	-17682.33
-1994	3994	2000	-17693.79
-1927	3927	2000	-17705.07
-1860	3860	2000	-17716.32
-1792	3792	2000	-17727.71
-1725	3725	2000	-17738.91
-1658	3658	2000	-17750.09
-1591	3591	2000	-17761.25
-1524	3524	2000	-17772.38
-1456	3456	2000	-17783.64
-1389	3389	2000	-17794.72
-1322	3322	2000	-17805.77
-1254	3254	2000	-17816.96
-1187	3187	2000	-17827.96
-1120	3120	2000	-17838.94
-1053	3053	2000	-17849.90
-986	2986	2000	-17860.83
-918	2918	2000	-17871.89
-851	2851	2000	-17882.77
-784	2784	2000	-17893.63
-716	2716	2000	-17904.62
-649	2649	2000	-17915.42
-582	2582	2000	-17926.20
-515	2515	2000	-17936.96
-448	2448	2000	-17947.69
-380	2380	2000	-17958.55
-313	2313	2000	-17969.23
-246	2246	2000	-17979.89
-178	2178	2000	-17990.68
-111	2111	2000	-18001.28
-44	2044	2000	-18011.87
23	1977	2000	-18022.42
90	1910	2000	-18032.95
158	1842	2000	-18043.62
225	1775	2000	-18054.10
292	1708	2000	-18064.56
360	1640	2000	-18075.15
427	1573	2000	-18085.55
494	1506	2000	-18095.94
561	1439	2000	-18106.29
628	1372	2000	-18116.63
696	1304	2000	-18127.09
763	1237	2000	-18137.37
830	1170	2000	-18147.63
898	1102	2000	-18158.02
965	1035	2000	-18168.23
1032	968	2000	-18178.41
1099	901	2000	-18188.57
1166	834	2000	-18198.70
1234	766	2000	-18208.96
1301	699	2000	-18219.05
1368	632	2000	-18229.11
1436	564	2000	-18239.30
1503	497	2000	-18249.30
1570	430	2000	-18259.29
1637	363	2000	-18269.25
1704	296	2000	-18279.18
1772	228	2000	-18289.25
1839	161	2000	-18299.13
1906	94	2000	-18308.99
1974	26	2000	-18318.98
2040	-40	2000	-18328.63
2108	-108	2000	-18338.57
2175	-175	2000	-18348.33
2242	-242	2000	-18358.06
2310	-310	2000	-18367.93
2377	-377	2000	-18377.62
2444	-444	2000	-18387.28
2511	-511	2000	-18396.91
2578	-578	2000	-18406.52
2646	-646	2000	-18416.26
2713	-713	2000	-18425.82
2780	-780	2000	-18435.36
2847	-847	2000	-18444.87
2914	-914	2000	-18454.35
2982	-982	2000	-18463.97
3049	-1049	2000	-18473.40
3116	-1116	2000	-18482.81
3184	-1184	2000	-18492.36
3251	-1251	2000	-18501.71
3318	-1318	2000	-18511.05
3385	-1385	2000	-18520.36
3452	-1452	2000	-18529.65
3520	-1520	2000	-18539.06
3587	-1587	2000	-18548.30
3654	-1654	2000	-18557.51
3721	-1721	2000	-18566.70
3788	-1788	2000	-18575.86
3856	-1856	2000	-18585.15
3923	-1923	2000	-18594.26
3990	-1990	2000	-18603.35
4058	-2058	2000	-18612.57
4124	-2124	2000	-18621.45
4192	-2192	2000	-18630.62
4259	-2259	2000	-18639.60
4326	-2326	2000	-18648.56
4394	-2394	2000	-18657.66
4460	-2460	2000	-18666.41
4528	-2528	2000	-18675.46
4595	-2595	2000	-18684.32
4662	-2662	2000	-18693.15
4730	-2730	2000	-18702.12
4796	-2796	2000	-18710.75
4864	-2864	2000	-18719.67
4931	-2931	2000	-18728.41
4998	-2998	2000	-18737.12
5066	-3066	2000	-18745.97
5133	-3133	2000	-18754.63
5200	-3200	2000	-18763.27
5267	-3267	2000	-18771.88
5334	-3334	2000	-18780.47
5402	-3402	2000	-18789.19
5469	-3469	2000	-18797.73
5536	-3536	2000	-18806.24
5603	-3603	2000	-18814.73
5670	-3670	2000	-18823.20
5738	-3738	2000	-18831.79
5805	-3805	2000	-18840.21
5872	-3872	2000	-18848.59
5939	-3939	2000	-18856.96
6006	-4006	2000	-18865.30
6074	-4074	2000	-18873.77
4141	-4141	0	-18567.43
4208	-4208	0	-18576.43
4275	-4275	0	-18585.41
4342	-4342	0	-18594.37
4410	-4410	0	-18603.46
4477	-4477	0	-18612.36
4544	-4544	0	-18621.24
4611	-4611	0	-18630.10
4678	-4678	0	-18638.93
4746	-4746	0	-18647.89
4813	-4813	0	-18656.68
4880	-4880	0	-18665.43
4947	-4947	0	-18674.16
5014	-5014	0	-18682.87
5082	-5082	0	-18691.71
5149	-5149	0	-18700.37
5216	-5216	0	-18709.00
5283	-5283	0	-18717.61
5350	-5350	0	-18726.19
5418	-5418	0	-18734.90
5485	-5485	0	-18743.44
5552	-5552	0	-18751.95
5619	-5619	0	-18760.43
5686	-5686	0	-18768.88
5754	-5754	0	-18777.47
5821	-5821	0	-18785.88
5888	-5888	0	-18794.27
5955	-5955	0	-18802.62
6022	-6022	0	-18810.96
6090	-6090	0	-18819.42
6157	-6157	0	-18827.71
6224	-6224	0	-18835.96
6292	-6292	0	-18844.35
6359	-6359	0	-18852.56
6426	-6426	0	-18860.75
6493	-6493	0	-18868.90
6560	-6560	0	-18877.04
6628	-6628	0	-18885.30
6695	-6695	0	-18893.39
6762	-6762	0	-18901.45
6829	-6829	0	-18909.48
6896	-6896	0	-18917.49
6964	-6964	0	-18925.63
7031	-7031	0	-18933.59
7098	-7098	0	-18941.53
7166	-7166	0	-18949.59
7233	-7233	0	-18957.48
7300	-7300	0	-18965.34
7367	-7367	0	-18973.17
7434	-7434	0	-18980.98
7502	-7502	0	-18988.92
7569	-7569	0	-18996.68
7636	-7636	0	-19004.42
7704	-7704	0	-19012.29
7770	-7770	0	-19019.81
7838	-7838	0	-19027.63
7905	-7905	0	-19035.27
7972	-7972	0	-19042.88
8040	-8040	0	-19050.62
8107	-8107	0	-19058.18
8174	-8174	0	-19065.71
8242	-8242	0	-19073.38
8308	-8308	0	-19080.71
8376	-8376	0	-19088.33
8443	-8443	0	-19095.77
8510	-8510	0	-19103.18
8578	-8578	0	-19110.72
8645	-8645	0	-19118.08
8712	-8712	0	-19125.42
8779	-8779	0	-19132.73
8846	-8846	0	-19140.02
8914	-8914	0	-19147.44
8981	-8981	0	-19154.67
9048	-9048	0	-19161.88
9116	-9116	0	-19169.23
9182	-9182	0	-19176.23
9250	-9250	0	-19183.53
9317	-9317	0	-19190.64
9384	-9384	0	-19197.73
9452	-9452	0	-19204.95
9519	-9519	0	-19211.98
9586	-9586	0	-19219.00
9654	-9654	0	-19226.14
9720	-9720	0	-19232.95
9788	-9788	0	-19240.04
9855	-9855	0	-19246.95
9922	-9922	0	-19253.84
9990	-9990	0	-19260.86
10057	-10057	0	-19267.70
10124	-10124	0	-19274.51
10191	-10191	0	-19281.30
10258	-10258	0	-19288.06
10326	-10326	0	-19294.96
10393	-10393	0	-19301.67
10460	-10460	0	-19308.36
10528	-10528	0	-19315.18
10594	-10594	0	-19321.66
10662	-10662	0	-19328.44
10729	-10729	0	-19335.02
10796	-10796	0	-19341.59
10864	-10864	0	-19348.29
10930	-10930	0	-19354.64
10998	-10998	0	-19361.29
11065	-11065	0	-19367.75
11132	-11132	0	-19374.19
11199	-11199	0	-19380.61
11266	-11266	0	-19387.00
11334	-11334	0	-19393.52
11401	-11401	0	-19399.86
11468	-11468	0	-19406.17
11535	-11535	0	-19412.46
11602	-11602	0	-19418.73
11670	-11670	0	-19425.13
11737	-11737	0	-19431.34
11804	-11804	0	-19437.53
11871	-11871	0	-19443.70
11938	-11938	0	-19449.84
12006	-12006	0	-19456.11
12073	-12073	0	-19462.20
12140	-12140	0	-19468.27
12207	-12207	0	-19474.31
12274	-12274	0	-19480.33
12342	-12342	0	-19486.47
12409	-12409	0	-19492.44
12476	-12476	0	-19498.38
12544	-12544	0	-19504.46
12610	-12610	0	-19510.19
12678	-12678	0	-19516.21
12745	-12745	0	-19522.06
12812	-12812	0	-19527.87
12880	-12880	0	-19533.82
12947	-12947	0	-19539.59
13014	-13014	0	-19545.33
13081	-13081	0	-19551.05
13148	-13148	0	-19556.74
13216	-13216	0	-19562.56
13283	-13283	0	-19568.21
13350	-13350	0	-19573.82
13417	-13417	0	-19579.42
13484	-13484	0	-19584.98
13552	-13552	0	-19590.69
13619	-13619	0	-19596.20
13686	-13686	0	-19601.70
13753	-13753	0	-19607.16
13820	-13820	0	-19612.61
13888	-13888	0	-19618.18
13955	-13955	0	-19623.58
14022	-14022	0	-19628.95
14090	-14090	0	-19634.45
14156	-14156	0	-19639.61
14224	-14224	0	-19645.06
14291	-14291	0	-19650.33
14358	-14358	0	-19655.57
14426	-14426	0	-19660.95
14492	-14492	0	-19665.99
14560	-14560	0	-19671.31
14627	-14627	0	-19676.46
14694	-14694	0	-19681.58
14761	-14761	0	-19686.67
14828	-14828	0	-19691.74
14896	-14896	0	-19696.95
14963	-14963	0	-19701.96
15030	-15030	0	-19706.96
15097	-15097	0	-19711.93
15164	-15164	0	-19716.88
15232	-15232	0	-19721.95
15299	-15299	0	-19726.85
15366	-15366	0	-19731.72
15433	-15433	0	-19736.56
15500	-15500	0	-19741.38
15568	-15568	0	-19746.34
15634	-15634	0	-19750.95
15702	-15702	0	-19755.86
15769	-15769	0	-19760.58
15836	-15836	0	-19765.27
15903	-15903	0	-19769.94
15970	-15970	0	-19774.59
16038	-16038	0	-19779.37
16105	-16105	0	-19783.96
16172	-16172	0	-19788.54
16239	-16239	0	-19793.08
16306	-16306	0	-19797.61
16374	-16374	0	-19802.26
16441	-16441	0	-19806.73
16508	-16508	0	-19811.18
16575	-16575	0	-19815.60
16642	-16642	0	-19820.00
16710	-16710	0	-19824.53
16776	-16776	0	-19828.72
16844	-16844	0	-19833.20
16911	-16911	0	-19837.50
16978	-16978	0	-19841.77
17045	-17045	0	-19846.02
17112	-17112	0	-19850.24
17180	-17180	0	-19854.60
17247	-17247	0	-19858.77
17314	-17314	0	-19862.92
17381	-17381	0	-19867.04
17448	-17448	0	-19871.14
17516	-17516	0	-19875.37
17582	-17582	0	-19879.26
17650	-17650	0	-19883.45
17717	-17717	0	-19887.45
17784	-17784	0	-19891.42
17851	-17851	0	-19895.37
17918	-17918	0	-19899.29
17986	-17986	0	-19903.35
18053	-18053	0	-19907.22
18120	-18120	0	-19911.07
18187	-18187	0	-19914.90
18254	-18254	0	-19918.70
18318389	-18389	0	-19926.38
18456	-18456	0	-19930.11
ets Jun  8 2016 00:22:57

rst:0x1 (POWERON_RESET),boot:0x3 (DOWNLOAD_BOOT(UART0/UART1/SDIO_REI_REO_V2))
waiting for download
