-0.75
-0.98
-1.34
-1.47
-1.71
-1.84
-2.40
-2.09
-2.20
-2.44
-1.87
-0.33
0.62
1.39
2.06
1.74
0.11
-0.87
-1.67
-2.26
-2.54
-2.79
-2.86
-2.85
-3.27
-3.08
-3.00
-2.60
-2.65
-2.13
-2.25
-1.94
-0.62
-1.32
-1.96
-3.02
-5.99
-17.87
-48.34
-32.37
-43.03
-20.80
-12.14
-36.09
-46.63
-19.61
-2.88
10.60
-13.32
-39.67
-99.91
-150.25
-139.36
-107.92
-90.92
-97.47
-139.39
-137.50
-58.15
-35.96
-74.68
-43.78
-52.01
-113.43
-28.55
-13.24
-75.32
-189.43
-161.12
-74.06
-43.38
-17.02
-27.09
-2.34
-17.44
-25.18
-61.37
-7.14
-0.09
0.58
-21.00
-130.49
-168.22
-122.44
-32.94
-36.59
-78.33
-16.78
31.09
32.45
57.22
38.31
-275.03
-272.07
-125.18
-44.43
4.97
40.51
53.90
51.53
25.22
5.34
-1.13
-12.63
-25.03
-30.21
-38.84
-88.12
-84.71
-83.18
-94.10
-97.88
-95.02
-97.11
-97.29
-98.82
-98.79
-96.30
-94.19
-93.53
-93.53
-92.90
-91.83
-91.69
-94.29
-96.48
-97.07
-96.54
-96.35
-97.47
-98.36
-99.38
-100.83
-101.73
-101.00
-99.94
-99.06
-96.23
-88.15
-76.25
26.87
75.31
8.46
-51.30
-91.62
-118.33
-46.59
-24.53
0.72
33.45
16.94
-25.25
-54.61
-112.42
-80.16
-100.42
-99.84
-104.27
-62.83
-27.51
-28.09
19.43
52.41
70.87
14.37
56.57
2.54
-24.89
-85.79
-94.56
-57.56
-59.27
-50.84
-50.13
-81.21
-102.12
-50.37
-52.63
-41.67
118.68
29.57
-40.44
7.66
36.48
43.93
69.43
92.35
44.20
-39.62
-79.25
-150.01
-205.89
-195.77
-199.07
-192.11
-180.42
-160.84
-131.65
-92.12
-41.09
-17.74
-19.36
-20.47
-20.80
-17.30
-12.68
-11.44
-10.97
-10.52
-9.71
-8.37
-6.74
-5.46
-3.95
-2.62
-2.11
-2.59
-2.59
-2.46
-2.23
-3.09
-3.30
-2.57
-1.57
1.53
1.93
0.78
-0.15
-0.76
-1.36
-1.58
-1.59
-1.41
-0.78
2.61
21.86
20.74
46.83
162.51
191.30
178.73
162.59
181.68
187.08
127.59
101.57
71.11
59.73
94.46
36.06
109.55
272.04
215.44
145.28
21.10
-51.28
-49.29
-63.34
-45.64
68.62
35.35
68.82
100.78
114.01
41.62
-40.26
-36.49
-37.97
-10.84
0.81
-19.30
-35.16
-11.60
-7.84
21.76
47.48
60.05
46.83
9.02
-2.33
-33.75
-47.31
-33.85
-8.32
7.11
118.86
206.20
190.59
98.79
46.63
13.80
10.67
3.89
11.93
37.09
20.31
20.01
32.33
50.20
48.18
51.79
58.52
55.04
51.04
51.74
37.47
50.28
66.82
58.42
87.45
139.22
126.80
112.20
101.95
93.72
87.47
82.74
79.59
77.88
77.01
76.80
78.43
79.24
80.09
80.91
81.87
81.93
82.35
82.23
81.81
81.86
81.63
81.68
80.76
80.63
80.20
79.80
79.66
79.29
78.97
78.89
80.47
81.47
82.46
82.72
83.04
82.20
82.00
82.44
82.98
83.09
82.38
82.46
98.10
99.58
128.14
168.59
183.18
182.38
213.38
254.06
271.21
277.24
204.19
392.44
525.47
378.13
245.69
100.07
-91.93
32.48
-23.07
-75.46
-131.09
-175.87
-185.89
-19.55
59.93
86.50
130.83
178.40
333.15
371.22
293.16
227.09
243.02
107.33
24.69
31.52
86.20
180.89
221.17
172.82
181.75
143.17
58.98
135.66
114.57
51.25
257.79
214.41
112.93
52.15
25.54
45.84
219.94
171.23
112.42
210.63
146.31
99.39
73.81
63.33
57.07
67.61
61.10
62.37
87.59
111.07
130.44
147.76
157.90
163.34
169.31
171.72
172.15
171.78
171.01
169.62
170.64
170.79
171.30
170.87
171.17
169.03
167.34
167.89
188.09
180.77
174.27
169.85
165.55
161.98
159.64
159.07
159.47
159.80
160.86
161.64
163.84
165.77
167.58
168.46
168.98
168.94
168.37
168.62
168.95
169.09
168.09
167.48
167.09
167.37
167.35
167.30
166.27
150.66
136.88
140.34
132.09
129.88
143.27
155.20
165.71
142.80
107.68
46.73
-2.47
53.66
39.17
54.25
144.31
150.38
153.64
109.85
88.95
137.53
124.35
86.23
127.90
92.51
75.63
43.18
22.75
81.45
146.50
245.21
295.62
245.55
162.90
141.27
156.99
131.17
135.11
130.93
137.07
141.82
61.33
-21.49
19.85
-13.56
63.15
79.02
121.37
184.30
156.06
170.51
189.29
48.31
120.61
100.14
118.58
73.48
144.02
136.19
73.60
154.42
201.33
189.62
179.38
164.59
95.28
119.71
135.27
142.66
119.00
114.49
124.26
130.87
124.49
121.06
103.46
94.58
96.36
91.50
99.51
98.76
94.28
90.79
87.89
85.53
84.79
83.35
82.50
94.74
93.33
93.56
86.99
81.72
77.97
75.51
71.36
69.80
73.46
76.25
78.25
79.75
78.23
79.20
79.94
81.46
82.72
82.91
81.99
87.41
87.23
82.98
82.51
81.53
80.97
81.32
82.48
82.31
83.00
64.44
40.40
23.75
21.45
46.32
60.35
80.89
95.38
103.83
108.06
108.51
105.95
-34.97
-53.40
-92.64
-260.65
-98.01
-7.96
55.11
226.07
213.19
93.77
8.38
50.02
47.43
52.88
18.82
62.08
107.77
126.95
133.60
92.78
55.49
-47.99
-49.67
-45.08
-86.65
-37.11
-21.79
9.50
-26.29
-21.44
-26.47
-52.46
-65.31
-27.17
4.10
12.83
18.13
-6.36
-2.35
31.25
106.82
95.81
128.56
99.79
24.95
45.09
28.59
-17.16
-9.75
8.58
82.87
71.93
112.30
153.57
201.71
175.28
149.36
122.02
97.10
76.41
54.61
37.17
27.34
20.03
8.66
1.72
-2.13
-5.20
-7.60
-8.81
-9.83
-10.23
-8.66
-6.42
-3.79
-3.69
-3.60
-4.18
-5.63
-7.58
-5.18
-2.47
-1.45
-0.09
0.26
0.12
-0.07
-0.17
-0.40
-0.66
-0.73
-0.70
-0.40
-0.03
0.47
0.13
0.14
-0.44
-0.69
-0.96
-0.45
-0.62
-0.45
-0.44
-0.64
-1.52
-2.81
-3.55
-4.00
-3.51
-2.66
-2.02
-1.71
-0.73
0.07
-0.91
-1.73
-2.17
-1.62
-1.34
-0.66
0.02
0.31
0.65
0.56
-0.66
-2.64
-2.25
-2.46
-2.24
-2.71
-2.99
-3.22
-3.64
-3.67
-3.60
-3.31
-2.93
-2.08
-3.41
-3.67
-3.16
1.05
4.17
67.23
56.14
104.42
168.60
72.77
88.71
122.95
824.97
714.45
612.61
353.23
313.41
349.16
84.78
-130.80
-247.39
-276.73
-282.35
-290.69
-197.84
-7.08
233.70
195.84
-107.93
-404.32
-390.59
-338.44
-370.44
-240.44
-34.76
116.47
121.94
106.99
222.65
237.54
175.18
75.98
-6.23
9.23
-74.70
-44.36
-53.19
-61.90
-64.86
-65.46
-63.71
-58.58
-55.87
-54.08
-50.75
-46.42
-40.11
-38.76
-37.83
-37.41
-37.03
-35.02
-33.72
-34.62
-33.22
-29.43
-30.64
-30.31
-27.39
-28.97
-27.80
-27.15
-25.84
-25.65
-26.87
-30.10
-27.95
-30.57
-29.64
-26.77
-31.50
-25.17
-26.26
-25.14
-27.33
-26.99
-28.55
-28.71
-28.28
-27.63
-27.56
-26.92
-27.32
