-5	5	0	-0.02
-15	15	0	-1.63
-21	21	0	-2.64
-21	21	0	-2.72
-18	18	0	-2.32
-12	12	0	-1.43
-4	4	0	-0.20
1	-1	0	0.58
4	-4	0	1.06
6	-6	0	1.40
5	-5	0	1.26
2	-2	0	0.80
0	0	0	0.49
-2	2	0	0.17
-4	4	0	-0.16
-4	4	0	-0.17
-4	4	0	-0.19
-4	4	0	-0.20
-4	4	0	-0.21
-4	4	0	-0.23
-4	4	0	-0.24
-4	4	0	-0.26
-4	4	0	-0.27
-4	4	0	-0.29
-4	4	0	-0.30
-4	4	0	-0.32
-4	4	0	-0.33
-4	4	0	-0.35
-4	4	0	-0.36
-4	4	0	-0.38
-4	4	0	-0.39
-4	4	0	-0.41
-4	4	0	-0.42
-4	4	0	-0.44
-4	4	0	-0.45
-4	4	0	-0.47
-4	4	0	-0.48
-4	4	0	-0.50
-4	4	0	-0.51
-4	4	0	-0.53
-4	4	0	-0.54
-4	4	0	-0.56
-4	4	0	-0.57
-4	4	0	-0.59
-4	4	0	-0.60
-4	4	0	-0.62
-4	4	0	-0.63
-3	3	0	-0.49
-2	2	0	-0.34
-2	2	0	-0.34
-2	2	0	-0.35
-2	2	0	-0.36
-2	2	0	-0.37
-2	2	0	-0.37
-2	2	0	-0.38
-2	2	0	-0.39
-2	2	0	-0.40
-2	2	0	-0.40
-2	2	0	-0.41
-2	2	0	-0.42
-2	2	0	-0.43
-2	2	0	-0.43
-2	2	0	-0.44
-2	2	0	-0.45
-2	2	0	-0.46
-2	2	0	-0.46
-2	2	0	-0.47
-2	2	0	-0.48
-2	2	0	-0.49
-2	2	0	-0.49
-2	2	0	-0.50
-2	2	0	-0.51
-2	2	0	-0.52
-2	2	0	-0.52
-2	2	0	-0.53
-2	2	0	-0.54
-2	2	0	-0.54
-1	1	0	-0.39
-1	1	0	-0.40
-1	1	0	-0.40
-1	1	0	-0.40
-1	1	0	-0.41
-1	1	0	-0.41
-1	1	0	-0.42
-1	1	0	-0.42
-1	1	0	-0.42
-1	1	0	-0.43
-1	1	0	-0.43
-1	1	0	-0.43
-1	1	0	-0.44
-1	1	0	-0.44
-1	1	0	-0.44
-1	1	0	-0.45
-1	1	0	-0.45
-1	1	0	-0.46
-1	1	0	-0.46
-1	1	0	-0.46
-1	1	0	-0.47
-1	1	0	-0.47
-1	1	0	-0.47
-1	1	0	-0.48
-1	1	0	-0.48
-1	1	0	-0.49
-1	1	0	-0.49
-1	1	0	-0.49
-1	1	0	-0.50
-1	1	0	-0.50
-1	1	0	-0.50
-1	1	0	-0.51
-1	1	0	-0.51
-1	1	0	-0.52
-1	1	0	-0.52
-1	1	0	-0.52
-1	1	0	-0.53
0	0	0	-0.37
0	0	0	-0.37
0	0	0	-0.37
0	0	0	-0.37
0	0	0	-0.37
0	0	0	-0.37
0	0	0	-0.37
0	0	0	-0.37
0	0	0	-0.37
0	0	0	-0.37
0	0	0	-0.37
0	0	0	-0.37
0	0	0	-0.37
0	0	0	-0.37
0	0	0	-0.37
0	0	0	-0.37
0	0	0	-0.37
0	0	0	-0.37
0	0	0	-0.37
0	0	0	-0.37
0	0	0	-0.37
0	0	0	-0.37
0	0	0	-0.37
0	0	0	-0.37
0	0	0	-0.37
0	0	0	-0.37
0	0	0	-0.37
0	0	0	-0.37
0	0	0	-0.37
0	0	0	-0.37
0	0	0	-0.37
0	0	0	-0.37
0	0	0	-0.37
0	0	0	-0.37
0	0	0	-0.37
0	0	0	-0.37
0	0	0	-0.37
0	0	0	-0.37
0	0	0	-0.37
0	0	0	-0.37
0	0	0	-0.37
0	0	0	-0.37
0	0	0	-0.37
0	0	0	-0.37
0	0	0	-0.37
0	0	0	-0.37
0	0	0	-0.37
0	0	0	-0.37
0	0	0	-0.37
0	0	0	-0.37
0	0	0	-0.37
0	0	0	-0.37
0	0	0	-0.37
0	0	0	-0.37
0	0	0	-0.37
0	0	0	-0.37
0	0	0	-0.37
0	0	0	-0.37
0	0	0	-0.37
0	0	0	-0.37
0	0	0	-0.37
0	0	0	-0.37
0	0	0	-0.37
0	0	0	-0.37
0	0	0	-0.37
0	0	0	-0.37
0	0	0	-0.37
0	0	0	-0.37
0	0	0	-0.37
0	0	0	-0.37
0	0	0	-0.37
0	0	0	-0.37
0	0	0	-0.37
0	0	0	-0.37
0	0	0	-0.37
0	0	0	-0.37
0	0	0	-0.37
0	0	0	-0.37
0	0	0	-0.37
0	0	0	-0.37
0	0	0	-0.37
0	0	0	-0.37
0	0	0	-0.37
0	0	0	-0.37
0	0	0	-0.37
0	0	0	-0.37
0	0	0	-0.37
0	0	0	-0.37
0	0	0	-0.37
0	0	0	-0.37
0	0	0	-0.37
0	0	0	-0.37
0	0	0	-0.37
0	0	0	-0.37
0	0	0	-0.37
0	0	0	-0.37
0	0	0	-0.37
0	0	0	-0.37
0	0	0	-0.37
0	0	0	-0.37
0	0	0	-0.37
0	0	0	-0.37
0	0	0	-0.37
0	0	0	-0.37
0	0	0	-0.37
0	0	0	-0.37
0	0	0	-0.37
0	0	0	-0.37
0	0	0	-0.37
0	0	0	-0.37
0	0	0	-0.37
0	0	0	-0.37
0	0	0	-0.37
0	0	0	-0.37
0	0	0	-0.37
0	0	0	-0.37
0	0	0	-0.37
0	0	0	-0.37
0	0	0	-0.37
0	0	0	-0.37
0	0	0	-0.37
0	0	0	-0.37
0	0	0	-0.37
0	0	0	-0.37
0	0	0	-0.37
0	0	0	-0.37
0	0	0	-0.37
0	0	0	-0.37
0	0	0	-0.37
0	0	0	-0.37
0	0	0	-0.37
0	0	0	-0.37
0	0	0	-0.37
0	0	0	-0.37
0	0	0	-0.37
0	0	0	-0.37
0	0	0	-0.37
0	0	0	-0.37
0	0	0	-0.37
0	0	0	-0.37
0	0	0	-0.37
0	0	0	-0.37
0	0	0	-0.37
0	0	0	-0.37
0	0	0	-0.37
0	0	0	-0.37
0	0	0	-0.37
0	0	0	-0.37
0	0	0	-0.37
0	0	0	-0.37
0	0	0	-0.37
0	0	0	-0.37
0	0	0	-0.37
0	0	0	-0.37
0	0	0	-0.37
0	0	0	-0.37
0	0	0	-0.37
0	0	0	-0.37
0	0	0	-0.37
0	0	0	-0.37
0	0	0	-0.37
0	0	0	-0.37
0	0	0	-0.37
0	0	0	-0.37
0	0	0	-0.37
0	0	0	-0.37
0	0	0	-0.37
0	0	0	-0.37
0	0	0	-0.37
0	0	0	-0.37
0	0	0	-0.37
0	0	0	-0.37
0	0	0	-0.37
0	0	0	-0.37
0	0	0	-0.37
0	0	0	-0.37
0	0	0	-0.37
0	0	0	-0.37
0	0	0	-0.37
0	0	0	-0.37
0	0	0	-0.37
0	0	0	-0.37
0	0	0	-0.37
0	0	0	-0.37
0	0	0	-0.37
0	0	0	-0.37
2000	0	2000	318.34
1991	9	2000	324.31
1967	33	2000	327.87
1932	68	2000	329.58
1888	112	2000	329.73
1840	160	2000	329.08
1786	214	2000	327.29
1730	270	2000	324.98
1672	328	2000	322.15
1612	388	2000	318.79
1550	450	2000	314.88
1488	512	2000	310.75
1425	575	2000	306.22
1361	639	2000	301.30
1296	704	2000	295.99
1232	768	2000	290.59
1167	833	2000	284.80
1102	898	2000	278.77
1037	963	2000	272.49
971	1029	2000	265.82
906	1094	2000	259.06
840	1160	2000	251.90
774	1226	2000	244.50
709	1291	2000	237.01
643	1357	2000	229.12
577	1423	2000	220.98
512	1488	2000	212.76
446	1554	2000	204.14
380	1620	2000	195.28
314	1686	2000	186.17
248	1752	2000	176.82
182	1818	2000	167.22
116	1884	2000	157.37
50	1950	2000	147.29
-16	2016	2000	136.95
-82	2082	2000	126.38
-148	2148	2000	115.56
-214	2214	2000	104.49
-280	2280	2000	93.18
-345	2345	2000	81.79
-411	2411	2000	69.99
-477	2477	2000	57.95
-543	2543	2000	45.66
-609	2609	2000	33.13
-675	2675	2000	20.36
-741	2741	2000	7.34
-804	2804	2000	-5.44
-855	2855	2000	-16.55
-880	2880	2000	-23.70
-878	2878	2000	-26.65
-858	2858	2000	-26.71
-825	2825	2000	-24.63
-783	2783	2000	-21.00
-734	2734	2000	-16.09
-682	2682	2000	-10.52
-626	2626	2000	-4.13
-574	2574	2000	1.84
-534	2534	2000	6.09
-510	2510	2000	7.93
-504	2504	2000	7.00
-513	2513	2000	3.69
-527	2527	2000	-0.44
-540	2540	2000	-4.46
-545	2545	2000	-7.26
-538	2538	2000	-8.16
-522	2522	2000	-7.61
-497	2497	2000	-5.56
-470	2470	2000	-3.10
-443	2443	2000	-0.54
-421	2421	2000	1.33
-406	2406	2000	2.16
-398	2398	2000	1.93
-397	2397	2000	0.61
-398	2398	2000	-1.02
-399	2399	2000	-2.65
-397	2397	2000	-3.81
-390	2390	2000	-4.17
-380	2380	2000	-4.02
-366	2366	2000	-3.20
-352	2352	2000	-2.32
-337	2337	2000	-1.24
-324	2324	2000	-0.41
-314	2314	2000	-0.02
-306	2306	2000	0.09
-302	2302	2000	-0.41
-300	2300	2000	-1.21
-298	2298	2000	-2.00
-294	2294	2000	-2.47
-289	2289	2000	-2.76
-282	2282	2000	-2.72
-272	2272	2000	-2.17
-263	2263	2000	-1.74
-253	2253	2000	-1.12
-244	2244	2000	-0.63
-236	2236	2000	-0.26
-231	2231	2000	-0.33
-227	2227	2000	-0.55
-224	2224	2000	-0.92
-222	2222	2000	-1.43
-219	2219	2000	-1.77
-215	2215	2000	-1.95
-210	2210	2000	-1.95
-204	2204	2000	-1.77
-197	2197	2000	-1.41
-190	2190	2000	-1.02
-184	2184	2000	-0.77
-178	2178	2000	-0.50
-173	2173	2000	-0.36
-170	2170	2000	-0.52
-168	2168	2000	-0.83
-166	2166	2000	-1.14
-164	2164	2000	-1.43
-160	2160	2000	-1.40
-156	2156	2000	-1.36
-152	2152	2000	-1.30
-148	2148	2000	-1.23
-142	2142	2000	-0.82
-138	2138	2000	-0.71
-134	2134	2000	-0.58
-130	2130	2000	-0.44
-128	2128	2000	-0.60
-126	2126	2000	-0.76
-124	2124	2000	-0.91
-122	2122	2000	-1.05
-119	2119	2000	-1.02
-116	2116	2000	-0.99
-113	2113	2000	-0.94
-110	2110	2000	-0.88
-106	2106	2000	-0.65
-104	2104	2000	-0.72
-101	2101	2000	-0.63
-99	2099	2000	-0.69
-96	2096	2000	-0.57
-94	2094	2000	-0.61
-92	2092	2000	-0.64
-90	2090	2000	-0.66
-88	2088	2000	-0.68
-87	2087	2000	-0.84
-86	2086	2000	-1.01
-84	2084	2000	-1.01
-81	2081	2000	-0.84
-78	2078	2000	-0.66
-76	2076	2000	-0.63
-73	2073	2000	-0.44
-71	2071	2000	-0.39
-70	2070	2000	-0.49
-70	2070	2000	-0.75
-69	2069	2000	-0.85
-68	2068	2000	-0.95
-66	2066	2000	-0.88
-64	2064	2000	-0.81
-63	2063	2000	-0.89
-61	2061	2000	-0.80
-58	2058	2000	-0.55
-56	2056	2000	-0.44
-55	2055	2000	-0.49
-54	2054	2000	-0.54
-53	2053	2000	-0.58
-52	2052	2000	-0.62
-51	2051	2000	-0.65
-50	2050	2000	-0.68
-48	2048	2000	-0.54
-48	2048	2000	-0.72
-46	2046	2000	-0.58
-45	2045	2000	-0.59
-44	2044	2000	-0.60
-43	2043	2000	-0.60
-43	2043	2000	-0.76
-43	2043	2000	-0.92
-42	2042	2000	-0.92
-42	2042	2000	-1.08
-40	2040	2000	-0.92
-38	2038	2000	-0.74
-35	2035	2000	-0.41
-33	2033	2000	-0.22
-32	2032	2000	-0.18
-31	2031	2000	-0.14
-31	2031	2000	-0.26
-31	2031	2000	-0.37
-31	2031	2000	-0.49
-31	2031	2000	-0.60
-30	2030	2000	-0.56
-30	2030	2000	-0.67
-30	2030	2000	-0.78
-28	2028	2000	-0.57
-27	2027	2000	-0.52
-26	2026	2000	-0.46
-26	2026	2000	-0.55
-26	2026	2000	-0.65
-25	2025	2000	-0.59
-24	2024	2000	-0.52
-24	2024	2000	-0.61
-23	2023	2000	-0.54
-22	2022	2000	-0.46
-22	2022	2000	-0.54
-23	2023	2000	-0.79
-22	2022	2000	-0.71
-22	2022	2000	-0.79
-22	2022	2000	-0.87
-22	2022	2000	-0.96
-21	2021	2000	-0.88
-20	2020	2000	-0.80
-19	2019	2000	-0.71
-18	2018	2000	-0.62
-16	2016	2000	-0.37
-15	2015	2000	-0.27
-14	2014	2000	-0.17
-14	2014	2000	-0.22
-14	2014	2000	-0.27
-14	2014	2000	-0.32
-14	2014	2000	-0.37
-14	2014	2000	-0.43
-14	2014	2000	-0.48
-14	2014	2000	-0.53
-14	2014	2000	-0.58
-14	2014	2000	-0.63
-14	2014	2000	-0.69
-14	2014	2000	-0.74
-13	2013	2000	-0.63
-12	2012	2000	-0.52
-12	2012	2000	-0.56
-10	2010	2000	-0.29
-10	2010	2000	-0.33
-10	2010	2000	-0.36
-10	2010	2000	-0.40
-10	2010	2000	-0.44
-10	2010	2000	-0.47
-10	2010	2000	-0.51
-10	2010	2000	-0.55
-9	2009	2000	-0.43
-9	2009	2000	-0.46
-9	2009	2000	-0.49
-9	2009	2000	-0.53
-9	2009	2000	-0.56
-9	2009	2000	-0.59
-8	2008	2000	-0.47
-8	2008	2000	-0.50
-8	2008	2000	-0.53
-8	2008	2000	-0.56
-7	2007	2000	-0.43
-7	2007	2000	-0.45
-7	2007	2000	-0.48
-7	2007	2000	-0.50
-7	2007	2000	-0.53
-7	2007	2000	-0.56
-6	2006	2000	-0.42
-6	2006	2000	-0.44
-6	2006	2000	-0.47
-6	2006	2000	-0.49
-6	2006	2000	-0.51
-6	2006	2000	-0.53
-6	2006	2000	-0.56
-6	2006	2000	-0.58
-6	2006	2000	-0.60
-6	2006	2000	-0.62
-6	2006	2000	-0.64
-6	2006	2000	-0.67
-6	2006	2000	-0.69
-6	2006	2000	-0.71
-6	2006	2000	-0.73
-6	2006	2000	-0.76
-6	2006	2000	-0.78
-6	2006	2000	-0.80
-6	2006	2000	-0.82
-6	2006	2000	-0.85
-6	2006	2000	-0.87
-6	2006	2000	-0.89
-5	2005	2000	-0.75
-5	2005	2000	-0.77
-4	2004	2000	-0.63
-4	2004	2000	-0.64
-2	2002	2000	-0.34
-1	2001	2000	-0.19
-1	2001	2000	-0.19
-1	2001	2000	-0.20
-1	2001	2000	-0.20
-1	2001	2000	-0.20
-1	2001	2000	-0.21
-1	2001	2000	-0.21
-1	2001	2000	-0.22
-1	2001	2000	-0.22
-1	2001	2000	-0.22
-1	2001	2000	-0.23
-1	2001	2000	-0.23
-1	2001	2000	-0.23
-1	2001	2000	-0.24
-1	2001	2000	-0.24
-1	2001	2000	-0.24
-1	2001	2000	-0.25
-1	2001	2000	-0.25
-1	2001	2000	-0.26
-1	2001	2000	-0.26
-1	2001	2000	-0.26
-1	2001	2000	-0.27
-1	2001	2000	-0.27
-1	2001	2000	-0.27
-1	2001	2000	-0.28
-1	2001	2000	-0.28
-1	2001	2000	-0.29
-1	2001	2000	-0.29
-1	2001	2000	-0.29
-2001	2001	0	-319.00
-1993	1993	0	-325.14
-1968	1968	0	-328.55
-1932	1932	0	-330.10
-1888	1888	0	-330.25
-1838	1838	0	-329.28
-1784	1784	0	-327.49
-1727	1727	0	-325.01
-1667	1667	0	-321.85
-1606	1606	0	-318.31
-1544	1544	0	-314.38
-1480	1480	0	-309.90
-1416	1416	0	-305.19
-1351	1351	0	-300.08
-1286	1286	0	-294.73
-1220	1220	0	-288.98
-1154	1154	0	-282.98
-1088	1088	0	-276.74
-1021	1021	0	-270.10
-954	954	0	-263.20
-888	888	0	-256.22
-822	822	0	-248.99
-754	754	0	-241.21
-688	688	0	-233.48
-621	621	0	-225.36
-554	554	0	-216.98
-488	488	0	-208.52
-420	420	0	-199.49
-354	354	0	-190.53
-286	286	0	-181.00
-220	220	0	-171.55
-153	153	0	-161.68
-86	86	0	-151.57
-19	19	0	-141.22
48	-48	0	-130.61
115	-115	0	-119.76
182	-182	0	-108.65
249	-249	0	-97.30
316	-316	0	-85.70
383	-383	0	-73.85
450	-450	0	-61.76
517	-517	0	-49.41
584	-584	0	-36.82
651	-651	0	-23.98
718	-718	0	-10.89
784	-784	0	2.29
841	-841	0	14.27
874	-874	0	22.65
880	-880	0	26.85
864	-864	0	27.56
834	-834	0	25.98
795	-795	0	22.85
749	-749	0	18.47
698	-698	0	13.12
643	-643	0	6.94
589	-589	0	0.72
542	-542	0	-4.59
510	-510	0	-7.68
498	-498	0	-7.70
503	-503	0	-5.06
517	-517	0	-0.96
532	-532	0	3.34
541	-541	0	6.75
539	-539	0	8.43
526	-526	0	8.36
504	-504	0	6.80
476	-476	0	4.21
448	-448	0	1.51
423	-423	0	-0.81
405	-405	0	-2.11
394	-394	0	-2.36
391	-391	0	-1.38
392	-392	0	0.23
394	-394	0	2.00
393	-393	0	3.30
389	-389	0	4.12
381	-381	0	4.28
369	-369	0	3.78
354	-354	0	2.76
339	-339	0	1.68
326	-326	0	0.87
314	-314	0	0.16
304	-304	0	-0.27
298	-298	0	-0.10
295	-295	0	0.53
293	-293	0	1.30
290	-290	0	1.91
287	-287	0	2.51
281	-281	0	2.62
274	-274	0	2.54
265	-265	0	2.12
256	-256	0	1.67
246	-246	0	1.03
238	-238	0	0.66
231	-231	0	0.43
226	-226	0	0.49
222	-222	0	0.69
218	-218	0	0.87
215	-215	0	1.20
212	-212	0	1.52
208	-208	0	1.67
204	-204	0	1.80
199	-199	0	1.76
192	-192	0	1.39
186	-186	0	1.14
180	-180	0	0.87
174	-174	0	0.59
170	-170	0	0.59
166	-166	0	0.59
162	-162	0	0.56
160	-160	0	0.84
158	-158	0	1.12
155	-155	0	1.23
152	-152	0	1.32
148	-148	0	1.25
144	-144	0	1.16
139	-139	0	0.90
135	-135	0	0.77
131	-131	0	0.64
128	-128	0	0.64
124	-124	0	0.48
122	-122	0	0.62
121	-121	0	0.92
119	-119	0	1.04
116	-116	0	1.01
114	-114	0	1.12
111	-111	0	1.06
107	-107	0	0.84
104	-104	0	0.76
100	-100	0	0.50
98	-98	0	0.56
96	-96	0	0.60
94	-94	0	0.64
93	-93	0	0.83
92	-92	0	1.01
90	-90	0	1.03
87	-87	0	0.89
84	-84	0	0.73
82	-82	0	0.73
79	-79	0	0.55
77	-77	0	0.53
75	-75	0	0.49
74	-74	0	0.61
73	-73	0	0.73
72	-72	0	0.84
71	-71	0	0.94
69	-69	0	0.89
67	-67	0	0.83
64	-64	0	0.60
62	-62	0	0.52
60	-60	0	0.43
59	-59	0	0.49
59	-59	0	0.71
59	-59	0	0.93
58	-58	0	0.99
57	-57	0	1.04
55	-55	0	0.93
53	-53	0	0.82
50	-50	0	0.54
48	-48	0	0.40
47	-47	0	0.42
46	-46	0	0.44
45	-45	0	0.45
44	-44	0	0.46
44	-44	0	0.62
44	-44	0	0.78
44	-44	0	0.94
42	-42	0	0.79
40	-40	0	0.63
39	-39	0	0.62
37	-37	0	0.44
36	-36	0	0.42
36	-36	0	0.55
36	-36	0	0.69
36	-36	0	0.82
36	-36	0	0.95
34	-34	0	0.77
33	-33	0	0.73
32	-32	0	0.70
30	-30	0	0.50
28	-28	0	0.29
28	-28	0	0.39
28	-28	0	0.50
28	-28	0	0.60
28	-28	0	0.70
28	-28	0	0.81
27	-27	0	0.75
26	-26	0	0.69
25	-25	0	0.63
24	-24	0	0.56
22	-22	0	0.33
21	-21	0	0.26
20	-20	0	0.17
20	-20	0	0.25
20	-20	0	0.32
20	-20	0	0.40
20	-20	0	0.47
20	-20	0	0.54
20	-20	0	0.62
20	-20	0	0.69
20	-20	0	0.77
19	-19	0	0.68
18	-18	0	0.59
16	-16	0	0.34
16	-16	0	0.40
16	-16	0	0.46
16	-16	0	0.52
16	-16	0	0.58
16	-16	0	0.64
15	-15	0	0.54
15	-15	0	0.59
14	-14	0	0.49
14	-14	0	0.54
14	-14	0	0.59
14	-14	0	0.64
14	-14	0	0.70
14	-14	0	0.75
14	-14	0	0.80
13	-13	0	0.69
12	-12	0	0.58
11	-11	0	0.47
10	-10	0	0.35
10	-10	0	0.39
10	-10	0	0.42
10	-10	0	0.46
10	-10	0	0.50
10	-10	0	0.53
10	-10	0	0.57
10	-10	0	0.61
9	-9	0	0.49
9	-9	0	0.52
9	-9	0	0.55
8	-8	0	0.43
8	-8	0	0.46
8	-8	0	0.49
8	-8	0	0.52
8	-8	0	0.54
8	-8	0	0.57
8	-8	0	0.60
8	-8	0	0.63
7	-7	0	0.50
6	-6	0	0.37
6	-6	0	0.39
6	-6	0	0.42
6	-6	0	0.44
6	-6	0	0.46
6	-6	0	0.48
6	-6	0	0.50
6	-6	0	0.53
6	-6	0	0.55
6	-6	0	0.57
6	-6	0	0.59
6	-6	0	0.62
6	-6	0	0.64
6	-6	0	0.66
5	-5	0	0.52
5	-5	0	0.54
4	-4	0	0.40
4	-4	0	0.42
4	-4	0	0.43
4	-4	0	0.44
4	-4	0	0.46
4	-4	0	0.47
4	-4	0	0.49
4	-4	0	0.50
4	-4	0	0.52
4	-4	0	0.53
4	-4	0	0.55
3	-3	0	0.40
2	-2	0	0.26
2	-2	0	0.26
2	-2	0	0.27
2	-2	0	0.28
2	-2	0	0.29
2	-2	0	0.29
2	-2	0	0.30
2	-2	0	0.31
2	-2	0	0.31
2	-2	0	0.32
2	-2	0	0.33
2	-2	0	0.34
2	-2	0	0.34
2	-2	0	0.35
2	-2	0	0.36
2	-2	0	0.37
2	-2	0	0.37
2	-2	0	0.38
2	-2	0	0.39
2	-2	0	0.40
2	-2	0	0.40
2	-2	0	0.41
2	-2	0	0.42
2	-2	0	0.43
2	-2	0	0.43
2	-2	0	0.44
2	-2	0	0.45
2	-2	0	0.46
2	-2	0	0.46
2	-2	0	0.47
2	-2	0	0.48
2	-2	0	0.49
2002	-2	2000	319.20
1993	7	2000	325.18
1968	32	2000	328.59
1932	68	2000	330.14
1888	112	2000	330.29
1839	161	2000	329.48
1786	214	2000	327.85
1729	271	2000	325.38
1670	330	2000	322.39
1610	390	2000	319.02
1548	452	2000	315.10
1485	515	2000	310.80
1422	578	2000	306.27
1358	642	2000	301.34
1294	706	2000	296.17
1228	772	2000	290.45
1164	836	2000	284.80
1098	902	2000	278.60
1033	967	2000	272.31
968	1032	2000	265.78
902	1098	2000	258.85
836	1164	2000	251.67
770	1230	2000	244.25
704	1296	2000	236.59
639	1361	2000	228.84
573	1427	2000	220.69
507	1493	2000	212.30
441	1559	2000	203.66
375	1625	2000	194.78
310	1690	2000	185.81
244	1756	2000	176.44
178	1822	2000	166.83
112	1888	2000	156.97
46	1954	2000	146.87
-20	2020	2000	136.52
-86	2086	2000	125.93
-152	2152	2000	115.09
-218	2218	2000	104.01
-284	2284	2000	92.69
-350	2350	2000	81.12
-416	2416	2000	69.30
-482	2482	2000	57.25
-548	2548	2000	44.94
-614	2614	2000	32.39
-680	2680	2000	19.60
-746	2746	2000	6.56
-808	2808	2000	-6.08
-858	2858	2000	-17.04
-880	2880	2000	-23.73
-878	2878	2000	-26.67
-856	2856	2000	-26.42
-822	2822	2000	-24.17
-780	2780	2000	-20.53
-730	2730	2000	-15.45
-677	2677	2000	-9.71
-622	2622	2000	-3.45
-570	2570	2000	2.53
-532	2532	2000	6.47
-510	2510	2000	8.00
-508	2508	2000	6.43
-519	2519	2000	2.80
-534	2534	2000	-1.52
-546	2546	2000	-5.41
-549	2549	2000	-7.91
-541	2541	2000	-8.67
-522	2522	2000	-7.65
-496	2496	2000	-5.44
-467	2467	2000	-2.65
-440	2440	2000	-0.08
-419	2419	2000	1.63
-406	2406	2000	2.15
-400	2400	2000	1.60
-399	2399	2000	0.28
-400	2400	2000	-1.36
-399	2399	2000	-2.68
-396	2396	2000	-3.68
-390	2390	2000	-4.19
-379	2379	2000	-3.88
-366	2366	2000	-3.22
-350	2350	2000	-2.02
-336	2336	2000	-1.09
-324	2324	2000	-0.42
-314	2314	2000	-0.03
-306	2306	2000	0.08
-302	2302	2000	-0.41
-300	2300	2000	-1.22
-298	2298	2000	-2.01
-295	2295	2000	-2.63
-290	2290	2000	-2.93
-282	2282	2000	-2.73
-272	2272	2000	-2.18
-262	2262	2000	-1.60
-252	2252	2000	-0.97
-244	2244	2000	-0.63
-236	2236	2000	-0.26
-231	2231	2000	-0.34
-227	2227	2000	-0.56
-224	2224	2000	-0.92
-222	2222	2000	-1.43
-218	2218	2000	-1.62
-215	2215	2000	-1.95
-210	2210	2000	-1.95
-204	2204	2000	-1.77
-197	2197	2000	-1.41
-190	2190	2000	-1.03
-184	2184	2000	-0.77
-178	2178	2000	-0.50
-173	2173	2000	-0.36
-170	2170	2000	-0.53
-168	2168	2000	-0.84
-166	2166	2000	-1.14
-164	2164	2000	-1.44
-161	2161	2000	-1.57
-156	2156	2000	-1.37
-152	2152	2000	-1.31
-147	2147	2000	-1.07
-142	2142	2000	-0.82
-137	2137	2000	-0.55
-133	2133	2000	-0.42
-130	2130	2000	-0.44
-129	2129	2000	-0.76
-127	2127	2000	-0.92
-126	2126	2000	-1.23
-123	2123	2000	-1.22
-120	2120	2000	-1.20
-116	2116	2000	-1.00
-112	2112	2000	-0.80
-108	2108	2000	-0.57
-105	2105	2000	-0.50
-103	2103	2000	-0.57
-101	2101	2000	-0.63
-100	2100	2000	-0.84
-98	2098	2000	-0.90
-96	2096	2000	-0.94
-93	2093	2000	-0.82
-90	2090	2000	-0.69
-88	2088	2000	-0.70
-86	2086	2000	-0.71
-83	2083	2000	-0.55
-81	2081	2000	-0.54
-80	2080	2000	-0.68
-78	2078	2000	-0.66
-76	2076	2000	-0.63
-75	2075	2000	-0.75
-73	2073	2000	-0.71
-71	2071	2000	-0.66
-69	2069	2000	-0.60
-67	2067	2000	-0.54
-66	2066	2000	-0.63
-64	2064	2000	-0.56
-64	2064	2000	-0.79
-64	2064	2000	-1.03
-62	2062	2000	-0.95
-61	2061	2000	-1.02
-58	2058	2000	-0.77
-56	2056	2000	-0.66
-53	2053	2000	-0.39
-51	2051	2000	-0.27
-50	2050	2000	-0.30
-49	2049	2000	-0.33
-49	2049	2000	-0.51
-50	2050	2000	-0.85
-50	2050	2000	-1.03
-50	2050	2000	-1.22
-48	2048	2000	-1.09
-46	2046	2000	-0.95
-44	2044	2000	-0.80
-42	2042	2000	-0.64
-40	2040	2000	-0.48
-38	2038	2000	-0.31
-37	2037	2000	-0.29
-36	2036	2000	-0.27
-36	2036	2000	-0.40
-36	2036	2000	-0.53
-36	2036	2000	-0.67
-36	2036	2000	-0.80
-35	2035	2000	-0.77
-34	2034	2000	-0.74
-33	2033	2000	-0.71
-32	2032	2000	-0.67
-30	2030	2000	-0.47
-28	2028	2000	-0.27
-28	2028	2000	-0.37
-27	2027	2000	-0.32
-27	2027	2000	-0.42
-27	2027	2000	-0.52
-27	2027	2000	-0.62
-27	2027	2000	-0.72
-26	2026	2000	-0.66
-25	2025	2000	-0.59
-24	2024	2000	-0.53
-22	2022	2000	-0.30
-22	2022	2000	-0.38
-22	2022	2000	-0.46
-22	2022	2000	-0.54
-22	2022	2000	-0.62
-22	2022	2000	-0.70
-22	2022	2000	-0.79
-22	2022	2000	-0.87
-22	2022	2000	-0.95
-22	2022	2000	-1.03
-21	2021	2000	-0.95
-19	2019	2000	-0.71
-18	2018	2000	-0.62
-16	2016	2000	-0.37
-14	2014	2000	-0.11
-14	2014	2000	-0.16
-14	2014	2000	-0.22
-14	2014	2000	-0.27
-14	2014	2000	-0.32
-14	2014	2000	-0.37
-14	2014	2000	-0.42
-14	2014	2000	-0.47
-14	2014	2000	-0.53
-14	2014	2000	-0.58
-14	2014	2000	-0.63
-14	2014	2000	-0.68
-14	2014	2000	-0.73
-13	2013	2000	-0.63
-12	2012	2000	-0.52
-12	2012	2000	-0.56
-12	2012	2000	-0.60
-11	2011	2000	-0.49
-10	2010	2000	-0.37
-10	2010	2000	-0.41
-10	2010	2000	-0.44
-10	2010	2000	-0.48
-10	2010	2000	-0.52
-10	2010	2000	-0.56
-10	2010	2000	-0.59
-9	2009	2000	-0.47
-8	2008	2000	-0.34
-8	2008	2000	-0.37
-8	2008	2000	-0.40
-8	2008	2000	-0.43
-8	2008	2000	-0.46
-8	2008	2000	-0.49
-8	2008	2000	-0.52
-8	2008	2000	-0.55
-8	2008	2000	-0.58
-8	2008	2000	-0.61
-7	2007	2000	-0.48
-6	2006	2000	-0.35
-6	2006	2000	-0.37
-6	2006	2000	-0.39
-6	2006	2000	-0.42
-6	2006	2000	-0.44
-6	2006	2000	-0.46
-6	2006	2000	-0.48
-6	2006	2000	-0.50
-6	2006	2000	-0.53
-6	2006	2000	-0.55
-6	2006	2000	-0.57
-6	2006	2000	-0.59
-6	2006	2000	-0.62
-6	2006	2000	-0.64
-6	2006	2000	-0.66
-6	2006	2000	-0.68
-6	2006	2000	-0.70
-6	2006	2000	-0.73
-6	2006	2000	-0.75
-6	2006	2000	-0.77
-6	2006	2000	-0.79
-6	2006	2000	-0.82
-6	2006	2000	-0.84
-6	2006	2000	-0.86
-6	2006	2000	-0.88
-5	2005	2000	-0.74
-5	2005	2000	-0.76
-4	2004	2000	-0.62
-3	2003	2000	-0.48
-2	2002	2000	-0.33
-2	2002	2000	-0.34
-2	2002	2000	-0.34
-2	2002	2000	-0.35
-2	2002	2000	-0.36
-2	2002	2000	-0.37
-2	2002	2000	-0.37
-2	2002	2000	-0.38
-2	2002	2000	-0.39
-2	2002	2000	-0.40
-2	2002	2000	-0.40
-2	2002	2000	-0.41
-2	2002	2000	-0.42
-2	2002	2000	-0.43
-2	2002	2000	-0.43
-2	2002	2000	-0.44
-2	2002	2000	-0.45
-2	2002	2000	-0.46
-2	2002	2000	-0.46
-2	2002	2000	-0.47
-2	2002	2000	-0.48
-2	2002	2000	-0.49
-2	2002	2000	-0.49
-2	2002	2000	-0.50
-2	2002	2000	-0.51
-2	2002	2000	-0.52
-2	2002	2000	-0.52
-2	2002	2000	-0.53
-2	2002	2000	-0.54
-2	2002	2000	-0.54
-2002	2002	0	-319.26
-1993	1993	0	-325.24
-1968	1968	0	-328.65
-1932	1932	0	-330.20
-1888	1888	0	-330.35
-1838	1838	0	-329.38
-1783	1783	0	-327.43
-1726	1726	0	-324.95
-1666	1666	0	-321.79
-1605	1605	0	-318.24
-1542	1542	0	-314.15
-1478	1478	0	-309.66
-1414	1414	0	-304.94
-1349	1349	0	-299.82
-1284	1284	0	-294.47
-1218	1218	0	-288.71
-1152	1152	0	-282.70
-1086	1086	0	-276.46
-1019	1019	0	-269.80
-952	952	0	-262.90
-886	886	0	-255.91
-819	819	0	-248.52
-752	752	0	-240.88
-686	686	0	-233.15
-618	618	0	-224.85
-552	552	0	-216.63
-485	485	0	-208.00
-418	418	0	-199.12
-351	351	0	-189.99
-284	284	0	-180.61
-217	217	0	-170.99
-150	150	0	-161.12
-83	83	0	-151.00
-16	16	0	-140.63
51	-51	0	-130.01
118	-118	0	-119.14
185	-185	0	-108.03
252	-252	0	-96.67
319	-319	0	-85.06
386	-386	0	-73.20
453	-453	0	-61.09
520	-520	0	-48.74
587	-587	0	-36.13
654	-654	0	-23.28
721	-721	0	-10.18
788	-788	0	3.17
843	-843	0	14.85
874	-874	0	22.92
878	-878	0	26.79
862	-862	0	27.50
832	-832	0	25.91
793	-793	0	22.78
747	-747	0	18.39
696	-696	0	13.03
642	-642	0	7.00
587	-587	0	0.62
540	-540	0	-4.70
509	-509	0	-7.63
497	-497	0	-7.66
502	-502	0	-5.02
516	-516	0	-0.93
531	-531	0	3.37
540	-540	0	6.77
538	-538	0	8.46
526	-526	0	8.54
504	-504	0	6.98
476	-476	0	4.39
448	-448	0	1.69
422	-422	0	-0.79
403	-403	0	-2.26
392	-392	0	-2.52
389	-389	0	-1.54
390	-390	0	0.06
392	-392	0	1.82
392	-392	0	3.28
389	-389	0	4.25
381	-381	0	4.42
369	-369	0	3.92
354	-354	0	2.89
339	-339	0	1.82
325	-325	0	0.84
312	-312	0	-0.03
303	-303	0	-0.30
297	-297	0	-0.14
294	-294	0	0.49
292	-292	0	1.26
290	-290	0	2.02
287	-287	0	2.62
282	-282	0	2.88
274	-274	0	2.65
265	-265	0	2.23
255	-255	0	1.62
246	-246	0	1.13
237	-237	0	0.61
230	-230	0	0.37
224	-224	0	0.27
220	-220	0	0.46
218	-218	0	0.96
215	-215	0	1.29
212	-212	0	1.61
209	-209	0	1.92
205	-205	0	2.05
199	-199	0	1.86
192	-192	0	1.48
186	-186	0	1.23
179	-179	0	0.81
173	-173	0	0.51
168	-168	0	0.36
165	-165	0	0.50
163	-163	0	0.80
161	-161	0	1.08
159	-159	0	1.36
156	-156	0	1.47
153	-153	0	1.57
148	-148	0	1.34
144	-144	0	1.25
138	-138	0	0.83
134	-134	0	0.70
130	-130	0	0.56
126	-126	0	0.41
124	-124	0	0.56
122	-122	0	0.70
121	-121	0	0.99
119	-119	0	1.12
117	-117	0	1.24
114	-114	0	1.20
110	-110	0	0.98
106	-106	0	0.75
103	-103	0	0.67
100	-100	0	0.57
98	-98	0	0.62
95	-95	0	0.51
94	-94	0	0.70
92	-92	0	0.73
91	-91	0	0.91
89	-89	0	0.93
86	-86	0	0.78
84	-84	0	0.78
82	-82	0	0.77
79	-79	0	0.60
77	-77	0	0.57
75	-75	0	0.54
74	-74	0	0.66
72	-72	0	0.62
71	-71	0	0.72
70	-70	0	0.83
68	-68	0	0.77
66	-66	0	0.70
63	-63	0	0.47
61	-61	0	0.38
60	-60	0	0.45
60	-60	0	0.67
60	-60	0	0.89
59	-59	0	0.96
58	-58	0	1.02
56	-56	0	0.91
55	-55	0	0.96
52	-52	0	0.69
50	-50	0	0.56
48	-48	0	0.43
46	-46	0	0.29
46	-46	0	0.46
44	-44	0	0.31
44	-44	0	0.47
44	-44	0	0.63
44	-44	0	0.80
44	-44	0	0.96
42	-42	0	0.80
40	-40	0	0.64
39	-39	0	0.63
37	-37	0	0.46
36	-36	0	0.43
36	-36	0	0.57
36	-36	0	0.70
36	-36	0	0.83
35	-35	0	0.81
34	-34	0	0.78
34	-34	0	0.90
32	-32	0	0.71
30	-30	0	0.51
28	-28	0	0.30
28	-28	0	0.41
28	-28	0	0.51
28	-28	0	0.62
28	-28	0	0.72
27	-27	0	0.66
26	-26	0	0.60
26	-26	0	0.70
26	-26	0	0.80
24	-24	0	0.57
22	-22	0	0.34
21	-21	0	0.27
21	-21	0	0.34
21	-21	0	0.42
21	-21	0	0.50
21	-21	0	0.58
20	-20	0	0.50
20	-20	0	0.57
20	-20	0	0.64
20	-20	0	0.72
20	-20	0	0.79
18	-18	0	0.55
17	-17	0	0.46
16	-16	0	0.36
16	-16	0	0.42
16	-16	0	0.48
16	-16	0	0.54
16	-16	0	0.60
16	-16	0	0.66
16	-16	0	0.72
16	-16	0	0.77
16	-16	0	0.83
14	-14	0	0.57
14	-14	0	0.63
12	-12	0	0.36
12	-12	0	0.40
12	-12	0	0.45
12	-12	0	0.49
12	-12	0	0.54
12	-12	0	0.58
12	-12	0	0.63
12	-12	0	0.67
12	-12	0	0.72
12	-12	0	0.76
12	-12	0	0.80
12	-12	0	0.85
10	-10	0	0.57
9	-9	0	0.45
8	-8	0	0.33
8	-8	0	0.36
8	-8	0	0.39
8	-8	0	0.42
8	-8	0	0.44
8	-8	0	0.47
8	-8	0	0.50
8	-8	0	0.53
8	-8	0	0.56
8	-8	0	0.59
7	-7	0	0.46
7	-7	0	0.49
7	-7	0	0.52
7	-7	0	0.54
7	-7	0	0.57
7	-7	0	0.59
6	-6	0	0.46
6	-6	0	0.48
6	-6	0	0.50
6	-6	0	0.53
6	-6	0	0.55
6	-6	0	0.57
6	-6	0	0.59
6	-6	0	0.62
6	-6	0	0.64
6	-6	0	0.66
5	-5	0	0.52
5	-5	0	0.54
4	-4	0	0.40
4	-4	0	0.42
4	-4	0	0.43
4	-4	0	0.44
4	-4	0	0.46
4	-4	0	0.47
4	-4	0	0.49
4	-4	0	0.50
4	-4	0	0.52
4	-4	0	0.53
4	-4	0	0.55
4	-4	0	0.56
2	-2	0	0.26
2	-2	0	0.27
2	-2	0	0.27
2	-2	0	0.28
2	-2	0	0.29
2	-2	0	0.30
2	-2	0	0.30
2	-2	0	0.31
2	-2	0	0.32
2	-2	0	0.33
2	-2	0	0.33
2	-2	0	0.34
2	-2	0	0.35
2	-2	0	0.36
2	-2	0	0.36
2	-2	0	0.37
2	-2	0	0.38
2	-2	0	0.39
2	-2	0	0.39
2	-2	0	0.40
2	-2	0	0.41
2	-2	0	0.42
2	-2	0	0.42
2	-2	0	0.43
2	-2	0	0.44
2	-2	0	0.44
2	-2	0	0.45
2	-2	0	0.46
2	-2	0	0.47
2	-2	0	0.47
2	-2	0	0.48
2	-2	0	0.49
2	-2	0	0.50
2002	-2	2000	319.21
1993	7	2000	325.19
1968	32	2000	328.60
1932	68	2000	330.15
1889	111	2000	330.46
1840	160	2000	329.65
1786	214	2000	327.87
1730	270	2000	325.56
1671	329	2000	322.57
1611	389	2000	319.20
1550	450	2000	315.45
1487	513	2000	311.16
1424	576	2000	306.63
1360	640	2000	301.71
1296	704	2000	296.55
1231	769	2000	290.99
1166	834	2000	285.20
1101	899	2000	279.16
1036	964	2000	272.88
970	1030	2000	266.20
905	1095	2000	259.44
839	1161	2000	252.28
774	1226	2000	245.03
708	1292	2000	237.38
642	1358	2000	229.49
576	1424	2000	221.35
511	1489	2000	213.13
445	1555	2000	204.50
379	1621	2000	195.63
314	1686	2000	186.68
248	1752	2000	177.33
182	1818	2000	167.73
116	1884	2000	157.89
50	1950	2000	147.80
-16	2016	2000	137.47
-82	2082	2000	126.89
-148	2148	2000	116.07
-214	2214	2000	105.00
-280	2280	2000	93.69
-345	2345	2000	82.30
-411	2411	2000	70.50
-477	2477	2000	58.46
-543	2543	2000	46.18
-609	2609	2000	33.65
-674	2674	2000	21.03
-740	2740	2000	8.02
-804	2804	2000	-4.92
-856	2856	2000	-16.19
-882	2882	2000	-23.51
-881	2881	2000	-26.62
-860	2860	2000	-26.53
-826	2826	2000	-24.30
-784	2784	2000	-20.67
-735	2735	2000	-15.77
-682	2682	2000	-10.05
-627	2627	2000	-3.81
-575	2575	2000	2.15
-536	2536	2000	6.24
-513	2513	2000	7.92
-509	2509	2000	6.65
-518	2518	2000	3.33
-533	2533	2000	-0.98
-546	2546	2000	-5.03
-550	2550	2000	-7.69
-544	2544	2000	-8.77
-526	2526	2000	-7.92
-501	2501	2000	-5.88
-472	2472	2000	-3.12
-444	2444	2000	-0.40
-422	2422	2000	1.46
-407	2407	2000	2.28
-400	2400	2000	1.89
-398	2398	2000	0.73
-400	2400	2000	-1.07
-400	2400	2000	-2.55
-398	2398	2000	-3.71
-392	2392	2000	-4.23
-382	2382	2000	-4.09
-368	2368	2000	-3.28
-354	2354	2000	-2.41
-338	2338	2000	-1.17
-325	2325	2000	-0.35
-315	2315	2000	0.04
-308	2308	2000	-0.01
-304	2304	2000	-0.52
-300	2300	2000	-1.01
-298	2298	2000	-1.80
-294	2294	2000	-2.27
-290	2290	2000	-2.72
-282	2282	2000	-2.52
-274	2274	2000	-2.29
-265	2265	2000	-1.87
-255	2255	2000	-1.26
-246	2246	2000	-0.77
-238	2238	2000	-0.41
-232	2232	2000	-0.33
-228	2228	2000	-0.56
-225	2225	2000	-0.92
-222	2222	2000	-1.28
-219	2219	2000	-1.62
-216	2216	2000	-1.96
-210	2210	2000	-1.80
-205	2205	2000	-1.78
-198	2198	2000	-1.43
-192	2192	2000	-1.20
-185	2185	2000	-0.80
-179	2179	2000	-0.53
-174	2174	2000	-0.40
-170	2170	2000	-0.40
-168	2168	2000	-0.72
-166	2166	2000	-1.02
-165	2165	2000	-1.47
-162	2162	2000	-1.61
-158	2158	2000	-1.57
-153	2153	2000	-1.36
-148	2148	2000	-1.13
-142	2142	2000	-0.72
-138	2138	2000	-0.61
-134	2134	2000	-0.49
-130	2130	2000	-0.34
-129	2129	2000	-0.67
-127	2127	2000	-0.83
-125	2125	2000	-0.98
-123	2123	2000	-1.12
-121	2121	2000	-1.26
-118	2118	2000	-1.23
-114	2114	2000	-1.03
-110	2110	2000	-0.82
-106	2106	2000	-0.59
-103	2103	2000	-0.50
-100	2100	2000	-0.40
-98	2098	2000	-0.46
-98	2098	2000	-0.82
-96	2096	2000	-0.86
-95	2095	2000	-1.06
-93	2093	2000	-1.09
-90	2090	2000	-0.96
-87	2087	2000	-0.82
-84	2084	2000	-0.66
-82	2082	2000	-0.65
-79	2079	2000	-0.48
-77	2077	2000	-0.45
-76	2076	2000	-0.58
-75	2075	2000	-0.70
-74	2074	2000	-0.82
-72	2072	2000	-0.77
-70	2070	2000	-0.72
-68	2068	2000	-0.66
-66	2066	2000	-0.60
-64	2064	2000	-0.52
-64	2064	2000	-0.76
-62	2062	2000	-0.68
-61	2061	2000	-0.75
-59	2059	2000	-0.66
-57	2057	2000	-0.56
-56	2056	2000	-0.61
-54	2054	2000	-0.50
-53	2053	2000	-0.54
-52	2052	2000	-0.57
-51	2051	2000	-0.61
-50	2050	2000	-0.64
-49	2049	2000	-0.66
-48	2048	2000	-0.69
-46	2046	2000	-0.54
-45	2045	2000	-0.56
-44	2044	2000	-0.56
-44	2044	2000	-0.73
-44	2044	2000	-0.89
-44	2044	2000	-1.05
-43	2043	2000	-1.06
-42	2042	2000	-1.06
-41	2041	2000	-1.05
-38	2038	2000	-0.73
-36	2036	2000	-0.55
-34	2034	2000	-0.36
-32	2032	2000	-0.17
-31	2031	2000	-0.13
-30	2030	2000	-0.09
-30	2030	2000	-0.20
-30	2030	2000	-0.31
-30	2030	2000	-0.42
-30	2030	2000	-0.53
-30	2030	2000	-0.64
-30	2030	2000	-0.75
-29	2029	2000	-0.70
-28	2028	2000	-0.65
-26	2026	2000	-0.44
-26	2026	2000	-0.53
-24	2024	2000	-0.31
-24	2024	2000	-0.40
-24	2024	2000	-0.49
-24	2024	2000	-0.58
-24	2024	2000	-0.67
-24	2024	2000	-0.76
-23	2023	2000	-0.69
-22	2022	2000	-0.61
-22	2022	2000	-0.69
-21	2021	2000	-0.62
-20	2020	2000	-0.53
-20	2020	2000	-0.61
-20	2020	2000	-0.68
-20	2020	2000	-0.76
-20	2020	2000	-0.83
-20	2020	2000	-0.90
-20	2020	2000	-0.98
-20	2020	2000	-1.05
-19	2019	2000	-0.97
-18	2018	2000	-0.88
-16	2016	2000	-0.63
-14	2014	2000	-0.37
-12	2012	2000	-0.10
-11	2011	2000	0.01
-10	2010	2000	0.13
-10	2010	2000	0.10
-10	2010	2000	0.06
-10	2010	2000	0.02
-10	2010	2000	-0.01
-10	2010	2000	-0.05
-10	2010	2000	-0.09
-10	2010	2000	-0.13
-10	2010	2000	-0.16
-10	2010	2000	-0.20
-10	2010	2000	-0.24
-10	2010	2000	-0.27
-10	2010	2000	-0.31
-10	2010	2000	-0.35
-10	2010	2000	-0.39
-10	2010	2000	-0.42
-10	2010	2000	-0.46
-10	2010	2000	-0.50
-10	2010	2000	-0.53
-10	2010	2000	-0.57
-10	2010	2000	-0.61
-9	2009	2000	-0.49
-8	2008	2000	-0.36
-8	2008	2000	-0.39
-8	2008	2000	-0.42
-8	2008	2000	-0.45
-8	2008	2000	-0.48
-8	2008	2000	-0.51
-8	2008	2000	-0.54
-8	2008	2000	-0.57
-8	2008	2000	-0.60
-7	2007	2000	-0.47
-6	2006	2000	-0.33
-6	2006	2000	-0.36
-6	2006	2000	-0.38
-6	2006	2000	-0.40
-6	2006	2000	-0.42
-6	2006	2000	-0.44
-6	2006	2000	-0.47
-6	2006	2000	-0.49
-6	2006	2000	-0.51
-6	2006	2000	-0.53
-6	2006	2000	-0.56
-6	2006	2000	-0.58
-6	2006	2000	-0.60
-6	2006	2000	-0.62
-6	2006	2000	-0.64
-6	2006	2000	-0.67
-6	2006	2000	-0.69
-6	2006	2000	-0.71
-6	2006	2000	-0.73
-6	2006	2000	-0.76
-6	2006	2000	-0.78
-6	2006	2000	-0.80
-6	2006	2000	-0.82
-6	2006	2000	-0.85
-6	2006	2000	-0.87
-5	2005	2000	-0.73
-5	2005	2000	-0.75
-5	2005	2000	-0.77
-4	2004	2000	-0.63
-3	2003	2000	-0.48
-2	2002	2000	-0.33
-2	2002	2000	-0.34
-2	2002	2000	-0.35
-2	2002	2000	-0.36
-2	2002	2000	-0.36
-2	2002	2000	-0.37
-2	2002	2000	-0.38
-2	2002	2000	-0.39
-2	2002	2000	-0.39
-2	2002	2000	-0.40
-2	2002	2000	-0.41
-2	2002	2000	-0.42
-2	2002	2000	-0.42
-2	2002	2000	-0.43
-2	2002	2000	-0.44
-2	2002	2000	-0.44
-2	2002	2000	-0.45
-2	2002	2000	-0.46
-2	2002	2000	-0.47
-2	2002	2000	-0.47
-2	2002	2000	-0.48
-2	2002	2000	-0.49
-2	2002	2000	-0.50
-2	2002	2000	-0.50
-2	2002	2000	-0.51
-2	2002	2000	-0.52
-2	2002	2000	-0.53
-2002	2002	0	-319.24
-1993	1993	0	-325.22
-1968	1968	0	-328.63
-1932	1932	0	-330.18
-1888	1888	0	-330.33
-1838	1838	0	-329.36
-1784	1784	0	-327.57
-1726	1726	0	-324.94
-1667	1667	0	-321.93
-1606	1606	0	-318.39
-1543	1543	0	-314.30
-1480	1480	0	-309.98
-1415	1415	0	-305.11
-1350	1350	0	-299.99
-1285	1285	0	-294.64
-1219	1219	0	-288.88
-1153	1153	0	-282.88
-1086	1086	0	-276.48
-1020	1020	0	-269.99
-954	954	0	-263.25
-887	887	0	-256.11
-820	820	0	-248.72
-754	754	0	-241.24
-687	687	0	-233.36
-620	620	0	-225.23
-553	553	0	-216.85
-486	486	0	-208.22
-419	419	0	-199.34
-352	352	0	-190.22
-285	285	0	-180.85
-218	218	0	-171.23
-151	151	0	-161.36
-84	84	0	-151.24
-18	18	0	-141.04
50	-50	0	-130.27
116	-116	0	-119.56
184	-184	0	-108.30
250	-250	0	-97.10
318	-318	0	-85.34
384	-384	0	-73.64
452	-452	0	-61.38
518	-518	0	-49.19
586	-586	0	-36.43
652	-652	0	-23.74
720	-720	0	-10.49
786	-786	0	2.69
842	-842	0	14.53
874	-874	0	22.75
878	-878	0	26.63
862	-862	0	27.33
833	-833	0	25.90
794	-794	0	22.78
748	-748	0	18.39
697	-697	0	13.03
642	-642	0	6.85
588	-588	0	0.63
542	-542	0	-4.53
510	-510	0	-7.62
498	-498	0	-7.64
502	-502	0	-5.16
517	-517	0	-0.90
532	-532	0	3.40
541	-541	0	6.81
539	-539	0	8.49
525	-525	0	8.26
503	-503	0	6.70
476	-476	0	4.26
448	-448	0	1.56
423	-423	0	-0.76
404	-404	0	-2.22
394	-394	0	-2.32
390	-390	0	-1.49
392	-392	0	0.27
393	-393	0	1.88
393	-393	0	3.34
389	-389	0	4.16
381	-381	0	4.32
369	-369	0	3.82
355	-355	0	2.96
340	-340	0	1.89
326	-326	0	0.92
313	-313	0	0.05
304	-304	0	-0.22
298	-298	0	-0.05
294	-294	0	0.41
292	-292	0	1.19
290	-290	0	1.95
288	-288	0	2.71
282	-282	0	2.82
275	-275	0	2.75
266	-266	0	2.33
256	-256	0	1.72
246	-246	0	1.08
237	-237	0	0.56
230	-230	0	0.32
224	-224	0	0.21
220	-220	0	0.41
218	-218	0	0.90
216	-216	0	1.39
213	-213	0	1.72
210	-210	0	2.03
205	-205	0	2.01
199	-199	0	1.81
192	-192	0	1.43
185	-185	0	1.03
179	-179	0	0.76
173	-173	0	0.47
168	-168	0	0.31
166	-166	0	0.62
164	-164	0	0.91
161	-161	0	1.04
159	-159	0	1.32
156	-156	0	1.43
152	-152	0	1.37
147	-147	0	1.14
142	-142	0	0.89
138	-138	0	0.77
134	-134	0	0.65
130	-130	0	0.51
128	-128	0	0.67
126	-126	0	0.83
123	-123	0	0.82
122	-122	0	1.11
119	-119	0	1.09
116	-116	0	1.05
113	-113	0	1.00
109	-109	0	0.78
106	-106	0	0.71
102	-102	0	0.46
100	-100	0	0.52
98	-98	0	0.57
97	-97	0	0.78
96	-96	0	0.98
94	-94	0	1.02
92	-92	0	1.04
88	-88	0	0.75
86	-86	0	0.76
82	-82	0	0.44
80	-80	0	0.42
80	-80	0	0.72
79	-79	0	0.86
78	-78	0	0.99
77	-77	0	1.12
74	-74	0	0.93
72	-72	0	0.88
69	-69	0	0.67
66	-66	0	0.45
64	-64	0	0.37
63	-63	0	0.45
62	-62	0	0.53
62	-62	0	0.76
61	-61	0	0.83
60	-60	0	0.89
60	-60	0	1.12
58	-58	0	1.02
56	-56	0	0.92
54	-54	0	0.80
51	-51	0	0.53
49	-49	0	0.40
48	-48	0	0.42
46	-46	0	0.28
46	-46	0	0.45
46	-46	0	0.62
45	-45	0	0.63
44	-44	0	0.64
43	-43	0	0.64
42	-42	0	0.64
40	-40	0	0.48
40	-40	0	0.63
39	-39	0	0.62
38	-38	0	0.60
38	-38	0	0.74
36	-36	0	0.56
36	-36	0	0.70
35	-35	0	0.67
34	-34	0	0.64
34	-34	0	0.77
32	-32	0	0.57
31	-31	0	0.53
30	-30	0	0.49
29	-29	0	0.44
28	-28	0	0.39
28	-28	0	0.49
28	-28	0	0.60
28	-28	0	0.70
28	-28	0	0.80
28	-28	0	0.91
27	-27	0	0.85
26	-26	0	0.79
24	-24	0	0.57
21	-21	0	0.18
20	-20	0	0.10
19	-19	0	0.01
19	-19	0	0.09
19	-19	0	0.16
19	-19	0	0.23
19	-19	0	0.30
19	-19	0	0.37
19	-19	0	0.44
19	-19	0	0.51
19	-19	0	0.58
19	-19	0	0.65
18	-18	0	0.56
17	-17	0	0.47
17	-17	0	0.53
17	-17	0	0.59
17	-17	0	0.66
17	-17	0	0.72
16	-16	0	0.62
16	-16	0	0.68
16	-16	0	0.74
16	-16	0	0.80
14	-14	0	0.54
14	-14	0	0.59
13	-13	0	0.49
13	-13	0	0.53
13	-13	0	0.58
13	-13	0	0.63
13	-13	0	0.68
12	-12	0	0.57
12	-12	0	0.61
12	-12	0	0.66
12	-12	0	0.70
12	-12	0	0.74
12	-12	0	0.79
12	-12	0	0.83
12	-12	0	0.88
11	-11	0	0.76
9	-9	0	0.49
8	-8	0	0.36
7	-7	0	0.23
7	-7	0	0.26
7	-7	0	0.28
7	-7	0	0.31
7	-7	0	0.33
7	-7	0	0.36
7	-7	0	0.39
7	-7	0	0.41
7	-7	0	0.44
7	-7	0	0.46
7	-7	0	0.49
7	-7	0	0.52
7	-7	0	0.54
7	-7	0	0.57
7	-7	0	0.59
7	-7	0	0.62
6	-6	0	0.49
6	-6	0	0.51
6	-6	0	0.53
6	-6	0	0.55
6	-6	0	0.57
6	-6	0	0.60
6	-6	0	0.62
6	-6	0	0.64
6	-6	0	0.66
5	-5	0	0.53
4	-4	0	0.39
4	-4	0	0.40
4	-4	0	0.41
4	-4	0	0.43
4	-4	0	0.44
4	-4	0	0.46
4	-4	0	0.47
4	-4	0	0.49
4	-4	0	0.50
4	-4	0	0.52
4	-4	0	0.53
4	-4	0	0.55
4	-4	0	0.56
3	-3	0	0.42
2	-2	0	0.27
2	-2	0	0.28
2	-2	0	0.29
2	-2	0	0.29
2	-2	0	0.30
2	-2	0	0.31
2	-2	0	0.31
2	-2	0	0.32
2	-2	0	0.33
2	-2	0	0.34
2	-2	0	0.34
2	-2	0	0.35
2	-2	0	0.36
2	-2	0	0.37
2	-2	0	0.37
2	-2	0	0.38
2	-2	0	0.39
2	-2	0	0.40
2	-2	0	0.40
2	-2	0	0.41
2	-2	0	0.42
2	-2	0	0.43
2	-2	0	0.43
2	-2	0	0.44
2	-2	0	0.45
2	-2	0	0.46
2	-2	0	0.46
2	-2	0	0.47
2	-2	0	0.48
2	-2	0	0.49
2	-2	0	0.49
2002	-2	2000	319.21
1993	7	2000	325.19
1968	32	2000	328.59
1932	68	2000	330.15
1888	112	2000	330.30
1839	161	2000	329.49
1786	214	2000	327.86
1730	270	2000	325.55
1671	329	2000	322.56
1611	389	2000	319.19
1549	451	2000	315.28
1487	513	2000	311.14
1424	576	2000	306.61
1360	640	2000	301.69
1296	704	2000	296.53
1231	769	2000	290.98
1166	834	2000	285.18
1101	899	2000	279.15
1036	964	2000	272.87
971	1029	2000	266.35
906	1094	2000	259.59
840	1160	2000	252.43
774	1226	2000	245.03
709	1291	2000	237.54
643	1357	2000	229.65
577	1423	2000	221.51
512	1488	2000	213.29
446	1554	2000	204.67
380	1620	2000	195.81
314	1686	2000	186.70
248	1752	2000	177.35
183	1817	2000	167.91
117	1883	2000	158.07
51	1949	2000	147.98
-15	2015	2000	137.66
-81	2081	2000	127.08
-146	2146	2000	116.42
-212	2212	2000	105.37
-278	2278	2000	94.06
-344	2344	2000	82.52
-410	2410	2000	70.72
-476	2476	2000	58.69
-542	2542	2000	46.41
-608	2608	2000	33.88
-674	2674	2000	21.11
-739	2739	2000	8.25
-803	2803	2000	-4.68
-855	2855	2000	-15.95
-882	2882	2000	-23.42
-881	2881	2000	-26.53
-860	2860	2000	-26.45
-826	2826	2000	-24.21
-784	2784	2000	-20.58
-736	2736	2000	-15.84
-682	2682	2000	-9.96
-627	2627	2000	-3.72
-576	2576	2000	2.08
-536	2536	2000	6.32
-514	2514	2000	7.84
-510	2510	2000	6.57
-519	2519	2000	3.25
-534	2534	2000	-1.07
-546	2546	2000	-4.96
-549	2549	2000	-7.46
-543	2543	2000	-8.54
-526	2526	2000	-7.84
-501	2501	2000	-5.81
-472	2472	2000	-3.04
-445	2445	2000	-0.49
-422	2422	2000	1.53
-408	2408	2000	2.19
-401	2401	2000	1.80
-400	2400	2000	0.47
-400	2400	2000	-1.01
-400	2400	2000	-2.49
-398	2398	2000	-3.66
-391	2391	2000	-4.02
-382	2382	2000	-4.03
-368	2368	2000	-3.22
-354	2354	2000	-2.35
-339	2339	2000	-1.27
-326	2326	2000	-0.46
-316	2316	2000	-0.07
-308	2308	2000	0.03
-304	2304	2000	-0.47
-301	2301	2000	-1.12
-299	2299	2000	-1.92
-296	2296	2000	-2.55
-290	2290	2000	-2.69
-283	2283	2000	-2.65
-274	2274	2000	-2.26
-264	2264	2000	-1.68
-254	2254	2000	-1.07
-246	2246	2000	-0.73
-238	2238	2000	-0.37
-232	2232	2000	-0.30
-228	2228	2000	-0.52
-226	2226	2000	-1.05
-223	2223	2000	-1.40
-220	2220	2000	-1.75
-216	2216	2000	-1.93
-210	2210	2000	-1.78
-204	2204	2000	-1.60
-198	2198	2000	-1.40
-191	2191	2000	-1.02
-185	2185	2000	-0.77
-179	2179	2000	-0.50
-175	2175	2000	-0.52
-172	2172	2000	-0.69
-169	2169	2000	-0.85
-166	2166	2000	-1.00
-164	2164	2000	-1.30
-160	2160	2000	-1.27
-156	2156	2000	-1.22
-152	2152	2000	-1.16
-148	2148	2000	-1.09
-143	2143	2000	-0.84
-139	2139	2000	-0.73
-135	2135	2000	-0.61
-132	2132	2000	-0.63
-129	2129	2000	-0.64
-127	2127	2000	-0.80
-124	2124	2000	-0.80
-122	2122	2000	-0.94
-119	2119	2000	-0.91
-116	2116	2000	-0.87
-113	2113	2000	-0.83
-110	2110	2000	-0.77
-108	2108	2000	-0.86
-105	2105	2000	-0.78
-102	2102	2000	-0.69
-100	2100	2000	-0.75
-97	2097	2000	-0.64
-94	2094	2000	-0.52
-92	2092	2000	-0.55
-90	2090	2000	-0.57
-89	2089	2000	-0.75
-88	2088	2000	-0.92
-86	2086	2000	-0.93
-85	2085	2000	-1.09
-82	2082	2000	-0.92
-80	2080	2000	-0.91
-77	2077	2000	-0.73
-74	2074	2000	-0.53
-71	2071	2000	-0.33
-69	2069	2000	-0.27
-68	2068	2000	-0.37
-68	2068	2000	-0.62
-68	2068	2000	-0.87
-67	2067	2000	-0.97
-66	2066	2000	-1.06
-65	2065	2000	-1.14
-63	2063	2000	-1.06
-60	2060	2000	-0.82
-58	2058	2000	-0.72
-55	2055	2000	-0.46
-53	2053	2000	-0.34
-51	2051	2000	-0.22
-50	2050	2000	-0.25
-50	2050	2000	-0.44
-50	2050	2000	-0.62
-50	2050	2000	-0.81
-50	2050	2000	-0.99
-49	2049	2000	-1.02
-48	2048	2000	-1.04
-47	2047	2000	-1.06
-44	2044	2000	-0.76
-42	2042	2000	-0.60
-40	2040	2000	-0.44
-38	2038	2000	-0.27
-38	2038	2000	-0.41
-38	2038	2000	-0.55
-37	2037	2000	-0.53
-37	2037	2000	-0.67
-37	2037	2000	-0.80
-36	2036	2000	-0.78
-35	2035	2000	-0.76
-34	2034	2000	-0.73
-32	2032	2000	-0.53
-31	2031	2000	-0.49
-30	2030	2000	-0.45
-29	2029	2000	-0.40
-29	2029	2000	-0.51
-29	2029	2000	-0.62
-28	2028	2000	-0.56
-28	2028	2000	-0.67
-28	2028	2000	-0.77
-28	2028	2000	-0.87
-26	2026	2000	-0.66
-24	2024	2000	-0.44
-24	2024	2000	-0.53
-23	2023	2000	-0.46
-22	2022	2000	-0.38
-23	2023	2000	-0.62
-23	2023	2000	-0.71
-22	2022	2000	-0.63
-22	2022	2000	-0.72
-22	2022	2000	-0.80
-22	2022	2000	-0.88
-22	2022	2000	-0.96
-21	2021	2000	-0.88
-20	2020	2000	-0.80
-18	2018	2000	-0.56
-17	2017	2000	-0.46
-16	2016	2000	-0.37
-16	2016	2000	-0.43
-16	2016	2000	-0.49
-16	2016	2000	-0.54
-16	2016	2000	-0.60
-15	2015	2000	-0.50
-15	2015	2000	-0.56
-15	2015	2000	-0.62
-15	2015	2000	-0.67
-15	2015	2000	-0.73
-14	2014	2000	-0.62
-13	2013	2000	-0.52
-13	2013	2000	-0.56
-13	2013	2000	-0.61
-12	2012	2000	-0.50
-12	2012	2000	-0.54
-12	2012	2000	-0.59
-11	2011	2000	-0.47
-10	2010	2000	-0.36
-10	2010	2000	-0.39
-10	2010	2000	-0.43
-10	2010	2000	-0.47
-10	2010	2000	-0.50
-10	2010	2000	-0.54
-10	2010	2000	-0.58
-10	2010	2000	-0.62
-9	2009	2000	-0.49
-8	2008	2000	-0.37
-8	2008	2000	-0.40
-8	2008	2000	-0.43
-8	2008	2000	-0.46
-8	2008	2000	-0.49
-8	2008	2000	-0.52
-8	2008	2000	-0.54
-8	2008	2000	-0.57
-7	2007	2000	-0.44
-7	2007	2000	-0.47
-6	2006	2000	-0.34
-6	2006	2000	-0.36
-6	2006	2000	-0.38
-6	2006	2000	-0.40
-6	2006	2000	-0.43
-6	2006	2000	-0.45
-6	2006	2000	-0.47
-6	2006	2000	-0.49
-6	2006	2000	-0.52
-6	2006	2000	-0.54
-6	2006	2000	-0.56
-6	2006	2000	-0.58
-6	2006	2000	-0.60
-6	2006	2000	-0.63
-6	2006	2000	-0.65
-6	2006	2000	-0.67
-6	2006	2000	-0.69
-6	2006	2000	-0.72
-6	2006	2000	-0.74
-6	2006	2000	-0.76
-6	2006	2000	-0.78
-6	2006	2000	-0.80
-6	2006	2000	-0.83
-6	2006	2000	-0.85
-6	2006	2000	-0.87
-5	2005	2000	-0.73
-5	2005	2000	-0.75
-4	2004	2000	-0.61
-4	2004	2000	-0.63
-2	2002	2000	-0.32
-1	2001	2000	-0.17
-1	2001	2000	-0.17
-1	2001	2000	-0.18
-1	2001	2000	-0.18
-1	2001	2000	-0.19
-1	2001	2000	-0.19
-1	2001	2000	-0.19
-1	2001	2000	-0.20
-1	2001	2000	-0.20
-1	2001	2000	-0.20
-1	2001	2000	-0.21
-1	2001	2000	-0.21
-1	2001	2000	-0.22
-1	2001	2000	-0.22
-1	2001	2000	-0.22
-1	2001	2000	-0.23
-1	2001	2000	-0.23
-1	2001	2000	-0.23
-1	2001	2000	-0.24
-1	2001	2000	-0.24
-1	2001	2000	-0.24
-1	2001	2000	-0.25
-1	2001	2000	-0.25
-1	2001	2000	-0.26
-1	2001	2000	-0.26
-1	2001	2000	-0.26
-1	2001	2000	-0.27
-1	2001	2000	-0.27
-1	2001	2000	-0.27
-1	2001	2000	-0.28
-2001	2001	0	-318.99
-1993	1993	0	-325.13
-1968	1968	0	-328.53
-1932	1932	0	-330.09
-1887	1887	0	-330.08
-1837	1837	0	-329.10
-1783	1783	0	-327.30
-1726	1726	0	-324.83
-1666	1666	0	-321.66
-1605	1605	0	-318.12
-1542	1542	0	-314.03
-1479	1479	0	-309.70
-1414	1414	0	-304.82
-1350	1350	0	-299.87
-1284	1284	0	-294.35
-1218	1218	0	-288.59
-1152	1152	0	-282.59
-1086	1086	0	-276.34
-1020	1020	0	-269.85
-953	953	0	-262.95
-886	886	0	-255.81
-820	820	0	-248.57
-753	753	0	-240.93
-686	686	0	-233.05
-620	620	0	-225.07
-552	552	0	-216.54
-486	486	0	-208.06
-419	419	0	-199.19
-352	352	0	-190.06
-285	285	0	-180.69
-218	218	0	-171.07
-151	151	0	-161.20
-84	84	0	-151.09
-17	17	0	-140.72
50	-50	0	-130.11
116	-116	0	-119.40
184	-184	0	-108.14
250	-250	0	-96.94
318	-318	0	-85.18
384	-384	0	-73.48
452	-452	0	-61.22
518	-518	0	-49.03
586	-586	0	-36.27
652	-652	0	-23.58
720	-720	0	-10.33
786	-786	0	2.85
842	-842	0	14.69
873	-873	0	22.75
877	-877	0	26.62
862	-862	0	27.48
832	-832	0	25.90
792	-792	0	22.61
746	-746	0	18.21
695	-695	0	12.85
640	-640	0	6.66
586	-586	0	0.43
540	-540	0	-4.73
510	-510	0	-7.51
498	-498	0	-7.53
504	-504	0	-4.73
517	-517	0	-0.79
532	-532	0	3.51
540	-540	0	6.76
538	-538	0	8.44
524	-524	0	8.20
502	-502	0	6.64
474	-474	0	4.04
446	-446	0	1.33
422	-422	0	-0.84
404	-404	0	-2.14
394	-394	0	-2.24
391	-391	0	-1.26
392	-392	0	0.35
393	-393	0	1.96
393	-393	0	3.42
388	-388	0	4.08
380	-380	0	4.24
368	-368	0	3.74
354	-354	0	2.87
339	-339	0	1.79
325	-325	0	0.82
313	-313	0	0.11
304	-304	0	-0.16
298	-298	0	0.01
295	-295	0	0.63
292	-292	0	1.25
290	-290	0	2.01
286	-286	0	2.45
280	-280	0	2.55
273	-273	0	2.48
265	-265	0	2.21
256	-256	0	1.76
246	-246	0	1.12
238	-238	0	0.75
230	-230	0	0.36
224	-224	0	0.26
220	-220	0	0.45
218	-218	0	0.94
216	-216	0	1.43
213	-213	0	1.76
209	-209	0	1.91
204	-204	0	1.89
199	-199	0	1.85
192	-192	0	1.47
185	-185	0	1.06
178	-178	0	0.63
173	-173	0	0.50
168	-168	0	0.34
166	-166	0	0.64
163	-163	0	0.78
161	-161	0	1.07
159	-159	0	1.35
156	-156	0	1.46
152	-152	0	1.40
147	-147	0	1.16
143	-143	0	1.07
138	-138	0	0.80
134	-134	0	0.68
130	-130	0	0.54
126	-126	0	0.38
124	-124	0	0.53
123	-123	0	0.83
122	-122	0	1.13
120	-120	0	1.26
118	-118	0	1.39
114	-114	0	1.19
110	-110	0	0.97
106	-106	0	0.74
102	-102	0	0.50
100	-100	0	0.56
98	-98	0	0.61
96	-96	0	0.65
94	-94	0	0.69
93	-93	0	0.88
91	-91	0	0.90
89	-89	0	0.92
86	-86	0	0.77
83	-83	0	0.62
81	-81	0	0.60
79	-79	0	0.59
77	-77	0	0.56
76	-76	0	0.69
74	-74	0	0.65
73	-73	0	0.76
71	-71	0	0.72
70	-70	0	0.82
68	-68	0	0.76
65	-65	0	0.53
63	-63	0	0.46
61	-61	0	0.37
60	-60	0	0.44
60	-60	0	0.66
60	-60	0	0.88
60	-60	0	1.10
58	-58	0	1.01
56	-56	0	0.90
54	-54	0	0.79
52	-52	0	0.67
50	-50	0	0.55
48	-48	0	0.41
46	-46	0	0.27
45	-45	0	0.29
44	-44	0	0.29
44	-44	0	0.46
44	-44	0	0.62
44	-44	0	0.78
44	-44	0	0.94
42	-42	0	0.79
40	-40	0	0.63
38	-38	0	0.46
38	-38	0	0.60
37	-37	0	0.58
36	-36	0	0.56
36	-36	0	0.69
36	-36	0	0.82
35	-35	0	0.80
34	-34	0	0.77
32	-32	0	0.57
31	-31	0	0.53
30	-30	0	0.49
29	-29	0	0.44
28	-28	0	0.39
28	-28	0	0.49
28	-28	0	0.60
28	-28	0	0.70
28	-28	0	0.80
28	-28	0	0.91
26	-26	0	0.69
25	-25	0	0.63
23	-23	0	0.40
22	-22	0	0.33
21	-21	0	0.25
21	-21	0	0.33
21	-21	0	0.41
21	-21	0	0.49
21	-21	0	0.56
21	-21	0	0.64
21	-21	0	0.72
20	-20	0	0.64
20	-20	0	0.71
18	-18	0	0.47
17	-17	0	0.37
17	-17	0	0.44
17	-17	0	0.50
17	-17	0	0.56
17	-17	0	0.63
17	-17	0	0.69
17	-17	0	0.75
16	-16	0	0.66
16	-16	0	0.72
16	-16	0	0.77
14	-14	0	0.52
14	-14	0	0.57
14	-14	0	0.62
13	-13	0	0.51
13	-13	0	0.56
13	-13	0	0.61
13	-13	0	0.66
13	-13	0	0.70
13	-13	0	0.75
12	-12	0	0.64
12	-12	0	0.69
12	-12	0	0.73
11	-11	0	0.62
10	-10	0	0.50
9	-9	0	0.37
8	-8	0	0.25
8	-8	0	0.28
8	-8	0	0.31
8	-8	0	0.34
8	-8	0	0.37
8	-8	0	0.40
8	-8	0	0.43
8	-8	0	0.46
8	-8	0	0.49
8	-8	0	0.52
8	-8	0	0.54
8	-8	0	0.57
8	-8	0	0.60
8	-8	0	0.63
6	-6	0	0.34
6	-6	0	0.37
6	-6	0	0.39
6	-6	0	0.41
6	-6	0	0.43
6	-6	0	0.46
6	-6	0	0.48
6	-6	0	0.50
6	-6	0	0.52
6	-6	0	0.54
6	-6	0	0.57
6	-6	0	0.59
6	-6	0	0.61
6	-6	0	0.63
6	-6	0	0.66
5	-5	0	0.52
5	-5	0	0.54
5	-5	0	0.56
5	-5	0	0.57
5	-5	0	0.59
5	-5	0	0.61
5	-5	0	0.63
5	-5	0	0.65
4	-4	0	0.51
4	-4	0	0.52
4	-4	0	0.54
3	-3	0	0.39
2	-2	0	0.24
2	-2	0	0.25
2	-2	0	0.26
2	-2	0	0.27
2	-2	0	0.27
2	-2	0	0.28
2	-2	0	0.29
2	-2	0	0.30
2	-2	0	0.30
2	-2	0	0.31
2	-2	0	0.32
2	-2	0	0.33
2	-2	0	0.33
2	-2	0	0.34
2	-2	0	0.35
2	-2	0	0.36
2	-2	0	0.36
2	-2	0	0.37
2	-2	0	0.38
2	-2	0	0.39
2	-2	0	0.39
2	-2	0	0.40
2	-2	0	0.41
2	-2	0	0.41
2	-2	0	0.42
2	-2	0	0.43
2	-2	0	0.44
2	-2	0	0.44
2	-2	0	0.45
2	-2	0	0.46
2	-2	0	0.47
2	-2	0	0.47
2	-2	0	0.48
2	-2	0	0.49
2002	-2	2000	319.20
1993	7	2000	325.19
1968	32	2000	328.59
1932	68	2000	330.15
1888	112	2000	330.29
1839	161	2000	329.48
1786	214	2000	327.85
1729	271	2000	325.39
1670	330	2000	322.39
1610	390	2000	319.02
1548	452	2000	315.11
1486	514	2000	310.96
1422	578	2000	306.27
1358	642	2000	301.34
1294	706	2000	296.18
1229	771	2000	290.62
1164	836	2000	284.81
1099	901	2000	278.77
1034	966	2000	272.48
968	1032	2000	265.80
902	1098	2000	258.87
837	1163	2000	251.85
771	1229	2000	244.44
705	1295	2000	236.78
640	1360	2000	229.03
574	1426	2000	220.89
508	1492	2000	212.50
442	1558	2000	203.86
376	1624	2000	194.98
310	1690	2000	185.86
244	1756	2000	176.49
178	1822	2000	166.88
113	1887	2000	157.18
47	1953	2000	147.08
-19	2019	2000	136.74
-85	2085	2000	126.15
-151	2151	2000	115.32
-217	2217	2000	104.24
-283	2283	2000	92.92
-349	2349	2000	81.35
-414	2414	2000	69.70
-480	2480	2000	57.65
-546	2546	2000	45.35
-612	2612	2000	32.81
-678	2678	2000	20.03
-744	2744	2000	7.00
-808	2808	2000	-5.96
-857	2857	2000	-16.76
-881	2881	2000	-23.76
-878	2878	2000	-26.55
-857	2857	2000	-26.46
-822	2822	2000	-24.05
-780	2780	2000	-20.41
-731	2731	2000	-15.49
-677	2677	2000	-9.59
-622	2622	2000	-3.34
-571	2571	2000	2.48
-533	2533	2000	6.42
-512	2512	2000	7.79
-509	2509	2000	6.37
-519	2519	2000	2.89
-534	2534	2000	-1.42
-546	2546	2000	-5.31
-548	2548	2000	-7.65
-540	2540	2000	-8.41
-522	2522	2000	-7.54
-496	2496	2000	-5.33
-468	2468	2000	-2.71
-441	2441	2000	-0.14
-420	2420	2000	1.57
-406	2406	2000	2.25
-400	2400	2000	1.70
-400	2400	2000	0.21
-401	2401	2000	-1.43
-400	2400	2000	-2.75
-397	2397	2000	-3.76
-390	2390	2000	-4.11
-379	2379	2000	-3.81
-366	2366	2000	-3.14
-351	2351	2000	-2.10
-337	2337	2000	-1.17
-324	2324	2000	-0.35
-314	2314	2000	0.04
-308	2308	2000	-0.17
-303	2303	2000	-0.51
-301	2301	2000	-1.32
-298	2298	2000	-1.95
-295	2295	2000	-2.58
-290	2290	2000	-2.88
-282	2282	2000	-2.68
-272	2272	2000	-2.13
-262	2262	2000	-1.54
-253	2253	2000	-1.08
-244	2244	2000	-0.58
-237	2237	2000	-0.37
-232	2232	2000	-0.45
-228	2228	2000	-0.67
-224	2224	2000	-0.88
-222	2222	2000	-1.39
-218	2218	2000	-1.58
-214	2214	2000	-1.75
-210	2210	2000	-1.90
-204	2204	2000	-1.73
-197	2197	2000	-1.37
-190	2190	2000	-0.98
-184	2184	2000	-0.73
-179	2179	2000	-0.62
-174	2174	2000	-0.48
-171	2171	2000	-0.65
-168	2168	2000	-0.80
-166	2166	2000	-1.11
-162	2162	2000	-1.09
-159	2159	2000	-1.21
-156	2156	2000	-1.32
-152	2152	2000	-1.26
-147	2147	2000	-1.03
-143	2143	2000	-0.93
-138	2138	2000	-0.67
-134	2134	2000	-0.54
-131	2131	2000	-0.56
-129	2129	2000	-0.73
-127	2127	2000	-0.89
-124	2124	2000	-0.88
-122	2122	2000	-1.02
-119	2119	2000	-0.99
-116	2116	2000	-0.96
-112	2112	2000	-0.75
-109	2109	2000	-0.69
-106	2106	2000	-0.61
-104	2104	2000	-0.69
-102	2102	2000	-0.75
-100	2100	2000	-0.81
-97	2097	2000	-0.70
-94	2094	2000	-0.59
-92	2092	2000	-0.62
-90	2090	2000	-0.64
-88	2088	2000	-0.65
-87	2087	2000	-0.82
-86	2086	2000	-0.98
-84	2084	2000	-0.98
-81	2081	2000	-0.82
-78	2078	2000	-0.64
-76	2076	2000	-0.61
-73	2073	2000	-0.41
-72	2072	2000	-0.52
-70	2070	2000	-0.47
-69	2069	2000	-0.57
-68	2068	2000	-0.67
-68	2068	2000	-0.92
-66	2066	2000	-0.85
-65	2065	2000	-0.94
-64	2064	2000	-1.02
-62	2062	2000	-0.94
-59	2059	2000	-0.69
-57	2057	2000	-0.59
-54	2054	2000	-0.32
-53	2053	2000	-0.36
-52	2052	2000	-0.40
-51	2051	2000	-0.43
-51	2051	2000	-0.62
-50	2050	2000	-0.65
-50	2050	2000	-0.84
-49	2049	2000	-0.86
-48	2048	2000	-0.89
-47	2047	2000	-0.90
-45	2045	2000	-0.76
-42	2042	2000	-0.45
-41	2041	2000	-0.44
-40	2040	2000	-0.44
-40	2040	2000	-0.59
-40	2040	2000	-0.73
-38	2038	2000	-0.56
-38	2038	2000	-0.70
-36	2036	2000	-0.53
-36	2036	2000	-0.66
-34	2034	2000	-0.47
-34	2034	2000	-0.60
-34	2034	2000	-0.73
-34	2034	2000	-0.85
-32	2032	2000	-0.66
-30	2030	2000	-0.46
-29	2029	2000	-0.41
-28	2028	2000	-0.36
-28	2028	2000	-0.46
-28	2028	2000	-0.57
-28	2028	2000	-0.67
-28	2028	2000	-0.77
-28	2028	2000	-0.88
-26	2026	2000	-0.66
-25	2025	2000	-0.60
-24	2024	2000	-0.53
-22	2022	2000	-0.30
-22	2022	2000	-0.39
-22	2022	2000	-0.47
-22	2022	2000	-0.55
-22	2022	2000	-0.63
-22	2022	2000	-0.71
-22	2022	2000	-0.79
-22	2022	2000	-0.87
-22	2022	2000	-0.96
-21	2021	2000	-0.88
-20	2020	2000	-0.80
-18	2018	2000	-0.55
-17	2017	2000	-0.46
-16	2016	2000	-0.36
-16	2016	2000	-0.42
-16	2016	2000	-0.48
-16	2016	2000	-0.54
-16	2016	2000	-0.60
-16	2016	2000	-0.66
-15	2015	2000	-0.56
-15	2015	2000	-0.62
-14	2014	2000	-0.51
-14	2014	2000	-0.56
-14	2014	2000	-0.62
-14	2014	2000	-0.67
-14	2014	2000	-0.72
-13	2013	2000	-0.61
-13	2013	2000	-0.66
-12	2012	2000	-0.55
-11	2011	2000	-0.43
-10	2010	2000	-0.32
-10	2010	2000	-0.35
-10	2010	2000	-0.39
-10	2010	2000	-0.43
-10	2010	2000	-0.46
-10	2010	2000	-0.50
-10	2010	2000	-0.54
-10	2010	2000	-0.57
-9	2009	2000	-0.45
-9	2009	2000	-0.49
-8	2008	2000	-0.36
-8	2008	2000	-0.39
-8	2008	2000	-0.42
-8	2008	2000	-0.45
-8	2008	2000	-0.48
-8	2008	2000	-0.51
-8	2008	2000	-0.54
-8	2008	2000	-0.57
-8	2008	2000	-0.60
-8	2008	2000	-0.63
-6	2006	2000	-0.34
-6	2006	2000	-0.36
-6	2006	2000	-0.38
-6	2006	2000	-0.40
-6	2006	2000	-0.43
-6	2006	2000	-0.45
-6	2006	2000	-0.47
-6	2006	2000	-0.49
-6	2006	2000	-0.52
-6	2006	2000	-0.54
-6	2006	2000	-0.56
-6	2006	2000	-0.58
-6	2006	2000	-0.60
-6	2006	2000	-0.63
-6	2006	2000	-0.65
-6	2006	2000	-0.67
-6	2006	2000	-0.69
-6	2006	2000	-0.72
-6	2006	2000	-0.74
-6	2006	2000	-0.76
-6	2006	2000	-0.78
-6	2006	2000	-0.80
-6	2006	2000	-0.83
-6	2006	2000	-0.85
-6	2006	2000	-0.87
-6	2006	2000	-0.89
-5	2005	2000	-0.76
-5	2005	2000	-0.77
-4	2004	2000	-0.63
-2	2002	2000	-0.33
-2	2002	2000	-0.34
-2	2002	2000	-0.34
-2	2002	2000	-0.35
-2	2002	2000	-0.36
-2	2002	2000	-0.37
-2	2002	2000	-0.37
-2	2002	2000	-0.38
-2	2002	2000	-0.39
-2	2002	2000	-0.40
-2	2002	2000	-0.40
-2	2002	2000	-0.41
-2	2002	2000	-0.42
-2	2002	2000	-0.43
-2	2002	2000	-0.43
-2	2002	2000	-0.44
-2	2002	2000	-0.45
-2	2002	2000	-0.46
-2	2002	2000	-0.46
-2	2002	2000	-0.47
-2	2002	2000	-0.48
-2	2002	2000	-0.49
-2	2002	2000	-0.49
-2	2002	2000	-0.50
-2	2002	2000	-0.51
-2	2002	2000	-0.52
-2	2002	2000	-0.52
-2	2002	2000	-0.53
-2	2002	2000	-0.54
-2	2002	2000	-0.54
-2	2002	2000	-0.55
-2002	2002	0	-319.27
-1993	1993	0	-325.25
-1968	1968	0	-328.65
-1931	1931	0	-330.05
-1887	1887	0	-330.19
-1836	1836	0	-329.06
-1782	1782	0	-327.26
-1725	1725	0	-324.78
-1665	1665	0	-321.61
-1604	1604	0	-318.06
-1541	1541	0	-313.97
-1478	1478	0	-309.64
-1413	1413	0	-304.76
-1348	1348	0	-299.64
-1283	1283	0	-294.27
-1217	1217	0	-288.51
-1151	1151	0	-282.50
-1085	1085	0	-276.25
-1018	1018	0	-269.60
-952	952	0	-262.85
-886	886	0	-255.86
-818	818	0	-248.31
-752	752	0	-240.82
-685	685	0	-232.93
-618	618	0	-224.80
-552	552	0	-216.57
-485	485	0	-207.94
-418	418	0	-199.06
-351	351	0	-189.93
-284	284	0	-180.55
-217	217	0	-170.93
-150	150	0	-161.06
-83	83	0	-150.94
-16	16	0	-140.57
50	-50	0	-130.11
118	-118	0	-119.09
184	-184	0	-108.13
252	-252	0	-96.62
318	-318	0	-85.17
385	-385	0	-73.31
452	-452	0	-61.21
519	-519	0	-48.86
586	-586	0	-36.26
653	-653	0	-23.41
720	-720	0	-10.31
786	-786	0	2.88
842	-842	0	14.71
874	-874	0	22.93
878	-878	0	26.81
862	-862	0	27.51
832	-832	0	25.93
792	-792	0	22.64
746	-746	0	18.24
695	-695	0	12.88
640	-640	0	6.69
586	-586	0	0.46
540	-540	0	-4.70
509	-509	0	-7.64
498	-498	0	-7.51
503	-503	0	-4.87
517	-517	0	-0.77
532	-532	0	3.54
540	-540	0	6.78
538	-538	0	8.46
524	-524	0	8.23
502	-502	0	6.66
475	-475	0	4.22
447	-447	0	1.52
422	-422	0	-0.81
404	-404	0	-2.11
394	-394	0	-2.21
390	-390	0	-1.39
391	-391	0	0.22
392	-392	0	1.83
392	-392	0	3.28
388	-388	0	4.09
380	-380	0	4.26
368	-368	0	3.75
354	-354	0	2.89
339	-339	0	1.81
325	-325	0	0.83
313	-313	0	0.13
304	-304	0	-0.15
298	-298	0	0.02
294	-294	0	0.49
292	-292	0	1.26
290	-290	0	2.02
288	-288	0	2.78
282	-282	0	2.89
274	-274	0	2.66
265	-265	0	2.24
255	-255	0	1.63
245	-245	0	0.98
236	-236	0	0.46
229	-229	0	0.21
224	-224	0	0.27
221	-221	0	0.62
218	-218	0	0.96
216	-216	0	1.45
213	-213	0	1.77
209	-209	0	1.92
204	-204	0	1.90
198	-198	0	1.70
191	-191	0	1.32
185	-185	0	1.07
178	-178	0	0.64
173	-173	0	0.50
168	-168	0	0.35
166	-166	0	0.65
164	-164	0	0.95
162	-162	0	1.24
159	-159	0	1.36
156	-156	0	1.47
151	-151	0	1.25
146	-146	0	1.02
142	-142	0	0.92
138	-138	0	0.81
134	-134	0	0.68
130	-130	0	0.54
127	-127	0	0.54
124	-124	0	0.54
122	-122	0	0.68
122	-122	0	1.13
120	-120	0	1.26
117	-117	0	1.23
114	-114	0	1.19
110	-110	0	0.97
106	-106	0	0.74
102	-102	0	0.50
99	-99	0	0.40
97	-97	0	0.44
96	-96	0	0.64
95	-95	0	0.84
94	-94	0	1.03
93	-93	0	1.22
90	-90	0	1.09
88	-88	0	1.10
84	-84	0	0.79
81	-81	0	0.63
78	-78	0	0.45
76	-76	0	0.42
74	-74	0	0.38
74	-74	0	0.66
73	-73	0	0.77
72	-72	0	0.88
71	-71	0	0.99
70	-70	0	1.09
68	-68	0	1.03
64	-64	0	0.65
62	-62	0	0.57
59	-59	0	0.32
57	-57	0	0.22
57	-57	0	0.43
57	-57	0	0.64
56	-56	0	0.69
56	-56	0	0.90
56	-56	0	1.11
55	-55	0	1.16
53	-53	0	1.04
51	-51	0	0.92
48	-48	0	0.63
45	-45	0	0.33
42	-42	0	0.02
41	-41	0	0.01
41	-41	0	0.17
41	-41	0	0.32
41	-41	0	0.47
41	-41	0	0.62
41	-41	0	0.77
41	-41	0	0.93
40	-40	0	0.92
39	-39	0	0.91
37	-37	0	0.73
35	-35	0	0.55
33	-33	0	0.36
32	-32	0	0.33
32	-32	0	0.44
32	-32	0	0.56
31	-31	0	0.52
31	-31	0	0.64
31	-31	0	0.75
30	-30	0	0.71
29	-29	0	0.66
28	-28	0	0.61
26	-26	0	0.39
26	-26	0	0.49
26	-26	0	0.59
26	-26	0	0.68
25	-25	0	0.62
24	-24	0	0.55
22	-22	0	0.32
21	-21	0	0.24
21	-21	0	0.32
21	-21	0	0.40
21	-21	0	0.48
21	-21	0	0.56
21	-21	0	0.63
20	-20	0	0.55
20	-20	0	0.63
20	-20	0	0.70
20	-20	0	0.77
19	-19	0	0.69
17	-17	0	0.44
16	-16	0	0.34
16	-16	0	0.40
16	-16	0	0.46
16	-16	0	0.52
16	-16	0	0.58
16	-16	0	0.64
16	-16	0	0.70
16	-16	0	0.76
16	-16	0	0.82
14	-14	0	0.56
14	-14	0	0.61
13	-13	0	0.50
13	-13	0	0.55
13	-13	0	0.60
13	-13	0	0.65
12	-12	0	0.54
12	-12	0	0.58
12	-12	0	0.63
12	-12	0	0.67
12	-12	0	0.72
12	-12	0	0.76
12	-12	0	0.80
12	-12	0	0.85
10	-10	0	0.57
9	-9	0	0.45
8	-8	0	0.33
8	-8	0	0.36
8	-8	0	0.39
c8	-8	0	0.44
8	-8	0	0.47
ets Jun  8 2016 00:22:57

rst:0x1 (POWERON_RESET),boot:0x3 (DOWNLOAD_BOOT(UART0/UART1/SDIO_REI_REO_V2))
waiting for download
  UU      UU      UU      UU      UU      UU      UU      UU    