-5	5	0	-0.12
-16	16	0	-2.09
-21	21	0	-3.31
-20	20	0	-3.62
-13	13	0	-2.90
-4	4	0	-1.68
6	-6	0	-0.09
14	-14	0	1.41
18	-18	0	2.41
17	-17	0	2.65
13	-13	0	2.37
7	-7	0	1.66
-1	1	0	0.47
-8	8	0	-0.74
-12	12	0	-1.60
-12	12	0	-1.88
-9	9	0	-1.65
-5	5	0	-1.18
-1	1	0	-0.62
4	-4	0	0.20
7	-7	0	0.80
7	-7	0	0.96
7	-7	0	1.13
5	-5	0	0.95
3	-3	0	0.73
0	0	0	0.29
-2	2	0	-0.05
-3	3	0	-0.26
-3	3	0	-0.33
-3	3	0	-0.40
-3	3	0	-0.47
-3	3	0	-0.54
-3	3	0	-0.61
-3	3	0	-0.68
-1	1	0	-0.41
-1	1	0	-0.44
-1	1	0	-0.46
-1	1	0	-0.48
-1	1	0	-0.50
-1	1	0	-0.53
-1	1	0	-0.55
-1	1	0	-0.57
-1	1	0	-0.60
-1	1	0	-0.62
-1	1	0	-0.64
-1	1	0	-0.67
-1	1	0	-0.69
-1	1	0	-0.71
-1	1	0	-0.74
-1	1	0	-0.76
-1	1	0	-0.78
-1	1	0	-0.81
-1	1	0	-0.83
-1	1	0	-0.85
0	0	0	-0.71
0	0	0	-0.71
1	-1	0	-0.54
2	-2	0	-0.35
3	-3	0	-0.13
3	-3	0	-0.06
3	-3	0	0.01
3	-3	0	0.08
3	-3	0	0.15
3	-3	0	0.22
3	-3	0	0.29
3	-3	0	0.36
3	-3	0	0.43
3	-3	0	0.50
3	-3	0	0.57
3	-3	0	0.63
2	-2	0	0.54
1	-1	0	0.41
1	-1	0	0.44
1	-1	0	0.46
1	-1	0	0.48
1	-1	0	0.50
1	-1	0	0.53
1	-1	0	0.55
1	-1	0	0.57
1	-1	0	0.60
1	-1	0	0.62
1	-1	0	0.64
0	0	0	0.50
0	0	0	0.50
-1	1	0	0.33
-1	1	0	0.31
-1	1	0	0.28
-1	1	0	0.26
-1	1	0	0.24
-1	1	0	0.21
-1	1	0	0.19
-1	1	0	0.17
-1	1	0	0.14
-1	1	0	0.12
-1	1	0	0.10
-1	1	0	0.07
-1	1	0	0.05
-1	1	0	0.03
-1	1	0	0.00
-1	1	0	-0.02
-1	1	0	-0.04
-1	1	0	-0.06
-1	1	0	-0.09
-1	1	0	-0.11
-1	1	0	-0.13
-1	1	0	-0.16
-1	1	0	-0.18
-1	1	0	-0.20
-1	1	0	-0.23
-1	1	0	-0.25
-1	1	0	-0.27
-1	1	0	-0.30
-1	1	0	-0.32
-1	1	0	-0.34
-1	1	0	-0.37
-1	1	0	-0.39
-1	1	0	-0.41
-1	1	0	-0.44
-1	1	0	-0.46
-1	1	0	-0.48
-1	1	0	-0.50
-1	1	0	-0.53
-1	1	0	-0.55
-1	1	0	-0.57
-1	1	0	-0.60
-1	1	0	-0.62
-1	1	0	-0.64
-1	1	0	-0.67
-1	1	0	-0.69
-1	1	0	-0.71
-1	1	0	-0.74
-1	1	0	-0.76
-1	1	0	-0.78
-1	1	0	-0.81
0	0	0	-0.66
0	0	0	-0.66
0	0	0	-0.66
0	0	0	-0.66
1	-1	0	-0.49
2	-2	0	-0.30
2	-2	0	-0.25
2	-2	0	-0.21
2	-2	0	-0.16
2	-2	0	-0.11
2	-2	0	-0.07
2	-2	0	-0.02
2	-2	0	0.03
2	-2	0	0.07
2	-2	0	0.12
2	-2	0	0.16
2	-2	0	0.21
2	-2	0	0.26
2	-2	0	0.30
2	-2	0	0.35
2	-2	0	0.40
2	-2	0	0.44
2	-2	0	0.49
2	-2	0	0.54
2	-2	0	0.58
1	-1	0	0.46
1	-1	0	0.48
1	-1	0	0.50
1	-1	0	0.53
1	-1	0	0.55
1	-1	0	0.57
1	-1	0	0.60
1	-1	0	0.62
1	-1	0	0.64
0	0	0	0.50
-1	1	0	0.33
-1	1	0	0.31
-1	1	0	0.28
-1	1	0	0.26
-1	1	0	0.24
-1	1	0	0.21
-1	1	0	0.19
-1	1	0	0.17
-1	1	0	0.14
-1	1	0	0.12
-1	1	0	0.10
-1	1	0	0.07
-1	1	0	0.05
-1	1	0	0.03
-1	1	0	0.00
-1	1	0	-0.02
-1	1	0	-0.04
-1	1	0	-0.06
-1	1	0	-0.09
-1	1	0	-0.11
-1	1	0	-0.13
-1	1	0	-0.16
-1	1	0	-0.18
-1	1	0	-0.20
-1	1	0	-0.23
-1	1	0	-0.25
-1	1	0	-0.27
-1	1	0	-0.30
-1	1	0	-0.32
-1	1	0	-0.34
-1	1	0	-0.37
-1	1	0	-0.39
-1	1	0	-0.41
-1	1	0	-0.44
-1	1	0	-0.46
-1	1	0	-0.48
-1	1	0	-0.50
-1	1	0	-0.53
-1	1	0	-0.55
-1	1	0	-0.57
-1	1	0	-0.60
-1	1	0	-0.62
-1	1	0	-0.64
-1	1	0	-0.67
-1	1	0	-0.69
-1	1	0	-0.71
-1	1	0	-0.74
-1	1	0	-0.76
-1	1	0	-0.78
-1	1	0	-0.81
0	0	0	-0.66
0	0	0	-0.66
0	0	0	-0.66
0	0	0	-0.66
0	0	0	-0.66
0	0	0	-0.66
0	0	0	-0.66
1	-1	0	-0.49
1	-1	0	-0.47
2	-2	0	-0.28
2	-2	0	-0.23
2	-2	0	-0.18
2	-2	0	-0.14
2	-2	0	-0.09
2	-2	0	-0.04
2	-2	0	0.00
2	-2	0	0.05
2	-2	0	0.09
2	-2	0	0.14
2	-2	0	0.19
2	-2	0	0.23
2	-2	0	0.28
2	-2	0	0.33
2	-2	0	0.37
2	-2	0	0.42
2	-2	0	0.47
2	-2	0	0.51
2	-2	0	0.56
2	-2	0	0.60
1	-1	0	0.48
1	-1	0	0.50
1	-1	0	0.53
1	-1	0	0.55
1	-1	0	0.57
1	-1	0	0.60
1	-1	0	0.62
1	-1	0	0.64
0	0	0	0.50
-1	1	0	0.33
-1	1	0	0.31
-1	1	0	0.28
-1	1	0	0.26
-1	1	0	0.24
-1	1	0	0.21
-1	1	0	0.19
-1	1	0	0.17
-1	1	0	0.14
-1	1	0	0.12
-1	1	0	0.10
-1	1	0	0.07
-1	1	0	0.05
-1	1	0	0.03
-1	1	0	0.00
-1	1	0	-0.02
-1	1	0	-0.04
-1	1	0	-0.06
-1	1	0	-0.09
-1	1	0	-0.11
-1	1	0	-0.13
-1	1	0	-0.16
-1	1	0	-0.18
-1	1	0	-0.20
-1	1	0	-0.23
-1	1	0	-0.25
-1	1	0	-0.27
-1	1	0	-0.30
-1	1	0	-0.32
-1	1	0	-0.34
-1	1	0	-0.37
-1	1	0	-0.39
-1	1	0	-0.41
-1	1	0	-0.44
-1	1	0	-0.46
-1	1	0	-0.48
-1	1	0	-0.50
-1	1	0	-0.53
-1	1	0	-0.55
-1	1	0	-0.57
-1	1	0	-0.60
-1	1	0	-0.62
-1	1	0	-0.64
1999	1	2000	12.00
1991	9	2000	12.00
1965	35	2000	12.00
1928	72	2000	12.00
1883	117	2000	12.00
1832	168	2000	12.00
1778	222	2000	12.00
1721	279	2000	12.00
1662	338	2000	12.00
1602	398	2000	12.00
1540	460	2000	12.00
1478	522	2000	12.00
1415	585	2000	12.00
1351	649	2000	12.00
1288	712	2000	12.00
1224	776	2000	12.00
1160	840	2000	12.00
1095	905	2000	12.00
1031	969	2000	12.00
967	1033	2000	12.00
902	1098	2000	12.00
838	1162	2000	12.00
773	1227	2000	12.00
709	1291	2000	12.00
644	1356	2000	12.00
579	1421	2000	12.00
515	1485	2000	12.00
450	1550	2000	12.00
385	1615	2000	11.43
321	1679	2000	9.53
258	1742	2000	6.31
199	1801	2000	2.31
149	1851	2000	-1.53
113	1887	2000	-4.17
92	1908	2000	-5.10
87	1913	2000	-3.82
91	1909	2000	-1.13
99	1901	2000	2.33
103	1897	2000	5.30
100	1900	2000	7.18
87	1913	2000	7.30
67	1933	2000	5.93
41	1959	2000	3.09
17	1983	2000	-0.02
-3	2003	2000	-3.01
-13	2013	2000	-4.77
-13	2013	2000	-5.07
-3	2003	2000	-3.68
10	1990	2000	-1.55
23	1977	2000	0.88
33	1967	2000	3.10
37	1963	2000	4.54
33	1967	2000	4.72
22	1978	2000	3.63
8	1992	2000	1.77
-6	2006	2000	-0.41
-17	2017	2000	-2.41
-21	2021	2000	-3.48
-19	2019	2000	-3.63
-12	2012	2000	-2.88
-2	2002	2000	-1.47
9	1991	2000	0.34
17	1983	2000	1.90
21	1979	2000	2.97
19	1981	2000	3.12
13	1987	2000	2.55
5	1995	2000	1.50
-3	2003	2000	0.26
-10	2010	2000	-0.99
-14	2014	2000	-1.90
-13	2013	2000	-2.06
-10	2010	2000	-1.85
-5	2005	2000	-1.24
0	2000	2000	-0.51
5	1995	2000	0.34
7	1993	2000	0.79
9	1991	2000	1.29
7	1993	2000	1.16
5	1995	2000	0.99
3	1997	2000	0.76
-1	2001	2000	0.16
-3	2003	2000	-0.20
-4	2004	2000	-0.44
-4	2004	2000	-0.54
-4	2004	2000	-0.63
-3	2003	2000	-0.55
-3	2003	2000	-0.62
-2	2002	2000	-0.52
-2	2002	2000	-0.57
-1	2001	2000	-0.44
0	2000	2000	-0.30
0	2000	2000	-0.30
0	2000	2000	-0.30
0	2000	2000	-0.30
0	2000	2000	-0.30
0	2000	2000	-0.30
0	2000	2000	-0.30
0	2000	2000	-0.30
0	2000	2000	-0.30
0	2000	2000	-0.30
0	2000	2000	-0.30
0	2000	2000	-0.30
0	2000	2000	-0.30
0	2000	2000	-0.30
0	2000	2000	-0.30
0	2000	2000	-0.30
0	2000	2000	-0.30
0	2000	2000	-0.30
0	2000	2000	-0.30
0	2000	2000	-0.30
0	2000	2000	-0.30
0	2000	2000	-0.30
0	2000	2000	-0.30
0	2000	2000	-0.30
0	2000	2000	-0.30
0	2000	2000	-0.30
0	2000	2000	-0.30
0	2000	2000	-0.30
0	2000	2000	-0.30
0	2000	2000	-0.30
0	2000	2000	-0.30
0	2000	2000	-0.30
0	2000	2000	-0.30
0	2000	2000	-0.30
0	2000	2000	-0.30
0	2000	2000	-0.30
0	2000	2000	-0.30
0	2000	2000	-0.30
0	2000	2000	-0.30
0	2000	2000	-0.30
0	2000	2000	-0.30
0	2000	2000	-0.30
0	2000	2000	-0.30
0	2000	2000	-0.30
0	2000	2000	-0.30
0	2000	2000	-0.30
0	2000	2000	-0.30
0	2000	2000	-0.30
0	2000	2000	-0.30
0	2000	2000	-0.30
0	2000	2000	-0.30
0	2000	2000	-0.30
0	2000	2000	-0.30
0	2000	2000	-0.30
0	2000	2000	-0.30
0	2000	2000	-0.30
0	2000	2000	-0.30
0	2000	2000	-0.30
0	2000	2000	-0.30
0	2000	2000	-0.30
0	2000	2000	-0.30
0	2000	2000	-0.30
0	2000	2000	-0.30
0	2000	2000	-0.30
0	2000	2000	-0.30
0	2000	2000	-0.30
0	2000	2000	-0.30
0	2000	2000	-0.30
0	2000	2000	-0.30
0	2000	2000	-0.30
0	2000	2000	-0.30
0	2000	2000	-0.30
0	2000	2000	-0.30
0	2000	2000	-0.30
0	2000	2000	-0.30
0	2000	2000	-0.30
0	2000	2000	-0.30
0	2000	2000	-0.30
0	2000	2000	-0.30
0	2000	2000	-0.30
0	2000	2000	-0.30
0	2000	2000	-0.30
0	2000	2000	-0.30
0	2000	2000	-0.30
0	2000	2000	-0.30
0	2000	2000	-0.30
0	2000	2000	-0.30
0	2000	2000	-0.30
0	2000	2000	-0.30
0	2000	2000	-0.30
0	2000	2000	-0.30
0	2000	2000	-0.30
0	2000	2000	-0.30
0	2000	2000	-0.30
0	2000	2000	-0.30
0	2000	2000	-0.30
0	2000	2000	-0.30
0	2000	2000	-0.30
0	2000	2000	-0.30
0	2000	2000	-0.30
0	2000	2000	-0.30
0	2000	2000	-0.30
0	2000	2000	-0.30
0	2000	2000	-0.30
0	2000	2000	-0.30
0	2000	2000	-0.30
0	2000	2000	-0.30
0	2000	2000	-0.30
0	2000	2000	-0.30
0	2000	2000	-0.30
0	2000	2000	-0.30
0	2000	2000	-0.30
0	2000	2000	-0.30
0	2000	2000	-0.30
0	2000	2000	-0.30
0	2000	2000	-0.30
0	2000	2000	-0.30
0	2000	2000	-0.30
0	2000	2000	-0.30
0	2000	2000	-0.30
0	2000	2000	-0.30
0	2000	2000	-0.30
0	2000	2000	-0.30
0	2000	2000	-0.30
0	2000	2000	-0.30
0	2000	2000	-0.30
0	2000	2000	-0.30
0	2000	2000	-0.30
0	2000	2000	-0.30
0	2000	2000	-0.30
0	2000	2000	-0.30
0	2000	2000	-0.30
0	2000	2000	-0.30
0	2000	2000	-0.30
0	2000	2000	-0.30
0	2000	2000	-0.30
0	2000	2000	-0.30
0	2000	2000	-0.30
0	2000	2000	-0.30
0	2000	2000	-0.30
0	2000	2000	-0.30
0	2000	2000	-0.30
0	2000	2000	-0.30
0	2000	2000	-0.30
0	2000	2000	-0.30
0	2000	2000	-0.30
0	2000	2000	-0.30
0	2000	2000	-0.30
0	2000	2000	-0.30
0	2000	2000	-0.30
0	2000	2000	-0.30
0	2000	2000	-0.30
0	2000	2000	-0.30
0	2000	2000	-0.30
0	2000	2000	-0.30
0	2000	2000	-0.30
0	2000	2000	-0.30
0	2000	2000	-0.30
0	2000	2000	-0.30
0	2000	2000	-0.30
0	2000	2000	-0.30
0	2000	2000	-0.30
0	2000	2000	-0.30
0	2000	2000	-0.30
0	2000	2000	-0.30
0	2000	2000	-0.30
0	2000	2000	-0.30
0	2000	2000	-0.30
0	2000	2000	-0.30
0	2000	2000	-0.30
0	2000	2000	-0.30
0	2000	2000	-0.30
0	2000	2000	-0.30
0	2000	2000	-0.30
0	2000	2000	-0.30
0	2000	2000	-0.30
0	2000	2000	-0.30
0	2000	2000	-0.30
0	2000	2000	-0.30
0	2000	2000	-0.30
0	2000	2000	-0.30
0	2000	2000	-0.30
0	2000	2000	-0.30
0	2000	2000	-0.30
0	2000	2000	-0.30
0	2000	2000	-0.30
0	2000	2000	-0.30
0	2000	2000	-0.30
0	2000	2000	-0.30
0	2000	2000	-0.30
0	2000	2000	-0.30
0	2000	2000	-0.30
0	2000	2000	-0.30
0	2000	2000	-0.30
0	2000	2000	-0.30
0	2000	2000	-0.30
0	2000	2000	-0.30
0	2000	2000	-0.30
0	2000	2000	-0.30
0	2000	2000	-0.30
0	2000	2000	-0.30
0	2000	2000	-0.30
0	2000	2000	-0.30
0	2000	2000	-0.30
0	2000	2000	-0.30
0	2000	2000	-0.30
0	2000	2000	-0.30
0	2000	2000	-0.30
0	2000	2000	-0.30
0	2000	2000	-0.30
0	2000	2000	-0.30
-2000	2000	0	-12.00
-1991	1991	0	-12.00
-1965	1965	0	-12.00
-1927	1927	0	-12.00
-1882	1882	0	-12.00
-1831	1831	0	-12.00
-1775	1775	0	-12.00
-1717	1717	0	-12.00
-1657	1657	0	-12.00
-1595	1595	0	-12.00
-1533	1533	0	-12.00
-1469	1469	0	-12.00
-1404	1404	0	-12.00
-1339	1339	0	-12.00
-1273	1273	0	-12.00
-1208	1208	0	-12.00
-1142	1142	0	-12.00
-1076	1076	0	-12.00
-1009	1009	0	-12.00
-943	943	0	-12.00
-877	877	0	-12.00
-810	810	0	-12.00
-743	743	0	-12.00
-677	677	0	-12.00
-610	610	0	-12.00
-543	543	0	-12.00
-477	477	0	-12.00
-410	410	0	-11.72
-343	343	0	-9.89
-278	278	0	-6.84
-217	217	0	-2.97
-163	163	0	1.14
-121	121	0	4.46
-97	97	0	5.72
-90	90	0	4.66
-94	94	0	1.89
-103	103	0	-1.80
-109	109	0	-5.20
-107	107	0	-7.39
-95	95	0	-7.84
-74	74	0	-6.49
-48	48	0	-3.81
-21	21	0	-0.35
1	-1	0	2.88
14	-14	0	5.10
16	-16	0	5.76
7	-7	0	4.61
-7	7	0	2.41
-22	22	0	-0.29
-35	35	0	-3.00
-40	40	0	-4.66
-37	37	0	-5.07
-27	27	0	-4.24
-13	13	0	-2.50
3	-3	0	-0.09
15	-15	0	2.00
22	-22	0	3.53
22	-22	0	4.04
16	-16	0	3.54
5	-5	0	2.05
-5	5	0	0.47
-15	15	0	-1.33
-21	21	0	-2.69
-21	21	0	-3.18
-16	16	0	-2.82
-8	8	0	-1.84
1	-1	0	-0.50
8	-8	0	0.70
13	-13	0	1.73
14	-14	0	2.21
12	-12	0	2.19
7	-7	0	1.62
2	-2	0	0.94
-4	4	0	-0.03
-8	8	0	-0.80
-10	10	0	-1.32
-10	10	0	-1.55
-8	8	0	-1.45
-5	5	0	-1.12
-1	1	0	-0.56
3	-3	0	0.09
5	-5	0	0.50
5	-5	0	0.61
5	-5	0	0.73
4	-4	0	0.68
2	-2	0	0.43
1	-1	0	0.31
1	-1	0	0.33
1	-1	0	0.35
1	-1	0	0.38
1	-1	0	0.40
1	-1	0	0.42
1	-1	0	0.45
1	-1	0	0.47
1	-1	0	0.49
1	-1	0	0.52
1	-1	0	0.54
1	-1	0	0.56
1	-1	0	0.59
0	0	0	0.44
0	0	0	0.44
0	0	0	0.44
0	0	0	0.44
0	0	0	0.44
0	0	0	0.44
0	0	0	0.44
0	0	0	0.44
0	0	0	0.44
0	0	0	0.44
0	0	0	0.44
0	0	0	0.44
0	0	0	0.44
0	0	0	0.44
0	0	0	0.44
0	0	0	0.44
0	0	0	0.44
0	0	0	0.44
0	0	0	0.44
0	0	0	0.44
0	0	0	0.44
0	0	0	0.44
0	0	0	0.44
0	0	0	0.44
0	0	0	0.44
0	0	0	0.44
0	0	0	0.44
0	0	0	0.44
0	0	0	0.44
0	0	0	0.44
0	0	0	0.44
0	0	0	0.44
0	0	0	0.44
0	0	0	0.44
0	0	0	0.44
0	0	0	0.44
0	0	0	0.44
0	0	0	0.44
0	0	0	0.44
0	0	0	0.44
0	0	0	0.44
0	0	0	0.44
0	0	0	0.44
0	0	0	0.44
0	0	0	0.44
0	0	0	0.44
0	0	0	0.44
0	0	0	0.44
0	0	0	0.44
0	0	0	0.44
0	0	0	0.44
0	0	0	0.44
0	0	0	0.44
0	0	0	0.44
0	0	0	0.44
0	0	0	0.44
0	0	0	0.44
0	0	0	0.44
0	0	0	0.44
0	0	0	0.44
0	0	0	0.44
0	0	0	0.44
0	0	0	0.44
0	0	0	0.44
0	0	0	0.44
0	0	0	0.44
0	0	0	0.44
0	0	0	0.44
0	0	0	0.44
0	0	0	0.44
0	0	0	0.44
0	0	0	0.44
0	0	0	0.44
0	0	0	0.44
0	0	0	0.44
0	0	0	0.44
0	0	0	0.44
0	0	0	0.44
0	0	0	0.44
0	0	0	0.44
0	0	0	0.44
0	0	0	0.44
0	0	0	0.44
0	0	0	0.44
0	0	0	0.44
0	0	0	0.44
0	0	0	0.44
0	0	0	0.44
0	0	0	0.44
0	0	0	0.44
0	0	0	0.44
0	0	0	0.44
0	0	0	0.44
0	0	0	0.44
0	0	0	0.44
0	0	0	0.44
0	0	0	0.44
0	0	0	0.44
0	0	0	0.44
0	0	0	0.44
0	0	0	0.44
0	0	0	0.44
0	0	0	0.44
0	0	0	0.44
0	0	0	0.44
0	0	0	0.44
0	0	0	0.44
0	0	0	0.44
0	0	0	0.44
0	0	0	0.44
0	0	0	0.44
0	0	0	0.44
0	0	0	0.44
0	0	0	0.44
0	0	0	0.44
0	0	0	0.44
0	0	0	0.44
0	0	0	0.44
0	0	0	0.44
0	0	0	0.44
0	0	0	0.44
0	0	0	0.44
0	0	0	0.44
0	0	0	0.44
0	0	0	0.44
0	0	0	0.44
0	0	0	0.44
0	0	0	0.44
0	0	0	0.44
0	0	0	0.44
0	0	0	0.44
0	0	0	0.44
0	0	0	0.44
0	0	0	0.44
0	0	0	0.44
0	0	0	0.44
0	0	0	0.44
0	0	0	0.44
0	0	0	0.44
0	0	0	0.44
0	0	0	0.44
0	0	0	0.44
0	0	0	0.44
0	0	0	0.44
0	0	0	0.44
0	0	0	0.44
0	0	0	0.44
0	0	0	0.44
0	0	0	0.44
0	0	0	0.44
0	0	0	0.44
0	0	0	0.44
0	0	0	0.44
0	0	0	0.44
0	0	0	0.44
0	0	0	0.44
0	0	0	0.44
0	0	0	0.44
0	0	0	0.44
0	0	0	0.44
0	0	0	0.44
0	0	0	0.44
0	0	0	0.44
0	0	0	0.44
0	0	0	0.44
0	0	0	0.44
0	0	0	0.44
0	0	0	0.44
0	0	0	0.44
0	0	0	0.44
0	0	0	0.44
0	0	0	0.44
0	0	0	0.44
0	0	0	0.44
0	0	0	0.44
0	0	0	0.44
0	0	0	0.44
0	0	0	0.44
0	0	0	0.44
0	0	0	0.44
0	0	0	0.44
0	0	0	0.44
0	0	0	0.44
0	0	0	0.44
0	0	0	0.44
0	0	0	0.44
0	0	0	0.44
0	0	0	0.44
0	0	0	0.44
0	0	0	0.44
0	0	0	0.44
0	0	0	0.44
0	0	0	0.44
0	0	0	0.44
0	0	0	0.44
0	0	0	0.44
0	0	0	0.44
0	0	0	0.44
0	0	0	0.44
0	0	0	0.44
0	0	0	0.44
0	0	0	0.44
2000	0	2000	12.00
1992	8	2000	12.00
1967	33	2000	12.00
1929	71	2000	12.00
1885	115	2000	12.00
1835	165	2000	12.00
1781	219	2000	12.00
1724	276	2000	12.00
1665	335	2000	12.00
1605	395	2000	12.00
1544	456	2000	12.00
1482	518	2000	12.00
1419	581	2000	12.00
1356	644	2000	12.00
1293	707	2000	12.00
1229	771	2000	12.00
1165	835	2000	12.00
1101	899	2000	12.00
1036	964	2000	12.00
972	1028	2000	12.00
907	1093	2000	12.00
843	1157	2000	12.00
778	1222	2000	12.00
713	1287	2000	12.00
649	1351	2000	12.00
584	1416	2000	12.00
519	1481	2000	12.00
455	1545	2000	12.00
390	1610	2000	11.55
325	1675	2000	9.59
263	1737	2000	6.64
203	1797	2000	2.58
152	1848	2000	-1.34
114	1886	2000	-4.24
93	1907	2000	-5.15
86	1914	2000	-4.18
91	1909	2000	-1.35
99	1901	2000	2.11
104	1896	2000	5.25
101	1899	2000	7.15
89	1911	2000	7.46
69	1931	2000	6.14
44	1956	2000	3.52
19	1981	2000	0.31
-2	2002	2000	-2.80
-14	2014	2000	-4.88
-14	2014	2000	-5.20
-5	2005	2000	-4.00
9	1991	2000	-1.75
23	1977	2000	0.82
33	1967	2000	3.05
37	1963	2000	4.49
33	1967	2000	4.67
23	1977	2000	3.74
10	1990	2000	2.08
-5	2005	2000	-0.23
-15	2015	2000	-2.04
-21	2021	2000	-3.40
-19	2019	2000	-3.55
-13	2013	2000	-2.97
-3	2003	2000	-1.58
7	1993	2000	0.04
15	1985	2000	1.55
19	1981	2000	2.58
18	1982	2000	2.85
14	1986	2000	2.59
7	1993	2000	1.73
-1	2001	2000	0.54
-9	2009	2000	-0.84
-13	2013	2000	-1.72
-14	2014	2000	-2.19
-11	2011	2000	-2.01
-7	2007	2000	-1.59
-1	2001	2000	-0.73
5	1995	2000	0.26
9	1991	2000	1.05
10	1990	2000	1.43
9	1991	2000	1.49
6	1994	2000	1.19
3	1997	2000	0.82
-1	2001	2000	0.22
-4	2004	2000	-0.32
-5	2005	2000	-0.58
-6	2006	2000	-0.86
-5	2005	2000	-0.83
-3	2003	2000	-0.61
-2	2002	2000	-0.51
-1	2001	2000	-0.39
0	2000	2000	-0.24
0	2000	2000	-0.24
0	2000	2000	-0.24
0	2000	2000	-0.24
0	2000	2000	-0.24
0	2000	2000	-0.24
0	2000	2000	-0.24
0	2000	2000	-0.24
0	2000	2000	-0.24
0	2000	2000	-0.24
0	2000	2000	-0.24
0	2000	2000	-0.24
0	2000	2000	-0.24
0	2000	2000	-0.24
0	2000	2000	-0.24
0	2000	2000	-0.24
0	2000	2000	-0.24
0	2000	2000	-0.24
0	2000	2000	-0.24
0	2000	2000	-0.24
0	2000	2000	-0.24
0	2000	2000	-0.24
0	2000	2000	-0.24
0	2000	2000	-0.24
0	2000	2000	-0.24
0	2000	2000	-0.24
0	2000	2000	-0.24
0	2000	2000	-0.24
0	2000	2000	-0.24
0	2000	2000	-0.24
0	2000	2000	-0.24
0	2000	2000	-0.24
0	2000	2000	-0.24
0	2000	2000	-0.24
0	2000	2000	-0.24
0	2000	2000	-0.24
0	2000	2000	-0.24
0	2000	2000	-0.24
0	2000	2000	-0.24
0	2000	2000	-0.24
0	2000	2000	-0.24
0	2000	2000	-0.24
0	2000	2000	-0.24
0	2000	2000	-0.24
0	2000	2000	-0.24
0	2000	2000	-0.24
0	2000	2000	-0.24
0	2000	2000	-0.24
0	2000	2000	-0.24
0	2000	2000	-0.24
0	2000	2000	-0.24
0	2000	2000	-0.24
0	2000	2000	-0.24
0	2000	2000	-0.24
0	2000	2000	-0.24
0	2000	2000	-0.24
0	2000	2000	-0.24
0	2000	2000	-0.24
0	2000	2000	-0.24
0	2000	2000	-0.24
0	2000	2000	-0.24
0	2000	2000	-0.24
0	2000	2000	-0.24
0	2000	2000	-0.24
0	2000	2000	-0.24
0	2000	2000	-0.24
0	2000	2000	-0.24
0	2000	2000	-0.24
0	2000	2000	-0.24
0	2000	2000	-0.24
0	2000	2000	-0.24
0	2000	2000	-0.24
0	2000	2000	-0.24
0	2000	2000	-0.24
0	2000	2000	-0.24
0	2000	2000	-0.24
0	2000	2000	-0.24
0	2000	2000	-0.24
0	2000	2000	-0.24
0	2000	2000	-0.24
0	2000	2000	-0.24
0	2000	2000	-0.24
0	2000	2000	-0.24
0	2000	2000	-0.24
0	2000	2000	-0.24
0	2000	2000	-0.24
0	2000	2000	-0.24
0	2000	2000	-0.24
0	2000	2000	-0.24
0	2000	2000	-0.24
0	2000	2000	-0.24
0	2000	2000	-0.24
0	2000	2000	-0.24
0	2000	2000	-0.24
0	2000	2000	-0.24
0	2000	2000	-0.24
0	2000	2000	-0.24
0	2000	2000	-0.24
0	2000	2000	-0.24
0	2000	2000	-0.24
0	2000	2000	-0.24
0	2000	2000	-0.24
0	2000	2000	-0.24
0	2000	2000	-0.24
0	2000	2000	-0.24
0	2000	2000	-0.24
0	2000	2000	-0.24
0	2000	2000	-0.24
0	2000	2000	-0.24
0	2000	2000	-0.24
0	2000	2000	-0.24
0	2000	2000	-0.24
0	2000	2000	-0.24
0	2000	2000	-0.24
0	2000	2000	-0.24
0	2000	2000	-0.24
0	2000	2000	-0.24
0	2000	2000	-0.24
0	2000	2000	-0.24
0	2000	2000	-0.24
0	2000	2000	-0.24
0	2000	2000	-0.24
0	2000	2000	-0.24
0	2000	2000	-0.24
0	2000	2000	-0.24
0	2000	2000	-0.24
0	2000	2000	-0.24
0	2000	2000	-0.24
0	2000	2000	-0.24
0	2000	2000	-0.24
0	2000	2000	-0.24
0	2000	2000	-0.24
0	2000	2000	-0.24
0	2000	2000	-0.24
0	2000	2000	-0.24
0	2000	2000	-0.24
0	2000	2000	-0.24
0	2000	2000	-0.24
0	2000	2000	-0.24
0	2000	2000	-0.24
0	2000	2000	-0.24
0	2000	2000	-0.24
0	2000	2000	-0.24
0	2000	2000	-0.24
0	2000	2000	-0.24
0	2000	2000	-0.24
0	2000	2000	-0.24
0	2000	2000	-0.24
0	2000	2000	-0.24
0	2000	2000	-0.24
0	2000	2000	-0.24
0	2000	2000	-0.24
0	2000	2000	-0.24
0	2000	2000	-0.24
0	2000	2000	-0.24
0	2000	2000	-0.24
0	2000	2000	-0.24
0	2000	2000	-0.24
0	2000	2000	-0.24
0	2000	2000	-0.24
0	2000	2000	-0.24
0	2000	2000	-0.24
0	2000	2000	-0.24
0	2000	2000	-0.24
0	2000	2000	-0.24
0	2000	2000	-0.24
0	2000	2000	-0.24
0	2000	2000	-0.24
0	2000	2000	-0.24
0	2000	2000	-0.24
0	2000	2000	-0.24
0	2000	2000	-0.24
0	2000	2000	-0.24
0	2000	2000	-0.24
0	2000	2000	-0.24
0	2000	2000	-0.24
0	2000	2000	-0.24
0	2000	2000	-0.24
0	2000	2000	-0.24
0	2000	2000	-0.24
0	2000	2000	-0.24
0	2000	2000	-0.24
0	2000	2000	-0.24
0	2000	2000	-0.24
0	2000	2000	-0.24
0	2000	2000	-0.24
0	2000	2000	-0.24
0	2000	2000	-0.24
0	2000	2000	-0.24
0	2000	2000	-0.24
0	2000	2000	-0.24
0	2000	2000	-0.24
0	2000	2000	-0.24
0	2000	2000	-0.24
0	2000	2000	-0.24
0	2000	2000	-0.24
0	2000	2000	-0.24
0	2000	2000	-0.24
0	2000	2000	-0.24
0	2000	2000	-0.24
0	2000	2000	-0.24
0	2000	2000	-0.24
0	2000	2000	-0.24
0	2000	2000	-0.24
0	2000	2000	-0.24
0	2000	2000	-0.24
0	2000	2000	-0.24
0	2000	2000	-0.24
0	2000	2000	-0.24
0	2000	2000	-0.24
0	2000	2000	-0.24
0	2000	2000	-0.24
0	2000	2000	-0.24
-2000	2000	0	-12.00
-1991	1991	0	-12.00
-1965	1965	0	-12.00
-1927	1927	0	-12.00
-1882	1882	0	-12.00
-1831	1831	0	-12.00
-1775	1775	0	-12.00
-1717	1717	0	-12.00
-1657	1657	0	-12.00
-1595	1595	0	-12.00
-1532	1532	0	-12.00
-1468	1468	0	-12.00
-1403	1403	0	-12.00
-1338	1338	0	-12.00
-1273	1273	0	-12.00
-1207	1207	0	-12.00
-1141	1141	0	-12.00
-1075	1075	0	-12.00
-1008	1008	0	-12.00
-942	942	0	-12.00
-875	875	0	-12.00
-809	809	0	-12.00
-742	742	0	-12.00
-675	675	0	-12.00
-609	609	0	-12.00
-542	542	0	-12.00
-475	475	0	-12.00
-409	409	0	-11.84
-342	342	0	-9.99
-277	277	0	-6.92
-215	215	0	-2.85
-161	161	0	1.30
-120	120	0	4.50
-96	96	0	5.78
-89	89	0	4.74
-93	93	0	2.00
-101	101	0	-1.50
-108	108	0	-5.03
-107	107	0	-7.36
-95	95	0	-7.81
-75	75	0	-6.63
-49	49	0	-3.97
-23	23	0	-0.71
1	-1	0	2.82
15	-15	0	5.21
17	-17	0	5.89
9	-9	0	4.94
-6	6	0	2.61
-22	22	0	-0.24
-35	35	0	-2.94
-41	41	0	-4.77
-38	38	0	-5.21
-28	28	0	-4.40
-13	13	0	-2.51
4	-4	0	0.06
17	-17	0	2.35
23	-23	0	3.76
22	-22	0	4.12
15	-15	0	3.45
4	-4	0	1.94
-7	7	0	0.17
-17	17	0	-1.68
-22	22	0	-2.92
-21	21	0	-3.26
-15	15	0	-2.74
-7	7	0	-1.73
3	-3	0	-0.20
10	-10	0	1.05
14	-14	0	1.96
15	-15	0	2.45
11	-11	0	2.12
6	-6	0	1.53
0	0	0	0.66
-6	6	0	-0.36
-10	10	0	-1.17
-11	11	0	-1.57
-10	10	0	-1.66
-7	7	0	-1.38
-3	3	0	-0.87
1	-1	0	-0.26
4	-4	0	0.27
5	-5	0	0.53
5	-5	0	0.65
5	-5	0	0.76
3	-3	0	0.54
1	-1	0	0.27
1	-1	0	0.29
1	-1	0	0.32
1	-1	0	0.34
1	-1	0	0.36
1	-1	0	0.39
1	-1	0	0.41
1	-1	0	0.43
1	-1	0	0.46
1	-1	0	0.48
1	-1	0	0.50
1	-1	0	0.53
1	-1	0	0.55
1	-1	0	0.57
1	-1	0	0.60
0	0	0	0.45
0	0	0	0.45
0	0	0	0.45
0	0	0	0.45
0	0	0	0.45
0	0	0	0.45
0	0	0	0.45
0	0	0	0.45
0	0	0	0.45
0	0	0	0.45
0	0	0	0.45
0	0	0	0.45
0	0	0	0.45
0	0	0	0.45
0	0	0	0.45
0	0	0	0.45
0	0	0	0.45
0	0	0	0.45
0	0	0	0.45
0	0	0	0.45
0	0	0	0.45
0	0	0	0.45
0	0	0	0.45
0	0	0	0.45
0	0	0	0.45
0	0	0	0.45
0	0	0	0.45
0	0	0	0.45
0	0	0	0.45
0	0	0	0.45
0	0	0	0.45
0	0	0	0.45
0	0	0	0.45
0	0	0	0.45
0	0	0	0.45
0	0	0	0.45
0	0	0	0.45
0	0	0	0.45
0	0	0	0.45
0	0	0	0.45
0	0	0	0.45
0	0	0	0.45
0	0	0	0.45
0	0	0	0.45
0	0	0	0.45
0	0	0	0.45
0	0	0	0.45
0	0	0	0.45
0	0	0	0.45
0	0	0	0.45
0	0	0	0.45
0	0	0	0.45
0	0	0	0.45
0	0	0	0.45
0	0	0	0.45
0	0	0	0.45
0	0	0	0.45
0	0	0	0.45
0	0	0	0.45
0	0	0	0.45
0	0	0	0.45
0	0	0	0.45
0	0	0	0.45
0	0	0	0.45
0	0	0	0.45
0	0	0	0.45
0	0	0	0.45
0	0	0	0.45
0	0	0	0.45
0	0	0	0.45
0	0	0	0.45
0	0	0	0.45
0	0	0	0.45
0	0	0	0.45
0	0	0	0.45
0	0	0	0.45
0	0	0	0.45
0	0	0	0.45
0	0	0	0.45
0	0	0	0.45
0	0	0	0.45
0	0	0	0.45
0	0	0	0.45
0	0	0	0.45
0	0	0	0.45
0	0	0	0.45
0	0	0	0.45
0	0	0	0.45
0	0	0	0.45
0	0	0	0.45
0	0	0	0.45
0	0	0	0.45
0	0	0	0.45
0	0	0	0.45
0	0	0	0.45
0	0	0	0.45
0	0	0	0.45
0	0	0	0.45
0	0	0	0.45
0	0	0	0.45
0	0	0	0.45
0	0	0	0.45
0	0	0	0.45
0	0	0	0.45
0	0	0	0.45
0	0	0	0.45
0	0	0	0.45
0	0	0	0.45
0	0	0	0.45
0	0	0	0.45
0	0	0	0.45
0	0	0	0.45
0	0	0	0.45
0	0	0	0.45
0	0	0	0.45
0	0	0	0.45
0	0	0	0.45
0	0	0	0.45
0	0	0	0.45
0	0	0	0.45
0	0	0	0.45
0	0	0	0.45
0	0	0	0.45
0	0	0	0.45
0	0	0	0.45
0	0	0	0.45
0	0	0	0.45
0	0	0	0.45
0	0	0	0.45
0	0	0	0.45
0	0	0	0.45
0	0	0	0.45
0	0	0	0.45
0	0	0	0.45
0	0	0	0.45
0	0	0	0.45
0	0	0	0.45
0	0	0	0.45
0	0	0	0.45
0	0	0	0.45
0	0	0	0.45
0	0	0	0.45
0	0	0	0.45
0	0	0	0.45
0	0	0	0.45
0	0	0	0.45
0	0	0	0.45
0	0	0	0.45
0	0	0	0.45
0	0	0	0.45
0	0	0	0.45
0	0	0	0.45
0	0	0	0.45
0	0	0	0.45
0	0	0	0.45
0	0	0	0.45
0	0	0	0.45
0	0	0	0.45
0	0	0	0.45
0	0	0	0.45
0	0	0	0.45
0	0	0	0.45
0	0	0	0.45
0	0	0	0.45
0	0	0	0.45
0	0	0	0.45
0	0	0	0.45
0	0	0	0.45
0	0	0	0.45
0	0	0	0.45
0	0	0	0.45
0	0	0	0.45
0	0	0	0.45
0	0	0	0.45
0	0	0	0.45
0	0	0	0.45
0	0	0	0.45
0	0	0	0.45
0	0	0	0.45
0	0	0	0.45
0	0	0	0.45
0	0	0	0.45
0	0	0	0.45
0	0	0	0.45
0	0	0	0.45
0	0	0	0.45
0	0	0	0.45
0	0	0	0.45
0	0	0	0.45
0	0	0	0.45
0	0	0	0.45
0	0	0	0.45
0	0	0	0.45
0	0	0	0.45
0	0	0	0.45
0	0	0	0.45
0	0	0	0.45
0	0	0	0.45
0	0	0	0.45
0	0	0	0.45
0	0	0	0.45
2000	0	2000	12.00
1992	8	2000	12.00
1967	33	2000	12.00
1929	71	2000	12.00
1885	115	2000	12.00
1835	165	2000	12.00
1781	219	2000	12.00
1724	276	2000	12.00
1665	335	2000	12.00
1605	395	2000	12.00
1543	457	2000	12.00
1481	519	2000	12.00
1418	582	2000	12.00
1355	645	2000	12.00
1291	709	2000	12.00
1227	773	2000	12.00
1163	837	2000	12.00
1099	901	2000	12.00
1034	966	2000	12.00
969	1031	2000	12.00
905	1095	2000	12.00
840	1160	2000	12.00
775	1225	2000	12.00
711	1289	2000	12.00
646	1354	2000	12.00
581	1419	2000	12.00
517	1483	2000	12.00
452	1548	2000	12.00
387	1613	2000	11.48
323	1677	2000	9.62
259	1741	2000	6.28
201	1799	2000	2.47
151	1849	2000	-1.32
113	1887	2000	-4.25
92	1908	2000	-5.19
86	1914	2000	-4.07
91	1909	2000	-1.23
99	1901	2000	2.23
104	1896	2000	5.37
101	1899	2000	7.27
88	1912	2000	7.41
67	1933	2000	5.90
43	1957	2000	3.39
17	1983	2000	-0.01
-3	2003	2000	-3.00
-13	2013	2000	-4.76
-13	2013	2000	-5.06
-4	2004	2000	-3.84
9	1991	2000	-1.73
23	1977	2000	0.84
33	1967	2000	3.07
37	1963	2000	4.51
33	1967	2000	4.69
23	1977	2000	3.76
9	1991	2000	1.93
-5	2005	2000	-0.23
-16	2016	2000	-2.21
-21	2021	2000	-3.42
-19	2019	2000	-3.57
-13	2013	2000	-3.00
-3	2003	2000	-1.61
7	1993	2000	0.01
16	1984	2000	1.70
20	1980	2000	2.74
19	1981	2000	3.04
14	1986	2000	2.63
6	1994	2000	1.60
-2	2002	2000	0.39
-9	2009	2000	-0.84
-13	2013	2000	-1.72
-14	2014	2000	-2.19
-11	2011	2000	-2.01
-6	2006	2000	-1.42
-1	2001	2000	-0.71
5	1995	2000	0.28
9	1991	2000	1.07
10	1990	2000	1.45
9	1991	2000	1.51
6	1994	2000	1.21
3	1997	2000	0.84
-1	2001	2000	0.24
-4	2004	2000	-0.29
-6	2006	2000	-0.73
-6	2006	2000	-0.86
-5	2005	2000	-0.83
-3	2003	2000	-0.61
-1	2001	2000	-0.34
0	2000	2000	-0.20
1	1999	2000	-0.03
1	1999	2000	-0.00
1	1999	2000	0.02
1	1999	2000	0.04
1	1999	2000	0.06
1	1999	2000	0.09
1	1999	2000	0.11
1	1999	2000	0.13
1	1999	2000	0.16
1	1999	2000	0.18
1	1999	2000	0.20
1	1999	2000	0.23
1	1999	2000	0.25
1	1999	2000	0.27
1	1999	2000	0.30
1	1999	2000	0.32
1	1999	2000	0.34
1	1999	2000	0.37
1	1999	2000	0.39
1	1999	2000	0.41
1	1999	2000	0.44
1	1999	2000	0.46
1	1999	2000	0.48
1	1999	2000	0.50
1	1999	2000	0.53
1	1999	2000	0.55
0	2000	2000	0.41
0	2000	2000	0.41
0	2000	2000	0.41
0	2000	2000	0.41
0	2000	2000	0.41
0	2000	2000	0.41
0	2000	2000	0.41
0	2000	2000	0.41
0	2000	2000	0.41
0	2000	2000	0.41
0	2000	2000	0.41
0	2000	2000	0.41
0	2000	2000	0.41
0	2000	2000	0.41
0	2000	2000	0.41
0	2000	2000	0.41
0	2000	2000	0.41
0	2000	2000	0.41
0	2000	2000	0.41
0	2000	2000	0.41
0	2000	2000	0.41
0	2000	2000	0.41
0	2000	2000	0.41
0	2000	2000	0.41
0	2000	2000	0.41
0	2000	2000	0.41
0	2000	2000	0.41
0	2000	2000	0.41
0	2000	2000	0.41
0	2000	2000	0.41
0	2000	2000	0.41
0	2000	2000	0.41
0	2000	2000	0.41
0	2000	2000	0.41
0	2000	2000	0.41
0	2000	2000	0.41
0	2000	2000	0.41
0	2000	2000	0.41
0	2000	2000	0.41
0	2000	2000	0.41
0	2000	2000	0.41
0	2000	2000	0.41
0	2000	2000	0.41
0	2000	2000	0.41
0	2000	2000	0.41
0	2000	2000	0.41
0	2000	2000	0.41
0	2000	2000	0.41
0	2000	2000	0.41
0	2000	2000	0.41
0	2000	2000	0.41
0	2000	2000	0.41
0	2000	2000	0.41
0	2000	2000	0.41
0	2000	2000	0.41
0	2000	2000	0.41
0	2000	2000	0.41
0	2000	2000	0.41
0	2000	2000	0.41
0	2000	2000	0.41
0	2000	2000	0.41
0	2000	2000	0.41
0	2000	2000	0.41
0	2000	2000	0.41
0	2000	2000	0.41
0	2000	2000	0.41
0	2000	2000	0.41
0	2000	2000	0.41
0	2000	2000	0.41
0	2000	2000	0.41
0	2000	2000	0.41
0	2000	2000	0.41
0	2000	2000	0.41
0	2000	2000	0.41
0	2000	2000	0.41
0	2000	2000	0.41
0	2000	2000	0.41
0	2000	2000	0.41
0	2000	2000	0.41
0	2000	2000	0.41
0	2000	2000	0.41
0	2000	2000	0.41
0	2000	2000	0.41
0	2000	2000	0.41
0	2000	2000	0.41
0	2000	2000	0.41
0	2000	2000	0.41
0	2000	2000	0.41
0	2000	2000	0.41
0	2000	2000	0.41
0	2000	2000	0.41
0	2000	2000	0.41
0	2000	2000	0.41
0	2000	2000	0.41
0	2000	2000	0.41
0	2000	2000	0.41
0	2000	2000	0.41
0	2000	2000	0.41
0	2000	2000	0.41
0	2000	2000	0.41
0	2000	2000	0.41
0	2000	2000	0.41
0	2000	2000	0.41
0	2000	2000	0.41
0	2000	2000	0.41
0	2000	2000	0.41
0	2000	2000	0.41
0	2000	2000	0.41
0	2000	2000	0.41
0	2000	2000	0.41
0	2000	2000	0.41
0	2000	2000	0.41
0	2000	2000	0.41
0	2000	2000	0.41
0	2000	2000	0.41
0	2000	2000	0.41
0	2000	2000	0.41
0	2000	2000	0.41
0	2000	2000	0.41
0	2000	2000	0.41
0	2000	2000	0.41
0	2000	2000	0.41
0	2000	2000	0.41
0	2000	2000	0.41
0	2000	2000	0.41
0	2000	2000	0.41
0	2000	2000	0.41
0	2000	2000	0.41
0	2000	2000	0.41
0	2000	2000	0.41
0	2000	2000	0.41
0	2000	2000	0.41
0	2000	2000	0.41
0	2000	2000	0.41
0	2000	2000	0.41
0	2000	2000	0.41
0	2000	2000	0.41
0	2000	2000	0.41
0	2000	2000	0.41
0	2000	2000	0.41
0	2000	2000	0.41
0	2000	2000	0.41
0	2000	2000	0.41
0	2000	2000	0.41
0	2000	2000	0.41
0	2000	2000	0.41
0	2000	2000	0.41
0	2000	2000	0.41
0	2000	2000	0.41
0	2000	2000	0.41
0	2000	2000	0.41
0	2000	2000	0.41
0	2000	2000	0.41
0	2000	2000	0.41
0	2000	2000	0.41
0	2000	2000	0.41
0	2000	2000	0.41
0	2000	2000	0.41
0	2000	2000	0.41
0	2000	2000	0.41
0	2000	2000	0.41
0	2000	2000	0.41
0	2000	2000	0.41
0	2000	2000	0.41
0	2000	2000	0.41
0	2000	2000	0.41
0	2000	2000	0.41
0	2000	2000	0.41
0	2000	2000	0.41
0	2000	2000	0.41
0	2000	2000	0.41
0	2000	2000	0.41
0	2000	2000	0.41
0	2000	2000	0.41
0	2000	2000	0.41
0	2000	2000	0.41
0	2000	2000	0.41
0	2000	2000	0.41
0	2000	2000	0.41
0	2000	2000	0.41
0	2000	2000	0.41
0	2000	2000	0.41
0	2000	2000	0.41
0	2000	2000	0.41
0	2000	2000	0.41
0	2000	2000	0.41
0	2000	2000	0.41
-2000	2000	0	-12.00
-1991	1991	0	-12.00
-1965	1965	0	-12.00
-1927	1927	0	-12.00
-1882	1882	0	-12.00
-1831	1831	0	-12.00
-1775	1775	0	-12.00
-1717	1717	0	-12.00
-1657	1657	0	-12.00
-1595	1595	0	-12.00
-1532	1532	0	-12.00
-1468	1468	0	-12.00
-1403	1403	0	-12.00
-1338	1338	0	-12.00
-1273	1273	0	-12.00
-1207	1207	0	-12.00
-1141	1141	0	-12.00
-1075	1075	0	-12.00
-1008	1008	0	-12.00
-941	941	0	-12.00
-875	875	0	-12.00
-809	809	0	-12.00
-742	742	0	-12.00
-675	675	0	-12.00
-609	609	0	-12.00
-541	541	0	-12.00
-475	475	0	-12.00
-408	408	0	-11.67
-341	341	0	-9.79
-276	276	0	-6.70
-215	215	0	-2.78
-161	161	0	1.37
-120	120	0	4.57
-97	97	0	5.68
-90	90	0	4.62
-95	95	0	1.69
-103	103	0	-1.86
-109	109	0	-5.26
-107	107	0	-7.45
-95	95	0	-7.90
-73	73	0	-6.38
-47	47	0	-3.68
-21	21	0	-0.37
1	-1	0	2.87
14	-14	0	5.09
16	-16	0	5.75
7	-7	0	4.60
-7	7	0	2.39
-23	23	0	-0.47
-35	35	0	-3.04
-41	41	0	-4.86
-37	37	0	-5.13
-27	27	0	-4.30
-11	11	0	-2.22
5	-5	0	0.23
17	-17	0	2.37
23	-23	0	3.78
22	-22	0	4.15
14	-14	0	3.30
3	-3	0	1.77
-8	8	0	-0.02
-17	17	0	-1.73
-22	22	0	-2.97
-20	20	0	-3.14
-14	14	0	-2.59
-6	6	0	-1.56
3	-3	0	-0.18
10	-10	0	1.07
13	-13	0	1.81
14	-14	0	2.28
11	-11	0	2.10
6	-6	0	1.51
0	0	0	0.63
-6	6	0	-0.38
-9	9	0	-1.03
-11	11	0	-1.57
-10	10	0	-1.66
-7	7	0	-1.38
-4	4	0	-1.04
1	-1	0	-0.28
4	-4	0	0.25
6	-6	0	0.68
6	-6	0	0.82
5	-5	0	0.79
3	-3	0	0.56
1	-1	0	0.29
0	0	0	0.15
-1	1	0	-0.02
-1	1	0	-0.04
-1	1	0	-0.07
-1	1	0	-0.09
-1	1	0	-0.11
-1	1	0	-0.14
-1	1	0	-0.16
-1	1	0	-0.18
-1	1	0	-0.21
-1	1	0	-0.23
-1	1	0	-0.25
-1	1	0	-0.28
-1	1	0	-0.30
-1	1	0	-0.32
-1	1	0	-0.34
-1	1	0	-0.37
-1	1	0	-0.39
-1	1	0	-0.41
-1	1	0	-0.44
-1	1	0	-0.46
-1	1	0	-0.48
-1	1	0	-0.51
-1	1	0	-0.53
-1	1	0	-0.55
-1	1	0	-0.58
-1	1	0	-0.60
-1	1	0	-0.62
-1	1	0	-0.65
-1	1	0	-0.67
-1	1	0	-0.69
-1	1	0	-0.72
-1	1	0	-0.74
-1	1	0	-0.76
-1	1	0	-0.79
-1	1	0	-0.81
-1	1	0	-0.83
-1	1	0	-0.85
0	0	0	-0.71
0	0	0	-0.71
1	-1	0	-0.54
2	-2	0	-0.35
2	-2	0	-0.30
2	-2	0	-0.25
2	-2	0	-0.21
2	-2	0	-0.16
2	-2	0	-0.12
2	-2	0	-0.07
2	-2	0	-0.02
2	-2	0	0.02
2	-2	0	0.07
2	-2	0	0.12
2	-2	0	0.16
2	-2	0	0.21
2	-2	0	0.25
2	-2	0	0.30
2	-2	0	0.35
2	-2	0	0.39
2	-2	0	0.44
2	-2	0	0.49
2	-2	0	0.53
2	-2	0	0.58
2	-2	0	0.63
1	-1	0	0.50
1	-1	0	0.53
1	-1	0	0.55
1	-1	0	0.57
1	-1	0	0.60
1	-1	0	0.62
1	-1	0	0.64
0	0	0	0.50
-1	1	0	0.33
-1	1	0	0.30
-1	1	0	0.28
-1	1	0	0.26
-1	1	0	0.23
-1	1	0	0.21
-1	1	0	0.19
-1	1	0	0.16
-1	1	0	0.14
-1	1	0	0.12
-1	1	0	0.10
-1	1	0	0.07
-1	1	0	0.05
-1	1	0	0.03
-1	1	0	0.00
-1	1	0	-0.02
-1	1	0	-0.04
-1	1	0	-0.07
-1	1	0	-0.09
-1	1	0	-0.11
-1	1	0	-0.14
-1	1	0	-0.16
-1	1	0	-0.18
-1	1	0	-0.21
-1	1	0	-0.23
-1	1	0	-0.25
-1	1	0	-0.28
-1	1	0	-0.30
-1	1	0	-0.32
-1	1	0	-0.34
-1	1	0	-0.37
-1	1	0	-0.39
-1	1	0	-0.41
-1	1	0	-0.44
-1	1	0	-0.46
-1	1	0	-0.48
-1	1	0	-0.51
-1	1	0	-0.53
-1	1	0	-0.55
-1	1	0	-0.58
-1	1	0	-0.60
-1	1	0	-0.62
-1	1	0	-0.65
-1	1	0	-0.67
-1	1	0	-0.69
-1	1	0	-0.72
-1	1	0	-0.74
-1	1	0	-0.76
-1	1	0	-0.79
-1	1	0	-0.81
-1	1	0	-0.83
0	0	0	-0.69
0	0	0	-0.69
0	0	0	-0.69
0	0	0	-0.69
1	-1	0	-0.52
1	-1	0	-0.49
1	-1	0	-0.47
1	-1	0	-0.45
1	-1	0	-0.42
1	-1	0	-0.40
1	-1	0	-0.38
1	-1	0	-0.35
1	-1	0	-0.33
1	-1	0	-0.31
1	-1	0	-0.28
1	-1	0	-0.26
1	-1	0	-0.24
1	-1	0	-0.22
1	-1	0	-0.19
1	-1	0	-0.17
1	-1	0	-0.15
1	-1	0	-0.12
1	-1	0	-0.10
1	-1	0	-0.08
1	-1	0	-0.05
1	-1	0	-0.03
1	-1	0	-0.01
1	-1	0	0.02
1	-1	0	0.04
1	-1	0	0.06
1	-1	0	0.09
1	-1	0	0.11
1	-1	0	0.13
1	-1	0	0.16
1	-1	0	0.18
1	-1	0	0.20
1	-1	0	0.22
1	-1	0	0.25
1	-1	0	0.27
1	-1	0	0.29
1	-1	0	0.32
1	-1	0	0.34
1	-1	0	0.36
1	-1	0	0.39
1	-1	0	0.41
1	-1	0	0.43
1	-1	0	0.46
1	-1	0	0.48
1	-1	0	0.50
1	-1	0	0.53
1	-1	0	0.55
1	-1	0	0.57
1	-1	0	0.60
1	-1	0	0.62
1	-1	0	0.64
0	0	0	0.50
-1	1	0	0.33
-1	1	0	0.30
-1	1	0	0.28
-1	1	0	0.26
-1	1	0	0.23
-1	1	0	0.21
-1	1	0	0.19
-1	1	0	0.16
-1	1	0	0.14
-1	1	0	0.12
-1	1	0	0.10
-1	1	0	0.07
-1	1	0	0.05
-1	1	0	0.03
-1	1	0	0.00
-1	1	0	-0.02
-1	1	0	-0.04
-1	1	0	-0.07
-1	1	0	-0.09
-1	1	0	-0.11
-1	1	0	-0.14
-1	1	0	-0.16
-1	1	0	-0.18
-1	1	0	-0.21
-1	1	0	-0.23
-1	1	0	-0.25
-1	1	0	-0.28
-1	1	0	-0.30
-1	1	0	-0.32
-1	1	0	-0.34
-1	1	0	-0.37
-1	1	0	-0.39
-1	1	0	-0.41
-1	1	0	-0.44
-1	1	0	-0.46
-1	1	0	-0.48
-1	1	0	-0.51
1999	1	2000	12.00
1990	10	2000	12.00
1964	36	2000	12.00
1927	73	2000	12.00
1883	117	2000	12.00
1832	168	2000	12.00
1778	222	2000	12.00
1721	279	2000	12.00
1662	338	2000	12.00
1601	399	2000	12.00
1540	460	2000	12.00
1477	523	2000	12.00
1415	585	2000	12.00
1351	649	2000	12.00
1287	713	2000	12.00
1223	777	2000	12.00
1159	841	2000	12.00
1095	905	2000	12.00
1031	969	2000	12.00
966	1034	2000	12.00
901	1099	2000	12.00
837	1163	2000	12.00
772	1228	2000	12.00
707	1293	2000	12.00
643	1357	2000	12.00
578	1422	2000	12.00
513	1487	2000	12.00
448	1552	2000	12.00
383	1617	2000	11.39
319	1681	2000	9.44
256	1744	2000	6.17
197	1803	2000	2.13
147	1853	2000	-1.77
111	1889	2000	-4.45
92	1908	2000	-5.09
87	1913	2000	-3.80
93	1907	2000	-0.77
101	1899	2000	2.73
104	1896	2000	5.58
99	1901	2000	7.14
86	1914	2000	7.24
65	1935	2000	5.68
40	1960	2000	2.96
15	1985	2000	-0.34
-4	2004	2000	-3.21
-14	2014	2000	-4.99
-13	2013	2000	-5.15
-3	2003	2000	-3.76
11	1989	2000	-1.46
25	1975	2000	1.16
35	1965	2000	3.43
38	1962	2000	4.75
33	1967	2000	4.79
21	1979	2000	3.52
7	1993	2000	1.64
-7	2007	2000	-0.57
-18	2018	2000	-2.59
-23	2023	2000	-3.85
-19	2019	2000	-3.71
-11	2011	2000	-2.79
-1	2001	2000	-1.36
10	1990	2000	0.48
19	1981	2000	2.23
22	1978	2000	3.18
20	1980	2000	3.35
13	1987	2000	2.63
5	1995	2000	1.58
-5	2005	2000	0.00
-12	2012	2000	-1.29
-16	2016	2000	-2.25
-15	2015	2000	-2.45
-10	2010	2000	-1.95
-4	2004	2000	-1.17
3	1997	2000	-0.08
8	1992	2000	0.84
10	1990	2000	1.36
10	1990	2000	1.59
8	1992	2000	1.48
5	1995	2000	1.16
1	1999	2000	0.60
-3	2003	2000	-0.05
-6	2006	2000	-0.63
-7	2007	2000	-0.94
-6	2006	2000	-0.93
-4	2004	2000	-0.73
-2	2002	2000	-0.48
0	2000	2000	-0.19
1	1999	2000	-0.02
1	1999	2000	-0.00
1	1999	2000	0.02
1	1999	2000	0.05
1	1999	2000	0.07
1	1999	2000	0.09
1	1999	2000	0.12
1	1999	2000	0.14
1	1999	2000	0.16
1	1999	2000	0.19
1	1999	2000	0.21
1	1999	2000	0.23
1	1999	2000	0.25
1	1999	2000	0.28
1	1999	2000	0.30
1	1999	2000	0.32
1	1999	2000	0.35
1	1999	2000	0.37
1	1999	2000	0.39
1	1999	2000	0.42
1	1999	2000	0.44
1	1999	2000	0.46
1	1999	2000	0.49
1	1999	2000	0.51
1	1999	2000	0.53
1	1999	2000	0.56
1	1999	2000	0.58
0	2000	2000	0.43
0	2000	2000	0.43
0	2000	2000	0.43
0	2000	2000	0.43
0	2000	2000	0.43
0	2000	2000	0.43
0	2000	2000	0.43
0	2000	2000	0.43
0	2000	2000	0.43
0	2000	2000	0.43
0	2000	2000	0.43
0	2000	2000	0.43
0	2000	2000	0.43
0	2000	2000	0.43
0	2000	2000	0.43
0	2000	2000	0.43
0	2000	2000	0.43
0	2000	2000	0.43
0	2000	2000	0.43
0	2000	2000	0.43
0	2000	2000	0.43
0	2000	2000	0.43
0	2000	2000	0.43
0	2000	2000	0.43
0	2000	2000	0.43
0	2000	2000	0.43
0	2000	2000	0.43
0	2000	2000	0.43
0	2000	2000	0.43
0	2000	2000	0.43
0	2000	2000	0.43
0	2000	2000	0.43
0	2000	2000	0.43
0	2000	2000	0.43
0	2000	2000	0.43
0	2000	2000	0.43
0	2000	2000	0.43
0	2000	2000	0.43
0	2000	2000	0.43
0	2000	2000	0.43
0	2000	2000	0.43
0	2000	2000	0.43
0	2000	2000	0.43
0	2000	2000	0.43
0	2000	2000	0.43
0	2000	2000	0.43
0	2000	2000	0.43
0	2000	2000	0.43
0	2000	2000	0.43
0	2000	2000	0.43
0	2000	2000	0.43
0	2000	2000	0.43
0	2000	2000	0.43
0	2000	2000	0.43
0	2000	2000	0.43
0	2000	2000	0.43
0	2000	2000	0.43
0	2000	2000	0.43
0	2000	2000	0.43
0	2000	2000	0.43
0	2000	2000	0.43
0	2000	2000	0.43
0	2000	2000	0.43
0	2000	2000	0.43
0	2000	2000	0.43
0	2000	2000	0.43
0	2000	2000	0.43
0	2000	2000	0.43
0	2000	2000	0.43
0	2000	2000	0.43
0	2000	2000	0.43
0	2000	2000	0.43
0	2000	2000	0.43
0	2000	2000	0.43
0	2000	2000	0.43
0	2000	2000	0.43
0	2000	2000	0.43
0	2000	2000	0.43
0	2000	2000	0.43
0	2000	2000	0.43
0	2000	2000	0.43
0	2000	2000	0.43
0	2000	2000	0.43
0	2000	2000	0.43
0	2000	2000	0.43
0	2000	2000	0.43
0	2000	2000	0.43
0	2000	2000	0.43
0	2000	2000	0.43
0	2000	2000	0.43
0	2000	2000	0.43
0	2000	2000	0.43
0	2000	2000	0.43
0	2000	2000	0.43
0	2000	2000	0.43
0	2000	2000	0.43
0	2000	2000	0.43
0	2000	2000	0.43
0	2000	2000	0.43
0	2000	2000	0.43
0	2000	2000	0.43
0	2000	2000	0.43
0	2000	2000	0.43
0	2000	2000	0.43
0	2000	2000	0.43
0	2000	2000	0.43
0	2000	2000	0.43
0	2000	2000	0.43
0	2000	2000	0.43
0	2000	2000	0.43
0	2000	2000	0.43
0	2000	2000	0.43
0	2000	2000	0.43
0	2000	2000	0.43
0	2000	2000	0.43
0	2000	2000	0.43
0	2000	2000	0.43
0	2000	2000	0.43
0	2000	2000	0.43
0	2000	2000	0.43
0	2000	2000	0.43
0	2000	2000	0.43
0	2000	2000	0.43
0	2000	2000	0.43
0	2000	2000	0.43
0	2000	2000	0.43
0	2000	2000	0.43
0	2000	2000	0.43
0	2000	2000	0.43
0	2000	2000	0.43
0	2000	2000	0.43
0	2000	2000	0.43
0	2000	2000	0.43
0	2000	2000	0.43
0	2000	2000	0.43
0	2000	2000	0.43
0	2000	2000	0.43
0	2000	2000	0.43
0	2000	2000	0.43
0	2000	2000	0.43
0	2000	2000	0.43
0	2000	2000	0.43
0	2000	2000	0.43
0	2000	2000	0.43
0	2000	2000	0.43
0	2000	2000	0.43
0	2000	2000	0.43
0	2000	2000	0.43
0	2000	2000	0.43
0	2000	2000	0.43
0	2000	2000	0.43
0	2000	2000	0.43
0	2000	2000	0.43
0	2000	2000	0.43
0	2000	2000	0.43
0	2000	2000	0.43
0	2000	2000	0.43
0	2000	2000	0.43
0	2000	2000	0.43
0	2000	2000	0.43
0	2000	2000	0.43
0	2000	2000	0.43
0	2000	2000	0.43
0	2000	2000	0.43
0	2000	2000	0.43
0	2000	2000	0.43
0	2000	2000	0.43
0	2000	2000	0.43
0	2000	2000	0.43
0	2000	2000	0.43
0	2000	2000	0.43
0	2000	2000	0.43
0	2000	2000	0.43
0	2000	2000	0.43
0	2000	2000	0.43
0	2000	2000	0.43
0	2000	2000	0.43
0	2000	2000	0.43
0	2000	2000	0.43
0	2000	2000	0.43
0	2000	2000	0.43
0	2000	2000	0.43
0	2000	2000	0.43
0	2000	2000	0.43
0	2000	2000	0.43
0	2000	2000	0.43
0	2000	2000	0.43
-2000	2000	0	-12.00
-1991	1991	0	-12.00
-1965	1965	0	-12.00
-1928	1928	0	-12.00
-1882	1882	0	-12.00
-1831	1831	0	-12.00
-1775	1775	0	-12.00
-1717	1717	0	-12.00
-1657	1657	0	-12.00
-1595	1595	0	-12.00
-1532	1532	0	-12.00
-1468	1468	0	-12.00
-1403	1403	0	-12.00
-1338	1338	0	-12.00
-1272	1272	0	-12.00
-1207	1207	0	-12.00
-1140	1140	0	-12.00
-1074	1074	0	-12.00
-1007	1007	0	-12.00
-941	941	0	-12.00
-875	875	0	-12.00
-808	808	0	-12.00
-741	741	0	-12.00
-674	674	0	-12.00
-607	607	0	-12.00
-541	541	0	-12.00
-474	474	0	-12.00
-407	407	0	-11.65
-341	341	0	-9.92
-275	275	0	-6.66
-213	213	0	-2.54
-160	160	0	1.48
-120	120	0	4.54
-97	97	0	5.65
-90	90	0	4.59
-95	95	0	1.66
-104	104	0	-2.06
-109	109	0	-5.32
-107	107	0	-7.50
-94	94	0	-7.78
-73	73	0	-6.41
-47	47	0	-3.71
-20	20	0	-0.23
3	-3	0	3.20
15	-15	0	5.29
16	-16	0	5.81
7	-7	0	4.66
-8	8	0	2.29
-24	24	0	-0.60
-37	37	0	-3.36
-41	41	0	-4.89
-37	37	0	-5.16
-26	26	0	-4.16
-10	10	0	-2.06
5	-5	0	0.25
18	-18	0	2.56
24	-24	0	3.99
22	-22	0	4.21
14	-14	0	3.37
2	-2	0	1.66
-10	10	0	-0.32
-19	19	0	-2.08
-23	23	0	-3.19
-22	22	0	-3.56
-16	16	0	-3.05
-6	6	0	-1.73
4	-4	0	-0.18
12	-12	0	1.27
17	-17	0	2.39
17	-17	0	2.78
13	-13	0	2.50
6	-6	0	1.62
-2	2	0	0.41
-8	8	0	-0.66
-12	12	0	-1.52
-13	13	0	-1.96
-10	10	0	-1.76
-6	6	0	-1.31
-1	1	0	-0.61
3	-3	0	0.05
7	-7	0	0.79
7	-7	0	0.95
7	-7	0	1.12
5	-5	0	0.94
3	-3	0	0.72
0	0	0	0.28
-2	2	0	-0.06
-3	3	0	-0.27
-3	3	0	-0.34
-3	3	0	-0.41
-3	3	0	-0.48
-3	3	0	-0.55
-3	3	0	-0.62
-3	3	0	-0.69
-1	1	0	-0.42
-1	1	0	-0.44
-1	1	0	-0.47
-1	1	0	-0.49
-1	1	0	-0.51
-1	1	0	-0.54
-1	1	0	-0.56
-1	1	0	-0.58
-1	1	0	-0.61
-1	1	0	-0.63
-1	1	0	-0.65
-1	1	0	-0.68
-1	1	0	-0.70
-1	1	0	-0.72
-1	1	0	-0.75
-1	1	0	-0.77
-1	1	0	-0.79
-1	1	0	-0.82
-1	1	0	-0.84
-1	1	0	-0.86
-1	1	0	-0.88
-1	1	0	-0.91
0	0	0	-0.76
0	0	0	-0.76
1	-1	0	-0.59
2	-2	0	-0.40
3	-3	0	-0.19
3	-3	0	-0.12
3	-3	0	-0.05
3	-3	0	0.02
3	-3	0	0.09
3	-3	0	0.16
3	-3	0	0.23
3	-3	0	0.30
3	-3	0	0.37
3	-3	0	0.44
3	-3	0	0.51
3	-3	0	0.58
3	-3	0	0.65
3	-3	0	0.72
1	-1	0	0.45
1	-1	0	0.47
1	-1	0	0.50
1	-1	0	0.52
1	-1	0	0.54
1	-1	0	0.57
1	-1	0	0.59
0	0	0	0.44
0	0	0	0.44
0	0	0	0.44
0	0	0	0.44
0	0	0	0.44
0	0	0	0.44
0	0	0	0.44
0	0	0	0.44
0	0	0	0.44
0	0	0	0.44
0	0	0	0.44
0	0	0	0.44
0	0	0	0.44
0	0	0	0.44
0	0	0	0.44
0	0	0	0.44
0	0	0	0.44
0	0	0	0.44
0	0	0	0.44
0	0	0	0.44
0	0	0	0.44
0	0	0	0.44
0	0	0	0.44
0	0	0	0.44
0	0	0	0.44
0	0	0	0.44
0	0	0	0.44
0	0	0	0.44
0	0	0	0.44
0	0	0	0.44
0	0	0	0.44
0	0	0	0.44
0	0	0	0.44
0	0	0	0.44
0	0	0	0.44
0	0	0	0.44
0	0	0	0.44
0	0	0	0.44
0	0	0	0.44
0	0	0	0.44
0	0	0	0.44
0	0	0	0.44
0	0	0	0.44
0	0	0	0.44
0	0	0	0.44
0	0	0	0.44
0	0	0	0.44
0	0	0	0.44
0	0	0	0.44
0	0	0	0.44
0	0	0	0.44
0	0	0	0.44
0	0	0	0.44
0	0	0	0.44
0	0	0	0.44
0	0	0	0.44
0	0	0	0.44
0	0	0	0.44
0	0	0	0.44
0	0	0	0.44
0	0	0	0.44
0	0	0	0.44
0	0	0	0.44
0	0	0	0.44
0	0	0	0.44
0	0	0	0.44
0	0	0	0.44
0	0	0	0.44
0	0	0	0.44
0	0	0	0.44
0	0	0	0.44
0	0	0	0.44
0	0	0	0.44
0	0	0	0.44
0	0	0	0.44
0	0	0	0.44
0	0	0	0.44
0	0	0	0.44
0	0	0	0.44
0	0	0	0.44
0	0	0	0.44
0	0	0	0.44
0	0	0	0.44
0	0	0	0.44
0	0	0	0.44
0	0	0	0.44
0	0	0	0.44
0	0	0	0.44
0	0	0	0.44
0	0	0	0.44
0	0	0	0.44
0	0	0	0.44
0	0	0	0.44
0	0	0	0.44
0	0	0	0.44
0	0	0	0.44
0	0	0	0.44
0	0	0	0.44
0	0	0	0.44
0	0	0	0.44
0	0	0	0.44
0	0	0	0.44
0	0	0	0.44
0	0	0	0.44
0	0	0	0.44
0	0	0	0.44
0	0	0	0.44
0	0	0	0.44
0	0	0	0.44
0	0	0	0.44
0	0	0	0.44
0	0	0	0.44
0	0	0	0.44
0	0	0	0.44
0	0	0	0.44
0	0	0	0.44
0	0	0	0.44
0	0	0	0.44
0	0	0	0.44
0	0	0	0.44
0	0	0	0.44
0	0	0	0.44
0	0	0	0.44
0	0	0	0.44
0	0	0	0.44
0	0	0	0.44
0	0	0	0.44
0	0	0	0.44
0	0	0	0.44
0	0	0	0.44
0	0	0	0.44
0	0	0	0.44
0	0	0	0.44
0	0	0	0.44
0	0	0	0.44
0	0	0	0.44
0	0	0	0.44
0	0	0	0.44
0	0	0	0.44
0	0	0	0.44
0	0	0	0.44
0	0	0	0.44
0	0	0	0.44
0	0	0	0.44
0	0	0	0.44
0	0	0	0.44
0	0	0	0.44
0	0	0	0.44
0	0	0	0.44
0	0	0	0.44
0	0	0	0.44
0	0	0	0.44
0	0	0	0.44
0	0	0	0.44
0	0	0	0.44
0	0	0	0.44
0	0	0	0.44
0	0	0	0.44
0	0	0	0.44
0	0	0	0.44
2000	0	2000	12.00
1991	9	2000	12.00
1966	34	2000	12.00
1929	71	2000	12.00
1884	116	2000	12.00
1834	166	2000	12.00
1780	220	2000	12.00
1723	277	2000	12.00
1663	337	2000	12.00
1603	397	2000	12.00
1541	459	2000	12.00
1479	521	2000	12.00
1416	584	2000	12.00
1352	648	2000	12.00
1289	711	2000	12.00
1225	775	2000	12.00
1160	840	2000	12.00
1096	904	2000	12.00
1031	969	2000	12.00
967	1033	2000	12.00
902	1098	2000	12.00
837	1163	2000	12.00
773	1227	2000	12.00
707	1293	2000	12.00
643	1357	2000	12.00
578	1422	2000	12.00
513	1487	2000	12.00
448	1552	2000	12.00
383	1617	2000	11.39
319	1681	2000	9.44
256	1744	2000	6.17
198	1802	2000	2.30
147	1853	2000	-1.74
111	1889	2000	-4.42
91	1909	2000	-5.23
87	1913	2000	-3.80
93	1907	2000	-0.77
100	1900	2000	2.56
104	1896	2000	5.56
100	1900	2000	7.29
86	1914	2000	7.24
65	1935	2000	5.68
40	1960	2000	2.96
15	1985	2000	-0.34
-4	2004	2000	-3.21
-14	2014	2000	-4.99
-13	2013	2000	-5.15
-3	2003	2000	-3.76
11	1989	2000	-1.46
25	1975	2000	1.16
35	1965	2000	3.43
38	1962	2000	4.75
33	1967	2000	4.79
21	1979	2000	3.52
7	1993	2000	1.64
-7	2007	2000	-0.57
-18	2018	2000	-2.59
-23	2023	2000	-3.85
-19	2019	2000	-3.71
-11	2011	2000	-2.79
-1	2001	2000	-1.36
10	1990	2000	0.48
18	1982	2000	2.06
22	1978	2000	3.16
20	1980	2000	3.33
14	1986	2000	2.78
5	1995	2000	1.58
-4	2004	2000	0.17
-12	2012	2000	-1.27
-15	2015	2000	-2.06
-15	2015	2000	-2.40
-11	2011	2000	-2.08
-5	2005	2000	-1.32
2	1998	2000	-0.25
7	1993	2000	0.64
10	1990	2000	1.31
11	1989	2000	1.71
9	1991	2000	1.63
5	1995	2000	1.16
1	1999	2000	0.60
-3	2003	2000	-0.05
-6	2006	2000	-0.63
-7	2007	2000	-0.94
-6	2006	2000	-0.93
-4	2004	2000	-0.73
-2	2002	2000	-0.48
-1	2001	2000	-0.36
1	1999	2000	-0.05
1	1999	2000	-0.02
1	1999	2000	-0.00
1	1999	2000	0.02
1	1999	2000	0.05
1	1999	2000	0.07
1	1999	2000	0.09
1	1999	2000	0.12
1	1999	2000	0.14
1	1999	2000	0.16
1	1999	2000	0.19
1	1999	2000	0.21
1	1999	2000	0.23
1	1999	2000	0.25
1	1999	2000	0.28
1	1999	2000	0.30
1	1999	2000	0.32
1	1999	2000	0.35
1	1999	2000	0.37
1	1999	2000	0.39
1	1999	2000	0.42
1	1999	2000	0.44
1	1999	2000	0.46
1	1999	2000	0.49
1	1999	2000	0.51
1	1999	2000	0.53
1	1999	2000	0.56
1	1999	2000	0.58
0	2000	2000	0.43
0	2000	2000	0.43
0	2000	2000	0.43
0	2000	2000	0.43
0	2000	2000	0.43
0	2000	2000	0.43
0	2000	2000	0.43
0	2000	2000	0.43
0	2000	2000	0.43
0	2000	2000	0.43
0	2000	2000	0.43
0	2000	2000	0.43
0	2000	2000	0.43
0	2000	2000	0.43
0	2000	2000	0.43
0	2000	2000	0.43
0	2000	2000	0.43
0	2000	2000	0.43
0	2000	2000	0.43
0	2000	2000	0.43
0	2000	2000	0.43
0	2000	2000	0.43
0	2000	2000	0.43
0	2000	2000	0.43
0	2000	2000	0.43
0	2000	2000	0.43
0	2000	2000	0.43
0	2000	2000	0.43
0	2000	2000	0.43
0	2000	2000	0.43
0	2000	2000	0.43
0	2000	2000	0.43
0	2000	2000	0.43
0	2000	2000	0.43
0	2000	2000	0.43
0	2000	2000	0.43
0	2000	2000	0.43
0	2000	2000	0.43
0	2000	2000	0.43
0	2000	2000	0.43
0	2000	2000	0.43
0	2000	2000	0.43
0	2000	2000	0.43
0	2000	2000	0.43
0	2000	2000	0.43
0	2000	2000	0.43
0	2000	2000	0.43
0	2000	2000	0.43
0	2000	2000	0.43
0	2000	2000	0.43
0	2000	2000	0.43
0	2000	2000	0.43
0	2000	2000	0.43
0	2000	2000	0.43
0	2000	2000	0.43
0	2000	2000	0.43
0	2000	2000	0.43
0	2000	2000	0.43
0	2000	2000	0.43
0	2000	2000	0.43
0	2000	2000	0.43
0	2000	2000	0.43
0	2000	2000	0.43
0	2000	2000	0.43
0	2000	2000	0.43
0	2000	2000	0.43
0	2000	2000	0.43
0	2000	2000	0.43
0	2000	2000	0.43
0	2000	2000	0.43
0	2000	2000	0.43
0	2000	2000	0.43
0	2000	2000	0.43
0	2000	2000	0.43
0	2000	2000	0.43
0	2000	2000	0.43
0	2000	2000	0.43
0	2000	2000	0.43
0	2000	2000	0.43
0	2000	2000	0.43
0	2000	2000	0.43
0	2000	2000	0.43
0	2000	2000	0.43
0	2000	2000	0.43
0	2000	2000	0.43
0	2000	2000	0.43
0	2000	2000	0.43
0	2000	2000	0.43
0	2000	2000	0.43
0	2000	2000	0.43
0	2000	2000	0.43
0	2000	2000	0.43
0	2000	2000	0.43
0	2000	2000	0.43
0	2000	2000	0.43
0	2000	2000	0.43
0	2000	2000	0.43
0	2000	2000	0.43
0	2000	2000	0.43
0	2000	2000	0.43
0	2000	2000	0.43
0	2000	2000	0.43
0	2000	2000	0.43
0	2000	2000	0.43
0	2000	2000	0.43
0	2000	2000	0.43
0	2000	2000	0.43
0	2000	2000	0.43
0	2000	2000	0.43
0	2000	2000	0.43
0	2000	2000	0.43
0	2000	2000	0.43
0	2000	2000	0.43
0	2000	2000	0.43
0	2000	2000	0.43
0	2000	2000	0.43
0	2000	2000	0.43
0	2000	2000	0.43
0	2000	2000	0.43
0	2000	2000	0.43
0	2000	2000	0.43
0	2000	2000	0.43
0	2000	2000	0.43
0	2000	2000	0.43
0	2000	2000	0.43
0	2000	2000	0.43
0	2000	2000	0.43
0	2000	2000	0.43
0	2000	2000	0.43
0	2000	2000	0.43
0	2000	2000	0.43
0	2000	2000	0.43
0	2000	2000	0.43
0	2000	2000	0.43
0	2000	2000	0.43
0	2000	2000	0.43
0	2000	2000	0.43
0	2000	2000	0.43
0	2000	2000	0.43
0	2000	2000	0.43
0	2000	2000	0.43
0	2000	2000	0.43
0	2000	2000	0.43
0	2000	2000	0.43
0	2000	2000	0.43
0	2000	2000	0.43
0	2000	2000	0.43
0	2000	2000	0.43
0	2000	2000	0.43
0	2000	2000	0.43
0	2000	2000	0.43
0	2000	2000	0.43
0	2000	2000	0.43
0	2000	2000	0.43
0	2000	2000	0.43
0	2000	2000	0.43
0	2000	2000	0.43
0	2000	2000	0.43
0	2000	2000	0.43
0	2000	2000	0.43
0	2000	2000	0.43
0	2000	2000	0.43
0	2000	2000	0.43
0	2000	2000	0.43
0	2000	2000	0.43
0	2000	2000	0.43
0	2000	2000	0.43
0	2000	2000	0.43
0	2000	2000	0.43
0	2000	2000	0.43
0	2000	2000	0.43
0	2000	2000	0.43
0	2000	2000	0.43
0	2000	2000	0.43
0	2000	2000	0.43
0	2000	2000	0.43
0	2000	2000	0.43
0	2000	2000	0.43
0	2000	2000	0.43
0	2000	2000	0.43
0	2000	2000	0.43
0	2000	2000	0.43
0	2000	2000	0.43
0	2000	2000	0.43
0	2000	2000	0.43
0	2000	2000	0.43
-2000	2000	0	-12.00
-1991	1991	0	-12.00
-1965	1965	0	-12.00
-1928	1928	0	-12.00
-1882	1882	0	-12.00
-1831	1831	0	-12.00
-1776	1776	0	-12.00
-1718	1718	0	-12.00
-1658	1658	0	-12.00
-1596	1596	0	-12.00
-1533	1533	0	-12.00
-1469	1469	0	-12.00
-1405	1405	0	-12.00
-1340	1340	0	-12.00
-1274	1274	0	-12.00
-1209	1209	0	-12.00
-1143	1143	0	-12.00
-1077	1077	0	-12.00
-1010	1010	0	-12.00
-944	944	0	-12.00
-877	877	0	-12.00
-811	811	0	-12.00
-744	744	0	-12.00
-677	677	0	-12.00
-611	611	0	-12.00
-544	544	0	-12.00
-477	477	0	-12.00
-411	411	0	-11.89
-344	344	0	-10.08
-279	279	0	-7.06
-217	217	0	-3.04
-162	162	0	1.24
-121	121	0	4.42
-96	96	0	5.84
-88	88	0	4.97
-92	92	0	2.26
-101	101	0	-1.40
-108	108	0	-4.92
-107	107	0	-7.25
-96	96	0	-7.87
-76	76	0	-6.71
-51	51	0	-4.25
-24	24	0	-0.86
-1	1	0	2.47
15	-15	0	5.15
18	-18	0	6.01
10	-10	0	5.07
-5	5	0	2.77
-21	21	0	-0.05
-34	34	0	-2.74
-41	41	0	-4.71
-38	38	0	-5.15
-28	28	0	-4.34
-13	13	0	-2.45
2	-2	0	-0.22
15	-15	0	2.03
22	-22	0	3.56
22	-22	0	4.07
15	-15	0	3.39
5	-5	0	2.05
-6	6	0	0.31
-15	15	0	-1.35
-21	21	0	-2.72
-21	21	0	-3.20
-16	16	0	-2.84
-8	8	0	-1.86
1	-1	0	-0.53
9	-9	0	0.85
14	-14	0	1.90
15	-15	0	2.40
13	-13	0	2.41
8	-8	0	1.86
1	-1	0	0.86
-5	5	0	-0.13
-10	10	0	-1.09
-12	12	0	-1.66
-11	11	0	-1.77
-8	8	0	-1.51
-3	3	0	-0.85
1	-1	0	-0.25
5	-5	0	0.45
6	-6	0	0.74
6	-6	0	0.88
5	-5	0	0.85
3	-3	0	0.62
1	-1	0	0.35
-1	1	0	0.04
-2	2	0	-0.15
-2	2	0	-0.20
-2	2	0	-0.25
-2	2	0	-0.29
-2	2	0	-0.34
-2	2	0	-0.38
-2	2	0	-0.43
-2	2	0	-0.48
-2	2	0	-0.52
-2	2	0	-0.57
-1	1	0	-0.45
-1	1	0	-0.47
-1	1	0	-0.49
-1	1	0	-0.52
-1	1	0	-0.54
-1	1	0	-0.56
-1	1	0	-0.59
-1	1	0	-0.61
-1	1	0	-0.63
-1	1	0	-0.66
-1	1	0	-0.68
-1	1	0	-0.70
-1	1	0	-0.72
-1	1	0	-0.75
-1	1	0	-0.77
-1	1	0	-0.79
-1	1	0	-0.82
-1	1	0	-0.84
-1	1	0	-0.86
0	0	0	-0.72
0	0	0	-0.72
0	0	0	-0.72
1	-1	0	-0.55
2	-2	0	-0.36
3	-3	0	-0.14
3	-3	0	-0.07
3	-3	0	-0.00
3	-3	0	0.07
3	-3	0	0.14
3	-3	0	0.21
3	-3	0	0.28
3	-3	0	0.35
3	-3	0	0.41
3	-3	0	0.48
3	-3	0	0.55
3	-3	0	0.62
2	-2	0	0.52
2	-2	0	0.57
1	-1	0	0.45
1	-1	0	0.47
1	-1	0	0.49
1	-1	0	0.52
1	-1	0	0.54
1	-1	0	0.56
1	-1	0	0.59
1	-1	0	0.61
1	-1	0	0.63
1	-1	0	0.66
0	0	0	0.51
-1	1	0	0.34
-1	1	0	0.32
-1	1	0	0.29
-1	1	0	0.27
-1	1	0	0.25
-1	1	0	0.22
-1	1	0	0.20
-1	1	0	0.18
-1	1	0	0.16
-1	1	0	0.13
-1	1	0	0.11
-1	1	0	0.09
-1	1	0	0.06
-1	1	0	0.04
-1	1	0	0.02
-1	1	0	-0.01
-1	1	0	-0.03
-1	1	0	-0.05
-1	1	0	-0.08
-1	1	0	-0.10
-1	1	0	-0.12
-1	1	0	-0.15
-1	1	0	-0.17
-1	1	0	-0.19
-1	1	0	-0.22
-1	1	0	-0.24
-1	1	0	-0.26
-1	1	0	-0.28
-1	1	0	-0.31
-1	1	0	-0.33
-1	1	0	-0.35
-1	1	0	-0.38
-1	1	0	-0.40
-1	1	0	-0.42
-1	1	0	-0.45
-1	1	0	-0.47
-1	1	0	-0.49
-1	1	0	-0.52
-1	1	0	-0.54
-1	1	0	-0.56
-1	1	0	-0.59
-1	1	0	-0.61
-1	1	0	-0.63
-1	1	0	-0.66
-1	1	0	-0.68
-1	1	0	-0.70
-1	1	0	-0.72
-1	1	0	-0.75
-1	1	0	-0.77
-1	1	0	-0.79
-1	1	0	-0.82
-1	1	0	-0.84
-1	1	0	-0.86
0	0	0	-0.72
0	0	0	-0.72
1	-1	0	-0.55
3	-3	0	-0.19
3	-3	0	-0.12
3	-3	0	-0.05
3	-3	0	0.02
3	-3	0	0.09
3	-3	0	0.16
3	-3	0	0.23
3	-3	0	0.30
3	-3	0	0.37
3	-3	0	0.44
3	-3	0	0.51
3	-3	0	0.58
3	-3	0	0.65
2	-2	0	0.55
1	-1	0	0.42
1	-1	0	0.45
1	-1	0	0.47
1	-1	0	0.49
1	-1	0	0.52
1	-1	0	0.54
1	-1	0	0.56
1	-1	0	0.59
1	-1	0	0.61
1	-1	0	0.63
1	-1	0	0.66
0	0	0	0.51
0	0	0	0.51
-1	1	0	0.34
-1	1	0	0.32
-1	1	0	0.29
-1	1	0	0.27
-1	1	0	0.25
-1	1	0	0.22
-1	1	0	0.20
-1	1	0	0.18
-1	1	0	0.16
-1	1	0	0.13
-1	1	0	0.11
-1	1	0	0.09
-1	1	0	0.06
-1	1	0	0.04
-1	1	0	0.02
-1	1	0	-0.01
-1	1	0	-0.03
-1	1	0	-0.05
-1	1	0	-0.08
-1	1	0	-0.10
-1	1	0	-0.12
-1	1	0	-0.15
-1	1	0	-0.17
-1	1	0	-0.19
-1	1	0	-0.22
-1	1	0	-0.24
-1	1	0	-0.26
-1	1	0	-0.28
-1	1	0	-0.31
-1	1	0	-0.33
-1	1	0	-0.35
-1	1	0	-0.38
-1	1	0	-0.40
-1	1	0	-0.42
-1	1	0	-0.45
-1	1	0	-0.47
-1	1	0	-0.49
-1	1	0	-0.52
-1	1	0	-0.54
-1	1	0	-0.56
-1	1	0	-0.59
-1	1	0	-0.61
-1	1	0	-0.63
-1	1	0	-0.66
-1	1	0	-0.68
-1	1	0	-0.70
-1	1	0	-0.72
-1	1	0	-0.75
-1	1	0	-0.77
-1	1	0	-0.79
-1	1	0	-0.82
-1	1	0	-0.84
0	0	0	-0.69
0	0	0	-0.69
0	0	0	-0.69
1	-1	0	-0.53
1	-1	0	-0.50
2	-2	0	-0.31
2	-2	0	-0.26
2	-2	0	-0.22
2	-2	0	-0.17
2	-2	0	-0.12
2	-2	0	-0.08
2	-2	0	-0.03
2	-2	0	0.01
2	-2	0	0.06
2	-2	0	0.11
2	-2	0	0.15
2	-2	0	0.20
2	-2	0	0.25
2	-2	0	0.29
2	-2	0	0.34
2002	-2	2000	12.00
1993	7	2000	12.00
1968	32	2000	12.00
1931	69	2000	12.00
1887	113	2000	12.00
1837	163	2000	12.00
1783	217	2000	12.00
1726	274	2000	12.00
1667	333	2000	12.00
1607	393	2000	12.00
1545	455	2000	12.00
1483	517	2000	12.00
1420	580	2000	12.00
1357	643	2000	12.00
1293	707	2000	12.00
1229	771	2000	12.00
1165	835	2000	12.00
1101	899	2000	12.00
1036	964	2000	12.00
972	1028	2000	12.00
907	1093	2000	12.00
843	1157	2000	12.00
778	1222	2000	12.00
713	1287	2000	12.00
649	1351	2000	12.00
584	1416	2000	12.00
519	1481	2000	12.00
455	1545	2000	12.00
390	1610	2000	11.55
325	1675	2000	9.59
262	1738	2000	6.47
203	1797	2000	2.56
151	1849	2000	-1.53
113	1887	2000	-4.46
93	1907	2000	-5.22
87	1913	2000	-4.08
92	1908	2000	-1.22
100	1900	2000	2.26
105	1895	2000	5.42
101	1899	2000	7.18
89	1911	2000	7.49
69	1931	2000	6.17
43	1957	2000	3.37
18	1982	2000	0.14
-3	2003	2000	-2.99
-13	2013	2000	-4.76
-13	2013	2000	-5.06
-5	2005	2000	-4.00
9	1991	2000	-1.75
23	1977	2000	0.82
34	1966	2000	3.21
38	1962	2000	4.68
33	1967	2000	4.71
23	1977	2000	3.79
9	1991	2000	1.95
-6	2006	2000	-0.38
-17	2017	2000	-2.37
-23	2023	2000	-3.78
-20	2020	2000	-3.81
-13	2013	2000	-3.09
-2	2002	2000	-1.53
9	1991	2000	0.28
18	1982	2000	2.01
22	1978	2000	3.11
21	1979	2000	3.45
14	1986	2000	2.75
5	1995	2000	1.55
-4	2004	2000	0.15
-12	2012	2000	-1.30
-16	2016	2000	-2.25
-15	2015	2000	-2.45
-10	2010	2000	-1.95
-4	2004	2000	-1.17
2	1998	2000	-0.25
7	1993	2000	0.64
10	1990	2000	1.31
11	1989	2000	1.71
9	1991	2000	1.63
5	1995	2000	1.16
1	1999	2000	0.60
-3	2003	2000	-0.05
-6	2006	2000	-0.63
-7	2007	2000	-0.94
-6	2006	2000	-0.93
-4	2004	2000	-0.73
-2	2002	2000	-0.49
-1	2001	2000	-0.36
1	1999	2000	-0.05
1	1999	2000	-0.03
1	1999	2000	-0.00
1	1999	2000	0.02
1	1999	2000	0.04
1	1999	2000	0.07
1	1999	2000	0.09
1	1999	2000	0.11
1	1999	2000	0.14
1	1999	2000	0.16
1	1999	2000	0.18
1	1999	2000	0.21
1	1999	2000	0.23
1	1999	2000	0.25
1	1999	2000	0.28
1	1999	2000	0.30
1	1999	2000	0.32
1	1999	2000	0.34
1	1999	2000	0.37
1	1999	2000	0.39
1	1999	2000	0.41
1	1999	2000	0.44
1	1999	2000	0.46
1	1999	2000	0.48
1	1999	2000	0.51
1	1999	2000	0.53
1	1999	2000	0.55
1	1999	2000	0.58
0	2000	2000	0.43
0	2000	2000	0.43
0	2000	2000	0.43
0	2000	2000	0.43
0	2000	2000	0.43
0	2000	2000	0.43
0	2000	2000	0.43
0	2000	2000	0.43
0	2000	2000	0.43
0	2000	2000	0.43
0	2000	2000	0.43
0	2000	2000	0.43
0	2000	2000	0.43
0	2000	2000	0.43
0	2000	2000	0.43
0	2000	2000	0.43
0	2000	2000	0.43
0	2000	2000	0.43
0	2000	2000	0.43
0	2000	2000	0.43
0	2000	2000	0.43
0	2000	2000	0.43
0	2000	2000	0.43
0	2000	2000	0.43
0	2000	2000	0.43
0	2000	2000	0.43
0	2000	2000	0.43
0	2000	2000	0.43
0	2000	2000	0.43
0	2000	2000	0.43
0	2000	2000	0.43
0	2000	2000	0.43
0	2000	2000	0.43
0	2000	2000	0.43
0	2000	2000	0.43
0	2000	2000	0.43
0	2000	2000	0.43
0	2000	2000	0.43
0	2000	2000	0.43
0	2000	2000	0.43
0	2000	2000	0.43
0	2000	2000	0.43
0	2000	2000	0.43
0	2000	2000	0.43
0	2000	2000	0.43
0	2000	2000	0.43
0	2000	2000	0.43
0	2000	2000	0.43
0	2000	2000	0.43
0	2000	2000	0.43
0	2000	2000	0.43
0	2000	2000	0.43
0	2000	2000	0.43
0	2000	2000	0.43
0	2000	2000	0.43
0	2000	2000	0.43
0	2000	2000	0.43
0	2000	2000	0.43
0	2000	2000	0.43
0	2000	2000	0.43
0	2000	2000	0.43
0	2000	2000	0.43
0	2000	2000	0.43
0	2000	2000	0.43
0	2000	2000	0.43
0	2000	2000	0.43
0	2000	2000	0.43
0	2000	2000	0.43
0	2000	2000	0.43
0	2000	2000	0.43
0	2000	2000	0.43
0	2000	2000	0.43
0	2000	2000	0.43
0	2000	2000	0.43
0	2000	2000	0.43
0	2000	2000	0.43
0	2000	2000	0.43
0	2000	2000	0.43
0	2000	2000	0.43
0	2000	2000	0.43
0	2000	2000	0.43
0	2000	2000	0.43
0	2000	2000	0.43
0	2000	2000	0.43
0	2000	2000	0.43
0	2000	2000	0.43
0	2000	2000	0.43
0	2000	2000	0.43
0	2000	2000	0.43
0	2000	2000	0.43
0	2000	2000	0.43
0	2000	2000	0.43
0	2000	2000	0.43
0	2000	2000	0.43
0	2000	2000	0.43
0	2000	2000	0.43
0	2000	2000	0.43
0	2000	2000	0.43
0	2000	2000	0.43
0	2000	2000	0.43
0	2000	2000	0.43
0	2000	2000	0.43
0	2000	2000	0.43
0	2000	2000	0.43
0	2000	2000	0.43
0	2000	2000	0.43
0	2000	2000	0.43
0	2000	2000	0.43
0	2000	2000	0.43
0	2000	2000	0.43
0	2000	2000	0.43
0	2000	2000	0.43
0	2000	2000	0.43
0	2000	2000	0.43
0	2000	2000	0.43
0	2000	2000	0.43
0	2000	2000	0.43
0	2000	2000	0.43
0	2000	2000	0.43
0	2000	2000	0.43
0	2000	2000	0.43
0	2000	2000	0.43
0	2000	2000	0.43
0	2000	2000	0.43
0	2000	2000	0.43
0	2000	2000	0.43
0	2000	2000	0.43
0	2000	2000	0.43
0	2000	2000	0.43
0	2000	2000	0.43
0	2000	2000	0.43
0	2000	2000	0.43
0	2000	2000	0.43
0	2000	2000	0.43
0	2000	2000	0.43
0	2000	2000	0.43
0	2000	2000	0.43
0	2000	2000	0.43
0	2000	2000	0.43
0	2000	2000	0.43
0	2000	2000	0.43
0	2000	2000	0.43
0	2000	2000	0.43
0	2000	2000	0.43
0	2000	2000	0.43
0	2000	2000	0.43
0	2000	2000	0.43
0	2000	2000	0.43
0	2000	2000	0.43
0	2000	2000	0.43
0	2000	2000	0.43
0	2000	2000	0.43
0	2000	2000	0.43
0	2000	2000	0.43
0	2000	2000	0.43
0	2000	2000	0.43
0	2000	2000	0.43
0	2000	2000	0.43
0	2000	2000	0.43
0	2000	2000	0.43
0	2000	2000	0.43
0	2000	2000	0.43
0	2000	2000	0.43
0	2000	2000	0.43
0	2000	2000	0.43
0	2000	2000	0.43
0	2000	2000	0.43
0	2000	2000	0.43
0	2000	2000	0.43
0	2000	2000	0.43
0	2000	2000	0.43
0	2000	2000	0.43
0	2000	2000	0.43
0	2000	2000	0.43
0	2000	2000	0.43
0	2000	2000	0.43
0	2000	2000	0.43
0	2000	2000	0.43
0	2000	2000	0.43
0	2000	2000	0.43
0	2000	2000	0.43
0	2000	2000	0.43
0	2000	2000	0.43
0	2000	2000	0.43
0	2000	2000	0.43
0	2000	2000	0.43
-2000	2000	0	-12.00
-1991	1991	0	-12.00
-1965	1965	0	-12.00
-1928	1928	0	-12.00
-1882	1882	0	-12.00
-1831	1831	0	-12.00
-1776	1776	0	-12.00
-1717	1717	0	-12.00
-1657	1657	0	-12.00
-1595	1595	0	-12.00
-1533	1533	0	-12.00
-1469	1469	0	-12.00
-1404	1404	0	-12.00
-1339	1339	0	-12.00
-1273	1273	0	-12.00
-1208	1208	0	-12.00
-1141	1141	0	-12.00
-1075	1075	0	-12.00
-1009	1009	0	-12.00
-943	943	0	-12.00
-876	876	0	-12.00
-809	809	0	-12.00
-743	743	0	-12.00
-676	676	0	-12.00
-609	609	0	-12.00
-543	543	0	-12.00
-476	476	0	-12.00
-409	409	0	-11.70
-343	343	0	-10.01
-277	277	0	-6.80
-215	215	0	-2.73
-161	161	0	1.42
-121	121	0	4.46
-97	97	0	5.71
-90	90	0	4.65
-95	95	0	1.72
-103	103	0	-1.83
-109	109	0	-5.23
-107	107	0	-7.42
-95	95	0	-7.87
-74	74	0	-6.52
-48	48	0	-3.84
-21	21	0	-0.38
1	-1	0	2.85
15	-15	0	5.24
16	-16	0	5.76
8	-8	0	4.77
-7	7	0	2.42
-22	22	0	-0.28
-35	35	0	-2.98
-41	41	0	-4.81
-37	37	0	-5.08
-27	27	0	-4.25
-13	13	0	-2.51
3	-3	0	-0.10
16	-16	0	2.17
23	-23	0	3.72
22	-22	0	4.08
15	-15	0	3.41
4	-4	0	1.90
-7	7	0	0.13
-17	17	0	-1.72
-21	21	0	-2.79
-20	20	0	-3.11
-14	14	0	-2.56
-7	7	0	-1.70
2	-2	0	-0.34
9	-9	0	0.89
13	-13	0	1.77
14	-14	0	2.24
12	-12	0	2.23
7	-7	0	1.66
1	-1	0	0.81
-5	5	0	-0.18
-9	9	0	-0.97
-11	11	0	-1.52
-11	11	0	-1.77
-8	8	0	-1.52
-4	4	0	-1.03
1	-1	0	-0.28
4	-4	0	0.25
6	-6	0	0.68
6	-6	0	0.82
5	-5	0	0.79
3	-3	0	0.57
1	-1	0	0.30
0	0	0	0.16
-1	1	0	-0.01
-1	1	0	-0.04
-1	1	0	-0.06
-1	1	0	-0.08
-1	1	0	-0.11
-1	1	0	-0.13
-1	1	0	-0.15
-1	1	0	-0.18
-1	1	0	-0.20
-1	1	0	-0.22
-1	1	0	-0.25
-1	1	0	-0.27
-1	1	0	-0.29
-1	1	0	-0.31
-1	1	0	-0.34
-1	1	0	-0.36
-1	1	0	-0.38
-1	1	0	-0.41
-1	1	0	-0.43
-1	1	0	-0.45
-1	1	0	-0.48
-1	1	0	-0.50
-1	1	0	-0.52
-1	1	0	-0.55
-1	1	0	-0.57
-1	1	0	-0.59
-1	1	0	-0.62
-1	1	0	-0.64
-1	1	0	-0.66
-1	1	0	-0.69
-1	1	0	-0.71
-1	1	0	-0.73
-1	1	0	-0.75
-1	1	0	-0.78
-1	1	0	-0.80
-1	1	0	-0.82
0	0	0	-0.68
0	0	0	-0.68
0	0	0	-0.68
1	-1	0	-0.51
1	-1	0	-0.49
2	-2	0	-0.29
2	-2	0	-0.25
2	-2	0	-0.20
2	-2	0	-0.16
2	-2	0	-0.11
2	-2	0	-0.06
2	-2	0	-0.02
2	-2	0	0.03
2	-2	0	0.08
2	-2	0	0.12
2	-2	0	0.17
2	-2	0	0.22
2	-2	0	0.26
2	-2	0	0.31
2	-2	0	0.35
2	-2	0	0.40
2	-2	0	0.45
2	-2	0	0.49
2	-2	0	0.54
2	-2	0	0.59
1	-1	0	0.46
1	-1	0	0.49
1	-1	0	0.51
1	-1	0	0.53
1	-1	0	0.56
1	-1	0	0.58
1	-1	0	0.60
1	-1	0	0.63
1	-1	0	0.65
0	0	0	0.50
-1	1	0	0.33
-1	1	0	0.31
-1	1	0	0.29
-1	1	0	0.26
-1	1	0	0.24
-1	1	0	0.22
-1	1	0	0.19
-1	1	0	0.17
-1	1	0	0.15
-1	1	0	0.13
-1	1	0	0.10
-1	1	0	0.08
-1	1	0	0.06
-1	1	0	0.03
-1	1	0	0.01
-1	1	0	-0.01
-1	1	0	-0.04
-1	1	0	-0.06
-1	1	0	-0.08
-1	1	0	-0.11
-1	1	0	-0.13
-1	1	0	-0.15
-1	1	0	-0.18
-1	1	0	-0.20
-1	1	0	-0.22
-1	1	0	-0.25
-1	1	0	-0.27
-1	1	0	-0.29
-1	1	0	-0.31
-1	1	0	-0.34
-1	1	0	-0.36
-1	1	0	-0.38
-1	1	0	-0.41
-1	1	0	-0.43
-1	1	0	-0.45
-1	1	0	-0.48
-1	1	0	-0.50
-1	1	0	-0.52
-1	1	0	-0.55
-1	1	0	-0.57
-1	1	0	-0.59
-1	1	0	-0.62
-1	1	0	-0.64
-1	1	0	-0.66
-1	1	0	-0.69
-1	1	0	-0.71
-1	1	0	-0.73
-1	1	0	-0.75
-1	1	0	-0.78
-1	1	0	-0.80
-1	1	0	-0.82
0	0	0	-0.68
0	0	0	-0.68
0	0	0	-0.68
1	-1	0	-0.51
1	-1	0	-0.49
2	-2	0	-0.29
2	-2	0	-0.25
2	-2	0	-0.20
2	-2	0	-0.16
2	-2	0	-0.11
2	-2	0	-0.06
2	-2	0	-0.02
2	-2	0	0.03
2	-2	0	0.08
2	-2	0	0.12
2	-2	0	0.17
2	-2	0	0.22
2	-2	0	0.26
2	-2	0	0.31
2	-2	0	0.35
2	-2	0	0.40
2	-2	0	0.45
2	-2	0	0.49
2	-2	0	0.54
2	-2	0	0.59
1	-1	0	0.46
1	-1	0	0.49
1	-1	0	0.51
1	-1	0	0.53
1	-1	0	0.56
1	-1	0	0.58
1	-1	0	0.60
1	-1	0	0.63
1	-1	0	0.65
0	0	0	0.50
-1	1	0	0.33
-1	1	0	0.31
-1	1	0	0.29
-1	1	0	0.26
-1	1	0	0.24
-1	1	0	0.22
-1	1	0	0.19
-1	1	0	0.17
-1	1	0	0.15
-1	1	0	0.13
-1	1	0	0.10
-1	1	0	0.08
-1	1	0	0.06
-1	1	0	0.03
-1	1	0	0.01
-1	1	0	-0.01
-1	1	0	-0.04
-1	1	0	-0.06
-1	1	0	-0.08
-1	1	0	-0.11
-1	1	0	-0.13
-1	1	0	-0.15
-1	1	0	-0.18
-1	1	0	-0.20
-1	1	0	-0.22
-1	1	0	-0.25
-1	1	0	-0.27
-1	1	0	-0.29
-1	1	0	-0.31
-1	1	0	-0.34
-1	1	0	-0.36
-1	1	0	-0.38
-1	1	0	-0.41
-1	1	0	-0.43
-1	1	0	-0.45
-1	1	0	-0.48
-1	1	0	-0.50
-1	1	0	-0.52
-1	1	0	-0.55
-1	1	0	-0.57
-1	1	0	-0.59
-1	1	0	-0.62
-1	1	0	-0.64
-1	1	0	-0.66
-1	1	0	-0.69
-1	1	0	-0.71
-1	1	0	-0.73
-1	1	0	-0.75
-1	1	0	-0.78
-1	1	0	-0.80
-1	1	0	-0.82
0	0	0	-0.68
0	0	0	-0.68
0	0	0	-0.68
1	-1	0	-0.51
1	-1	0	-0.49
1	-1	0	-0.46
2001	-1	2000	12.00
1993	7	2000	12.00
1968	32	2000	12.00
1932	68	2000	12.00
1887	113	2000	12.00
1838	162	2000	12.00
1784	216	2000	12.00
1727	273	2000	12.00
1669	331	2000	12.00
1608	392	2000	12.00
1547	453	2000	12.00
1485	515	2000	12.00
1422	578	2000	12.00
1359	641	2000	12.00
1295	705	2000	12.00
1231	769	2000	12.00
1167	833	2000	12.00
1103	897	2000	12.00
1039	961	2000	12.00
974	1026	2000	12.00
909	1091	2000	12.00
845	1155	2000	12.00
780	1220	2000	12.00
715	1285	2000	12.00
651	1349	2000	12.00
586	1414	2000	12.00
521	1479	2000	12.00
457	1543	2000	12.00
391	1609	2000	11.43
327	1673	2000	9.66
264	1736	2000	6.58
205	1795	2000	2.72
154	1846	2000	-1.15
116	1884	2000	-4.01
94	1906	2000	-5.04
87	1913	2000	-4.05
91	1909	2000	-1.36
99	1901	2000	2.10
103	1897	2000	5.07
101	1899	2000	7.12
89	1911	2000	7.43
69	1931	2000	6.11
44	1956	2000	3.48
19	1981	2000	0.27
-1	2001	2000	-2.67
-13	2013	2000	-4.72
-13	2013	2000	-5.02
-5	2005	2000	-3.97
8	1992	2000	-1.89
22	1978	2000	0.66
33	1967	2000	3.03
37	1963	2000	4.47
33	1967	2000	4.65
23	1977	2000	3.73
9	1991	2000	1.89
-4	2004	2000	-0.10
-15	2015	2000	-2.05
-20	2020	2000	-3.24
-19	2019	2000	-3.54
-13	2013	2000	-2.96
-3	2003	2000	-1.57
7	1993	2000	0.05
14	1986	2000	1.39
18	1982	2000	2.39
18	1982	2000	2.81
14	1986	2000	2.55
8	1992	2000	1.86
0	2000	2000	0.69
-7	2007	2000	-0.49
-12	2012	2000	-1.50
-14	2014	2000	-2.11
-13	2013	2000	-2.27
-8	2008	2000	-1.72
-2	2002	2000	-0.89
3	1997	2000	-0.10
8	1992	2000	0.82
10	1990	2000	1.34
9	1991	2000	1.41
7	1993	2000	1.28
4	1996	2000	0.93
0	2000	2000	0.35
-3	2003	2000	-0.16
-5	2005	2000	-0.57
-5	2005	2000	-0.68
-4	2004	2000	-0.63
-3	2003	2000	-0.55
-2	2002	2000	-0.45
-1	2001	2000	-0.33
-1	2001	2000	-0.35
-1	2001	2000	-0.38
-1	2001	2000	-0.40
-1	2001	2000	-0.42
-1	2001	2000	-0.45
-1	2001	2000	-0.47
-1	2001	2000	-0.49
-1	2001	2000	-0.52
-1	2001	2000	-0.54
-1	2001	2000	-0.56
-1	2001	2000	-0.59
0	2000	2000	-0.44
0	2000	2000	-0.44
0	2000	2000	-0.44
0	2000	2000	-0.44
0	2000	2000	-0.44
0	2000	2000	-0.44
0	2000	2000	-0.44
0	2000	2000	-0.44
0	2000	2000	-0.44
0	2000	2000	-0.44
0	2000	2000	-0.44
0	2000	2000	-0.44
0	2000	2000	-0.44
0	2000	2000	-0.44
0	2000	2000	-0.44
0	2000	2000	-0.44
0	2000	2000	-0.44
0	2000	2000	-0.44
0	2000	2000	-0.44
0	2000	2000	-0.44
0	2000	2000	-0.44
0	2000	2000	-0.44
0	2000	2000	-0.44
0	2000	2000	-0.44
0	2000	2000	-0.44
0	2000	2000	-0.44
0	2000	2000	-0.44
0	2000	2000	-0.44
0	2000	2000	-0.44
0	2000	2000	-0.44
0	2000	2000	-0.44
0	2000	2000	-0.44
0	2000	2000	-0.44
0	2000	2000	-0.44
0	2000	2000	-0.44
0	2000	2000	-0.44
0	2000	2000	-0.44
0	2000	2000	-0.44
0	2000	2000	-0.44
0	2000	2000	-0.44
0	2000	2000	-0.44
0	2000	2000	-0.44
0	2000	2000	-0.44
0	2000	2000	-0.44
0	2000	2000	-0.44
0	2000	2000	-0.44
0	2000	2000	-0.44
0	2000	2000	-0.44
0	2000	2000	-0.44
0	2000	2000	-0.44
0	2000	2000	-0.44
0	2000	2000	-0.44
0	2000	2000	-0.44
0	2000	2000	-0.44
0	2000	2000	-0.44
0	2000	2000	-0.44
0	2000	2000	-0.44
0	2000	2000	-0.44
0	2000	2000	-0.44
0	2000	2000	-0.44
0	2000	2000	-0.44
0	2000	2000	-0.44
0	2000	2000	-0.44
0	2000	2000	-0.44
0	2000	2000	-0.44
0	2000	2000	-0.44
0	2000	2000	-0.44
0	2000	2000	-0.44
0	2000	2000	-0.44
0	2000	2000	-0.44
0	2000	2000	-0.44
0	2000	2000	-0.44
0	2000	2000	-0.44
0	2000	2000	-0.44
0	2000	2000	-0.44
0	2000	2000	-0.44
0	2000	2000	-0.44
0	2000	2000	-0.44
0	2000	2000	-0.44
0	2000	2000	-0.44
0	2000	2000	-0.44
0	2000	2000	-0.44
0	2000	2000	-0.44
0	2000	2000	-0.44
0	2000	2000	-0.44
0	2000	2000	-0.44
0	2000	2000	-0.44
0	2000	2000	-0.44
0	2000	2000	-0.44
0	2000	2000	-0.44
0	2000	2000	-0.44
0	2000	2000	-0.44
0	2000	2000	-0.44
0	2000	2000	-0.44
0	2000	2000	-0.44
0	2000	2000	-0.44
0	2000	2000	-0.44
0	2000	2000	-0.44
0	2000	2000	-0.44
0	2000	2000	-0.44
0	2000	2000	-0.44
0	2000	2000	-0.44
0	2000	2000	-0.44
0	2000	2000	-0.44
0	2000	2000	-0.44
0	2000	2000	-0.44
0	2000	2000	-0.44
0	2000	2000	-0.44
0	2000	2000	-0.44
0	2000	2000	-0.44
0	2000	2000	-0.44
0	2000	2000	-0.44
0	2000	2000	-0.44
0	2000	2000	-0.44
0	2000	2000	-0.44
0	2000	2000	-0.44
0	2000	2000	-0.44
0	2000	2000	-0.44
0	2000	2000	-0.44
0	2000	2000	-0.44
0	2000	2000	-0.44
0	2000	2000	-0.44
0	2000	2000	-0.44
0	2000	2000	-0.44
0	2000	2000	-0.44
0	2000	2000	-0.44
0	2000	2000	-0.44
0	2000	2000	-0.44
0	2000	2000	-0.44
0	2000	2000	-0.44
0	2000	2000	-0.44
0	2000	2000	-0.44
0	2000	2000	-0.44
0	2000	2000	-0.44
0	2000	2000	-0.44
0	2000	2000	-0.44
0	2000	2000	-0.44
0	2000	2000	-0.44
0	2000	2000	-0.44
0	2000	2000	-0.44
0	2000	2000	-0.44
0	2000	2000	-0.44
0	2000	2000	-0.44
0	2000	2000	-0.44
0	2000	2000	-0.44
0	2000	2000	-0.44
0	2000	2000	-0.44
0	2000	2000	-0.44
0	2000	2000	-0.44
0	2000	2000	-0.44
0	2000	2000	-0.44
0	2000	2000	-0.44
0	2000	2000	-0.44
0	2000	2000	-0.44
0	2000	2000	-0.44
0	2000	2000	-0.44
0	2000	2000	-0.44
0	2000	2000	-0.44
0	2000	2000	-0.44
0	2000	2000	-0.44
0	2000	2000	-0.44
0	2000	2000	-0.44
0	2000	2000	-0.44
0	2000	2000	-0.44
0	2000	2000	-0.44
0	2000	2000	-0.44
0	2000	2000	-0.44
0	2000	2000	-0.44
0	2000	2000	-0.44
0	2000	2000	-0.44
0	2000	2000	-0.44
0	2000	2000	-0.44
0	2000	2000	-0.44
0	2000	2000	-0.44
0	2000	2000	-0.44
0	2000	2000	-0.44
0	2000	2000	-0.44
0	2000	2000	-0.44
0	2000	2000	-0.44
0	2000	2000	-0.44
0	2000	2000	-0.44
0	2000	2000	-0.44
0	2000	2000	-0.44
0	2000	2000	-0.44
0	2000	2000	-0.44
0	2000	2000	-0.44
0	2000	2000	-0.44
0	2000	2000	-0.44
0	2000	2000	-0.44
0	2000	2000	-0.44
0	2000	2000	-0.44
0	2000	2000	-0.44
0	2000	2000	-0.44
0	2000	2000	-0.44
0	2000	2000	-0.44
0	2000	2000	-0.44
0	2000	2000	-0.44
0	2000	2000	-0.44
0	2000	2000	-0.44
0	2000	2000	-0.44
0	2000	2000	-0.44
0	2000	2000	-0.44
-2000	2000	0	-12.00
-1991	1991	0	-12.00
-1965	1965	0	-12.00
-1928	1928	0	-12.00
-1883	1883	0	-12.00
-1831	1831	0	-12.00
-1777	1777	0	-12.00
-1719	1719	0	-12.00
-1659	1659	0	-12.00
-1597	1597	0	-12.00
-1534	1534	0	-12.00
-1470	1470	0	-12.00
-1405	1405	0	-12.00
-1341	1341	0	-12.00
-1275	1275	0	-12.00
-1209	1209	0	-12.00
-1143	1143	0	-12.00
-1077	1077	0	-12.00
-1011	1011	0	-12.00
-945	945	0	-12.00
-878	878	0	-12.00
-811	811	0	-12.00
-745	745	0	-12.00
-679	679	0	-12.00
-612	612	0	-12.00
-545	545	0	-12.00
-478	478	0	-12.00
-411	411	0	-11.74
-345	345	0	-10.10
-279	279	0	-6.93
-217	217	0	-2.91
-163	163	0	1.19
-122	122	0	4.35
-98	98	0	5.58
-90	90	0	4.66
-93	93	0	2.07
-102	102	0	-1.60
-108	108	0	-4.98
-107	107	0	-7.31
-95	95	0	-7.76
-75	75	0	-6.58
-49	49	0	-3.92
-23	23	0	-0.66
0	0	0	2.69
14	-14	0	5.06
17	-17	0	5.89
9	-9	0	4.93
-5	5	0	2.77
-21	21	0	-0.05
-35	35	0	-2.90
-41	41	0	-4.72
-38	38	0	-5.17
-28	28	0	-4.36
-13	13	0	-2.47
3	-3	0	-0.06
15	-15	0	2.03
22	-22	0	3.56
21	-21	0	3.91
15	-15	0	3.38
5	-5	0	2.03
-5	5	0	0.46
-15	15	0	-1.35
-21	21	0	-2.71
-21	21	0	-3.20
-15	15	0	-2.67
-8	8	0	-1.83
1	-1	0	-0.50
8	-8	0	0.71
13	-13	0	1.74
14	-14	0	2.21
12	-12	0	2.20
7	-7	0	1.63
1	-1	0	0.78
-5	5	0	-0.21
-9	9	0	-1.01
-11	11	0	-1.55
-10	10	0	-1.64
-7	7	0	-1.36
-4	4	0	-1.02
0	0	0	-0.43
3	-3	0	0.07
5	-5	0	0.48
5	-5	0	0.60
5	-5	0	0.71
4	-4	0	0.66
2	-2	0	0.41
1	-1	0	0.29
1	-1	0	0.32
1	-1	0	0.34
1	-1	0	0.36
1	-1	0	0.38
1	-1	0	0.41
1	-1	0	0.43
1	-1	0	0.45
1	-1	0	0.48
1	-1	0	0.50
1	-1	0	0.52
1	-1	0	0.55
1	-1	0	0.57
1	-1	0	0.59
0	0	0	0.45
0	0	0	0.45
0	0	0	0.45
0	0	0	0.45
0	0	0	0.45
0	0	0	0.45
0	0	0	0.45
0	0	0	0.45
0	0	0	0.45
0	0	0	0.45
0	0	0	0.45
0	0	0	0.45
0	0	0	0.45
0	0	0	0.45
0	0	0	0.45
0	0	0	0.45
0	0	0	0.45
0	0	0	0.45
0	0	0	0.45
0	0	0	0.45
0	0	0	0.45
0	0	0	0.45
0	0	0	0.45
0	0	0	0.45
0	0	0	0.45
0	0	0	0.45
0	0	0	0.45
0	0	0	0.45
0	0	0	0.45
0	0	0	0.45
0	0	0	0.45
0	0	0	0.45
0	0	0	0.45
0	0	0	0.45
0	0	0	0.45
0	0	0	0.45
0	0	0	0.45
0	0	0	0.45
0	0	0	0.45
0	0	0	0.45
0	0	0	0.45
0	0	0	0.45
0	0	0	0.45
0	0	0	0.45
0	0	0	0.45
0	0	0	0.45
0	0	0	0.45
0	0	0	0.45
0	0	0	0.45
0	0	0	0.45
0	0	0	0.45
0	0	0	0.45
0	0	0	0.45
0	0	0	0.45
0	0	0	0.45
0	0	0	0.45
0	0	0	0.45
0	0	0	0.45
0	0	0	0.45
0	0	0	0.45
0	0	0	0.45
0	0	0	0.45
0	0	0	0.45
0	0	0	0.45
0	0	0	0.45
0	0	0	0.45
0	0	0	0.45
0	0	0	0.45
0	0	0	0.45
0	0	0	0.45
0	0	0	0.45
0	0	0	0.45
0	0	0	0.45
0	0	0	0.45
0	0	0	0.45
0	0	0	0.45
0	0	0	0.45
0	0	0	0.45
0	0	0	0.45
0	0	0	0.45
0	0	0	0.45
0	0	0	0.45
0	0	0	0.45
0	0	0	0.45
0	0	0	0.45
0	0	0	0.45
0	0	0	0.45
0	0	0	0.45
0	0	0	0.45
0	0	0	0.45
0	0	0	0.45
0	0	0	0.45
0	0	0	0.45
0	0	0	0.45
0	0	0	0.45
0	0	0	0.45
0	0	0	0.45
0	0	0	0.45
0	0	0	0.45
0	0	0	0.45
0	0	0	0.45
0	0	0	0.45
0	0	0	0.45
0	0	0	0.45
0	0	0	0.45
0	0	0	0.45
0	0	0	0.45
0	0	0	0.45
0	0	0	0.45
0	0	0	0.45
0	0	0	0.45
0	0	0	0.45
0	0	0	0.45
0	0	0	0.45
0	0	0	0.45
0	0	0	0.45
0	0	0	0.45
0	0	0	0.45
0	0	0	0.45
0	0	0	0.45
0	0	0	0.45
0	0	0	0.45
0	0	0	0.45
0	0	0	0.45
0	0	0	0.45
0	0	0	0.45
0	0	0	0.45
0	0	0	0.45
0	0	0	0.45
0	0	0	0.45
0	0	0	0.45
0	0	0	0.45
0	0	0	0.45
0	0	0	0.45
0	0	0	0.45
0	0	0	0.45
0	0	0	0.45
0	0	0	0.45
0	0	0	0.45
0	0	0	0.45
0	0	0	0.45
0	0	0	0.45
0	0	0	0.45
0	0	0	0.45
0	0	0	0.45
0	0	0	0.45
0	0	0	0.45
0	0	0	0.45
0	0	0	0.45
0	0	0	0.45
0	0	0	0.45
0	0	0	0.45
0	0	0	0.45
0	0	0	0.45
0	0	0	0.45
0	0	0	0.45
0	0	0	0.45
0	0	0	0.45
0	0	0	0.45
0	0	0	0.45
0	0	0	0.45
0	0	0	0.45
0	0	0	0.45
0	0	0	0.45
0	0	0	0.45
0	0	0	0.45
0	0	0	0.45
0	0	0	0.45
0	0	0	0.45
0	0	0	0.45
0	0	0	0.45
0	0	0	0.45
0	0	0	0.45
0	0	0	0.45
0	0	0	0.45
0	0	0	0.45
0	0	0	0.45
0	0	0	0.45
0	0	0	0.45
0	0	0	0.45
0	0	0	0.45
0	0	0	0.45
0	0	0	0.45
0	0	0	0.45
0	0	0	0.45
0	0	0	0.45
0	0	0	0.45
0	0	0	0.45
0	0	0	0.45
0	0	0	0.45
0	0	0	0.45
0	0	0	0.45
0	0	0	0.45
0	0	0	0.45
0	0	0	0.45
0	0	0	0.45
0	0	0	0.45
0	0	0	0.45
0	0	0	0.45
0	0	0	0.45
0	0	0	0.45
2000	0	2000	12.00
1992	8	2000	12.00
1967	33	2000	12.00
1930	70	2000	12.00
1885	115	2000	12.00
1835	165	2000	12.00
1781	219	2000	12.00
1725	275	2000	12.00
1666	334	2000	12.00
1605	395	2000	12.00
1544	456	2000	12.00
1482	518	2000	12.00
1419	581	2000	12.00
1355	645	2000	12.00
1292	708	2000	12.00
1228	772	2000	12.00
1164	836	2000	12.00
1099	901	2000	12.00
1035	965	2000	12.00
971	1029	2000	12.00
906	1094	2000	12.00
841	1159	2000	12.00
777	1223	2000	12.00
712	1288	2000	12.00
647	1353	2000	12.00
583	1417	2000	12.00
517	1483	2000	12.00
453	1547	2000	12.00
388	1612	2000	11.50
323	1677	2000	9.50
261	1739	2000	6.50
201	1799	2000	2.40
151	1849	2000	-1.40
113	1887	2000	-4.33
92	1908	2000	-5.26
86	1914	2000	-4.15
91	1909	2000	-1.31
99	1901	2000	2.15
105	1895	2000	5.46
101	1899	2000	7.21
89	1911	2000	7.53
69	1931	2000	6.20
43	1957	2000	3.41
18	1982	2000	0.18
-3	2003	2000	-2.96
-14	2014	2000	-4.89
-14	2014	2000	-5.21
-5	2005	2000	-4.01
9	1991	2000	-1.76
23	1977	2000	0.81
34	1966	2000	3.21
38	1962	2000	4.67
33	1967	2000	4.70
23	1977	2000	3.78
9	1991	2000	1.94
-5	2005	2000	-0.22
-17	2017	2000	-2.36
-22	2022	2000	-3.60
-20	2020	2000	-3.77
-13	2013	2000	-3.05
-2	2002	2000	-1.49
9	1991	2000	0.32
17	1983	2000	1.88
21	1979	2000	2.95
21	1979	2000	3.44
15	1985	2000	2.91
6	1994	2000	1.74
-4	2004	2000	0.19
-11	2011	2000	-1.09
-15	2015	2000	-2.02
-15	2015	2000	-2.37
-11	2011	2000	-2.04
-5	2005	2000	-1.28
1	1999	2000	-0.38
6	1994	2000	0.49
9	1991	2000	1.13
10	1990	2000	1.51
9	1991	2000	1.57
6	1994	2000	1.27
2	1998	2000	0.74
-2	2002	2000	0.11
-5	2005	2000	-0.45
-7	2007	2000	-0.90
-7	2007	2000	-1.06
-5	2005	2000	-0.89
-3	2003	2000	-0.66
-1	2001	2000	-0.40
1	1999	2000	-0.08
2	1998	2000	0.11
2	1998	2000	0.16
2	1998	2000	0.20
2	1998	2000	0.25
2	1998	2000	0.30
2	1998	2000	0.34
2	1998	2000	0.39
2	1998	2000	0.44
2	1998	2000	0.48
2	1998	2000	0.53
2	1998	2000	0.57
1	1999	2000	0.45
1	1999	2000	0.47
1	1999	2000	0.50
1	1999	2000	0.52
1	1999	2000	0.54
0	2000	2000	0.40
0	2000	2000	0.40
0	2000	2000	0.40
0	2000	2000	0.40
0	2000	2000	0.40
0	2000	2000	0.40
0	2000	2000	0.40
0	2000	2000	0.40
0	2000	2000	0.40
0	2000	2000	0.40
0	2000	2000	0.40
0	2000	2000	0.40
0	2000	2000	0.40
0	2000	2000	0.40
0	2000	2000	0.40
0	2000	2000	0.40
0	2000	2000	0.40
0	2000	2000	0.40
0	2000	2000	0.40
0	2000	2000	0.40
0	2000	2000	0.40
0	2000	2000	0.40
0	2000	2000	0.40
0	2000	2000	0.40
0	2000	2000	0.40
0	2000	2000	0.40
0	2000	2000	0.40
0	2000	2000	0.40
0	2000	2000	0.40
0	2000	2000	0.40
0	2000	2000	0.40
0	2000	2000	0.40
0	2000	2000	0.40
0	2000	2000	0.40
0	2000	2000	0.40
0	2000	2000	0.40
0	2000	2000	0.40
0	2000	2000	0.40
0	2000	2000	0.40
0	2000	2000	0.40
0	2000	2000	0.40
0	2000	2000	0.40
0	2000	2000	0.40
0	2000	2000	0.40
0	2000	2000	0.40
0	2000	2000	0.40
0	2000	2000	0.40
0	2000	2000	0.40
0	2000	2000	0.40
0	2000	2000	0.40
0	2000	2000	0.40
0	2000	2000	0.40
0	2000	2000	0.40
0	2000	2000	0.40
0	2000	2000	0.40
0	2000	2000	0.40
0	2000	2000	0.40
0	2000	2000	0.40
0	2000	2000	0.40
0	2000	2000	0.40
0	2000	2000	0.40
0	2000	2000	0.40
0	2000	2000	0.40
0	2000	2000	0.40
0	2000	2000	0.40
0	2000	2000	0.40
0	2000	2000	0.40
0	2000	2000	0.40
0	2000	2000	0.40
0	2000	2000	0.40
0	2000	2000	0.40
0	2000	2000	0.40
0	2000	2000	0.40
0	2000	2000	0.40
0	2000	2000	0.40
0	2000	2000	0.40
0	2000	2000	0.40
0	2000	2000	0.40
0	2000	2000	0.40
0	2000	2000	0.40
0	2000	2000	0.40
0	2000	2000	0.40
0	2000	2000	0.40
0	2000	2000	0.40
0	2000	2000	0.40
0	2000	2000	0.40
0	2000	2000	0.40
0	2000	2000	0.40
0	2000	2000	0.40
0	2000	2000	0.40
0	2000	2000	0.40
0	2000	2000	0.40
0	2000	2000	0.40
0	2000	2000	0.40
0	2000	2000	0.40
0	2000	2000	0.40
0	2000	2000	0.40
0	2000	2000	0.40
0	2000	2000	0.40
0	2000	2000	0.40
0	2000	2000	0.40
0	2000	2000	0.40
0	2000	2000	0.40
0	2000	2000	0.40
0	2000	2000	0.40
0	2000	2000	0.40
0	2000	2000	0.40
0	2000	2000	0.40
0	2000	2000	0.40
0	2000	2000	0.40
0	2000	2000	0.40
0	2000	2000	0.40
0	2000	2000	0.40
0	2000	2000	0.40
0	2000	2000	0.40
0	2000	2000	0.40
0	2000	2000	0.40
0	2000	2000	0.40
0	2000	2000	0.40
0	2000	2000	0.40
0	2000	2000	0.40
0	2000	2000	0.40
0	2000	2000	0.40
0	2000	2000	0.40
0	2000	2000	0.40
0	2000	2000	0.40
0	2000	2000	0.40
0	2000	2000	0.40
0	2000	2000	0.40
0	2000	2000	0.40
0	2000	2000	0.40
0	2000	2000	0.40
0	2000	2000	0.40
0	2000	2000	0.40
0	2000	2000	0.40
0	2000	2000	0.40
0	2000	2000	0.40
0	2000	2000	0.40
0	2000	2000	0.40
0	2000	2000	0.40
0	2000	2000	0.40
0	2000	2000	0.40
0	2000	2000	0.40
0	2000	2000	0.40
0	2000	2000	0.40
0	2000	2000	0.40
0	2000	2000	0.40
0	2000	2000	0.40
0	2000	2000	0.40
0	2000	2000	0.40
0	2000	2000	0.40
0	2000	2000	0.40
0	2000	2000	0.40
0	2000	2000	0.40
0	2000	2000	0.40
0	2000	2000	0.40
0	2000	2000	0.40
0	2000	2000	0.40
0	2000	2000	0.40
0	2000	2000	0.40
0	2000	2000	0.40
0	2000	2000	0.40
0	2000	2000	0.40
0	2000	2000	0.40
0	2000	2000	0.40
0	2000	2000	0.40
0	2000	2000	0.40
0	2000	2000	0.40
0	2000	2000	0.40
0	2000	2000	0.40
0	2000	2000	0.40
0	2000	2000	0.40
0	2000	2000	0.40
0	2000	2000	0.40
0	2000	2000	0.40
0	2000	2000	0.40
0	2000	2000	0.40
0	2000	2000	0.40
0	2000	2000	0.40
0	2000	2000	0.40
0	2000	2000	0.40
0	2000	2000	0.40
0	2000	2000	0.40
0	2000	2000	0.40
0	2000	2000	0.40
0	2000	2000	0.40
0	2000	2000	0.40
0	2000	2000	0.40
0	2000	2000	0.40
0	2000	2000	0.40
0	2000	2000	0.40
0	2000	2000	0.40
0	2000	2000	0.40
0	2000	2000	0.40
0	2000	2000	0.40
0	2000	2000	0.40
0	2000	2000	0.40
-2000	2000	0	-12.00
-1991	1991	0	-12.00
-1965	1965	0	-12.00
-1928	1928	0	-12.00
-1883	1883	0	-12.00
-1831	1831	0	-12.00
-1777	1777	0	-12.00
-1718	1718	0	-12.00
-1658	1658	0	-12.00
-1597	1597	0	-12.00
-1534	1534	0	-12.00
-1470	1470	0	-12.00
-1405	1405	0	-12.00
-1341	1341	0	-12.00
-1275	1275	0	-12.00
-1209	1209	0	-12.00
-1143	1143	0	-12.00
-1077	1077	0	-12.00
-1011	1011	0	-12.00
-945	945	0	-12.00
-878	878	0	-12.00
-811	811	0	-12.00
-745	745	0	-12.00
-678	678	0	-12.00
-611	611	0	-12.00
-545	545	0	-12.00
-478	478	0	-12.00
-411	411	0	-11.74
-345	345	0	-10.10
-279	279	0	-6.93
-217	217	0	-2.91
-163	163	0	1.19
-122	122	0	4.35
-97	97	0	5.75
-89	89	0	4.85
-93	93	0	2.12
-102	102	0	-1.56
-108	108	0	-4.94
-107	107	0	-7.27
-95	95	0	-7.72
-75	75	0	-6.54
-50	50	0	-4.05
-24	24	0	-0.81
-1	1	0	2.52
13	-13	0	4.87
17	-17	0	5.85
9	-9	0	4.89
-4	4	0	2.90
-20	20	0	0.10
-33	33	0	-2.56
-39	39	0	-4.34
-37	37	0	-4.91
-29	29	0	-4.41
-15	15	0	-2.71
0	0	0	-0.53
13	-13	0	1.67
21	-21	0	3.33
22	-22	0	3.98
17	-17	0	3.65
7	-7	0	2.35
-4	4	0	0.65
-14	14	0	-1.13
-21	21	0	-2.64
-22	22	0	-3.30
-17	17	0	-2.96
-9	9	0	-2.00
0	0	0	-0.69
8	-8	0	0.66
14	-14	0	1.86
16	-16	0	2.53
14	-14	0	2.56
9	-9	0	2.04
2	-2	0	1.06
-5	5	0	-0.07
-11	11	0	-1.20
-13	13	0	-1.80
-11	11	0	-1.76
-8	8	0	-1.51
-3	3	0	-0.85
1	-1	0	-0.24
5	-5	0	0.46
7	-7	0	0.91
7	-7	0	1.07
5	-5	0	0.90
3	-3	0	0.68
0	0	0	0.24
-2	2	0	-0.10
-3	3	0	-0.31
-3	3	0	-0.38
-3	3	0	-0.45
-3	3	0	-0.52
-3	3	0	-0.59
-2	2	0	-0.49
-1	1	0	-0.37
-1	1	0	-0.39
-1	1	0	-0.42
-1	1	0	-0.44
-1	1	0	-0.46
-1	1	0	-0.49
-1	1	0	-0.51
-1	1	0	-0.53
-1	1	0	-0.56
-1	1	0	-0.58
-1	1	0	-0.60
-1	1	0	-0.63
-1	1	0	-0.65
-1	1	0	-0.67
-1	1	0	-0.69
-1	1	0	-0.72
-1	1	0	-0.74
-1	1	0	-0.76
-1	1	0	-0.79
-1	1	0	-0.81
-1	1	0	-0.83
0	0	0	-0.69
0	0	0	-0.69
0	0	0	-0.69
0	0	0	-0.69
1	-1	0	-0.52
2	-2	0	-0.33
3	-3	0	-0.11
3	-3	0	-0.04
3	-3	0	0.03
3	-3	0	0.10
3	-3	0	0.17
3	-3	0	0.24
3	-3	0	0.31
3	-3	0	0.38
3	-3	0	0.44
3	-3	0	0.51
3	-3	0	0.58
2	-2	0	0.48
2	-2	0	0.53
2	-2	0	0.58
2	-2	0	0.62
1	-1	0	0.50
1	-1	0	0.52
1	-1	0	0.55
1	-1	0	0.57
1	-1	0	0.59
1	-1	0	0.62
1	-1	0	0.64
0	0	0	0.49
-1	1	0	0.32
-1	1	0	0.30
-1	1	0	0.28
-1	1	0	0.25
-1	1	0	0.23
-1	1	0	0.21
-1	1	0	0.19
-1	1	0	0.16
-1	1	0	0.14
-1	1	0	0.12
-1	1	0	0.09
-1	1	0	0.07
-1	1	0	0.05
-1	1	0	0.02
-1	1	0	0.00
-1	1	0	-0.02
-1	1	0	-0.05
-1	1	0	-0.07
-1	1	0	-0.09
-1	1	0	-0.12
-1	1	0	-0.14
-1	1	0	-0.16
-1	1	0	-0.19
-1	1	0	-0.21
-1	1	0	-0.23
-1	1	0	-0.25
-1	1	0	-0.28
-1	1	0	-0.30
-1	1	0	-0.32
-1	1	0	-0.35
-1	1	0	-0.37
-1	1	0	-0.39
-1	1	0	-0.42
-1	1	0	-0.44
-1	1	0	-0.46
-1	1	0	-0.49
-1	1	0	-0.51
-1	1	0	-0.53
-1	1	0	-0.56
-1	1	0	-0.58
-1	1	0	-0.60
-1	1	0	-0.63
-1	1	0	-0.65
-1	1	0	-0.67
-1	1	0	-0.69
-1	1	0	-0.72
-1	1	0	-0.74
-1	1	0	-0.76
-1	1	0	-0.79
-1	1	0	-0.81
0	0	0	-0.66
0	0	0	-0.66
0	0	0	-0.66
0	0	0	-0.66
1	-1	0	-0.50
2	-2	0	-0.30
2	-2	0	-0.26
2	-2	0	-0.21
2	-2	0	-0.16
2	-2	0	-0.12
2	-2	0	-0.07
2	-2	0	-0.03
2	-2	0	0.02
2	-2	0	0.07
2	-2	0	0.11
2	-2	0	0.16
2	-2	0	0.21
2	-2	0	0.25
2	-2	0	0.30
2	-2	0	0.35
2	-2	0	0.39
2	-2	0	0.44
2	-2	0	0.48
2	-2	0	0.53
2	-2	0	0.58
1	-1	0	0.45
1	-1	0	0.48
1	-1	0	0.50
1	-1	0	0.52
1	-1	0	0.55
1	-1	0	0.57
1	-1	0	0.59
1	-1	0	0.62
1	-1	0	0.64
0	0	0	0.49
-1	1	0	0.32
-1	1	0	0.30
-1	1	0	0.28
-1	1	0	0.25
-1	1	0	0.23
-1	1	0	0.21
-1	1	0	0.19
-1	1	0	0.16
-1	1	0	0.14
-1	1	0	0.12
-1	1	0	0.09
-1	1	0	0.07
-1	1	0	0.05
-1	1	0	0.02
-1	1	0	0.00
-1	1	0	-0.02
-1	1	0	-0.05
-1	1	0	-0.07
-1	1	0	-0.09
-1	1	0	-0.12
-1	1	0	-0.14
-1	1	0	-0.16
-1	1	0	-0.19
-1	1	0	-0.21
-1	1	0	-0.23
-1	1	0	-0.25
-1	1	0	-0.28
-1	1	0	-0.30
-1	1	0	-0.32
-1	1	0	-0.35
-1	1	0	-0.37
-1	1	0	-0.39
-1	1	0	-0.42
-1	1	0	-0.44
-1	1	0	-0.46
-1	1	0	-0.49
-1	1	0	-0.51
-1	1	0	-0.53
-1	1	0	-0.56
-1	1	0	-0.58
-1	1	0	-0.60
-1	1	0	-0.63
-1	1	0	-0.65
-1	1	0	-0.67
-1	1	0	-0.69
-1	1	0	-0.72
-1	1	0	-0.74
-1	1	0	-0.76
-1	1	0	-0.79
-1	1	0	-0.81
-1	1	0	-0.83
0	0	0	-0.69
0	0	0	-0.69
1	-1	0	-0.52
2	-2	0	-0.33
3	-3	0	-0.11
3	-3	0	-0.04
3	-3	0	0.03
3	-3	0	0.10
3	-3	0	0.17
3	-3	0	0.24
3	-3	0	0.31
3	-3	0	0.38
3	-3	0	0.44
3	-3	0	0.51
3	-3	0	0.58
3	-3	0	0.65
2	-2	0	0.55
1	-1	0	0.43
1	-1	0	0.45
1	-1	0	0.48
1	-1	0	0.50
1	-1	0	0.52
2001	-1	2000	12.00
1993	7	2000	12.00
1968	32	2000	12.00
1932	68	2000	12.00
1888	112	2000	12.00
1839	161	2000	12.00
1785	215	2000	12.00
1729	271	2000	12.00
1670	330	2000	12.00
1610	390	2000	12.00
1549	451	2000	12.00
1487	513	2000	12.00
1424	576	2000	12.00
1361	639	2000	12.00
1297	703	2000	12.00
1233	767	2000	12.00
1169	831	2000	12.00
1105	895	2000	12.00
1041	959	2000	12.00
977	1023	2000	12.00
912	1088	2000	12.00
848	1152	2000	12.00
783	1217	2000	12.00
719	1281	2000	12.00
654	1346	2000	12.00
589	1411	2000	12.00
525	1475	2000	12.00
460	1540	2000	12.00
395	1605	2000	11.66
331	1669	2000	9.99
267	1733	2000	6.84
208	1792	2000	3.05
155	1845	2000	-1.10
116	1884	2000	-4.10
93	1907	2000	-5.30
85	1915	2000	-4.50
89	1911	2000	-1.86
97	1903	2000	1.56
103	1897	2000	4.82
102	1898	2000	7.03
91	1909	2000	7.54
73	1927	2000	6.60
48	1952	2000	4.06
23	1977	2000	0.95
1	1999	2000	-2.24
-14	2014	2000	-4.75
-18	2018	2000	-5.75
-19	2019	2000	-6.34
-20	2020	2000	-6.95
-20	2020	2000	-7.41
-20	2020	2000	-7.87
-20	2020	2000	-8.34
-20	2020	2000	-8.80
-20	2020	2000	-9.26
-20	2020	2000	-9.73
-20	2020	2000	-10.19
-20	2020	2000	-10.65
-20	2020	2000	-11.12
-20	2020	2000	-11.58
-20	2020	2000	-12.00
-20	2020	2000	-12.00
-20	2020	2000	-12.00
-20	2020	2000	-12.00
-20	2020	2000	-12.00
-20	2020	2000	-12.00
-20	2020	2000	-12.00
-20	2020	2000	-12.00
-20	2020	2000	-12.00
-20	2020	2000	-12.00
-20	2020	2000	-12.00
-20	2020	2000	-12.00
-20	2020	2000	-12.00
-20	2020	2000	-12.00
-20	2020	2000	-12.00
-20	2020	2000	-12.00
-20	2020	2000	-12.00
-20	2020	2000	-12.00
-20	2020	2000	-12.00
-20	2020	2000	-12.00
-20	2020	2000	-12.00
-20	2020	2000	-12.00
-20	2020	2000	-12.00
-20	2020	2000	-12.00
-20	2020	2000	-12.00
-20	2020	2000	-12.00
-20	2020	2000	-12.00
-20	2020	2000	-12.00
-20	2020	2000	-12.00
-20	2020	2000	-12.00
-20	2020	2000	-12.00
-20	2020	2000	-12.00
-20	2020	2000	-12.00
-20	2020	2000	-12.00
-20	2020	2000	-12.00
-20	2020	2000	-12.00
-20	2020	2000	-12.00
-20	2020	2000	-12.00
-20	2020	2000	-12.00
-20	2020	2000	-12.00
-20	2020	2000	-12.00
-20	2020	2000	-12.00
-20	2020	2000	-12.00
-20	2020	2000	-12.00
-20	2020	2000	-12.00
-20	2020	2000	-12.00
-20	2020	2000	-12.00
-20	2020	2000	-12.00
-20	2020	2000	-12.00
-20	2020	2000	-12.00
-20	2020	2000	-12.00
-20	2020	2000	-12.00
-20	2020	2000	-12.00
-20	2020	2000	-12.00
-20	2020	2000	-12.00
-20	2020	2000	-12.00
-20	2020	2000	-12.00
-20	2020	2000	-12.00
-20	2020	2000	-12.00
-20	2020	2000	-12.00
-20	2020	2000	-12.00
-20	2020	2000	-12.00
-20	2020	2000	-12.00
-20	2020	2000	-12.00
-20	2020	2000	-12.00
-20	2020	2000	-12.00
-20	2020	2000	-12.00
-20	2020	2000	-12.00
-20	2020	2000	-12.00
-20	2020	2000	-12.00
-20	2020	2000	-12.00
-20	2020	2000	-12.00
-20	2020	2000	-12.00
-20	2020	2000	-12.00
-20	2020	2000	-12.00
-20	2020	2000	-12.00
-20	2020	2000	-12.00
-20	2020	2000	-12.00
-20	2020	2000	-12.00
-20	2020	2000	-12.00
-20	2020	2000	-12.00
-20	2020	2000	-12.00
-20	2020	2000	-12.00
-20	2020	2000	-12.00
-20	2020	2000	-12.00
-20	2020	2000	-12.00
-20	2020	2000	-12.00
-20	2020	2000	-12.00
-20	2020	2000	-12.00
-20	2020	2000	-12.00
-20	2020	2000	-12.00
-20	2020	2000	-12.00
-20	2020	2000	-12.00
-20	2020	2000	-12.00
-20	2020	2000	-12.00
-20	2020	2000	-12.00
-20	2020	2000	-12.00
-20	2020	2000	-12.00
-20	2020	2000	-12.00
-20	2020	2000	-12.00
-20	2020	2000	-12.00
-20	2020	2000	-12.00
-20	2020	2000	-12.00
-20	2020	2000	-12.00
-20	2020	2000	-12.00
-20	2020	2000	-12.00
-20	2020	2000	-12.00
-20	2020	2000	-12.00
-20	2020	2000	-12.00
-20	2020	2000	-12.00
-20	2020	2000	-12.00
-20	2020	2000	-12.00
-20	2020	2000	-12.00
-20	2020	2000	-12.00
-20	2020	2000	-12.00
-20	2020	2000	-12.00
-20	2020	2000	-12.00
-20	2020	2000	-12.00
-20	2020	2000	-12.00
-20	2020	2000	-12.00
-20	2020	2000	-12.00
-20	2020	2000	-12.00
-20	2020	2000	-12.00
-20	2020	2000	-12.00
-20	2020	2000	-12.00
-20	2020	2000	-12.00
-20	2020	2000	-12.00
-20	2020	2000	-12.00
-20	2020	2000	-12.00
-20	2020	2000	-12.00
-20	2020	2000	-12.00
-20	2020	2000	-12.00
