4.19
4.25
1.95
1.40
1.39
1.39
1.29
1.17
1.33
2.66
4.20
4.59
1.09
0.07
1.26
2.69
2.80
2.77
2.58
2.86
3.00
3.03
2.89
2.85
1.56
0.11
-0.13
-0.27
-0.02
0.92
2.21
2.35
0.50
-0.02
0.58
2.31
2.66
0.60
0.02
0.74
2.27
2.69
3.96
4.21
3.90
2.93
2.71
2.61
2.31
1.83
0.89
0.83
0.78
0.73
1.33
-2.63
-24.81
-111.72
-128.94
-126.40
-101.95
-155.16
-172.98
-205.08
-224.89
-218.59
-199.45
-131.99
-133.29
-160.92
-111.98
-108.58
-113.71
-89.71
-134.81
-156.34
-127.31
-102.54
-166.93
-139.35
-138.59
-137.02
-130.55
-125.18
-132.62
-132.55
-108.53
-90.89
-143.14
-130.44
-93.96
-88.28
-91.39
-105.48
-124.97
-154.13
-121.23
-98.49
-96.66
-86.17
-222.85
-130.19
10.70
-1.57
-58.50
-119.83
-130.04
-96.49
-80.97
-83.09
-88.82
-88.36
-96.04
-96.26
-87.12
-86.59
-87.16
-83.00
-79.22
-82.36
-85.12
-85.09
-85.33
-87.08
-84.22
-81.85
-80.19
-82.15
-89.30
-90.89
-89.09
-85.40
-87.11
-85.39
-85.95
-88.26
-88.48
-89.17
-88.19
-88.23
-88.90
-89.96
-90.32
-89.86
-91.73
-92.86
-91.82
-89.92
-90.22
-90.15
-89.21
-90.64
-91.20
-91.50
-91.43
-90.66
-89.73
-84.15
-79.97
-85.70
-87.41
-88.10
-88.70
-88.45
-88.55
-87.62
-86.47
-82.98
-74.13
-79.94
-84.26
-71.35
-73.43
-82.08
-82.33
-82.00
-83.17
-68.81
-35.57
-18.80
-50.92
-71.69
-74.13
-61.65
-33.40
-68.27
-0.32
21.91
-39.40
-41.07
-26.56
-62.21
-43.44
23.59
9.14
-22.62
2.14
30.18
-0.56
55.61
62.49
47.25
9.84
-23.47
-12.35
14.64
33.11
40.47
32.46
16.90
39.33
48.26
34.20
31.59
7.02
24.06
18.30
50.95
55.04
38.69
54.65
33.86
64.68
47.66
43.57
23.78
36.01
28.32
38.23
7.83
35.86
60.55
14.26
-3.58
40.06
56.34
21.61
4.10
-5.94
-7.12
44.30
6.66
-4.18
-2.85
8.44
5.28
-5.28
-7.54
-6.40
-7.06
-8.46
-5.58
-6.75
-11.19
-15.59
-23.20
-9.80
-6.01
2.45
-0.89
-3.23
-1.83
-3.56
-4.33
-7.14
-8.32
-6.92
-5.47
-5.62
-5.40
-5.60
-1.71
-6.29
-4.72
-3.61
-4.65
-4.86
-4.94
-5.16
-6.14
-6.33
-6.27
-5.88
-5.97
-5.76
1.17
-2.21
-4.26
-1.40
2.89
29.80
96.66
68.73
76.09
27.78
48.92
64.11
98.97
95.69
88.72
124.56
170.41
114.93
122.08
141.88
120.50
118.59
65.29
117.67
120.66
58.97
103.81
82.62
70.51
99.06
114.78
90.56
81.26
155.51
117.69
96.97
126.95
60.76
71.00
99.20
56.05
72.55
94.05
71.97
116.10
62.60
135.28
139.04
80.40
113.22
70.97
78.25
89.00
142.61
125.90
95.07
87.09
105.56
69.03
60.50
44.83
43.70
54.60
61.03
85.28
96.41
139.58
83.12
40.93
57.67
63.28
64.44
64.89
64.85
68.09
64.20
63.54
62.48
62.35
62.41
64.79
65.45
62.21
60.77
60.34
64.65
65.58
63.82
62.32
61.94
64.34
64.83
64.23
63.47
63.69
63.61
63.71
64.35
64.95
64.96
66.13
66.66
65.12
63.77
63.42
65.20
65.67
65.28
63.63
63.41
65.52
66.27
65.52
62.81
62.64
64.29
65.18
73.88
73.50
75.76
100.05
73.81
67.67
67.15
64.98
70.84
108.29
123.66
141.36
144.39
111.74
94.36
135.37
128.59
118.31
189.03
233.20
150.80
100.29
89.54
150.76
136.41
132.95
166.14
149.81
185.19
180.77
211.84
196.66
148.40
204.22
180.69
178.91
130.18
133.88
151.13
192.25
198.67
228.02
170.52
186.44
223.68
247.44
225.49
196.34
172.29
227.49
218.09
181.66
196.97
180.55
162.61
140.25
108.32
125.46
147.17
207.57
152.58
127.35
176.59
164.06
193.55
184.44
179.40
183.47
180.62
207.01
170.94
144.10
139.09
134.32
137.29
138.26
140.46
141.38
141.43
138.23
137.52
139.17
140.13
140.59
138.01
137.40
139.71
142.35
143.19
140.28
140.19
139.76
140.32
140.48
138.98
138.53
139.85
141.32
141.50
140.29
140.28
140.85
141.27
141.36
141.89
142.13
140.39
139.34
138.56
141.05
142.07
124.99
132.53
136.88
112.38
133.33
135.44
136.47
134.65
95.08
105.59
111.41
91.31
61.19
4.76
4.56
-45.45
10.40
100.96
38.88
-11.42
52.56
62.97
54.65
10.69
-37.17
-31.16
-7.58
26.03
26.98
-11.53
-81.25
-5.17
-10.72
-66.15
44.02
53.00
29.93
35.45
55.22
80.23
66.25
47.31
64.31
24.03
24.36
46.99
57.28
79.49
64.48
45.54
70.92
97.67
88.27
80.77
76.50
81.18
88.55
89.91
88.19
61.91
76.79
58.33
86.88
87.04
85.44
84.60
87.36
88.58
87.25
88.84
89.36
88.82
87.89
87.59
84.40
83.74
88.65
90.32
89.39
85.98
85.31
87.78
89.22
89.21
86.06
85.35
78.52
84.90
86.30
83.70
69.53
24.38
-9.72
40.87
18.05
23.67
-23.67
-4.53
14.50
39.56
-45.55
-12.38
44.22
24.64
-65.03
0.73
-7.24
-33.86
-78.71
-113.08
-114.93
-69.86
-59.79
-63.11
-67.01
-114.28
-81.44
-106.58
-45.84
-82.02
-59.71
-31.13
-44.60
-39.55
-70.46
-62.54
-58.51
-47.68
-40.77
-41.62
-22.76
-1.41
12.37
-15.25
36.71
26.35
16.91
10.42
3.56
7.25
5.43
-4.79
6.75
12.60
-15.36
10.30
18.21
12.65
16.66
15.11
-21.11
-0.20
12.16
18.66
16.09
14.97
14.46
16.64
17.09
15.91
15.26
14.73
15.00
14.86
13.90
13.01
12.77
14.14
14.42
13.97
12.82
12.68
12.42
12.57
12.55
13.67
13.79
11.67
10.93
10.63
14.88
12.28
10.20
10.04
10.15
9.94
10.95
10.39
10.26
10.40
10.75
9.58
10.76
10.45
10.86
12.48
12.52
12.46
12.82
12.57
12.35
12.03
10.43
9.16
10.39
12.35
12.64
11.28
10.91
10.56
8.96
8.81
9.30
6.58
8.25
6.36
6.88
7.72
8.40
8.43
9.37
9.60
8.84
8.17
8.15
8.33
8.13
8.74
9.10
11.35
13.74
11.71
9.47
10.26
10.43
8.66
7.61
7.08
5.80
5.73
7.31
7.87
8.52
9.22
9.50
9.53
9.45
8.32
5.54
5.11
5.74
6.34
6.96
7.99
7.97
8.03
7.80
7.77
7.56
7.74
6.47
5.96
5.68
7.15
7.17
7.09
7.15
7.12
6.03
5.53
8.20
10.11
10.45
6.81
5.84
7.12
8.13
8.69
8.42
8.58
7.64
7.19
7.12
6.96
6.99
6.73
6.92
6.85
5.57
5.22
5.28
4.92
4.73
5.14
5.01
5.87
7.58
7.99
7.58
7.79
7.41
6.99
6.65
6.76
6.47
6.20
4.84
4.65
4.89
4.80
3.02
-3.63
-9.38
-8.41
4.46
6.51
21.11
12.76
67.48
24.33
-2.05
17.05
-205.64
-212.94
-70.38
-38.31
-32.96
-72.41
-132.37
-193.99
-186.61
-148.15
-178.65
-152.21
-167.09
-178.32
-172.19
-178.29
-125.67
-158.16
-155.30
-173.40
-136.47
-171.03
-166.95
-172.70
-170.74
-170.55
-56.23
-166.09
-192.70
-308.59
-261.69
-149.05
104.84
169.99
-33.09
-119.55
-124.06
-125.80
-135.85
-121.67
-126.93
-128.64
-132.87
