-5	5	0	-18.53
-7	7	0	-40.45
11	-11	0	-35.87
43	-43	0	59.15
68	-68	0	260.88
67	-67	0	511.19
48	-48	0	727.27
17	-17	0	852.59
-24	24	0	846.08
-71	71	0	677.45
-122	122	0	327.87
-177	177	0	-217.50
-219	219	0	-944.65
-233	233	0	-1779.97
-222	222	0	-2624.79
-195	195	0	-3401.72
-157	157	0	-4059.94
-113	113	0	-4567.17
-62	62	0	-4899.46
-7	7	0	-5035.98
50	-50	0	-4965.28
109	-109	0	-4679.96
171	-171	0	-4170.90
233	-233	0	-3432.07
297	-297	0	-2460.09
361	-361	0	-1250.94
425	-425	0	195.39
477	-477	0	1858.56
497	-497	0	3660.17
494	-494	0	5496.91
473	-473	0	7292.01
439	-439	0	8987.25
397	-397	0	10542.92
350	-350	0	11934.47
298	-298	0	13143.37
243	-243	0	14154.47
185	-185	0	14956.66
125	-125	0	15540.52
65	-65	0	15902.03
3	-3	0	16037.80
-60	60	0	15942.10
-123	123	0	15612.94
-187	187	0	15048.60
-251	251	0	14247.10
-316	316	0	13206.72
-381	381	0	11925.45
-445	445	0	10405.00
-511	511	0	8643.99
-576	576	0	6640.08
-641	641	0	4395.29
-707	707	0	1907.92
-772	772	0	-822.35
-823	823	0	-3769.75
-845	845	0	-6857.00
-841	841	0	-9981.68
-819	819	0	-13061.03
-785	785	0	-16038.50
-742	742	0	-18874.72
-693	693	0	-21541.40
-639	639	0	-24018.03
-582	582	0	-26289.45
-523	523	0	-28346.24
-462	462	0	-30180.99
-399	399	0	-31786.30
-336	336	0	-33158.13
-271	271	0	-34293.11
-207	207	0	-35188.89
-141	141	0	-35844.11
-75	75	0	-36254.74
-9	9	0	-36420.78
57	-57	0	-36342.23
124	-124	0	-36017.41
191	-191	0	-35444.28
257	-257	0	-34624.56
325	-325	0	-33556.86
391	-391	0	-32240.54
459	-459	0	-30676.26
525	-525	0	-28863.36
593	-593	0	-26802.48
660	-660	0	-24491.29
727	-727	0	-21931.82
794	-794	0	-19124.05
861	-861	0	-16067.98
929	-929	0	-12761.93
996	-996	0	-9205.57
1063	-1063	0	-5400.91
1131	-1131	0	-1346.27
1198	-1198	0	2958.68
1251	-1251	0	7488.18
1274	-1274	0	12163.23
1273	-1273	0	16882.83
1253	-1253	0	21566.51
1221	-1221	0	26155.73
1179	-1179	0	30609.40
1131	-1131	0	34897.26
1079	-1079	0	39000.45
1023	-1023	0	42904.15
965	-965	0	46596.93
905	-905	0	50071.38
844	-844	0	53321.79
781	-781	0	56342.74
718	-718	0	59130.22
654	-654	0	61682.54
589	-589	0	63995.98
525	-525	0	66070.23
459	-459	0	67903.92
394	-394	0	69494.72
329	-329	0	70844.63
263	-263	0	71951.97
197	-197	0	72814.72
131	-131	0	73432.88
65	-65	0	73806.45
-1	1	0	73935.43
-67	67	0	73819.83
-133	133	0	73459.63
-199	199	0	72854.85
-265	265	0	72005.48
-331	331	0	70911.52
-398	398	0	69571.28
-464	464	0	67984.44
-531	531	0	66151.31
-597	597	0	64071.59
-663	663	0	61747.28
-730	730	0	59176.68
-796	796	0	56359.49
-863	863	0	53296.02
-929	929	0	49985.94
-995	995	0	46431.28
-1062	1062	0	42630.33
-1128	1128	0	38582.78
-1195	1195	0	34288.95
-1261	1261	0	29748.53
-1328	1328	0	24961.81
-1394	1394	0	19928.50
-1461	1461	0	14648.91
-1527	1527	0	9122.71
-1594	1594	0	3350.24
-1660	1660	0	-2668.84
-1713	1713	0	-8910.46
-1735	1735	0	-15295.94
-1731	1731	0	-21718.86
-1709	1709	0	-28096.44
-1673	1673	0	-34368.76
-1630	1630	0	-40495.80
-1581	1581	0	-46453.31
-1527	1527	0	-52220.76
-1469	1469	0	-57781.30
-1410	1410	0	-63125.21
-1349	1349	0	-68247.09
-1286	1286	0	-73139.51
-1222	1222	0	-77796.77
-1157	1157	0	-82215.15
-1093	1093	0	-86394.34
-1027	1027	0	-90332.98
-961	961	0	-94027.02
-895	895	0	-97476.47
-828	828	0	-100679.64
-761	761	0	-103634.52
-695	695	0	-106342.80
-627	627	0	-108803.09
-561	561	0	-111014.78
-493	493	0	-112978.49
-426	426	0	-114691.90
-359	359	0	-116157.01
-292	292	0	-117373.83
-225	225	0	-118342.35
-157	157	0	-119060.88
-90	90	0	-119529.11
-23	23	0	-119749.05
45	-45	0	-119718.99
112	-112	0	-119438.63
179	-179	0	-118909.98
247	-247	0	-118131.34
314	-314	0	-117102.39
381	-381	0	-115825.15
449	-449	0	-114297.91
516	-516	0	-112520.38
583	-583	0	-110494.55
651	-651	0	-108218.73
718	-718	0	-105692.60
785	-785	0	-102918.19
853	-853	0	-99893.78
920	-920	0	-96619.07
988	-988	0	-93094.37
1055	-1055	0	-89319.36
1123	-1123	0	-85294.37
1190	-1190	0	-81019.07
1257	-1257	0	-76495.48
1325	-1325	0	-71721.89
1393	-1393	0	-66696.30
1460	-1460	0	-61420.42
1527	-1527	0	-55896.23
1595	-1595	0	-50122.06
1662	-1662	0	-44097.59
1730	-1730	0	-37823.12
1797	-1797	0	-31298.35
1865	-1865	0	-24523.59
1932	-1932	0	-17498.53
1999	-1999	0	-10225.17
2067	-2067	0	-2701.82
2135	-2135	0	5073.53
2188	-2188	0	13075.45
2211	-2211	0	21222.91
2208	-2208	0	29411.53
2187	-2187	0	37558.52
2154	-2154	0	45607.33
2112	-2112	0	53518.59
2064	-2064	0	61264.04
2011	-2011	0	68823.12
1956	-1956	0	76182.40
1898	-1898	0	83332.77
1838	-1838	0	90264.80
1777	-1777	0	96972.80
1714	-1714	0	103451.34
1651	-1651	0	109696.41
1587	-1587	0	115706.31
1523	-1523	0	121479.04
1457	-1457	0	127011.20
1393	-1393	0	132302.16
1327	-1327	0	137352.55
1262	-1262	0	142160.05
1197	-1197	0	146726.67
1131	-1131	0	151050.72
1065	-1065	0	155130.17
999	-999	0	158965.03
933	-933	0	162555.31
867	-867	0	165901.00
801	-801	0	169002.09
735	-735	0	171858.61
669	-669	0	174470.53
602	-602	0	176836.17
536	-536	0	178955.22
469	-469	0	180827.98
403	-403	0	182454.14
337	-337	0	183835.72
271	-271	0	184972.70
204	-204	0	185863.41
138	-138	0	186507.50
71	-71	0	186905.31
5	-5	0	187056.53
-61	61	0	186963.16
-127	127	0	186625.20
-194	194	0	186040.97
-261	261	0	185208.44
-327	327	0	184129.30
-393	393	0	182805.58
-460	460	0	181235.58
-526	526	0	179418.97
-593	593	0	177356.08
-659	659	0	175046.59
-725	725	0	172492.52
-792	792	0	169692.16
-858	858	0	166645.20
-925	925	0	163351.97
-991	991	0	159812.13
-1057	1057	0	156027.70
-1124	1124	0	151996.98
-1191	1191	0	147717.98
-1257	1257	0	143192.38
-1323	1323	0	138422.19
-1390	1390	0	133405.70
-1456	1456	0	128142.63
-1523	1523	0	122633.27
-1589	1589	0	116877.30
-1655	1655	0	110876.76
-1722	1722	0	104629.93
-1789	1789	0	98134.80
-1855	1855	0	91393.09
-1921	1921	0	84406.77
-1988	1988	0	77174.18
-2055	2055	0	69693.29
-2121	2121	0	61965.80
-2188	2188	0	53992.03
-2254	2254	0	45771.66
-2321	2321	0	37305.01
-2387	2387	0	28591.76
-2454	2454	0	19632.22
-2520	2520	0	10426.09
-2587	2587	0	973.67
-2653	2653	0	-8725.35
-2706	2706	0	-18646.91
-2729	2729	0	-28714.03
-2725	2725	0	-38820.60
-2704	2704	0	-48883.52
-2670	2670	0	-58846.59
-2627	2627	0	-68668.39
-2578	2578	0	-78320.66
-2525	2525	0	-87784.57
-2467	2467	0	-97043.59
-2408	2408	0	-106085.97
-2347	2347	0	-114906.31
-2285	2285	0	-123498.90
-2221	2221	0	-131858.33
-2156	2156	0	-139978.89
-2091	2091	0	-147858.56
-2025	2025	0	-155495.66
-1959	1959	0	-162888.17
-1893	1893	0	-170036.09
-1826	1826	0	-176937.73
-1759	1759	0	-183591.08
308	1692	2000	-186605.25
375	1625	2000	-185350.25
442	1558	2000	-183846.95
509	1491	2000	-182095.36
577	1423	2000	-180093.78
644	1356	2000	-177841.89
711	1289	2000	-175341.70
779	1221	2000	-172591.53
846	1154	2000	-169591.05
913	1087	2000	-166342.28
981	1019	2000	-162843.52
1048	952	2000	-159094.45
1115	885	2000	-155097.09
1183	817	2000	-150849.75
1251	749	2000	-146350.41
1318	682	2000	-141600.75
1385	615	2000	-136602.80
1453	547	2000	-131354.86
1521	479	2000	-125854.92
1588	412	2000	-120104.68
1656	344	2000	-114104.45
1723	277	2000	-107853.91
1791	209	2000	-101353.38
1859	141	2000	-94600.86
1926	74	2000	-87598.03
1993	7	2000	-80346.91
2061	-61	2000	-72845.79
2129	-129	2000	-65092.68
2196	-196	2000	-57089.26
2264	-264	2000	-48835.85
2331	-331	2000	-40332.14
2399	-399	2000	-31578.44
2467	-467	2000	-22572.74
2534	-534	2000	-13316.73
2602	-602	2000	-3810.74
2669	-669	2000	5945.56
2723	-723	2000	15928.12
2747	-747	2000	26059.92
2745	-745	2000	36236.59
2726	-726	2000	46377.02
2694	-694	2000	56425.00
2653	-653	2000	66339.14
2605	-605	2000	76089.47
2553	-553	2000	85655.13
2497	-497	2000	95021.30
2439	-439	2000	104176.55
2379	-379	2000	113113.48
2318	-318	2000	121826.35
2255	-255	2000	130309.77
2191	-191	2000	138558.03
2127	-127	2000	146569.11
2063	-63	2000	154343.02
1997	3	2000	161876.36
1932	68	2000	169166.80
1867	133	2000	176216.36
1801	199	2000	183023.34
1735	265	2000	189585.73
1669	331	2000	195903.55
1603	397	2000	201976.77
1536	464	2000	207803.70
1470	530	2000	213384.05
1403	597	2000	218718.09
1337	663	2000	223805.55
1271	729	2000	228648.41
1204	796	2000	233244.98
1137	863	2000	237593.27
1071	929	2000	241694.95
1004	996	2000	245550.36
937	1063	2000	249157.47
871	1129	2000	252517.98
805	1195	2000	255633.91
738	1262	2000	258503.55
671	1329	2000	261124.89
605	1395	2000	263499.63
538	1462	2000	265628.09
471	1529	2000	267508.25
405	1595	2000	269141.81
338	1662	2000	270529.09
271	1729	2000	271668.09
205	1795	2000	272560.50
138	1862	2000	273206.63
71	1929	2000	273604.44
4	1996	2000	273753.97
-63	2063	2000	273655.19
-129	2129	2000	273309.81
-196	2196	2000	272718.16
-263	2263	2000	271878.22
-329	2329	2000	270791.69
-396	2396	2000	269458.84
-463	2463	2000	267877.72
-529	2529	2000	266050.00
-596	2596	2000	263976.00
-663	2663	2000	261653.70
-729	2729	2000	259084.80
-796	2796	2000	256269.61
-863	2863	2000	253206.13
-929	2929	2000	249896.05
-996	2996	2000	246339.69
-1063	3063	2000	242535.03
-1130	3130	2000	238482.08
-1197	3197	2000	234180.84
-1263	3263	2000	229633.00
-1330	3330	2000	224838.88
-1397	3397	2000	219796.45
-1463	3463	2000	214507.44
-1530	3530	2000	208972.14
-1597	3597	2000	203188.55
-1663	3663	2000	197158.36
-1730	3730	2000	190881.89
-1797	3797	2000	184357.13
-1863	3863	2000	177585.75
-1930	3930	2000	170568.09
-1997	3997	2000	163302.14
-2063	4063	2000	155789.59
-2131	4131	2000	148029.06
-2197	4197	2000	140019.92
-2264	4264	2000	131764.50
-2331	4331	2000	123260.79
-2397	4397	2000	114510.48
-2464	4464	2000	105513.88
-2531	4531	2000	96268.99
-2597	4597	2000	86777.51
-2664	4664	2000	77039.73
-2731	4731	2000	67053.67
-2797	4797	2000	56821.01
-2864	4864	2000	46342.06
-2931	4931	2000	35614.82
-2997	4997	2000	24640.98
-3064	5064	2000	13420.85
-3131	5131	2000	1952.43
-3198	5198	2000	-9764.28
-3250	5250	2000	-21703.85
-3273	5273	2000	-33786.96
-3270	5270	2000	-45911.23
-3249	5249	2000	-57993.86
-3215	5215	2000	-69976.63
-3171	5171	2000	-81816.44
-3122	5122	2000	-93484.71
-3069	5069	2000	-104964.62
-3011	5011	2000	-116239.63
-2952	4952	2000	-127298.02
-2890	4890	2000	-138132.66
-2827	4827	2000	-148735.84
-2763	4763	2000	-159103.86
-2699	4699	2000	-169234.70
-2633	4633	2000	-179124.98
-2567	4567	2000	-188770.67
-2501	4501	2000	-198171.77
-2434	4434	2000	-207326.58
-2367	4367	2000	-216233.09
-2300	4300	2000	-224891.33
-2233	4233	2000	-233301.27
-2166	4166	2000	-241462.91
-2099	4099	2000	-249376.25
-2031	4031	2000	-257039.61
-1963	3963	2000	-264450.97
-1896	3896	2000	-271612.03
-1829	3829	2000	-278524.78
-1761	3761	2000	-285187.56
-1693	3693	2000	-291598.34
-1625	3625	2000	-297757.13
-1558	3558	2000	-303665.59
-1490	3490	2000	-309324.06
-1423	3423	2000	-314732.22
-1355	3355	2000	-319890.41
-1287	3287	2000	-324796.59
-1220	3220	2000	-329452.47
-1152	3152	2000	-333858.34
-1085	3085	2000	-338013.94
-1017	3017	2000	-341919.53
-949	2949	2000	-345573.13
-881	2881	2000	-348974.72
-814	2814	2000	-352126.00
-746	2746	2000	-355027.31
-679	2679	2000	-357678.31
-611	2611	2000	-360079.31
-543	2543	2000	-362228.31
-475	2475	2000	-364125.31
-408	2408	2000	-365772.00
-340	2340	2000	-367168.72
-272	2272	2000	-368313.44
-205	2205	2000	-369207.84
-137	2137	2000	-369852.25
-69	2069	2000	-370244.66
-1	2001	2000	-370385.06
66	1934	2000	-370275.19
134	1866	2000	-369915.31
202	1798	2000	-369303.44
269	1731	2000	-368441.25
337	1663	2000	-367329.06
405	1595	2000	-365964.88
473	1527	2000	-364348.69
541	1459	2000	-362480.50
608	1392	2000	-360362.03
676	1324	2000	-357993.56
743	1257	2000	-355374.78
811	1189	2000	-352506.03
879	1121	2000	-349385.28
947	1053	2000	-346012.53
1015	985	2000	-342387.78
1082	918	2000	-338512.72
1150	850	2000	-334387.66
1217	783	2000	-330012.31
1285	715	2000	-325386.97
1353	647	2000	-320509.63
1421	579	2000	-315380.28
1489	511	2000	-309998.94
1557	443	2000	-304365.59
1624	376	2000	-298481.94
1692	308	2000	-292348.28
1759	241	2000	-285964.34
1827	173	2000	-279330.41
1895	105	2000	-272444.47
1963	37	2000	-265306.53
2031	-31	2000	-257916.59
2099	-99	2000	-250274.66
2166	-166	2000	-242382.42
2234	-234	2000	-234240.19
2302	-302	2000	-225845.95
2369	-369	2000	-217201.42
2437	-437	2000	-208306.89
2505	-505	2000	-199160.36
2573	-573	2000	-189761.83
2641	-641	2000	-180111.30
2709	-709	2000	-170208.77
2776	-776	2000	-160055.94
2844	-844	2000	-149653.13
2912	-912	2000	-138998.31
2979	-979	2000	-128093.19
3047	-1047	2000	-116938.07
3115	-1115	2000	-105530.95
3183	-1183	2000	-93871.84
3251	-1251	2000	-81960.72
3319	-1319	2000	-69797.60
3386	-1386	2000	-57384.18
3454	-1454	2000	-44720.78
3522	-1522	2000	-31805.37
3590	-1590	2000	-18637.96
3657	-1657	2000	-5220.25
3725	-1725	2000	8447.45
3779	-1779	2000	22343.41
3803	-1803	2000	36388.63
3801	-1801	2000	50478.71
3782	-1782	2000	64532.55
3750	-1750	2000	78493.95
3709	-1709	2000	92321.49
3662	-1662	2000	105986.92
3610	-1610	2000	119469.70
3554	-1554	2000	132753.00
3496	-1496	2000	145825.38
3436	-1436	2000	158679.41
3375	-1375	2000	171309.39
3312	-1312	2000	183709.94
3249	-1249	2000	195877.00
3185	-1185	2000	207808.91
3120	-1120	2000	219501.94
3055	-1055	2000	230954.09
2989	-989	2000	242163.67
2924	-924	2000	253130.34
2858	-858	2000	263854.44
2792	-792	2000	274333.94
2725	-725	2000	284567.16
2659	-659	2000	294553.78
2593	-593	2000	304295.81
2527	-527	2000	313793.28
2460	-460	2000	323044.44
2393	-393	2000	332047.31
2327	-327	2000	340803.59
2260	-260	2000	349313.59
2193	-193	2000	357575.28
2127	-127	2000	365590.38
2060	-60	2000	373359.19
1993	7	2000	380879.72
1927	73	2000	388153.66
1860	140	2000	395181.31
1793	207	2000	401960.66
1726	274	2000	408491.72
1659	341	2000	414774.47
1593	407	2000	420810.63
1526	474	2000	426600.50
1459	541	2000	432142.09
1392	608	2000	437435.38
1325	675	2000	442480.38
1258	742	2000	447277.06
1191	809	2000	451825.47
1125	875	2000	456127.28
1058	942	2000	460182.81
991	1009	2000	463990.03
924	1076	2000	467548.97
857	1143	2000	470859.63
791	1209	2000	473923.66
723	1277	2000	476739.72
657	1343	2000	479307.19
590	1410	2000	481628.34
523	1477	2000	483701.22
456	1544	2000	485525.81
389	1611	2000	487102.09
322	1678	2000	488430.09
255	1745	2000	489509.78
189	1811	2000	490342.88
121	1879	2000	490928.00
-1945	1945	0	487873.63
-2012	2012	0	480552.09
-2079	2079	0	472982.25
-2146	2146	0	465164.13
-2213	2213	0	457097.72
-2280	2280	0	448783.00
-2347	2347	0	440220.00
-2414	2414	0	431408.69
-2481	2481	0	422349.09
-2547	2547	0	413042.91
-2615	2615	0	403488.72
-2681	2681	0	393685.94
-2749	2749	0	383635.19
-2815	2815	0	373335.81
-2883	2883	0	362788.47
-2949	2949	0	351992.50
-3016	3016	0	340950.25
-3083	3083	0	329659.72
-3150	3150	0	318120.88
-3217	3217	0	306333.75
-3284	3284	0	294298.34
-3351	3351	0	282014.63
-3418	3418	0	269482.63
-3485	3485	0	256702.33
-3552	3552	0	243673.73
-3619	3619	0	230396.84
-3686	3686	0	216871.66
-3753	3753	0	203098.19
-3820	3820	0	189076.42
-3887	3887	0	174806.36
-3954	3954	0	160288.00
-4021	4021	0	145521.34
-4088	4088	0	130506.40
-4155	4155	0	115243.16
-4222	4222	0	99731.63
-4289	4289	0	83971.80
-4356	4356	0	67963.67
-4423	4423	0	51707.25
-4490	4490	0	35202.54
-4557	4557	0	18449.54
-4623	4623	0	1449.93
-4691	4691	0	-15797.65
-4743	4743	0	-33270.11
-4766	4766	0	-50886.11
-4765	4765	0	-68546.64
-4745	4745	0	-86171.26
-4711	4711	0	-103698.02
-4669	4669	0	-121085.23
-4621	4621	0	-138306.61
-4567	4567	0	-155339.94
-4511	4511	0	-172169.75
-4451	4451	0	-188785.27
-4390	4390	0	-205176.72
-4327	4327	0	-221338.73
-4263	4263	0	-237265.58
-4199	4199	0	-252955.25
-4133	4133	0	-268404.34
-4067	4067	0	-283608.84
-4001	4001	0	-298568.78
-3935	3935	0	-313284.13
-3868	3868	0	-327753.19
-3801	3801	0	-341973.94
-3734	3734	0	-355946.41
-3667	3667	0	-369670.56
-3600	3600	0	-383146.44
-3533	3533	0	-396374.03
-3465	3465	0	-409351.63
-3398	3398	0	-422078.91
-3331	3331	0	-434557.91
-3263	3263	0	-446786.91
-3196	3196	0	-458765.59
-3129	3129	0	-470496.00
-3061	3061	0	-481976.41
-2994	2994	0	-493206.53
-2927	2927	0	-504188.34
-2859	2859	0	-514920.16
-2791	2791	0	-525400.00
-2724	2724	0	-535629.50
-2657	2657	0	-545610.75
-2589	2589	0	-555342.00
-2522	2522	0	-564822.94
-2455	2455	0	-574055.56
-2387	2387	0	-583038.19
-2319	2319	0	-591768.81
-2252	2252	0	-600249.19
-2185	2185	0	-608481.25
-2117	2117	0	-616463.31
-2050	2050	0	-624195.06
-1982	1982	0	-631676.81
-1915	1915	0	-638908.25
-1847	1847	0	-645889.75
-1780	1780	0	-652620.94
-1713	1713	0	-659103.81
-1645	1645	0	-665336.69
-1578	1578	0	-671319.25
-1510	1510	0	-677051.81
-1443	1443	0	-682534.13
-1375	1375	0	-687766.44
-1308	1308	0	-692748.44
-1241	1241	0	-697482.13
-1173	1173	0	-701965.81
-1105	1105	0	-706197.50
-1038	1038	0	-710178.88
-971	971	0	-713912.00
-903	903	0	-717395.13
-836	836	0	-720627.94
-768	768	0	-723610.75
-701	701	0	-726343.25
-633	633	0	-728825.81
-566	566	0	-731058.06
-498	498	0	-733040.31
-431	431	0	-734772.25
-363	363	0	-736254.19
-296	296	0	-737485.81
-228	228	0	-738467.44
-161	161	0	-739198.81
-93	93	0	-739680.19
-26	26	0	-739911.25
41	-41	0	-739894.00
109	-109	0	-739626.75
177	-177	0	-739107.50
244	-244	0	-738337.94
311	-311	0	-737320.13
379	-379	0	-736052.31
447	-447	0	-734532.50
514	-514	0	-732762.38
581	-581	0	-730743.94
649	-649	0	-728475.50
717	-717	0	-725955.06
784	-784	0	-723184.38
851	-851	0	-720165.38
919	-919	0	-716896.38
987	-987	0	-713375.38
1054	-1054	0	-709604.06
1121	-1121	0	-705584.44
1189	-1189	0	-701314.88
1257	-1257	0	-696793.31
1324	-1324	0	-692021.44
1391	-1391	0	-687001.25
1459	-1459	0	-681731.06
1527	-1527	0	-676208.88
1594	-1594	0	-670436.38
1661	-1661	0	-664415.63
1729	-1729	0	-658144.88
1797	-1797	0	-651622.13
1864	-1864	0	-644849.06
1931	-1931	0	-637827.69
1999	-1999	0	-630556.31
2067	-2067	0	-623032.94
2134	-2134	0	-615259.31
2201	-2201	0	-607237.38
2269	-2269	0	-598965.44
2337	-2337	0	-590441.50
2404	-2404	0	-581667.25
2472	-2472	0	-572643.00
2539	-2539	0	-563368.44
2607	-2607	0	-553843.94
2674	-2674	0	-544069.13
2742	-2742	0	-534044.31
2809	-2809	0	-523769.19
2877	-2877	0	-513244.06
2944	-2944	0	-502468.66
3012	-3012	0	-491443.25
3079	-3079	0	-480167.53
3147	-3147	0	-468641.84
3214	-3214	0	-456865.84
3282	-3282	0	-444839.84
3349	-3349	0	-432563.53
3417	-3417	0	-420037.25
3485	-3485	0	-407258.97
3552	-3552	0	-394230.38
3619	-3619	0	-380953.50
3687	-3687	0	-367426.63
3755	-3755	0	-353647.75
3822	-3822	0	-339618.56
3890	-3890	0	-325339.41
3957	-3957	0	-310809.94
4025	-4025	0	-296030.47
4092	-4092	0	-281000.69
4160	-4160	0	-265720.94
4227	-4227	0	-250190.88
4295	-4295	0	-234410.83
4363	-4363	0	-218378.78
4430	-4430	0	-202096.42
4497	-4497	0	-185565.77
4565	-4565	0	-168785.13
4633	-4633	0	-151752.48
4700	-4700	0	-134469.53
4768	-4768	0	-116936.59
4835	-4835	0	-99153.35
4903	-4903	0	-81120.12
4970	-4970	0	-62836.58
5038	-5038	0	-44303.06
5105	-5105	0	-25519.23
5173	-5173	0	-6485.41
5241	-5241	0	12800.41
5294	-5294	0	32312.79
5317	-5317	0	51970.73
5315	-5315	0	71671.52
5294	-5294	0	91332.68
5261	-5261	0	110895.67
5219	-5219	0	130321.11
5171	-5171	0	149580.73
5118	-5118	0	168654.00
5063	-5063	0	187527.45
5004	-5004	0	206190.30
4944	-4944	0	224632.81
4882	-4882	0	242849.58
4819	-4819	0	260834.88
4756	-4756	0	278586.72
4692	-4692	0	296103.38
4627	-4627	0	313381.16
4562	-4562	0	330418.06
4497	-4497	0	347214.09
4431	-4431	0	363767.56
4365	-4365	0	380076.44
4299	-4299	0	396140.72
4233	-4233	0	411960.41
4167	-4167	0	427535.50
4101	-4101	0	442866.00
4035	-4035	0	457951.94
3969	-3969	0	472793.28
3902	-3902	0	487388.34
3835	-3835	0	501735.09
3769	-3769	0	515835.25
3703	-3703	0	529690.81
3636	-3636	0	543300.13
3569	-3569	0	556661.13
3503	-3503	0	569775.50
3436	-3436	0	582643.63
3369	-3369	0	595263.44
3303	-3303	0	607636.63
3236	-3236	0	619763.56
3169	-3169	0	631642.19
3103	-3103	0	643274.25
3036	-3036	0	654660.00
2969	-2969	0	665797.44
2903	-2903	0	676688.31
2836	-2836	0	687332.88
2769	-2769	0	697729.19
2703	-2703	0	707878.88
2636	-2636	0	717782.25
2569	-2569	0	727437.38
2502	-2502	0	736844.19
2435	-2435	0	746002.69
2369	-2369	0	754914.63
2302	-2302	0	763580.25
2235	-2235	0	771997.63
2169	-2169	0	780168.38
2102	-2102	0	788092.81
2035	-2035	0	795769.00
1968	-1968	0	803196.88
1901	-1901	0	810376.44
1835	-1835	0	817309.44
1767	-1767	0	823994.44
1701	-1701	0	830430.81
1634	-1634	0	836620.94
1567	-1567	0	842562.75
1501	-1501	0	848257.94
1433	-1433	0	853705.19
1367	-1367	0	858903.81
1300	-1300	0	863856.19
1233	-1233	0	868560.25
1166	-1166	0	873016.00
1099	-1099	0	877223.44
1033	-1033	0	881184.31
966	-966	0	884898.88
899	-899	0	888365.19
832	-832	0	891583.19
765	-765	0	894552.88
699	-699	0	897276.00
632	-632	0	899752.81
565	-565	0	901981.31
498	-498	0	903961.56
431	-431	0	905693.50
365	-365	0	907178.81
297	-297	0	908416.19
231	-231	0	909404.94
164	-164	0	910147.38
97	-97	0	910641.56
30	-30	0	910887.44
-37	37	0	910885.00
-104	104	0	910634.31
-171	171	0	910135.31
-237	237	0	909389.69
-305	305	0	908396.13
-371	371	0	907153.94
-438	438	0	905665.44
-505	505	0	903928.69
-572	572	0	901943.63
-639	639	0	899710.25
-706	706	0	897228.63
-773	773	0	894498.69
-840	840	0	891520.44
-907	907	0	888293.88
-973	973	0	884820.75
-1040	1040	0	881101.31
-1107	1107	0	877133.63
-1174	1174	0	872917.63
-1241	1241	0	868453.31
-1308	1308	0	863740.69
625	1375	2000	862170.69
558	1442	2000	864373.25
491	1509	2000	866327.56
424	1576	2000	868033.56
357	1643	2000	869491.25
291	1709	2000	870702.38
223	1777	2000	871665.50
157	1843	2000	872380.00
89	1911	2000	872846.56
23	1977	2000	873064.50
-44	2044	2000	873036.13
-111	2111	2000	872759.50
-178	2178	2000	872234.56
-245	2245	2000	871461.31
-312	2312	2000	870439.75
-379	2379	2000	869169.94
-446	2446	2000	867651.81
-513	2513	2000	865885.38
-580	2580	2000	863870.69
-647	2647	2000	861607.69
-714	2714	2000	859096.38
-781	2781	2000	856336.75
-848	2848	2000	853328.88
-915	2915	2000	850072.69
-982	2982	2000	846568.19
-1049	3049	2000	842815.44
-1115	3115	2000	838816.06
-1183	3183	2000	834568.69
-1249	3249	2000	830072.75
-1317	3317	2000	825328.81
-1383	3383	2000	820336.25
-1450	3450	2000	815097.44
-1517	3517	2000	809610.31
-1584	3584	2000	803874.88
-1651	3651	2000	797891.19
-1718	3718	2000	791659.19
-1785	3785	2000	785178.88
-1852	3852	2000	778450.25
-1919	3919	2000	771473.38
-1986	3986	2000	764248.19
-2053	4053	2000	756774.69
-2120	4120	2000	749052.94
-2187	4187	2000	741082.88
-2254	4254	2000	732864.50
-2321	4321	2000	724397.88
-2388	4388	2000	715682.94
-2455	4455	2000	706719.69
-2522	4522	2000	697508.13
-2589	4589	2000	688048.31
-2655	4655	2000	678341.88
-2723	4723	2000	668387.44
-2789	4789	2000	658184.44
-2857	4857	2000	647733.44
-2923	4923	2000	637033.81
-2991	4991	2000	626086.25
-3057	5057	2000	614890.06
-3124	5124	2000	603447.56
-3191	5191	2000	591756.81
-3258	5258	2000	579817.75
-3325	5325	2000	567630.38
-3392	5392	2000	555194.75
-3459	5459	2000	542510.81
-3526	5526	2000	529578.56
-3593	5593	2000	516398.03
-3660	5660	2000	502969.19
-3727	5727	2000	489292.06
-3794	5794	2000	475366.66
-3861	5861	2000	461192.94
-3928	5928	2000	446770.94
-3995	5995	2000	432100.63
-4062	6062	2000	417182.03
-4129	6129	2000	402015.16
-4196	6196	2000	386599.97
-4263	6263	2000	370936.50
-4330	6330	2000	355024.72
-4397	6397	2000	338864.66
-4463	6463	2000	322458.00
-4531	6531	2000	305803.34
-4597	6597	2000	288900.09
-4665	6665	2000	271748.88
-4731	6731	2000	254349.03
-4799	6799	2000	236701.22
-4865	6865	2000	218804.80
-4933	6933	2000	200660.39
-4999	6999	2000	182267.38
-5067	7067	2000	163626.38
-5133	7133	2000	144736.77
-5201	7201	2000	125599.18
-5267	7267	2000	106212.98
-5334	7334	2000	86580.51
-5401	7401	2000	66699.73
-5468	7468	2000	46570.67
-5535	7535	2000	26193.31
-5602	7602	2000	5567.66
-5669	7669	2000	-15306.29
-5722	7722	2000	-36404.80
-5745	7745	2000	-57648.85
-5742	7742	2000	-78934.05
-5721	7721	2000	-100177.63
-5687	7687	2000	-121321.34
-5643	7643	2000	-142322.09
-5595	7595	2000	-163153.00
-5541	7541	2000	-183795.86
-5483	7483	2000	-204231.81
-5424	7424	2000	-224451.14
-5362	7362	2000	-244446.73
-5299	7299	2000	-264210.88
-5235	7235	2000	-283739.84
-5171	7171	2000	-303031.63
-5105	7105	2000	-322082.84
-5039	7039	2000	-340889.47
-4972	6972	2000	-359449.81
-4905	6905	2000	-377761.88
-4839	6839	2000	-395827.34
-4771	6771	2000	-413644.81
-4704	6704	2000	-431211.97
-4637	6637	2000	-448530.84
-4569	6569	2000	-465599.72
-4502	6502	2000	-482418.31
-4434	6434	2000	-498986.91
-4367	6367	2000	-515305.19
-4299	6299	2000	-531373.50
-4231	6231	2000	-547189.81
-4164	6164	2000	-562755.81
-4097	6097	2000	-578073.50
-4029	6029	2000	-593141.19
-3961	5961	2000	-607956.88
-3893	5893	2000	-622520.56
-3826	5826	2000	-636833.94
-3758	5758	2000	-650897.38
-3691	5691	2000	-664710.50
-3623	5623	2000	-678273.63
-3555	5555	2000	-691584.75
-3487	5487	2000	-704643.88
-3420	5420	2000	-717452.69
-3352	5352	2000	-730011.50
-3285	5285	2000	-742320.00
-3217	5217	2000	-754378.56
-3149	5149	2000	-766185.13
-3081	5081	2000	-777739.69
-3014	5014	2000	-789043.94
-2946	4946	2000	-800098.19
-2879	4879	2000	-810902.13
-2811	4811	2000	-821456.06
-2743	4743	2000	-831758.00
-2675	4675	2000	-841807.94
-2608	4608	2000	-851607.56
-2540	4540	2000	-861157.19
-2473	4473	2000	-870456.56
-2405	4405	2000	-879505.94
-2337	4337	2000	-888303.31
-2269	4269	2000	-896848.69
-2202	4202	2000	-905143.75
-2134	4134	2000	-913188.81
-2067	4067	2000	-920983.56
-1999	3999	2000	-928528.31
-1931	3931	2000	-935821.06
-1863	3863	2000	-942861.81
-1796	3796	2000	-949652.25
-1728	3728	2000	-956192.75
-1661	3661	2000	-962482.94
-1593	3593	2000	-968523.13
-1525	3525	2000	-974311.31
-1457	3457	2000	-979847.50
-1390	3390	2000	-985133.38
-1322	3322	2000	-990169.25
-1255	3255	2000	-994954.81
-1187	3187	2000	-999490.38
-1119	3119	2000	-1003773.94
-1051	3051	2000	-1007805.50
-984	2984	2000	-1011586.81
-916	2916	2000	-1015118.13
-849	2849	2000	-1018399.13
-781	2781	2000	-1021430.13
-713	2713	2000	-1024209.13
-645	2645	2000	-1026736.13
-578	2578	2000	-1029012.81
-510	2510	2000	-1031039.50
-443	2443	2000	-1032815.88
-375	2375	2000	-1034342.31
-307	2307	2000	-1035616.75
-239	2239	2000	-1036639.19
-172	2172	2000	-1037411.31
-104	2104	2000	-1037933.44
-37	2037	2000	-1038205.25
31	1969	2000	-1038227.06
99	1901	2000	-1037996.88
167	1833	2000	-1037514.69
234	1766	2000	-1036782.19
302	1698	2000	-1035799.75
369	1631	2000	-1034567.00
437	1563	2000	-1033084.25
505	1495	2000	-1031349.50
573	1427	2000	-1029362.75
640	1360	2000	-1027125.69
708	1292	2000	-1024638.63
775	1225	2000	-1021901.25
843	1157	2000	-1018913.88
911	1089	2000	-1015674.50
978	1022	2000	-1012184.88
1046	954	2000	-1008445.25
1114	886	2000	-1004453.63
1181	819	2000	-1000211.69
1249	751	2000	-995719.75
1317	683	2000	-990975.81
1384	616	2000	-985981.56
1452	548	2000	-980737.31
1519	481	2000	-975242.75
1587	413	2000	-969498.25
1655	345	2000	-963501.75
1723	277	2000	-957253.25
1790	210	2000	-950754.44
1858	142	2000	-944005.63
1925	75	2000	-937006.50
1993	7	2000	-929757.38
2061	-61	2000	-922256.25
2129	-129	2000	-914503.13
2197	-197	2000	-906498.00
2264	-264	2000	-898242.56
2332	-332	2000	-889737.13
2399	-399	2000	-880981.44
2467	-467	2000	-871975.75
2535	-535	2000	-862718.06
2603	-603	2000	-853208.38
2670	-670	2000	-843448.38
2738	-738	2000	-833438.38
2805	-805	2000	-823178.06
2873	-873	2000	-812667.75
2941	-941	2000	-801905.44
3009	-1009	2000	-790891.13
3076	-1076	2000	-779626.50
3144	-1144	2000	-768111.94
3212	-1212	2000	-756345.38
3279	-1279	2000	-744328.50
3347	-1347	2000	-732061.63
3415	-1415	2000	-719542.75
3483	-1483	2000	-706771.88
3550	-1550	2000	-693750.69
3618	-1618	2000	-680479.50
3685	-1685	2000	-666958.00
3753	-1753	2000	-653186.56
3821	-1821	2000	-639163.13
3889	-1889	2000	-624887.69
3957	-1957	2000	-610360.25
4024	-2024	2000	-595582.50
4092	-2092	2000	-580554.75
4159	-2159	2000	-565276.69
4227	-2227	2000	-549748.63
4295	-2295	2000	-533968.56
4363	-2363	2000	-517936.50
4430	-2430	2000	-501654.16
4498	-2498	2000	-485121.81
4565	-2565	2000	-468339.16
4633	-2633	2000	-451306.50
4701	-2701	2000	-434021.84
4769	-2769	2000	-416485.19
4836	-2836	2000	-398698.25
4904	-2904	2000	-380661.31
4972	-2972	2000	-362372.38
5039	-3039	2000	-343833.13
5107	-3107	2000	-325043.91
5175	-3175	2000	-306002.69
5243	-3243	2000	-286709.47
5310	-3310	2000	-267165.94
5378	-3378	2000	-247372.41
5445	-3445	2000	-227328.58
5513	-3513	2000	-207034.77
5581	-3581	2000	-186488.95
5649	-3649	2000	-165691.14
5716	-3716	2000	-144643.02
5784	-3784	2000	-123344.91
5851	-3851	2000	-101796.49
5919	-3919	2000	-79998.09
5987	-3987	2000	-57947.68
6055	-4055	2000	-35645.27
6122	-4122	2000	-13092.56
6190	-4190	2000	9710.14
6243	-4243	2000	32739.41
6267	-4267	2000	55915.92
6266	-4266	2000	79138.99
6247	-4247	2000	102327.84
6215	-4215	2000	125424.23
6173	-4173	2000	148385.08
6126	-4126	2000	171181.81
6074	-4074	2000	193795.89
6019	-4019	2000	216212.17
5961	-3961	2000	238419.55
5901	-3901	2000	260408.58
5839	-3839	2000	282171.88
5777	-3777	2000	303705.41
5713	-3713	2000	325005.78
5649	-3649	2000	346068.97
5584	-3584	2000	366893.28
5519	-3519	2000	387476.72
5453	-3453	2000	407817.59
5387	-3387	2000	427913.88
5321	-3321	2000	447765.56
5255	-3255	2000	467372.66
5189	-3189	2000	486735.16
5123	-3123	2000	505853.09
5057	-3057	2000	524726.44
2990	-2990	0	539962.63
2924	-2924	0	550931.31
2857	-2857	0	561653.69
2791	-2791	0	572129.50
2724	-2724	0	582359.00
2657	-2657	0	592340.25
2591	-2591	0	602074.88
2524	-2524	0	611563.25
2457	-2457	0	620803.31
2390	-2390	0	629795.06
2323	-2323	0	638538.50
2257	-2257	0	647035.38
2190	-2190	0	655285.94
2123	-2123	0	663288.25
2056	-2056	0	671042.25
1989	-1989	0	678547.94
1923	-1923	0	685807.06
1856	-1856	0	692819.88
1789	-1789	0	699584.38
1722	-1722	0	706100.63
1655	-1655	0	712368.56
1588	-1588	0	718388.19
1521	-1521	0	724159.56
1455	-1455	0	729684.31
1387	-1387	0	734961.06
1321	-1321	0	739989.25
1254	-1254	0	744771.13
1187	-1187	0	749304.69
1120	-1120	0	753590.00
1053	-1053	0	757627.00
986	-986	0	761415.69
919	-919	0	764956.06
853	-853	0	768249.88
785	-785	0	771295.69
719	-719	0	774092.88
652	-652	0	776643.81
585	-585	0	778946.44
518	-518	0	781000.81
451	-451	0	782806.88
384	-384	0	784364.63
317	-317	0	785674.06
250	-250	0	786735.25
183	-183	0	787548.13
117	-117	0	788114.38
49	-49	0	788432.69
-17	17	0	788502.38
-84	84	0	788325.75
-151	151	0	787900.88
-218	218	0	787227.69
-285	285	0	786306.19
-352	352	0	785136.44
-419	419	0	783718.38
-486	486	0	782052.00
-553	553	0	780137.38
-620	620	0	777974.44
-687	687	0	775563.19
-753	753	0	772905.38
-821	821	0	769999.56
-887	887	0	766845.13
-955	955	0	763442.69
-1021	1021	0	759791.69
-1088	1088	0	755894.38
-1155	1155	0	751748.75
-1222	1222	0	747354.88
-1289	1289	0	742712.69
-1356	1356	0	737822.19
-1423	1423	0	732683.44
-1490	1490	0	727296.38
-1557	1557	0	721661.00
-1624	1624	0	715777.38
-1691	1691	0	709645.44
-1758	1758	0	703265.19
-1825	1825	0	696636.63
-1892	1892	0	689759.81
-1959	1959	0	682634.69
-2026	2026	0	675261.25
-2093	2093	0	667639.56
-2159	2159	0	659771.25
-2227	2227	0	651654.94
-2293	2293	0	643290.06
-2361	2361	0	634677.19
-2427	2427	0	625815.69
-2495	2495	0	616706.25
-2561	2561	0	607348.19
-2629	2629	0	597742.13
-2695	2695	0	587887.44
-2763	2763	0	577784.81
-2829	2829	0	567433.56
-2897	2897	0	556834.31
-2963	2963	0	545986.50
-3030	3030	0	534892.38
-3097	3097	0	523549.97
-3164	3164	0	511959.25
-3231	3231	0	500120.25
-3298	3298	0	488032.94
-3365	3365	0	475697.34
-3432	3432	0	463113.47
-3499	3499	0	450281.28
-3566	3566	0	437200.81
-3633	3633	0	423872.03
-3700	3700	0	410294.97
-3767	3767	0	396469.63
-3834	3834	0	382395.97
-3901	3901	0	368074.03
-3968	3968	0	353503.78
-4035	4035	0	338685.25
-4102	4102	0	323618.41
-4169	4169	0	308303.28
-4236	4236	0	292739.88
-4303	4303	0	276928.16
-4370	4370	0	260868.16
-4437	4437	0	244559.86
-4504	4504	0	228003.27
-4571	4571	0	211198.38
-4638	4638	0	194145.19
-4705	4705	0	176843.72
-4772	4772	0	159293.95
-4839	4839	0	141495.89
-4906	4906	0	123449.53
-4973	4973	0	105154.88
-5040	5040	0	86611.94
-5107	5107	0	67820.70
-5174	5174	0	48781.16
-5241	5241	0	29493.33
-5308	5308	0	9957.21
-5375	5375	0	-9827.21
-5428	5428	0	-29836.18
-5451	5451	0	-49990.71
-5448	5448	0	-70186.38
-5425	5425	0	-90337.03
-5391	5391	0	-110383.80
-5347	5347	0	-130287.61
-5298	5298	0	-150019.89
-5244	5244	0	-169562.11
-5187	5187	0	-188899.11
-5127	5127	0	-208019.80
-5065	5065	0	-226914.73
-5002	5002	0	-245578.22
-4937	4937	0	-264004.84
-4873	4873	0	-282192.28
-4807	4807	0	-300139.16
-4741	4741	0	-317841.44
-4674	4674	0	-335297.44
-4607	4607	0	-352505.13
-4540	4540	0	-369464.53
-4473	4473	0	-386175.66
-4406	4406	0	-402638.47
-4338	4338	0	-418851.28
-4271	4271	0	-434813.81
-4203	4203	0	-450526.34
-4135	4135	0	-465986.88
-4068	4068	0	-481197.09
-4000	4000	0	-496157.34
-3933	3933	0	-510867.28
-3865	3865	0	-525327.25
-3797	3797	0	-539535.19
-3729	3729	0	-553491.13
-3662	3662	0	-567196.75
-3594	3594	0	-580652.38
-3527	3527	0	-593857.75
-3459	3459	0	-606813.13
-3391	3391	0	-619516.50
-3323	3323	0	-631967.88
-3256	3256	0	-644168.94
-3188	3188	0	-656120.00
-3121	3121	0	-667820.75
-3053	3053	0	-679271.50
-2985	2985	0	-690470.25
-2917	2917	0	-701417.00
-2850	2850	0	-712113.44
-2782	2782	0	-722559.94
-2715	2715	0	-732756.13
-2647	2647	0	-742702.31
-2579	2579	0	-752396.50
-2511	2511	0	-761838.69
-2444	2444	0	-771030.56
-2376	2376	0	-779972.44
-2309	2309	0	-788664.00
-2241	2241	0	-797105.56
-2173	2173	0	-805295.13
-2105	2105	0	-813232.69
-2038	2038	0	-820920.00
-1970	1970	0	-828357.31
-1903	1903	0	-835544.31
-1835	1835	0	-842481.31
-1767	1767	0	-849166.31
-1699	1699	0	-855599.31
-1632	1632	0	-861782.00
-1564	1564	0	-867714.69
-1497	1497	0	-873397.06
-1429	1429	0	-878829.50
-1361	1361	0	-884009.94
-1293	1293	0	-888938.38
-1226	1226	0	-893616.50
-1158	1158	0	-898044.63
-1091	1091	0	-902222.44
-1023	1023	0	-906150.25
-955	955	0	-909826.06
-887	887	0	-913249.88
-820	820	0	-916423.38
-752	752	0	-919346.94
-685	685	0	-922020.19
-617	617	0	-924443.44
-549	549	0	-926614.69
-481	481	0	-928533.94
-414	414	0	-930202.88
-346	346	0	-931621.81
-279	279	0	-932790.44
-211	211	0	-933709.06
-143	143	0	-934375.69
-75	75	0	-934790.31
-8	8	0	-934954.69
60	-60	0	-934869.06
127	-127	0	-934533.13
195	-195	0	-933947.19
263	-263	0	-933109.25
331	-331	0	-932019.31
398	-398	0	-930679.06
466	-466	0	-929088.81
533	-533	0	-927248.25
601	-601	0	-925157.75
669	-669	0	-922815.25
737	-737	0	-920220.75
804	-804	0	-917375.94
872	-872	0	-914281.13
939	-939	0	-910936.00
1007	-1007	0	-907340.88
1075	-1075	0	-903493.75
1143	-1143	0	-899394.63
1210	-1210	0	-895045.19
1278	-1278	0	-890445.75
1345	-1345	0	-885596.06
1413	-1413	0	-880496.38
1481	-1481	0	-875144.69
1549	-1549	0	-869541.00
1616	-1616	0	-863687.00
1684	-1684	0	-857583.00
1751	-1751	0	-851228.69
1819	-1819	0	-844624.38
1887	-1887	0	-837768.06
1954	-1954	0	-830661.44
2022	-2022	0	-823304.88
2089	-2089	0	-815698.00
2157	-2157	0	-807841.13
2225	-2225	0	-799732.25
2293	-2293	0	-791371.38
2360	-2360	0	-782760.19
2428	-2428	0	-773899.00
2495	-2495	0	-764787.50
2563	-2563	0	-755426.06
2631	-2631	0	-745812.63
2699	-2699	0	-735947.19
2766	-2766	0	-725831.44
2833	-2833	0	-715467.38
2901	-2901	0	-704853.31
2969	-2969	0	-693987.25
3037	-3037	0	-682869.19
3104	-3104	0	-671500.81
3172	-3172	0	-659882.44
3239	-3239	0	-648013.81
3307	-3307	0	-635895.19
3375	-3375	0	-623524.56
3443	-3443	0	-610901.94
3510	-3510	0	-598029.00
3578	-3578	0	-584906.06
3645	-3645	0	-571532.81
3713	-3713	0	-557909.56
3781	-3781	0	-544034.31
3848	-3848	0	-529908.75
3916	-3916	0	-515533.22
3983	-3983	0	-500907.38
4051	-4051	0	-486031.56
4119	-4119	0	-470903.75
4187	-4187	0	-455523.94
4254	-4254	0	-439893.81
4322	-4322	0	-424013.69
4389	-4389	0	-407883.28
4457	-4457	0	-391502.88
4525	-4525	0	-374870.47
4593	-4593	0	-357986.06
4660	-4660	0	-340851.34
4727	-4727	0	-323468.34
4795	-4795	0	-305835.34
4863	-4863	0	-287950.34
4931	-4931	0	-269813.34
4998	-4998	0	-251426.05
5066	-5066	0	-232788.75
5133	-5133	0	-213901.16
5201	-5201	0	-194763.58
5269	-5269	0	-175374.00
5337	-5337	0	-155732.42
5404	-5404	0	-135840.53
5472	-5472	0	-115698.66
5539	-5539	0	-95306.48
5607	-5607	0	-74664.30
5675	-5675	0	-53770.13
5742	-5742	0	-32625.66
5810	-5810	0	-11231.19
5877	-5877	0	10413.58
5931	-5931	0	32284.60
5955	-5955	0	54304.88
7953	-5953	2000	79760.90
7932	-5932	2000	109198.17
7899	-5899	2000	138537.28
7857	-5857	2000	167738.84
7810	-5810	2000	196776.28
7757	-5757	2000	225629.36
7701	-5701	2000	254280.94
7643	-5643	2000	282721.59
7583	-5583	2000	310943.94
7521	-5521	2000	338940.53
7458	-5458	2000	366705.66
7395	-5395	2000	394237.31
7330	-5330	2000	421532.09
7265	-5265	2000	448586.00
7200	-5200	2000	475399.03
7135	-5135	2000	501971.19
7069	-5069	2000	528300.75
7003	-5003	2000	554385.75
6937	-4937	2000	580226.13
6871	-4871	2000	605821.94
6805	-4805	2000	631173.13
6738	-4738	2000	656278.06
6671	-4671	2000	681134.69
6605	-4605	2000	705744.75
6538	-4538	2000	730108.50
6472	-4472	2000	754225.69
6405	-4405	2000	778096.56
6338	-4338	2000	801719.13
6271	-4271	2000	825093.44
6205	-4205	2000	848221.13
6138	-4138	2000	871102.50
6071	-4071	2000	893735.63
6005	-4005	2000	916122.13
5937	-3937	2000	938260.69
5871	-3871	2000	960150.63
5804	-3804	2000	981794.25
5737	-3737	2000	1003189.63
5670	-3670	2000	1024336.69
5603	-3603	2000	1045235.44
5537	-3537	2000	1065887.62
5469	-3469	2000	1086291.75
5403	-3403	2000	1106447.37
5336	-3336	2000	1126356.62
5269	-3269	2000	1146017.62
5202	-3202	2000	1165430.37
5135	-3135	2000	1184594.75
5068	-3068	2000	1203510.87
5001	-3001	2000	1222178.75
4934	-2934	2000	1240598.25
4867	-2867	2000	1258769.50
4800	-2800	2000	1276692.37
4733	-2733	2000	1294367.00
4667	-2667	2000	1311795.00
4599	-2599	2000	1328975.12
4533	-2533	2000	1345906.62
4465	-2465	2000	1362590.12
4399	-2399	2000	1379025.00
4332	-2332	2000	1395213.62
4265	-2265	2000	1411153.87
4198	-2198	2000	1426845.87
4131	-2131	2000	1442289.62
4064	-2064	2000	1457485.00
3997	-1997	2000	1472432.12
3930	-1930	2000	1487131.00
3863	-1863	2000	1501581.50
3796	-1796	2000	1515783.75
3729	-1729	2000	1529737.62
3662	-1662	2000	1543443.25
3595	-1595	2000	1556900.62
3528	-1528	2000	1570109.62
3461	-1461	2000	1583070.37
3394	-1394	2000	1595782.87
3327	-1327	2000	1608247.00
3261	-1261	2000	1620464.62
3193	-1193	2000	1632434.25
3127	-1127	2000	1644155.25
3059	-1059	2000	1655628.25
2993	-993	2000	1666852.62
2925	-925	2000	1677829.00
2859	-859	2000	1688556.75
2792	-792	2000	1699038.25
2725	-725	2000	1709271.50
2658	-658	2000	1719256.37
2591	-591	2000	1728993.00
2524	-524	2000	1738481.37
2457	-457	2000	1747721.37
2390	-390	2000	1756713.12
2323	-323	2000	1765456.62
2256	-256	2000	1773951.75
2189	-189	2000	1782198.62
2122	-122	2000	1790197.25
2055	-55	2000	1797947.50
1988	12	2000	1805449.50
1921	79	2000	1812703.25
1854	146	2000	1819708.62
1787	213	2000	1826465.75
1720	280	2000	1832974.62
1653	347	2000	1839235.12
1586	414	2000	1845247.37
1519	481	2000	1851011.25
1453	547	2000	1856528.62
1385	615	2000	1861798.00
1319	681	2000	1866818.75
1251	749	2000	1871591.50
1185	815	2000	1876115.62
1117	883	2000	1880391.75
1051	949	2000	1884419.37
984	1016	2000	1888200.62
917	1083	2000	1891733.62
850	1150	2000	1895018.37
783	1217	2000	1898054.75
716	1284	2000	1900842.87
649	1351	2000	1903382.75
582	1418	2000	1905674.25
515	1485	2000	1907717.50
448	1552	2000	1909512.37
381	1619	2000	1911059.00
314	1686	2000	1912357.37
247	1753	2000	1913407.37
181	1819	2000	1914210.87
113	1887	2000	1914766.37
47	1953	2000	1915073.25
-21	2021	2000	1915132.12
-87	2087	2000	1914942.37
-155	2155	2000	1914504.62
-221	2221	2000	1913818.37
-289	2289	2000	1912884.12
-355	2355	2000	1911701.25
-423	2423	2000	1910270.37
-489	2489	2000	1908590.87
-557	2557	2000	1906663.37
-623	2623	2000	1904487.25
-690	2690	2000	1902064.87
-757	2757	2000	1899394.25
-824	2824	2000	1896475.25
-891	2891	2000	1893308.00
-958	2958	2000	1889892.50
-1025	3025	2000	1886228.62
-1092	3092	2000	1882316.50
-1159	3159	2000	1878156.12
-1226	3226	2000	1873747.37
-1293	3293	2000	1869090.37
-1360	3360	2000	1864185.12
-1427	3427	2000	1859031.50
-1494	3494	2000	1853629.62
-1561	3561	2000	1847979.50
-1628	3628	2000	1842081.00
-1695	3695	2000	1835934.25
-1762	3762	2000	1829539.12
-1829	3829	2000	1822895.75
-1896	3896	2000	1816004.12
-1963	3963	2000	1808864.12
-2029	4029	2000	1801477.62
-2097	4097	2000	1793843.12
-2163	4163	2000	1785960.00
-2230	4230	2000	1777830.62
-2297	4297	2000	1769452.87
-2364	4364	2000	1760826.87
-2431	4431	2000	1751952.62
-2497	4497	2000	1742831.75
-2564	4564	2000	1733464.62
-2631	4631	2000	1723849.12
-2698	4698	2000	1713985.37
-2765	4765	2000	1703873.25
-2831	4831	2000	1693514.62
-2898	4898	2000	1682909.62
-2965	4965	2000	1672056.37
-3032	5032	2000	1660954.87
-3099	5099	2000	1649605.00
-3165	5165	2000	1638008.62
-3233	5233	2000	1626164.25
-3299	5299	2000	1614071.25
-3366	5366	2000	1601732.00
-3433	5433	2000	1589144.37
-3500	5500	2000	1576308.50
-3567	5567	2000	1563224.37
-3634	5634	2000	1549891.87
-3701	5701	2000	1536311.12
-3767	5767	2000	1522483.75
-3835	5835	2000	1508408.37
-3901	5901	2000	1494084.37
-3968	5968	2000	1479514.12
-4035	6035	2000	1464695.62
-4102	6102	2000	1449628.75
-4169	6169	2000	1434313.62
-4236	6236	2000	1418750.25
-4303	6303	2000	1402938.50
-4370	6370	2000	1386878.50
-4437	6437	2000	1370570.25
-4504	6504	2000	1354013.62
-4571	6571	2000	1337208.75
-4638	6638	2000	1320155.62
-4705	6705	2000	1302854.12
-4771	6771	2000	1285306.00
-4839	6839	2000	1267510.00
-4905	6905	2000	1249465.37
-4972	6972	2000	1231174.37
-5039	7039	2000	1212635.12
-5106	7106	2000	1193847.62
-5173	7173	2000	1174811.75
-5240	7240	2000	1155527.62
-5307	7307	2000	1135995.25
-5374	7374	2000	1116214.50
-5441	7441	2000	1096185.50
-5508	7508	2000	1075908.25
-5575	7575	2000	1055382.62
-5641	7641	2000	1034610.44
-5709	7709	2000	1013590.25
-5775	7775	2000	992321.50
-5842	7842	2000	970806.44
-5909	7909	2000	949043.06
-5976	7976	2000	927031.44
-6043	8043	2000	904771.50
-6110	8110	2000	882263.25
-6177	8177	2000	859506.69
-6244	8244	2000	836501.88
-6311	8311	2000	813248.75
-6377	8377	2000	789749.00
-6445	8445	2000	766001.31
-6511	8511	2000	742005.00
-6579	8579	2000	717760.69
-6645	8645	2000	693267.81
-6712	8712	2000	668528.63
-6779	8779	2000	643541.13
-6846	8846	2000	618305.38
-6913	8913	2000	592821.31
-6980	8980	2000	567088.94
-7047	9047	2000	541108.31
-7114	9114	2000	514879.38
-7181	9181	2000	488402.13
-7247	9247	2000	461678.28
-7315	9315	2000	434706.47
-7381	9381	2000	407486.03
-7448	9448	2000	380019.31
-7515	9515	2000	352304.31
-7582	9582	2000	324341.00
-7649	9649	2000	296129.41
-7716	9716	2000	267669.53
-7783	9783	2000	238961.34
-7850	9850	2000	210004.88
-7917	9917	2000	180800.11
-7983	9983	2000	151348.73
-8051	10051	2000	121649.38
-8117	10117	2000	91701.42
-8184	10184	2000	61507.18
-8251	10251	2000	31064.64
-8318	10318	2000	373.82
-8385	10385	2000	-30565.31
-8438	10438	2000	-61728.99
-8461	10461	2000	-93038.22
-8458	10458	2000	-124388.60
-8436	10436	2000	-155695.66
-8402	10402	2000	-186900.83
-8359	10359	2000	-217964.75
-8310	10310	2000	-248859.14
-8256	10256	2000	-279563.47
-8199	10199	2000	-310062.59
-8139	10139	2000	-340345.41
-8078	10078	2000	-370404.16
-8015	10015	2000	-400233.47
-7951	9951	2000	-429827.59
-7886	9886	2000	-459182.88
-7821	9821	2000	-488297.25
-7755	9755	2000	-517169.06
-7689	9689	2000	-545796.25
-7622	9622	2000	-574177.19
-7555	9555	2000	-602309.81
-7488	9488	2000	-630194.19
-7421	9421	2000	-657830.25
-7353	9353	2000	-685216.31
-7286	9286	2000	-712352.06
-7219	9219	2000	-739239.50
-7151	9151	2000	-765877.00
-7084	9084	2000	-792264.19
-7017	9017	2000	-818403.06
-6949	8949	2000	-844291.94
-6881	8881	2000	-869928.81
-6814	8814	2000	-895315.38
-6747	8747	2000	-920453.69
-6679	8679	2000	-945342.00
-6611	8611	2000	-969978.31
-6544	8544	2000	-994364.31
-6476	8476	2000	-1018500.31
-6409	8409	2000	-1042386.00
-6341	8341	2000	-1066021.75
-6274	8274	2000	-1089407.12
-6206	8206	2000	-1112542.50
-6139	8139	2000	-1135427.62
-6071	8071	2000	-1158062.75
-6003	8003	2000	-1180445.87
-5936	7936	2000	-1202578.75
-5868	7868	2000	-1224461.62
-5801	7801	2000	-1246094.12
-5733	7733	2000	-1267476.62
-5665	7665	2000	-1288607.12
-5598	7598	2000	-1309487.37
-5530	7530	2000	-1330117.62
-5463	7463	2000	-1350497.50
-5395	7395	2000	-1370627.50
-5327	7327	2000	-1390505.50
-5260	7260	2000	-1410133.12
-7192	7192	0	-1432901.62
-7125	7125	0	-1459440.75
-7057	7057	0	-1485729.87
-6990	6990	0	-1511768.75
-6922	6922	0	-1537557.62
-6855	6855	0	-1563096.12
-6787	6787	0	-1588384.62
-6719	6719	0	-1613421.12
-6652	6652	0	-1638207.37
-6584	6584	0	-1662743.62
-6517	6517	0	-1687029.50
-6449	6449	0	-1711065.50
-6381	6381	0	-1734849.50
-6314	6314	0	-1758383.12
-6246	6246	0	-1781666.75
-6179	6179	0	-1804700.12
-6111	6111	0	-1827483.50
-6043	6043	0	-1850014.87
-5976	5976	0	-1872295.87
-5908	5908	0	-1894327.00
-5841	5841	0	-1916107.75
-5773	5773	0	-1937638.50
-5705	5705	0	-1958917.25
-5638	5638	0	-1979945.75
-5570	5570	0	-2000724.25
-5503	5503	0	-2021252.37
-5435	5435	0	-2041530.50
-5367	5367	0	-2061556.62
-5300	5300	0	-2081332.50
-5232	5232	0	-2100858.50
-5165	5165	0	-2120134.00
-5097	5097	0	-2139159.50
-5029	5029	0	-2157933.00
-4962	4962	0	-2176456.25
-4895	4895	0	-2194731.25
-4827	4827	0	-2212756.25
-4759	4759	0	-2230529.25
-4691	4691	0	-2248050.25
-4624	4624	0	-2265321.00
-4557	4557	0	-2282343.50
-4489	4489	0	-2299116.00
-4421	4421	0	-2315636.50
-4354	4354	0	-2331906.50
-4286	4286	0	-2347926.50
-4219	4219	0	-2363696.25
-4151	4151	0	-2379216.00
-4083	4083	0	-2394483.75
-4015	4015	0	-2409499.50
-3948	3948	0	-2424265.00
-3880	3880	0	-2438780.50
-3813	3813	0	-2453045.75
-3745	3745	0	-2467061.00
-3677	3677	0	-2480824.25
-3610	3610	0	-2494337.25
-3543	3543	0	-2507602.00
-3475	3475	0	-2520616.75
-3407	3407	0	-2533379.50
-3339	3339	0	-2545890.25
-3272	3272	0	-2558150.50
-3204	3204	0	-2570160.75
-3137	3137	0	-2581920.75
-3069	3069	0	-2593430.75
-3001	3001	0	-2604688.75
-2934	2934	0	-2615696.50
-2866	2866	0	-2626454.25
-2799	2799	0	-2636961.75
-2731	2731	0	-2647219.25
-2663	2663	0	-2657224.75
-2596	2596	0	-2666980.00
-2528	2528	0	-2676485.25
-2461	2461	0	-2685740.25
-2393	2393	0	-2694745.25
-2325	2325	0	-2703498.25
-2257	2257	0	-2711999.25
-2190	2190	0	-2720249.75
-2122	2122	0	-2728250.25
-2055	2055	0	-2736000.50
-1987	1987	0	-2743500.75
-1919	1919	0	-2750749.00
-1852	1852	0	-2757747.00
-1784	1784	0	-2764495.00
-1717	1717	0	-2770992.75
-1649	1649	0	-2777240.50
-1581	1581	0	-2783236.25
-1514	1514	0	-2788981.75
-1446	1446	0	-2794477.25
-1379	1379	0	-2799722.25
-1311	1311	0	-2804717.25
-1243	1243	0	-2809460.25
-1175	1175	0	-2813951.25
-1108	1108	0	-2818192.00
-1041	1041	0	-2822184.50
-973	973	0	-2825927.00
-905	905	0	-2829417.50
-837	837	0	-2832656.00
-770	770	0	-2835644.25
-703	703	0	-2838384.25
-635	635	0	-2840874.25
-567	567	0	-2843112.25
-499	499	0	-2845098.25
-432	432	0	-2846834.00
-364	364	0	-2848319.75
-297	297	0	-2849555.00
-229	229	0	-2850540.25
-161	161	0	-2851273.50
-94	94	0	-2851756.50
-26	26	0	-2851989.50
41	-41	0	-2851972.25
109	-109	0	-2851705.00
177	-177	0	-2851185.75
244	-244	0	-2850416.25
312	-312	0	-2849396.75
379	-379	0	-2848127.00
447	-447	0	-2846607.25
515	-515	0	-2844835.50
582	-582	0	-2842813.50
650	-650	0	-2840541.50
717	-717	0	-2838019.00
785	-785	0	-2835246.50
853	-853	0	-2832222.00
920	-920	0	-2828947.25
988	-988	0	-2825422.50
1055	-1055	0	-2821647.50
1123	-1123	0	-2817622.50
1191	-1191	0	-2813345.50
1258	-1258	0	-2808818.25
1326	-1326	0	-2804041.00
1393	-1393	0	-2799013.50
1461	-1461	0	-2793736.00
1529	-1529	0	-2788206.50
1596	-1596	0	-2782426.50
1664	-1664	0	-2776396.50
1731	-1731	0	-2770116.25
1799	-1799	0	-2763586.00
1867	-1867	0	-2756803.75
1934	-1934	0	-2749771.25
2002	-2002	0	-2742488.75
2069	-2069	0	-2734956.00
2137	-2137	0	-2727173.25
2205	-2205	0	-2719138.50
2273	-2273	0	-2710851.75
2340	-2340	0	-2702314.75
2407	-2407	0	-2693529.50
2475	-2475	0	-2684494.25
2543	-2543	0	-2675207.00
2611	-2611	0	-2665667.75
2678	-2678	0	-2655878.00
2745	-2745	0	-2645840.00
2813	-2813	0	-2635552.00
2881	-2881	0	-2625012.00
2949	-2949	0	-2614220.00
3016	-3016	0	-2603177.75
3084	-3084	0	-2591885.50
3151	-3151	0	-2580343.00
3219	-3219	0	-2568550.50
3287	-3287	0	-2556506.00
3354	-3354	0	-2544211.25
3422	-3422	0	-2531666.50
3489	-3489	0	-2518871.50
3557	-3557	0	-2505826.50
3625	-3625	0	-2492529.50
3692	-3692	0	-2478982.00
3760	-3760	0	-2465184.50
3827	-3827	0	-2451136.75
3895	-3895	0	-2436839.00
3963	-3963	0	-2422289.25
4031	-4031	0	-2407487.50
4098	-4098	0	-2392435.50
4166	-4166	0	-2377133.50
4233	-4233	0	-2361581.25
4301	-4301	0	-2345779.00
4369	-4369	0	-2329724.75
4436	-4436	0	-2313420.25
4504	-4504	0	-2296865.75
4571	-4571	0	-2280060.75
4639	-4639	0	-2263005.75
4707	-4707	0	-2245698.75
4775	-4775	0	-2228139.75
4842	-4842	0	-2210330.50
4909	-4909	0	-2192273.00
4977	-4977	0	-2173965.50
5045	-5045	0	-2155406.00
5113	-5113	0	-2136594.50
5180	-5180	0	-2117532.75
5248	-5248	0	-2098221.00
5315	-5315	0	-2078658.87
5383	-5383	0	-2058846.87
5451	-5451	0	-2038782.87
5519	-5519	0	-2018466.87
5586	-5586	0	-1997900.50
5653	-5653	0	-1977085.87
5721	-5721	0	-1956021.25
5789	-5789	0	-1934704.62
5857	-5857	0	-1913136.00
5924	-5924	0	-1891317.00
5992	-5992	0	-1869248.12
6059	-6059	0	-1846928.87
6127	-6127	0	-1824359.62
6195	-6195	0	-1801538.37
6263	-6263	0	-1778465.12
6330	-6330	0	-1755141.62
6398	-6398	0	-1731568.12
6465	-6465	0	-1707744.25
6533	-6533	0	-1683670.37
6601	-6601	0	-1659344.50
6669	-6669	0	-1634766.62
6736	-6736	0	-1609938.50
6804	-6804	0	-1584860.37
6871	-6871	0	-1559532.00
6939	-6939	0	-1533953.62
7007	-7007	0	-1508123.25
7074	-7074	0	-1482042.50
7142	-7142	0	-1455711.75
7209	-7209	0	-1429130.75
7277	-7277	0	-1402299.75
7345	-7345	0	-1375216.75
7413	-7413	0	-1347881.75
7480	-7480	0	-1320296.50
7548	-7548	0	-1292461.25
7615	-7615	0	-1264375.62
7683	-7683	0	-1236040.00
7751	-7751	0	-1207452.37
7818	-7818	0	-1178614.50
7886	-7886	0	-1149526.62
7953	-7953	0	-1120188.50
8021	-8021	0	-1090600.37
8089	-8089	0	-1060760.25
8157	-8157	0	-1030668.06
8224	-8224	0	-1000325.56
8292	-8292	0	-969733.13
8359	-8359	0	-938890.38
8427	-8427	0	-907797.63
8495	-8495	0	-876452.88
8563	-8563	0	-844856.13
8630	-8630	0	-813009.06
8698	-8698	0	-780912.00
8765	-8765	0	-748564.63
8833	-8833	0	-715967.25
8901	-8901	0	-683117.88
8969	-8969	0	-650016.50
9036	-9036	0	-616664.88
9103	-9103	0	-583064.94
9171	-9171	0	-549215.00
9239	-9239	0	-515113.06
9307	-9307	0	-480759.13
9374	-9374	0	-446154.88
9442	-9442	0	-411300.66
9509	-9509	0	-376196.13
9577	-9577	0	-340841.59
9645	-9645	0	-305235.06
9713	-9713	0	-269376.53
9780	-9780	0	-233267.70
9848	-9848	0	-196908.89
9915	-9915	0	-160299.77
9983	-9983	0	-123440.66
10051	-10051	0	-86329.55
10118	-10118	0	-48968.13
10186	-10186	0	-11356.72
10253	-10253	0	26504.99
10307	-10307	0	64592.95
10331	-10331	0	102830.17
ets Jun  8 2016 00:22:57

rst:0x1 (POWERON_RESET),boot:0x3 (DOWNLOAD_BOOT(UART0/UART1/SDIO_REI_REO_V2))
waiting for download
