-0.10
1.29
4.47
3.02
-2.31
-11.00
-5.56
-6.01
-36.61
16.68
2.88
21.03
-12.17
2.94
4.31
-14.08
2.02
-1.56
-12.93
-2.68
4.45
1.68
0.70
-1.11
12.59
9.45
5.74
6.63
10.37
4.07
7.04
7.90
1.14
4.34
7.52
11.54
2.34
3.88
4.63
5.51
7.83
5.60
2.69
6.67
2.34
-0.54
-3.06
5.74
-2.81
1.53
5.31
5.30
5.86
7.69
4.11
4.06
4.24
4.27
-2.15
3.77
5.54
5.47
5.37
5.20
5.30
5.13
4.99
3.56
3.39
3.57
3.85
3.80
4.01
3.91
3.94
3.87
3.82
3.99
2.43
2.43
2.46
2.69
2.54
2.54
2.44
2.47
2.33
2.61
2.52
0.81
-12.40
1.14
1.24
3.48
3.34
3.80
0.44
1.17
0.75
-51.94
-20.37
-16.98
-16.64
-7.42
-10.91
-54.07
-86.80
-28.07
-19.19
-46.80
-14.29
-87.02
-62.22
-38.67
-45.79
-27.99
-28.65
-46.85
-45.68
-19.53
-43.45
-41.14
-57.86
-39.83
-21.37
-45.41
-27.62
-42.78
-147.33
-44.92
-33.13
-83.19
-68.03
-41.48
-87.55
-53.32
-92.80
-110.87
-123.55
-164.54
-103.91
-88.32
-86.71
-147.34
-131.96
-85.26
-92.76
-92.40
-92.39
-94.72
-90.68
-95.93
-105.63
-102.40
-105.43
-102.69
-112.87
-106.29
-101.65
-100.08
-100.34
-101.91
-98.86
-102.07
-98.39
-98.76
-95.74
-96.33
-90.28
-94.12
-92.69
-89.32
-91.16
-91.21
-88.97
-89.23
-92.81
-92.86
-92.85
-91.04
-91.03
-91.12
-91.00
-91.12
-92.82
-92.77
-92.90
-91.09
-91.18
-91.65
-91.53
-91.58
-95.55
-95.32
-95.46
-95.34
-95.74
-93.20
-93.01
-95.42
-95.30
-95.21
-89.94
-89.96
-95.05
-95.54
-90.00
-23.85
-22.29
1.73
-11.83
-24.07
-36.91
-34.44
-41.68
-2.15
-38.34
-18.09
-8.76
-11.81
-28.58
-21.20
-14.78
-24.69
4.91
31.13
26.80
4.89
11.52
29.23
134.53
36.31
7.07
35.45
31.55
18.25
6.40
-4.42
-27.76
8.16
5.82
20.38
20.14
14.40
-7.24
-32.27
-12.68
-21.12
-9.87
0.31
2.79
-0.32
1.22
1.95
19.78
9.11
-0.47
9.93
0.93
-0.35
-1.00
-4.70
-0.93
-1.07
-0.92
0.26
0.30
1.62
1.87
1.73
-1.10
-1.73
0.05
0.13
0.03
-1.49
-2.67
-0.74
-0.69
0.51
2.90
3.43
3.40
4.47
4.42
13.17
25.56
25.48
22.98
44.50
23.13
25.15
52.39
16.50
24.24
36.74
24.34
90.12
21.96
33.49
30.65
43.31
77.05
33.53
30.79
110.46
94.56
78.62
69.06
89.91
74.71
57.33
71.17
80.95
77.82
60.04
68.71
44.39
70.78
90.24
91.54
86.27
77.89
76.30
67.19
81.49
77.93
70.97
70.13
84.32
87.15
78.99
78.16
77.99
75.57
74.70
75.26
82.11
87.64
86.89
67.58
47.01
78.73
75.26
93.55
94.48
80.93
88.22
86.06
76.03
71.46
79.67
79.56
77.94
75.59
84.48
80.81
78.18
79.32
79.35
79.41
77.55
79.54
79.80
79.58
78.21
80.58
80.64
81.85
81.91
81.90
79.58
79.74
82.03
82.09
82.14
82.24
82.26
77.48
82.37
77.44
78.59
78.62
81.12
80.90
80.96
77.39
77.31
78.63
96.83
82.29
104.38
109.81
88.10
134.76
113.04
105.46
137.31
133.31
116.43
129.77
120.35
152.67
137.79
122.22
128.88
137.21
193.51
150.81
106.63
137.03
167.29
150.85
157.15
154.56
168.59
175.53
133.45
153.18
152.08
154.92
157.84
148.35
148.50
151.64
157.44
159.00
184.62
167.64
157.93
157.22
163.63
156.79
157.30
156.81
160.52
158.73
175.37
159.66
159.16
161.01
160.39
162.86
158.43
172.13
164.85
160.47
160.65
160.52
160.11
158.61
158.63
158.32
149.42
159.46
159.11
159.24
159.38
159.45
160.71
159.35
160.79
160.72
160.96
163.14
163.18
160.41
160.16
160.05
159.35
159.04
158.05
154.84
157.51
158.72
158.75
159.93
159.93
159.92
159.66
156.23
158.62
151.54
150.39
147.07
141.36
142.33
139.72
139.41
138.89
130.76
129.33
128.21
106.60
111.54
100.74
97.26
84.13
100.81
84.81
87.77
93.43
86.77
86.90
78.96
91.41
75.93
60.15
83.07
75.64
83.78
75.17
87.77
76.44
84.20
69.36
85.70
78.41
73.08
74.90
74.34
77.35
81.18
106.57
80.81
81.29
83.24
74.87
75.24
57.45
56.53
82.46
73.79
74.30
77.93
74.57
88.25
87.36
79.35
94.47
79.23
75.48
79.85
77.85
78.66
81.09
80.91
81.26
81.64
81.08
80.01
79.73
79.77
80.12
84.34
84.82
81.52
78.75
78.43
78.26
81.16
77.50
80.20
61.98
41.71
31.08
35.33
-22.70
-200.19
-97.31
-21.52
-57.55
1.90
12.47
-2.83
-43.12
-39.31
-11.43
-6.77
-35.20
0.30
12.53
-0.38
3.40
-5.28
-20.99
3.91
5.15
5.16
5.24
3.58
7.99
4.33
5.08
5.02
6.43
6.52
11.74
7.65
7.66
6.86
6.17
12.48
5.23
5.21
6.17
6.22
6.20
5.07
5.12
7.59
7.68
7.66
6.13
6.11
3.49
3.47
3.56
7.38
7.29
6.03
5.90
5.81
5.29
5.52
4.27
4.21
3.88
6.54
9.32
5.22
5.27
5.12
6.63
6.65
3.36
3.41
3.50
4.73
4.93
3.74
3.76
3.78
4.94
4.86
3.27
3.46
3.48
3.74
3.62
2.26
2.14
2.30
3.79
3.56
3.78
3.52
3.75
4.80
5.02
5.11
4.96
4.91
2.25
2.23
2.15
2.08
2.03
4.96
4.94
4.82
2.29
2.42
2.12
2.25
2.20
1.18
-0.91
1.87
1.82
-0.88
0.91
-82.89
67.67
-19.36
81.30
14.29
-10.87
18.03
-54.59
1.76
83.98
-10.99
28.69
14.44
15.90
11.00
17.40
15.76
15.93
15.96
16.24
15.84
17.96
17.74
17.70
15.42
15.34
13.63
13.48
13.44
16.06
16.40
16.67
20.09
16.72
15.95
15.95
14.26
14.43
14.32
15.79
15.74
15.80
14.46
14.59
13.46
13.49
13.44
17.34
17.64
15.80
15.83
15.71
14.63
14.63
15.08
14.87
14.93
14.75
14.81
15.48
15.86
15.54
14.57
14.56
16.41
16.27
16.40
14.07
14.02
18.41
18.58
18.43
15.05
15.05
14.97
15.14
14.95
15.57
15.46
12.85
12.81
12.94
18.03
17.95
15.29
15.57
15.28
15.41
