-6.41
-6.49
-6.45
-6.75
-6.54
-6.29
-6.36
-7.62
-7.84
-6.36
-6.28
-6.27
-10.75
-10.58
-7.90
-7.60
-7.71
-7.97
-7.96
-5.54
-4.93
-5.16
-6.24
-6.35
-7.62
-7.75
-7.70
-6.54
-6.75
-6.55
-7.21
-7.34
-4.02
-3.87
-3.88
-6.15
-6.30
-4.97
-5.12
-5.10
-6.58
-6.72
-5.42
-5.31
-5.30
-8.27
-8.27
-5.09
-5.26
-16.19
-2.25
18.54
-6.18
51.02
33.50
-30.89
-20.50
-64.60
-35.38
-36.32
-9.86
-0.28
-23.58
-0.80
21.42
8.73
-22.10
-6.21
-14.27
15.70
-12.82
23.35
35.30
-151.40
9.90
24.36
55.30
3.27
-37.81
-12.05
41.73
60.94
1.47
11.21
12.85
-11.39
1.92
9.62
5.84
-32.15
-0.11
12.29
4.17
5.44
5.40
-2.24
-8.99
-9.12
-2.26
-8.29
-3.09
21.69
2.22
2.47
1.38
-1.55
2.24
1.80
5.45
0.54
2.69
7.17
5.84
3.27
1.72
5.61
3.18
11.60
3.70
-3.72
-10.43
0.40
-18.93
4.85
7.54
0.25
14.32
0.87
9.44
3.13
-0.35
18.81
2.15
5.16
21.09
9.34
4.07
-0.27
5.22
2.95
4.65
4.89
4.73
3.61
3.53
0.87
-11.34
3.04
2.39
2.37
2.50
1.31
1.36
3.92
3.88
3.97
1.31
1.32
1.44
1.38
1.39
3.82
3.72
2.37
2.47
2.47
2.45
2.49
6.07
5.80
5.92
2.39
2.53
0.05
0.31
0.23
1.45
1.67
3.61
3.81
3.67
1.48
1.59
1.74
1.51
1.56
2.58
2.52
-0.51
-0.76
-0.85
2.72
2.76
2.74
2.43
2.67
1.51
1.50
1.20
1.34
1.26
1.64
1.54
4.50
4.74
4.81
-8.76
0.43
0.55
2.46
2.54
0.39
0.60
-1.02
2.76
3.47
1.56
1.58
1.58
0.28
0.45
5.18
8.54
1.50
7.33
6.31
1.58
1.57
-22.92
-16.38
-27.72
-57.32
-43.83
-23.05
-55.71
-41.32
-59.53
-71.72
-100.38
-115.57
-125.56
-89.65
-91.21
-68.75
-111.89
-101.79
-115.33
-122.04
-103.36
-94.63
-91.61
-89.74
-91.50
-93.00
-91.56
-90.96
-93.21
-92.93
-89.78
-89.37
-90.49
-87.86
-85.15
-80.94
-79.08
-83.16
-92.05
-106.05
-100.37
-76.83
-81.67
-80.17
-95.66
-88.60
-87.29
-79.06
-81.68
-87.03
-83.90
-86.34
-88.22
-91.82
-85.01
-86.47
-84.27
-88.93
-86.58
-87.41
-84.27
-90.04
-93.56
-90.76
-86.85
-82.56
-86.93
-87.17
-86.74
-82.44
-90.92
-89.18
-93.17
-88.01
-80.84
-92.64
-93.74
-88.01
-88.56
-86.93
-87.28
-87.27
-86.95
-87.09
-87.09
-87.14
-85.92
-87.64
-87.36
-87.06
-85.68
-86.51
-87.07
-87.12
-94.33
-87.57
-87.19
-81.11
-83.62
-89.14
-88.57
-94.39
-89.77
-89.47
-77.76
-72.38
-87.43
-51.69
-44.75
8.36
43.86
4.27
55.80
7.82
43.29
-4.50
0.47
24.49
25.44
40.37
49.05
7.21
20.79
9.37
25.55
29.65
-13.13
15.11
39.32
34.45
49.99
23.95
8.07
25.25
29.97
19.86
44.84
25.97
119.61
94.91
89.86
94.17
97.64
71.10
84.09
71.17
72.48
30.75
78.38
127.05
130.81
92.93
155.33
174.30
75.69
94.98
63.36
104.82
86.13
96.43
111.74
36.79
84.02
89.34
78.78
45.82
77.05
87.83
57.11
43.95
0.79
50.47
87.56
80.18
268.73
52.14
116.45
97.55
95.82
91.73
60.52
104.73
74.92
103.17
117.56
68.28
92.28
95.67
99.03
95.50
94.54
95.48
105.27
92.77
92.35
96.86
96.17
97.70
97.79
100.87
96.42
95.54
93.24
93.11
93.04
98.28
98.46
98.39
98.44
98.34
95.45
95.49
99.21
99.61
99.52
97.90
97.84
97.80
101.01
100.87
96.70
96.92
96.78
100.44
100.22
96.90
96.85
96.88
99.02
99.15
98.33
98.39
98.47
95.46
95.71
96.52
96.83
96.63
99.52
99.35
97.88
97.12
97.87
99.52
99.42
94.35
94.51
97.03
96.89
73.77
95.76
207.04
116.01
136.72
191.86
198.51
265.79
206.33
300.42
301.94
170.43
198.17
212.31
191.32
209.37
214.31
199.85
182.94
-174.15
-208.96
-198.06
-181.04
-163.27
-165.86
-129.19
-180.08
-170.50
-207.65
-194.23
-165.61
-180.63
-172.90
-172.31
-176.57
-178.55
-186.75
-178.54
-173.42
-175.01
-173.95
-171.89
-173.32
-173.59
-175.27
-175.42
-175.52
-174.12
-174.35
-177.15
-177.16
-177.07
-176.48
-176.38
-174.51
-174.59
-175.64
-174.52
-175.99
-174.25
-174.20
-177.05
-175.05
-175.11
-173.86
-169.97
-172.03
-176.95
-188.26
-198.11
-195.13
-203.57
109.07
134.40
160.28
151.69
151.51
127.41
123.52
88.95
111.65
89.60
141.54
127.67
107.00
127.23
82.86
106.75
102.45
88.08
100.54
101.61
109.89
90.27
88.68
82.25
108.90
79.88
92.39
81.71
92.69
69.89
78.96
90.92
90.47
94.43
99.15
93.19
98.30
100.30
98.69
99.08
102.03
98.18
98.11
96.06
96.69
98.42
98.11
97.93
94.51
94.39
94.37
94.68
95.08
98.17
98.31
98.43
98.39
98.39
99.51
99.71
100.82
97.73
97.43
97.43
96.95
94.97
95.29
94.47
98.88
98.79
94.97
94.38
94.48
92.88
93.13
93.20
94.68
94.58
94.39
94.57
94.55
94.35
94.16
98.22
98.21
98.44
95.76
104.36
104.17
97.60
100.82
95.05
91.17
95.46
95.89
92.80
93.10
94.49
95.70
91.13
93.35
91.25
87.39
79.75
59.80
58.08
40.25
34.13
-16.87
-0.04
6.32
25.12
-2.83
-16.88
-50.72
-117.82
-50.66
-63.78
-13.74
-16.49
-35.50
-8.93
-35.22
-16.15
-32.75
-40.03
-31.03
-5.51
-4.48
-4.86
5.59
2.99
43.41
1.07
-0.68
-47.98
-1.41
9.12
-8.76
-23.22
-1.62
6.23
-0.83
1.64
5.86
8.42
2.32
3.18
17.79
35.40
-44.09
-26.23
-4.31
-9.88
-29.05
3.87
-1.14
23.84
3.45
-0.33
-11.46
2.38
-1.21
-2.34
-5.87
3.02
5.41
2.24
2.51
4.20
2.88
3.21
4.41
7.43
4.23
3.23
4.20
4.98
4.92
4.40
0.37
1.60
1.66
1.76
1.28
0.85
0.53
0.49
0.09
2.75
2.21
2.71
2.46
2.83
1.14
1.23
0.23
0.95
1.62
1.52
2.40
-1.03
-60.62
-26.72
-39.83
-5.77
-7.46
-27.48
-37.87
-41.91
-67.72
-72.66
-78.07
-156.58
-116.01
-133.10
-63.63
-114.39
-123.41
-122.01
-75.27
-96.18
-89.68
-120.49
-96.61
-134.54
-84.73
-113.24
-123.79
-89.67
-93.77
-87.57
-97.94
-95.27
-97.52
-100.09
-98.70
-96.73
-95.65
-94.76
-94.61
-95.96
-94.98
-96.86
-96.16
-93.72
-93.37
-94.95
-94.81
-96.45
-94.92
-93.58
-75.90
-87.40
-64.69
-79.50
-75.88
-58.79
-90.12
-46.70
-61.28
-54.12
-12.83
-13.18
-32.55
-27.34
14.53
5.19
-4.67
9.58
49.53
41.81
25.13
20.82
69.45
33.87
9.53
39.98
14.50
36.52
-3.31
-3.61
-1.90
-0.48
2.61
6.59
4.16
6.77
12.16
2.80
1.31
7.67
5.07
2.89
-1.96
-4.93
-1.91
-2.04
-27.57
1.14
9.54
-2.26
-9.09
-11.87
-10.61
-11.50
-11.06
-10.56
-10.46
-10.34
-9.10
-8.97
-11.79
-11.34
-12.00
-11.50
-11.78
-11.36
-11.55
-11.90
-12.29
-11.98
-12.25
-11.53
-11.60
-11.87
-11.61
-11.63
-11.65
-11.20
-11.43
-11.24
-11.30
-11.59
-11.85
-12.47
-12.71
-12.56
-12.49
-12.41
-13.31
-13.21
-13.15
-10.54
-10.37
-9.76
-9.68
-9.81
-12.65
-12.56
-12.11
-12.37
-12.20
-12.57
-12.54
-10.43
-10.43
-10.15
-10.23
-10.28
-9.52
-6.10
-9.76
-11.32
-11.91
-12.03
-11.81
-11.94
-12.41
-12.27
-12.11
-11.62
-11.83
-12.37
-12.25
-12.26
-9.22
-9.12
-14.65
-14.41
-14.56
-12.25
-12.15
-10.42
-10.07
-10.07
-11.80
-9.60
-13.02
-13.65
-13.24
-9.57
-10.10
-10.72
-10.84
-9.98
-11.26
-11.48
-14.98
-15.29
-14.70
-12.99
-12.45
-12.45
-12.69
-12.43
-11.14
-10.96
-11.23
-11.42
-11.04
-12.21
-11.87
-12.07
-12.14
-12.22
-11.18
-11.20
-11.84
-11.95
-12.06
-11.08
-11.16
-11.38
-11.68
-11.44
-11.21
-11.31
-12.82
-13.14
-12.97
-10.60
-10.38
-10.58
-11.21
-11.01
-12.96
-13.09
-13.21
-12.40
-12.69
-13.12
-12.98
-12.95
-13.07
-12.97
-10.70
-11.02
-10.87
-12.57
-12.83
-13.37
-13.44
-13.40
-12.09
