0.40
-51.02
-49.11
-48.99
-48.84
-49.13
-49.21
-49.10
-50.07
-50.10
-44.84
-44.75
-44.92
-45.90
-45.95
-45.82
-45.96
-46.04
-46.96
-46.92
-48.12
-48.18
-48.09
-56.68
-35.97
-72.36
-7.76
-13.14
13.70
-39.96
-18.36
43.45
-23.65
36.74
-56.52
-4.33
16.81
4.48
-16.10
-23.04
-22.14
4.77
-36.06
-28.33
-25.67
-32.22
-47.75
-30.32
-30.26
-21.21
-38.94
-18.49
-34.17
-25.83
-44.04
-29.45
-42.79
-18.86
-18.17
0.61
-17.27
-27.06
-19.27
-21.60
-11.12
-17.44
-30.45
-20.74
-28.34
-103.30
-39.94
-94.91
-34.77
-0.55
-26.33
25.63
-27.27
-59.06
-17.68
-19.42
5.01
11.80
-41.88
-25.03
-12.67
-2.13
-8.81
-19.93
-10.02
-5.24
-34.31
-43.15
-36.46
-23.84
-21.20
-30.82
-10.45
-15.58
-11.60
-11.82
-19.43
-12.88
-15.13
-19.36
-15.45
-16.73
-16.85
-16.47
-16.17
-14.77
-13.69
-11.23
-10.41
-1.21
0.81
-15.19
-7.36
-16.04
-8.73
-10.69
-9.01
-13.67
-10.79
-19.82
-13.20
-11.12
-14.50
-20.89
-37.62
-10.45
-7.16
-5.20
-15.43
-10.37
-14.61
-22.90
-10.55
-4.65
-8.89
-1.65
1.10
-6.08
-12.37
-12.29
-3.75
-9.83
-8.66
-5.94
-13.50
-11.81
-10.41
-10.23
-7.59
-10.66
-10.98
-9.40
-15.84
-14.23
-14.74
-17.40
-17.26
-0.73
-7.85
-9.69
-11.12
-10.05
-13.14
-12.84
-13.76
-11.36
-11.35
-11.63
-12.12
-16.48
-12.88
-13.99
-14.64
-9.87
-10.09
-10.72
-12.00
-10.14
-12.78
-15.64
-10.92
-24.88
-19.56
-13.71
-29.16
-17.82
-28.66
-33.98
-34.96
-24.03
-36.49
-25.99
-27.93
-18.69
-8.56
-15.76
-19.59
-5.64
44.33
0.82
12.12
1.59
12.63
-4.67
-11.27
-13.39
-6.89
-15.34
-17.47
-9.28
-18.37
-13.26
-14.03
-18.84
-11.19
-7.58
-12.68
-7.09
-5.43
-14.44
-4.70
-10.10
-10.48
-10.61
-13.59
-10.83
-9.79
-24.79
-21.33
-19.64
-6.79
-19.44
-14.87
-21.83
-13.85
-7.72
-17.25
-13.39
-31.43
-19.64
-11.81
-14.10
-26.34
-15.12
-27.59
-29.71
-24.54
-27.07
-21.83
-25.05
-31.32
-21.78
-28.85
-20.64
-22.45
-23.11
-24.15
-24.86
-14.04
-14.67
-17.25
-36.39
-36.91
-37.50
-32.56
-30.48
-28.56
-27.58
-24.50
-21.85
-29.12
-34.84
-27.52
-32.57
-40.78
-41.00
-38.38
-34.85
-36.52
-35.92
-28.21
-25.54
-23.93
-32.88
-31.29
-31.12
-18.89
-21.33
-28.29
-42.10
-39.60
-19.12
-21.90
-12.59
-2.52
-11.79
-4.35
-16.43
-8.83
-11.77
8.18
0.97
-11.89
8.33
11.23
11.29
20.30
28.19
22.20
17.43
2.58
3.99
-9.10
-5.80
-3.91
-7.49
-11.81
4.44
-25.86
-0.93
0.79
-0.89
-1.66
0.52
1.36
0.70
-0.55
-1.65
-8.17
-0.55
0.21
-1.86
1.55
1.71
0.49
0.48
1.40
4.05
1.88
1.31
1.34
-0.33
0.06
-0.63
-1.01
-1.10
-5.74
-19.13
-9.45
-10.71
-10.56
-16.96
-8.53
-30.04
-21.48
-14.37
-20.82
-10.38
-13.48
-22.90
-9.90
-24.03
-19.32
-18.72
-11.94
-11.06
-16.18
-16.59
-20.35
-14.39
-15.85
-23.89
-16.18
-25.75
-18.50
-16.19
-26.07
-17.13
-17.50
-16.67
-16.94
-18.49
-17.22
1.95
4.19
-4.11
3.45
4.21
11.18
4.50
-7.43
-21.14
-24.28
-26.72
-30.31
-28.79
-40.10
-28.60
-40.80
-45.59
-39.39
-42.01
-36.59
-20.01
-39.18
-45.07
-34.68
-33.14
-31.36
-33.64
-21.28
-41.10
-32.76
-26.07
-35.57
-23.68
-21.16
-29.32
-18.88
-19.10
-16.52
-24.23
-22.61
-21.45
-19.84
-15.17
-16.09
-19.95
-28.36
-26.76
-24.47
-21.28
-12.13
-18.12
-19.38
-10.87
-19.20
-28.18
-31.10
-25.59
-18.91
-14.35
-17.68
-24.46
-19.70
-15.06
-13.21
-21.64
-20.72
-23.04
1.08
-4.73
-16.12
-18.90
-14.16
-22.10
-19.50
-22.70
-18.56
-8.22
-11.49
-14.25
-23.56
-19.63
-27.13
-21.54
-17.52
-20.13
-21.06
-20.30
-20.58
-15.01
-17.47
-15.82
10.36
-13.03
-19.80
-22.75
-24.37
-22.96
-4.76
3.64
-10.08
-4.68
1.76
-7.38
-17.11
41.93
20.31
11.97
31.12
9.52
49.43
-29.53
-24.66
-42.58
1.49
-3.42
2.87
16.88
48.93
-12.63
-45.64
-12.58
-1.03
53.36
-7.84
-36.99
-28.16
1.41
-4.16
-8.84
-8.33
-17.07
-20.30
-5.93
-4.22
-0.62
-10.87
-7.79
-5.52
-3.44
-3.83
5.74
-1.47
-11.54
-9.15
-8.23
-31.09
-2.12
-6.52
-6.67
-8.84
-7.98
-7.75
-7.97
-7.33
-8.73
-8.29
-7.73
-5.17
-4.98
-4.78
-8.50
-8.36
-8.57
-8.73
-8.33
-8.23
-8.27
-7.94
-9.53
-8.89
-9.59
-8.89
-9.00
-14.83
-12.27
-10.82
-10.40
-7.18
4.86
-24.61
-43.51
-21.41
-12.79
-6.32
-7.00
-7.53
-8.71
-8.81
-10.06
-10.07
-11.08
-11.10
-11.74
-11.29
-9.61
-8.22
-8.82
-8.90
-10.19
-10.72
-10.34
-10.67
-10.40
-11.06
-11.20
-10.85
-10.75
-10.88
-11.05
-11.11
-12.28
-12.14
-12.42
-10.58
-10.18
-13.84
-13.59
-13.55
-10.05
-10.07
-11.62
-11.81
-11.73
-11.30
-12.84
-13.32
-11.12
-11.28
-12.47
-12.59
-13.18
-9.60
-10.13
-12.43
-12.77
-12.64
-10.18
-10.23
-11.72
-11.60
-12.35
-13.29
-13.20
-11.73
-11.71
-12.09
-11.89
-11.93
-14.92
-14.88
-14.54
-15.02
-15.07
-11.33
-11.55
-11.42
-10.79
-10.77
-11.23
-10.98
-10.77
-13.84
-13.60
-13.78
-13.62
-13.60
-11.90
-37.66
-17.04
-12.94
-13.13
-13.11
-13.29
-13.49
-13.56
-13.76
-12.22
-12.15
-13.36
-13.39
-13.40
-13.30
-13.15
-13.38
-13.30
-13.31
-12.12
-12.12
-12.30
-13.66
-13.40
-14.44
-14.73
-14.51
-15.70
-15.56
-14.83
-14.71
-14.96
-14.88
-14.92
-14.37
-14.36
-14.47
-13.40
-13.59
-13.82
-13.97
-14.15
-15.40
-15.34
-14.40
-52.14
-21.93
-104.63
-2.66
-19.71
-18.52
-18.85
-18.52
-18.74
-17.02
-17.01
-17.15
-18.21
-18.43
-17.77
-17.88
-17.92
-20.50
-20.56
-21.49
-21.42
-21.69
-19.62
-19.48
-18.92
-18.87
-19.00
-16.91
-17.02
-20.22
-20.59
-20.45
-17.08
-17.23
-17.00
-18.88
-20.66
-10.95
-21.66
-20.77
-19.42
-17.84
-22.03
-19.31
-19.54
-18.85
-18.21
-19.28
-17.92
-17.57
-18.85
-18.69
-19.02
-18.99
-19.02
-19.10
-18.92
-21.38
-21.34
-21.46
-20.45
-20.54
-16.04
-16.02
-16.09
-20.30
-20.28
-20.17
-20.25
-20.54
-18.34
-18.28
-19.68
-22.35
-19.44
-17.06
-19.87
-22.73
-15.26
-20.80
-59.39
-2.86
-13.60
-5.35
0.28
-18.07
-11.16
-10.80
-22.37
-15.40
-11.44
-15.98
-15.21
-18.68
-18.06
19.56
-22.62
-15.71
-72.31
-9.93
-8.77
-27.23
-34.15
-15.54
-30.31
-14.63
-13.71
-13.88
-13.96
-13.90
-15.82
-15.71
-15.90
-13.55
-13.59
-15.69
-15.59
-15.74
-16.14
-16.13
-14.19
-35.82
9.33
24.45
21.46
41.89
-61.10
-34.91
-12.77
-79.85
-22.46
-10.78
21.31
-2.81
-8.98
0.28
0.52
-5.30
-6.24
-9.23
-13.53
-8.90
-8.86
-9.27
47.15
95.32
42.80
-21.79
-80.38
107.67
-46.21
-38.24
-39.29
-40.54
-15.45
-38.61
-106.93
-88.87
-82.58
-56.70
-25.98
-48.44
-56.04
-59.37
-58.26
-64.29
-52.00
-47.71
9.73
-15.03
-69.07
-23.08
-3.35
-42.42
-49.78
-138.88
-59.37
-23.60
7.94
-90.24
4.56
78.04
80.57
19.04
-1.39
-2.90
17.96
35.74
-11.63
-14.78
18.00
-98.32
-669.09
-29.13
84.70
135.59
31.48
18.70
5.55
-32.16
15.03
-7.97
55.48
-8.25
-15.34
-3.66
-4.99
8.19
13.02
-10.15
-6.36
-4.65
-10.15
0.13
-0.89
7.66
-1.41
-0.98
-1.13
2.39
2.46
-0.18
0.18
0.27
-1.07
1.51
-4.63
2.49
12.91
3.65
-7.83
4.47
1.19
2.42
5.70
0.39
3.28
-2.06
-0.90
6.44
5.23
0.42
-0.38
3.77
1.86
2.71
3.73
3.64
3.75
2.50
2.74
3.78
4.07
4.08
4.14
3.05
4.04
5.21
6.38
3.07
3.07
3.04
2.98
4.35
2.95
3.08
6.55
4.80
5.01
4.48
4.23
3.16
3.31
2.87
3.36
3.60
3.04
3.36
3.10
6.40
6.23
6.11
4.56
4.41
5.04
0.80
5.27
6.37
1.90
2.99
4.16
-5.66
4.33
0.53
-15.95
-26.03
-24.24
-25.10
-29.24
-36.15
-27.41
-53.12
-4.18
-45.68
-25.91
-10.46
-57.87
-25.10
-44.82
-23.52
-25.20
-20.89
-50.05
-24.17
-57.66
-44.83
-54.64
-49.46
-70.31
-38.59
-81.42
-65.16
-78.67
-52.15
-66.74
-75.85
-72.19
-75.56
-76.88
-81.98
-68.08
-70.30
-65.83
-29.00
-84.80
-70.21
-56.47
-10.74
-64.45
-118.54
-99.96
-70.94
-90.71
-102.81
-107.43
-79.22
-81.65
-77.59
-88.44
-60.64
-66.70
-79.74
-81.65
-81.71
-71.88
-88.46
-83.84
-87.39
-87.45
-87.32
-89.63
-89.99
-90.23
-90.46
-87.32
-87.67
-88.30
-90.49
-90.78
-91.08
-92.58
-92.83
-91.75
-91.78
-92.04
-92.26
-92.27
-94.56
-94.88
-95.16
-92.92
-92.84
-94.33
-92.40
-91.94
-93.82
-94.16
-99.68
-100.24
-100.31
-96.18
-96.09
-94.70
-94.86
-94.62
-94.39
-94.60
-92.68
-91.61
-91.47
-96.95
-99.19
-98.50
-93.59
-88.42
-92.00
-92.06
-92.73
-100.41
-101.40
-98.53
-97.35
-95.42
-93.88
-89.98
-70.13
-80.16
-81.06
-59.06
-23.63
14.40
-2.68
-1.48
55.21
38.40
-25.67
-7.42
-12.85
0.38
-15.89
-31.18
-51.77
37.07
26.73
18.00
-1.04
-4.28
54.32
7.99
18.58
10.79
129.74
-89.97
-2.51
49.28
59.67
-33.35
34.55
10.10
103.65
35.06
-4.09
137.69
122.77
109.13
48.82
31.66
19.25
11.54
3.26
101.33
118.25
52.93
5.76
75.11
83.83
106.44
67.21
59.93
122.17
53.21
58.11
62.78
60.89
61.15
61.65
64.70
70.31
70.44
70.37
71.17
72.31
73.21
75.19
73.57
74.24
76.06
76.91
77.65
78.26
78.75
77.15
77.48
78.02
78.61
78.92
79.30
79.94
81.58
81.90
82.29
81.20
81.67
83.05
83.57
83.74
84.17
84.42
85.85
86.64
86.34
87.30
86.62
87.97
88.11
88.31
87.06
87.45
87.34
88.83
89.12
87.94
88.27
88.23
89.64
89.76
89.89
89.93
90.17
88.99
88.98
87.88
87.98
87.91
86.96
87.02
89.48
89.46
89.49
89.68
89.61
87.14
87.25
87.22
86.36
86.26
88.72
88.60
88.90
90.04
90.11
89.94
90.20
89.99
87.53
87.81
89.78
90.21
90.27
88.84
88.65
86.19
86.26
85.93
84.39
85.80
89.25
90.38
90.80
89.37
89.48
88.23
88.27
88.01
89.38
86.83
89.53
87.21
87.09
89.62
89.43
89.16
88.48
88.23
87.21
87.43
88.36
89.71
89.48
85.36
85.26
86.86
87.90
87.77
84.94
84.75
84.29
87.30
87.32
87.63
87.04
84.87
86.42
85.45
83.47
79.30
85.77
70.38
79.76
65.86
77.04
80.08
56.78
82.04
71.20
67.35
39.52
53.20
72.68
74.42
72.52
70.44
31.60
74.14
51.91
50.28
44.81
49.98
14.28
25.96
63.23
61.47
53.63
38.43
25.92
59.75
46.71
43.25
54.86
55.99
46.90
20.60
4.09
3.37
20.80
40.66
39.41
39.96
39.56
39.19
37.34
37.27
34.86
33.93
32.59
28.41
10.28
31.26
5.86
30.22
18.65
29.04
33.02
26.87
25.39
22.68
22.69
25.23
25.40
16.80
22.20
21.86
22.47
21.98
22.00
23.23
22.35
19.37
19.10
18.99
19.32
19.18
21.29
21.89
20.84
22.05
18.97
26.15
20.20
23.07
20.60
25.04
31.02
24.17
18.17
30.64
26.90
128.68
28.00
20.10
11.02
19.94
10.37
17.17
25.64
18.84
19.35
14.88
-221.30
19.46
83.14
69.30
-17.84
2.81
4.31
8.47
7.96
9.22
7.01
6.88
6.53
6.42
6.23
8.46
8.10
7.94
7.83
8.09
8.10
8.22
8.41
7.60
8.69
6.21
6.04
5.85
5.98
5.43
4.62
4.37
4.56
4.46
4.27
4.42
4.39
2.36
1.67
2.05
4.07
3.24
0.97
1.74
0.05
-5.02
6.77
8.89
9.80
9.96
-1.84
2.47
2.48
2.42
1.96
0.53
0.61
0.22
1.24
1.52
-1.23
-0.27
-0.65
0.05
-1.14
-2.10
-0.48
1.30
-2.79
1.85
5.17
2.42
-2.91
-3.36
-4.70
-4.08
-3.19
-2.63
-2.98
-2.90
0.99
0.76
0.73
-1.55
-2.06
-1.85
-1.97
-1.96
-3.08
-3.11
-5.51
-5.69
-5.97
-4.70
-4.83
-3.27
-2.84
-3.08
-3.45
-3.14
-4.50
-4.50
-4.57
-6.95
-7.11
-4.77
-5.38
-4.19
-1.94
-4.20
-2.42
-1.76
-2.39
-2.87
-3.28
-3.83
-3.20
-3.39
-3.70
-3.43
-4.08
-6.12
-6.09
-5.98
-5.51
-5.63
-6.21
-6.17
-6.29
-6.27
-6.20
-5.97
-5.92
-5.49
-4.95
-5.01
-5.17
-5.83
-6.32
-6.37
-6.22
-6.55
-6.64
-7.15
-6.63
-6.93
-6.42
-5.76
-5.82
-6.47
-6.25
-6.17
-5.55
-5.95
-5.60
-5.19
-6.17
-6.51
-6.42
-6.71
-6.67
-5.75
-6.49
-7.48
-7.38
22.26
30.82
23.78
-27.71
6.48
-15.36
11.10
-1.89
35.76
55.53
45.10
-4.40
6.42
-11.69
-13.77
6.28
-0.28
-0.69
21.56
9.68
5.00
2.48
12.74
-15.54
-3.84
-1.66
3.45
-9.24
10.50
-6.49
-109.12
-8.62
-10.89
-9.94
-9.16
