0.38
-61.39
-61.39
-61.39
-61.39
-62.22
-62.22
-60.86
-60.86
-60.86
-61.29
-61.29
-62.18
-62.18
-62.18
-62.18
-62.18
-59.53
-59.53
-59.53
-61.79
-61.79
-61.29
-61.29
-61.29
-61.75
-61.75
-61.75
-58.15
-58.15
-59.94
-59.94
-59.94
-59.33
-59.33
-59.23
-59.23
-59.23
-59.82
-59.82
-64.58
-64.58
-64.58
-64.37
-64.37
-65.54
-65.54
-65.54
-65.62
-65.62
-69.78
-69.78
-69.78
-80.48
-80.48
-83.57
-83.57
-83.57
-85.55
-85.55
-94.52
-94.52
-94.52
-108.92
-108.92
-115.72
-115.72
-115.72
-119.89
-119.89
-111.07
-111.07
-111.07
-65.72
-65.72
-32.41
-32.41
-32.41
-27.35
-27.35
-17.84
-17.84
-17.84
-17.19
-17.19
-15.25
-15.25
-15.25
-8.90
-8.90
-8.90
-9.58
-9.58
-2.38
-2.38
-2.38
2.12
2.12
5.42
5.42
5.42
11.11
11.11
11.19
11.19
11.19
8.53
8.53
9.33
9.33
9.33
4.62
4.62
1.18
1.18
1.18
1.01
1.01
2.20
2.20
2.20
1.15
1.15
1.15
1.15
1.15
0.13
0.13
-0.04
-0.04
-0.04
0.05
0.05
0.86
0.86
0.86
0.86
0.86
-0.04
-0.04
-0.04
2.08
2.08
-0.12
-0.12
-0.12
-2.14
-2.14
-2.14
1.15
1.15
0.90
0.90
0.90
-1.19
-1.19
-1.11
-1.11
-1.11
-0.04
-0.04
-0.19
-0.19
-0.19
-4.17
-4.17
-3.18
-3.18
-3.18
-15.20
-15.20
-19.21
-19.21
-19.21
-26.41
-26.41
-29.27
-29.27
-29.27
-34.90
-34.90
-40.61
-40.61
-40.61
-46.92
-46.92
-54.40
-54.40
-54.40
-55.54
-55.54
-65.13
-65.13
-65.13
-69.26
-69.26
-72.98
-72.98
-72.98
-84.73
-84.73
-88.25
-88.25
-88.25
-93.08
-93.08
-93.08
-93.08
-93.08
-97.68
-97.68
-97.68
-99.97
-99.97
-97.99
-97.99
-97.99
-98.99
-98.99
-98.99
-98.99
-98.99
-99.36
-99.36
-97.83
-97.83
-97.83
-95.35
-95.35
-95.57
-95.57
-95.57
-97.68
-97.68
-97.54
-97.54
-97.54
-94.27
-94.27
-99.00
-99.00
-99.00
-96.40
-96.40
-95.36
-95.36
-95.36
-95.46
-95.46
-95.36
-95.36
-95.36
-96.64
-96.64
-89.55
-89.55
-89.55
-82.38
-82.38
-68.90
-68.90
-68.90
-55.08
-55.08
-41.61
-41.61
-41.61
-38.93
-38.93
-38.93
-29.07
-29.07
-21.73
-21.73
-21.73
-18.03
-18.03
-18.03
-18.03
-18.03
-12.59
-12.59
-12.42
-12.42
-12.42
-11.43
-11.43
-8.59
-8.59
-8.59
-8.59
-8.59
-10.46
-10.46
-10.46
-8.89
-8.89
-7.19
-7.19
-7.19
-7.12
-7.12
-6.45
-6.45
-6.45
-7.33
-7.33
-7.63
-7.63
-7.63
-6.44
-6.44
-5.59
-5.59
-5.59
-9.40
-9.40
-18.07
-18.07
-18.07
-16.62
-16.62
-15.87
-15.87
-15.87
-12.79
-12.79
-12.79
-6.02
-6.02
-5.90
-5.90
-5.90
-0.96
-0.96
-0.19
-0.19
-0.19
0.73
0.73
6.18
6.18
6.18
4.12
4.12
5.40
5.40
5.40
4.03
4.03
4.95
4.95
4.95
7.22
7.22
6.31
6.31
6.31
5.13
5.13
7.22
7.22
7.22
8.06
8.06
5.78
5.78
5.78
8.95
8.95
6.92
6.92
6.92
6.92
6.92
10.08
10.08
10.08
9.25
9.25
7.30
7.30
7.30
6.94
6.94
6.94
6.94
6.94
9.62
9.62
9.62
6.13
6.13
8.63
8.63
8.63
7.62
7.62
6.38
6.38
6.38
8.54
8.54
6.71
6.71
6.71
4.44
4.44
5.29
5.29
5.29
5.27
5.27
4.37
4.37
4.37
5.32
5.32
5.06
5.06
5.06
5.34
5.34
8.12
8.12
8.12
6.05
6.05
5.40
5.40
5.40
6.35
6.35
6.59
6.59
6.59
5.28
5.28
9.98
9.98
9.98
11.13
11.13
11.66
11.66
11.66
12.15
12.15
12.15
11.61
11.61
13.60
13.60
13.60
10.55
10.55
10.55
10.55
10.55
6.43
6.43
4.66
4.66
4.66
3.08
3.08
2.97
2.97
2.97
2.97
2.97
0.78
0.78
0.78
1.79
1.79
0.62
0.62
0.62
0.78
0.78
-0.41
-0.41
-0.41
1.88
1.88
2.95
2.95
2.95
1.78
1.78
1.96
1.96
1.96
1.87
1.87
1.74
1.74
1.74
-0.38
-0.38
0.51
0.51
0.51
-0.66
-0.66
-0.66
-1.62
-1.62
-0.64
-0.64
-0.64
-0.71
-0.71
-0.69
-0.69
-0.69
-0.30
-0.30
0.62
0.62
0.62
-4.08
-4.08
-3.82
-3.82
-3.82
-3.00
-3.00
-0.57
-0.57
-0.57
-0.68
-0.68
0.52
0.52
0.52
-1.84
-1.84
-1.84
-1.84
-1.84
-0.57
-0.57
0.51
0.51
0.51
-1.71
-1.71
1.57
1.57
1.57
1.57
1.57
0.30
0.30
0.30
3.00
3.00
5.83
5.83
5.83
6.60
6.60
6.60
8.23
8.23
8.86
8.86
8.86
8.29
8.29
9.98
9.98
9.98
11.78
11.78
12.85
12.85
12.85
11.81
11.81
9.98
9.98
9.98
5.24
5.24
-2.13
-2.13
-2.13
-2.43
-2.43
-5.17
-5.17
-5.17
-4.45
-4.45
-2.45
-2.45
-2.45
-5.49
-5.49
-5.54
-5.54
-5.54
-5.55
-5.55
-6.27
-6.27
-6.27
-6.27
-6.27
-12.66
-12.66
-12.66
-22.28
-22.28
-28.48
-28.48
-28.48
-31.71
-31.71
-31.71
-31.71
-31.71
-33.24
-33.24
-33.24
-30.66
-30.66
-33.03
-33.03
-33.03
-15.27
-15.27
-1.85
-1.85
-1.85
1.60
1.60
1.67
1.67
1.67
1.69
1.69
0.68
0.68
0.68
0.59
0.59
0.33
0.33
0.33
2.83
2.83
0.44
0.44
0.44
2.68
2.68
2.80
2.80
2.80
1.69
1.69
3.01
3.01
3.01
0.87
0.87
1.01
1.01
1.01
-5.69
-5.69
-14.76
-14.76
-14.76
-31.09
-31.09
-31.09
-31.09
-31.09
-67.05
-67.05
-67.05
-79.16
-79.16
-80.86
-80.86
-80.86
-84.44
-84.44
-84.68
-84.68
-84.68
-86.03
-86.03
-87.11
-87.11
-87.11
-86.25
-86.25
-84.89
-84.89
-84.89
-83.95
-83.95
-84.79
-84.79
-84.79
-87.35
-87.35
-88.40
-88.40
-88.40
-88.45
-88.45
-89.61
-89.61
-89.61
-88.44
-88.44
-87.42
-87.42
-87.42
-90.79
-90.79
-88.44
-88.44
-88.44
-90.82
-90.82
-87.23
-87.23
-87.23
-87.16
-87.16
-87.16
-87.16
-87.16
-89.59
-89.59
-89.59
-89.62
-89.62
-89.61
-89.61
-89.61
-89.58
-89.58
-89.58
-89.58
-89.58
-89.60
-89.60
-88.37
-88.37
-88.37
-86.01
-86.01
-89.60
-89.60
-89.60
-87.15
-87.15
-87.10
-87.10
-87.10
-90.82
-90.82
-88.41
-88.41
-88.41
-87.14
-87.14
-85.90
-85.90
-85.90
-86.79
-86.79
-76.55
-76.55
-76.55
-60.29
-60.29
-41.44
-41.44
-41.44
-15.04
-15.04
-5.92
-5.92
-5.92
-0.51
-0.51
6.14
6.14
6.14
13.07
13.07
13.07
12.09
12.09
12.69
12.69
12.69
13.90
13.90
13.90
13.90
13.90
32.70
32.70
28.93
28.93
28.93
42.71
42.71
52.26
52.26
52.26
75.06
75.06
74.49
74.49
74.49
82.92
82.92
81.49
81.49
81.49
89.38
89.38
91.70
91.70
91.70
92.86
92.86
96.04
96.04
96.04
97.59
97.59
96.42
96.42
96.42
97.59
97.59
98.82
98.82
98.82
99.95
99.95
100.73
100.73
100.73
100.89
100.89
100.89
99.45
99.45
100.01
100.01
100.01
98.57
98.57
102.05
102.05
102.05
98.89
98.89
99.86
99.86
99.86
96.17
96.17
99.47
99.47
99.47
99.47
99.47
98.54
98.54
98.54
100.63
100.63
100.99
100.99
100.99
99.55
99.55
101.72
101.72
101.72
100.63
100.63
99.35
99.35
99.35
102.15
102.15
100.84
100.84
100.84
98.62
98.62
100.69
100.69
100.69
99.91
99.91
99.71
99.71
99.71
101.91
101.91
101.91
101.01
101.01
98.92
98.92
98.92
100.83
100.83
100.65
100.65
100.65
99.89
99.89
101.70
101.70
101.70
98.59
98.59
102.15
102.15
102.15
99.86
99.86
100.63
100.63
100.63
98.56
98.56
99.86
99.86
99.86
96.23
96.23
96.23
96.23
96.23
91.77
91.77
86.73
86.73
86.73
71.43
71.43
65.60
65.60
65.60
65.60
65.60
54.88
54.88
54.88
48.70
48.70
40.42
40.42
40.42
40.48
40.48
40.48
34.18
34.18
31.65
31.65
31.65
29.41
29.41
24.98
24.98
24.98
24.91
24.91
22.70
22.70
22.70
21.03
21.03
21.03
21.03
21.03
20.17
20.17
20.70
20.70
20.70
20.16
20.16
20.23
20.23
20.23
19.19
19.19
17.89
17.89
17.89
18.56
18.56
15.96
15.96
15.96
16.28
16.28
15.10
15.10
15.10
16.59
16.59
16.36
16.36
16.36
13.95
13.95
13.03
13.03
13.03
14.22
14.22
14.22
14.22
14.22
12.85
12.85
12.85
11.00
11.00
10.79
10.79
10.79
10.50
10.50
10.50
10.50
10.50
9.67
9.67
9.90
9.90
9.90
8.70
8.70
12.54
12.54
12.54
22.37
22.37
37.84
37.84
37.84
69.43
69.43
96.70
96.70
96.70
112.33
112.33
131.60
131.60
131.60
157.69
157.69
165.05
165.05
165.05
160.56
160.56
167.40
167.40
167.40
175.99
175.99
-179.87
-179.87
-179.87
-175.20
-175.20
-177.39
-177.39
-177.39
-176.18
-176.18
-176.18
-171.18
-171.18
-173.15
-173.15
-173.15
-176.25
-176.25
-178.41
-178.41
-178.41
-174.20
-174.20
-178.53
-178.53
-178.53
-171.00
-171.00
-175.34
-175.34
-175.34
-175.34
-175.34
-179.17
-179.17
-179.17
-175.24
-175.24
-177.26
-177.26
-177.26
-175.11
-175.11
-175.11
-175.11
-175.11
-175.26
-175.26
-176.25
-176.25
-176.25
-175.16
-175.16
-173.95
-173.95
-173.95
-176.59
-176.59
-176.10
-176.10
-176.10
176.45
176.45
161.56
161.56
161.56
118.97
118.97
118.97
89.09
89.09
66.96
66.96
66.96
78.96
78.96
66.68
66.68
66.68
64.93
64.93
61.31
61.31
61.31
60.15
60.15
55.49
55.49
55.49
55.11
55.11
51.95
51.95
51.95
50.91
50.91
48.94
48.94
48.94
48.15
48.15
48.15
48.15
48.15
47.28
47.28
46.45
46.45
46.45
42.93
42.93
43.82
43.82
43.82
43.82
43.82
39.40
39.40
39.40
37.38
37.38
39.22
39.22
39.22
37.70
37.70
37.70
33.05
33.05
33.78
33.78
33.78
35.12
35.12
31.32
31.32
31.32
33.27
33.27
32.97
32.97
32.97
28.49
28.49
28.65
28.65
28.65
30.87
30.87
28.65
28.65
28.65
28.57
28.57
26.31
26.31
26.31
29.95
29.95
25.36
25.36
25.36
26.31
26.31
25.28
25.28
25.28
25.36
25.36
23.15
23.15
23.15
23.59
23.59
23.06
23.06
23.06
23.59
23.59
21.10
21.10
21.10
23.68
23.68
22.21
22.21
22.21
20.53
20.53
20.53
22.54
22.54
20.82
20.82
20.82
22.63
22.63
22.63
22.63
22.63
19.31
19.31
21.95
21.95
21.95
21.10
21.10
22.20
22.20
22.20
22.20
22.20
17.29
17.29
17.29
17.98
17.98
19.31
19.31
19.31
20.36
20.36
18.63
18.63
18.63
18.74
18.74
17.38
17.38
17.38
17.89
17.89
20.00
20.00
20.00
16.99
16.99
18.16
18.16
18.16
17.20
17.20
17.59
17.59
17.59
18.48
18.48
18.48
17.67
17.67
17.59
17.59
17.59
14.53
14.53
16.62
16.62
16.62
16.81
16.81
16.90
16.90
16.90
17.38
17.38
16.90
16.90
16.90
14.88
14.88
16.09
16.09
16.09
14.29
14.29
15.04
15.04
15.04
14.53
14.53
14.53
14.53
14.53
12.57
12.57
15.72
15.72
15.72
13.89
13.89
11.65
11.65
11.65
11.65
11.65
11.73
11.73
11.73
11.12
11.12
14.38
14.38
14.38
13.54
13.54
13.54
11.91
11.91
15.46
15.46
15.46
13.11
13.11
14.38
14.38
14.38
13.32
13.32
14.29
14.29
14.29
10.86
10.86
10.62
10.62
10.62
11.65
11.65
12.73
12.73
12.73
11.91
11.91
11.48
11.48
11.48
13.02
13.02
10.15
10.15
10.15
12.19
12.19
11.74
11.74
11.74
11.73
11.73
10.80
10.80
10.80
10.52
10.52
12.37
12.37
12.37
8.80
8.80
11.41
11.41
11.41
9.10
9.10
9.10
9.10
9.10
9.58
9.58
9.58
10.24
10.24
10.71
10.71
10.71
6.97
6.97
6.97
6.97
6.97
10.24
10.24
10.38
10.38
10.38
8.36
8.36
10.62
10.62
10.62
11.39
11.39
7.91
7.91
7.91
8.17
8.17
10.80
10.80
10.80
5.80
5.80
7.13
7.13
7.13
8.17
8.17
9.58
9.58
9.58
8.36
8.36
9.40
9.40
9.40
9.49
9.49
3.39
3.39
3.39
6.58
6.58
4.73
4.73
4.73
5.85
5.85
5.85
3.33
3.33
5.64
5.64
5.64
5.67
5.67
4.78
4.78
4.78
3.40
3.40
3.35
3.35
3.35
1.92
1.92
-0.34
-0.34
-0.34
-0.34
-0.34
4.27
4.27
4.27
0.81
0.81
3.31
3.31
3.31
1.09
1.09
1.09
1.09
1.09
3.24
3.24
3.33
3.33
3.33
0.70
0.70
2.25
2.25
2.25
1.05
1.05
2.25
2.25
2.25
3.51
3.51
-1.44
-1.44
-1.44
0.98
0.98
0.98
2.25
2.25
3.44
3.44
3.44
0.98
0.98
0.79
0.79
0.79
3.58
3.58
2.06
2.06
2.06
1.00
1.00
1.05
1.05
1.05
2.25
2.25
0.77
0.77
0.77
-0.34
-0.34
0.90
0.90
0.90
0.88
0.88
0.88
0.88
0.88
0.79
0.79
0.88
0.88
0.88
-1.65
-1.65
2.11
2.11
2.11
2.11
2.11
1.28
1.28
1.28
0.88
0.88
-0.26
-0.26
-0.26
-0.34
-0.34
-0.34
1.16
1.16
0.88
0.88
0.88
-0.36
-0.36
-0.26
-0.26
-0.26
0.92
0.92
-0.17
-0.17
-0.17
-2.82
-2.82
-0.35
-0.35
-0.35
1.02
1.02
0.88
0.88
0.88
-0.44
-0.44
-0.17
-0.17
-0.17
0.98
0.98
-1.47
-1.47
-1.47
-0.16
-0.16
-0.16
-0.16
-0.16
-2.51
-2.51
-2.67
-2.67
-2.67
-0.15
-0.15
-2.83
-2.83
-2.83
-1.41
-1.41
-1.51
-1.51
-1.51
-2.70
-2.70
-2.70
-2.70
-2.70
0.85
0.85
0.85
0.88
0.88
-1.40
-1.40
-1.40
-0.26
-0.26
-0.26
-0.26
-0.26
0.98
0.98
-1.65
-1.65
-1.65
-2.70
-2.70
1.07
1.07
1.07
-1.41
-1.41
-1.44
-1.44
-1.44
-0.06
-0.06
2.20
2.20
2.20
-0.34
-0.34
-0.16
-0.16
-0.16
-2.73
-2.73
-2.79
-2.79
-2.79
-0.34
-0.34
-2.73
-2.73
-2.73
-0.42
-0.42
-0.25
-0.25
-0.25
-1.70
-1.70
-2.60
-2.60
-2.60
-0.25
-0.25
-0.25
-1.45
-1.45
-1.47
-1.47
-1.47
-1.45
-1.45
-2.57
-2.57
-2.57
-3.92
-3.92
-0.26
-0.26
-0.26
-1.57
-1.57
-2.48
-2.48
-2.48
-2.48
-2.48
-0.26
-0.26
-0.26
-1.29
-1.29
-0.16
-0.16
-0.16
-2.82
-2.82
-2.82
-2.82
-2.82
-4.11
-4.11
-6.59
-6.59
-6.59
-2.70
-2.70
-2.86
-2.86
-2.86
-2.70
-2.70
-2.86
-2.86
-2.86
-2.54
-2.54
-2.60
-2.60
-2.60
-4.11
-4.11
-4.11
-1.47
-1.47
-2.57
-2.57
-2.57
-3.92
-3.92
-6.59
-6.59
-6.59
-5.04
-5.04
-4.95
-4.95
-4.95
-1.70
-1.70
-4.11
-4.11
-4.11
-4.11
-4.11
-4.01
-4.01
-4.01
-5.32
-5.32
-2.54
-2.54
-2.54
-4.01
-4.01
-3.92
-3.92
-3.92
-1.32
-1.32
-2.60
-2.60
-2.60
-3.83
-3.83
-4.11
-4.11
-4.11
-4.11
-4.11
-2.66
-2.66
-2.66
-3.74
-3.74
-1.65
-1.65
-1.65
-1.51
-1.51
-1.51
-1.51
-1.51
-5.07
-5.07
-5.07
-4.73
-4.73
-5.04
-5.04
-5.04
-5.35
-5.35
-4.11
-4.11
-4.11
-5.26
-5.26
-6.02
-6.02
-6.02
-2.67
-2.67
-3.82
-3.82
-3.82
-3.92
-3.92
-3.73
-3.73
-3.73
-1.51
-1.51
-6.72
-6.72
-6.72
-5.16
-5.16
-5.52
-5.52
-5.52
-4.11
-4.11
-2.79
-2.79
-2.79
-1.38
-1.38
-3.73
-3.73
-3.73
-2.57
-2.57
-1.51
-1.51
-1.51
-5.07
-5.07
-3.65
-3.65
-3.65
-2.73
-2.73
-2.73
-6.59
-6.59
-4.11
-4.11
-4.11
-3.92
-3.92
-3.92
-3.92
-3.92
-3.73
-3.73
-4.11
-4.11
-4.11
-5.13
-5.13
-3.82
-3.82
-3.82
-3.82
-3.82
-5.48
-5.48
-5.48
-5.04
-5.04
-5.19
-5.19
-5.19
-6.46
-6.46
-3.92
-3.92
-3.92
-6.40
-6.40
-3.92
-3.92
-3.92
-4.01
-4.01
-6.56
-6.56
-6.56
-5.04
-5.04
-4.01
-4.01
-4.01
-6.56
-6.56
-6.52
-6.52
-6.52
-5.48
-5.48
-5.48
-3.92
-3.92
-6.46
-6.46
-6.46
-5.26
-5.26
-8.66
-8.66
-8.66
-7.63
-7.63
-2.67
-2.67
-2.67
-5.35
-5.35
-6.40
-6.40
-6.40
-2.57
-2.57
-7.82
-7.82
-7.82
-5.16
-5.16
-6.56
-6.56
-6.56
-3.92
-3.92
-6.26
-6.26
-6.26
-3.73
-3.73
-4.01
-4.01
-4.01
-6.11
-6.11
-5.16
