-5	5	0	-0.00
-16	16	0	-0.26
-23	23	0	-0.43
-27	27	0	-0.53
-28	28	0	-0.58
-29	29	0	-0.62
-29	29	0	-0.64
-28	28	0	-0.63
-28	28	0	-0.65
-28	28	0	-0.67
-27	27	0	-0.67
-27	27	0	-0.68
-25	25	0	-0.66
-24	24	0	-0.65
-22	22	0	-0.62
-20	20	0	-0.59
-19	19	0	-0.58
-17	17	0	-0.55
-16	16	0	-0.53
-15	15	0	-0.52
-15	15	0	-0.53
-15	15	0	-0.54
-15	15	0	-0.55
-15	15	0	-0.56
-15	15	0	-0.57
-15	15	0	-0.58
-15	15	0	-0.59
-15	15	0	-0.60
-15	15	0	-0.61
-15	15	0	-0.62
-15	15	0	-0.63
-15	15	0	-0.64
-15	15	0	-0.65
-15	15	0	-0.66
-15	15	0	-0.67
-15	15	0	-0.68
-15	15	0	-0.69
-15	15	0	-0.70
-15	15	0	-0.71
-15	15	0	-0.72
-15	15	0	-0.73
-15	15	0	-0.74
-15	15	0	-0.75
-15	15	0	-0.76
-14	14	0	-0.75
-14	14	0	-0.76
-14	14	0	-0.77
-13	13	0	-0.75
-13	13	0	-0.76
-12	12	0	-0.75
-10	10	0	-0.71
-8	8	0	-0.67
-6	6	0	-0.63
-5	5	0	-0.61
-3	3	0	-0.57
-1	1	0	-0.52
0	0	0	-0.50
1	-1	0	-0.48
1	-1	0	-0.48
1	-1	0	-0.48
1	-1	0	-0.48
1	-1	0	-0.48
1	-1	0	-0.48
1	-1	0	-0.48
1	-1	0	-0.47
1	-1	0	-0.47
1	-1	0	-0.47
1	-1	0	-0.47
1	-1	0	-0.47
1	-1	0	-0.47
1	-1	0	-0.47
1	-1	0	-0.47
1	-1	0	-0.47
1	-1	0	-0.47
1	-1	0	-0.47
1	-1	0	-0.47
1	-1	0	-0.47
1	-1	0	-0.47
1	-1	0	-0.47
1	-1	0	-0.46
1	-1	0	-0.46
1	-1	0	-0.46
1	-1	0	-0.46
1	-1	0	-0.46
1	-1	0	-0.46
1	-1	0	-0.46
1	-1	0	-0.46
1	-1	0	-0.46
1	-1	0	-0.46
1	-1	0	-0.46
1	-1	0	-0.46
1	-1	0	-0.46
1	-1	0	-0.46
1	-1	0	-0.46
1	-1	0	-0.45
1	-1	0	-0.45
1	-1	0	-0.45
1	-1	0	-0.45
1	-1	0	-0.45
1	-1	0	-0.45
1	-1	0	-0.45
1	-1	0	-0.45
1	-1	0	-0.45
1	-1	0	-0.45
1	-1	0	-0.45
1	-1	0	-0.45
1	-1	0	-0.45
1	-1	0	-0.45
1	-1	0	-0.45
1	-1	0	-0.44
1	-1	0	-0.44
1	-1	0	-0.44
1	-1	0	-0.44
1	-1	0	-0.44
1	-1	0	-0.44
1	-1	0	-0.44
1	-1	0	-0.44
1	-1	0	-0.44
1	-1	0	-0.44
1	-1	0	-0.44
1	-1	0	-0.44
1	-1	0	-0.44
1	-1	0	-0.44
1	-1	0	-0.44
1	-1	0	-0.43
1	-1	0	-0.43
1	-1	0	-0.43
1	-1	0	-0.43
1	-1	0	-0.43
1	-1	0	-0.43
1	-1	0	-0.43
1	-1	0	-0.43
1	-1	0	-0.43
1	-1	0	-0.43
1	-1	0	-0.43
1	-1	0	-0.43
1	-1	0	-0.43
1	-1	0	-0.43
1	-1	0	-0.43
1	-1	0	-0.42
1	-1	0	-0.42
1	-1	0	-0.42
1	-1	0	-0.42
1	-1	0	-0.42
1	-1	0	-0.42
1	-1	0	-0.42
1	-1	0	-0.42
1	-1	0	-0.42
1	-1	0	-0.42
1	-1	0	-0.42
1	-1	0	-0.42
1	-1	0	-0.42
1	-1	0	-0.42
1	-1	0	-0.42
1	-1	0	-0.41
1	-1	0	-0.41
1	-1	0	-0.41
1	-1	0	-0.41
1	-1	0	-0.41
1	-1	0	-0.41
1	-1	0	-0.41
1	-1	0	-0.41
1	-1	0	-0.41
1	-1	0	-0.41
1	-1	0	-0.41
1	-1	0	-0.41
1	-1	0	-0.41
1	-1	0	-0.41
1	-1	0	-0.41
1	-1	0	-0.41
1	-1	0	-0.40
1	-1	0	-0.40
1	-1	0	-0.40
1	-1	0	-0.40
1	-1	0	-0.40
1	-1	0	-0.40
1	-1	0	-0.40
1	-1	0	-0.40
1	-1	0	-0.40
1	-1	0	-0.40
1	-1	0	-0.40
1	-1	0	-0.40
1	-1	0	-0.40
1	-1	0	-0.40
1	-1	0	-0.40
1	-1	0	-0.39
1	-1	0	-0.39
1	-1	0	-0.39
1	-1	0	-0.39
1	-1	0	-0.39
1	-1	0	-0.39
1	-1	0	-0.39
1	-1	0	-0.39
1	-1	0	-0.39
1	-1	0	-0.39
1	-1	0	-0.39
1	-1	0	-0.39
1	-1	0	-0.39
1	-1	0	-0.39
1	-1	0	-0.39
1	-1	0	-0.38
1	-1	0	-0.38
1	-1	0	-0.38
1	-1	0	-0.38
1	-1	0	-0.38
1	-1	0	-0.38
1	-1	0	-0.38
1	-1	0	-0.38
1	-1	0	-0.38
1	-1	0	-0.38
1	-1	0	-0.38
1	-1	0	-0.38
1	-1	0	-0.38
1	-1	0	-0.38
1	-1	0	-0.38
1	-1	0	-0.37
1	-1	0	-0.37
1	-1	0	-0.37
1	-1	0	-0.37
1	-1	0	-0.37
1	-1	0	-0.37
1	-1	0	-0.37
1	-1	0	-0.37
1	-1	0	-0.37
1	-1	0	-0.37
1	-1	0	-0.37
1	-1	0	-0.37
1	-1	0	-0.37
1	-1	0	-0.37
1	-1	0	-0.37
1	-1	0	-0.36
1	-1	0	-0.36
1	-1	0	-0.36
1	-1	0	-0.36
1	-1	0	-0.36
1	-1	0	-0.36
1	-1	0	-0.36
1	-1	0	-0.36
1	-1	0	-0.36
1	-1	0	-0.36
1	-1	0	-0.36
1	-1	0	-0.36
1	-1	0	-0.36
1	-1	0	-0.36
1	-1	0	-0.36
1	-1	0	-0.35
1	-1	0	-0.35
1	-1	0	-0.35
1	-1	0	-0.35
1	-1	0	-0.35
1	-1	0	-0.35
1	-1	0	-0.35
1	-1	0	-0.35
1	-1	0	-0.35
1	-1	0	-0.35
1	-1	0	-0.35
1	-1	0	-0.35
1	-1	0	-0.35
1	-1	0	-0.35
1	-1	0	-0.35
1	-1	0	-0.34
1	-1	0	-0.34
1	-1	0	-0.34
1	-1	0	-0.34
1	-1	0	-0.34
1	-1	0	-0.34
1	-1	0	-0.34
1	-1	0	-0.34
1	-1	0	-0.34
1	-1	0	-0.34
1	-1	0	-0.34
1	-1	0	-0.34
1	-1	0	-0.34
1	-1	0	-0.34
1	-1	0	-0.34
1	-1	0	-0.33
1	-1	0	-0.33
1	-1	0	-0.33
1	-1	0	-0.33
1	-1	0	-0.33
1	-1	0	-0.33
1	-1	0	-0.33
1	-1	0	-0.33
1	-1	0	-0.33
1	-1	0	-0.33
1	-1	0	-0.33
1	-1	0	-0.33
1	-1	0	-0.33
1	-1	0	-0.33
1	-1	0	-0.33
1	-1	0	-0.32
1	-1	0	-0.32
1	-1	0	-0.32
1	-1	0	-0.32
1	-1	0	-0.32
1	-1	0	-0.32
1	-1	0	-0.32
1	-1	0	-0.32
1	-1	0	-0.32
1	-1	0	-0.32
2001	-1	2000	12.00
1993	7	2000	12.00
1967	33	2000	12.00
1930	70	2000	12.00
1885	115	2000	12.00
1835	165	2000	12.00
1781	219	2000	11.98
1723	277	2000	11.84
1665	335	2000	11.65
1605	395	2000	11.38
1545	455	2000	11.08
1484	516	2000	10.71
1425	575	2000	10.34
1366	634	2000	9.94
1308	692	2000	9.52
1251	749	2000	9.08
1197	803	2000	8.68
1143	857	2000	8.24
1091	909	2000	7.80
1042	958	2000	7.41
994	1006	2000	7.00
948	1052	2000	6.61
904	1096	2000	6.23
863	1137	2000	5.89
823	1177	2000	5.55
785	1215	2000	5.23
750	1250	2000	4.95
716	1284	2000	4.67
685	1315	2000	4.44
655	1345	2000	4.20
627	1373	2000	4.00
601	1399	2000	3.82
577	1423	2000	3.67
554	1446	2000	3.53
533	1467	2000	3.41
513	1487	2000	3.31
493	1507	2000	3.19
475	1525	2000	3.11
458	1542	2000	3.03
442	1558	2000	2.97
426	1574	2000	2.90
411	1589	2000	2.84
397	1603	2000	2.79
383	1617	2000	2.73
371	1629	2000	2.71
358	1642	2000	2.66
346	1654	2000	2.62
335	1665	2000	2.60
324	1676	2000	2.57
313	1687	2000	2.54
303	1697	2000	2.51
293	1707	2000	2.49
284	1716	2000	2.48
275	1725	2000	2.46
266	1734	2000	2.43
258	1742	2000	2.43
250	1750	2000	2.42
242	1758	2000	2.40
234	1766	2000	2.38
225	1775	2000	2.33
215	1785	2000	2.25
205	1795	2000	2.16
195	1805	2000	2.07
185	1815	2000	1.97
175	1825	2000	1.86
166	1834	2000	1.77
157	1843	2000	1.68
147	1853	2000	1.55
139	1861	2000	1.47
131	1869	2000	1.38
124	1876	2000	1.30
117	1883	2000	1.23
110	1890	2000	1.14
104	1896	2000	1.08
98	1902	2000	1.01
93	1907	2000	0.96
88	1912	2000	0.91
83	1917	2000	0.85
79	1921	2000	0.82
75	1925	2000	0.78
72	1928	2000	0.76
69	1931	2000	0.74
65	1935	2000	0.69
63	1937	2000	0.69
60	1940	2000	0.66
58	1942	2000	0.66
55	1945	2000	0.63
53	1947	2000	0.62
51	1949	2000	0.61
50	1950	2000	0.62
48	1952	2000	0.61
46	1954	2000	0.59
44	1956	2000	0.58
43	1957	2000	0.58
41	1959	2000	0.57
39	1961	2000	0.55
39	1961	2000	0.57
38	1962	2000	0.58
37	1963	2000	0.58
37	1963	2000	0.60
37	1963	2000	0.63
36	1964	2000	0.63
35	1965	2000	0.63
35	1965	2000	0.65
33	1967	2000	0.63
32	1968	2000	0.63
31	1969	2000	0.63
29	1971	2000	0.60
27	1973	2000	0.58
26	1974	2000	0.57
24	1976	2000	0.54
23	1977	2000	0.54
21	1979	2000	0.51
21	1979	2000	0.52
20	1980	2000	0.51
20	1980	2000	0.52
20	1980	2000	0.54
20	1980	2000	0.55
20	1980	2000	0.56
20	1980	2000	0.58
20	1980	2000	0.59
20	1980	2000	0.60
20	1980	2000	0.62
19	1981	2000	0.61
19	1981	2000	0.62
19	1981	2000	0.63
18	1982	2000	0.62
17	1983	2000	0.61
16	1984	2000	0.60
15	1985	2000	0.59
15	1985	2000	0.60
14	1986	2000	0.58
13	1987	2000	0.57
12	1988	2000	0.56
11	1989	2000	0.54
10	1990	2000	0.53
9	1991	2000	0.51
9	1991	2000	0.52
9	1991	2000	0.52
9	1991	2000	0.53
9	1991	2000	0.53
9	1991	2000	0.54
9	1991	2000	0.54
9	1991	2000	0.55
9	1991	2000	0.56
9	1991	2000	0.56
9	1991	2000	0.57
9	1991	2000	0.57
9	1991	2000	0.58
8	1992	2000	0.56
8	1992	2000	0.57
8	1992	2000	0.57
8	1992	2000	0.58
8	1992	2000	0.58
8	1992	2000	0.59
8	1992	2000	0.60
8	1992	2000	0.60
8	1992	2000	0.61
8	1992	2000	0.61
8	1992	2000	0.62
7	1993	2000	0.60
7	1993	2000	0.60
7	1993	2000	0.61
7	1993	2000	0.61
7	1993	2000	0.62
7	1993	2000	0.62
7	1993	2000	0.63
7	1993	2000	0.63
7	1993	2000	0.64
5	1995	2000	0.60
3	1997	2000	0.55
2	1998	2000	0.53
1	1999	2000	0.51
0	2000	2000	0.49
0	2000	2000	0.49
0	2000	2000	0.49
0	2000	2000	0.49
0	2000	2000	0.49
0	2000	2000	0.49
0	2000	2000	0.49
0	2000	2000	0.49
0	2000	2000	0.49
0	2000	2000	0.49
0	2000	2000	0.49
0	2000	2000	0.49
0	2000	2000	0.49
0	2000	2000	0.49
0	2000	2000	0.49
0	2000	2000	0.49
0	2000	2000	0.49
0	2000	2000	0.49
0	2000	2000	0.49
0	2000	2000	0.49
0	2000	2000	0.49
0	2000	2000	0.49
0	2000	2000	0.49
0	2000	2000	0.49
0	2000	2000	0.49
0	2000	2000	0.49
0	2000	2000	0.49
0	2000	2000	0.49
0	2000	2000	0.49
0	2000	2000	0.49
0	2000	2000	0.49
0	2000	2000	0.49
0	2000	2000	0.49
0	2000	2000	0.49
0	2000	2000	0.49
0	2000	2000	0.49
0	2000	2000	0.49
0	2000	2000	0.49
0	2000	2000	0.49
0	2000	2000	0.49
0	2000	2000	0.49
0	2000	2000	0.49
0	2000	2000	0.49
0	2000	2000	0.49
0	2000	2000	0.49
0	2000	2000	0.49
0	2000	2000	0.49
0	2000	2000	0.49
0	2000	2000	0.49
0	2000	2000	0.49
0	2000	2000	0.49
0	2000	2000	0.49
0	2000	2000	0.49
0	2000	2000	0.49
0	2000	2000	0.49
0	2000	2000	0.49
0	2000	2000	0.49
0	2000	2000	0.49
0	2000	2000	0.49
0	2000	2000	0.49
0	2000	2000	0.49
0	2000	2000	0.49
0	2000	2000	0.49
0	2000	2000	0.49
0	2000	2000	0.49
0	2000	2000	0.49
0	2000	2000	0.49
0	2000	2000	0.49
0	2000	2000	0.49
0	2000	2000	0.49
0	2000	2000	0.49
0	2000	2000	0.49
0	2000	2000	0.49
0	2000	2000	0.49
0	2000	2000	0.49
0	2000	2000	0.49
0	2000	2000	0.49
0	2000	2000	0.49
0	2000	2000	0.49
0	2000	2000	0.49
0	2000	2000	0.49
0	2000	2000	0.49
0	2000	2000	0.49
0	2000	2000	0.49
0	2000	2000	0.49
0	2000	2000	0.49
0	2000	2000	0.49
0	2000	2000	0.49
0	2000	2000	0.49
0	2000	2000	0.49
0	2000	2000	0.49
0	2000	2000	0.49
0	2000	2000	0.49
0	2000	2000	0.49
0	2000	2000	0.49
0	2000	2000	0.49
0	2000	2000	0.49
0	2000	2000	0.49
0	2000	2000	0.49
0	2000	2000	0.49
0	2000	2000	0.49
0	2000	2000	0.49
0	2000	2000	0.49
0	2000	2000	0.49
0	2000	2000	0.49
0	2000	2000	0.49
0	2000	2000	0.49
0	2000	2000	0.49
0	2000	2000	0.49
0	2000	2000	0.49
0	2000	2000	0.49
0	2000	2000	0.49
0	2000	2000	0.49
0	2000	2000	0.49
0	2000	2000	0.49
0	2000	2000	0.49
0	2000	2000	0.49
0	2000	2000	0.49
0	2000	2000	0.49
0	2000	2000	0.49
0	2000	2000	0.49
0	2000	2000	0.49
0	2000	2000	0.49
0	2000	2000	0.49
0	2000	2000	0.49
0	2000	2000	0.49
0	2000	2000	0.49
0	2000	2000	0.49
-2000	2000	0	-45.17
-1991	1991	0	-46.29
-1965	1965	0	-47.02
-1927	1927	0	-47.45
-1881	1881	0	-47.67
-1830	1830	0	-47.75
-1775	1775	0	-47.71
-1717	1717	0	-47.56
-1657	1657	0	-47.33
-1595	1595	0	-47.01
-1532	1532	0	-46.62
-1468	1468	0	-46.18
-1403	1403	0	-45.66
-1339	1339	0	-45.13
-1273	1273	0	-44.51
-1207	1207	0	-43.85
-1141	1141	0	-43.14
-1075	1075	0	-42.39
-1009	1009	0	-41.59
-942	942	0	-40.73
-876	876	0	-39.85
-809	809	0	-38.90
-743	743	0	-37.92
-676	676	0	-36.89
-609	609	0	-35.80
-543	543	0	-34.70
-476	476	0	-33.53
-409	409	0	-32.32
-343	343	0	-31.08
-276	276	0	-29.78
-209	209	0	-28.43
-142	142	0	-27.04
-75	75	0	-25.60
-9	9	0	-24.14
58	-58	0	-22.62
125	-125	0	-21.05
192	-192	0	-19.44
259	-259	0	-17.78
325	-325	0	-16.11
392	-392	0	-14.36
459	-459	0	-12.57
526	-526	0	-10.74
592	-592	0	-8.88
655	-655	0	-7.05
715	-715	0	-5.25
770	-770	0	-3.52
819	-819	0	-1.89
859	-859	0	-0.44
890	-890	0	0.84
911	-911	0	1.91
922	-922	0	2.76
925	-925	0	3.44
921	-921	0	3.96
914	-914	0	4.41
903	-903	0	4.76
890	-890	0	5.06
876	-876	0	5.33
861	-861	0	5.57
845	-845	0	5.78
828	-828	0	5.95
811	-811	0	6.11
795	-795	0	6.28
778	-778	0	6.42
761	-761	0	6.54
745	-745	0	6.68
729	-729	0	6.81
713	-713	0	6.93
697	-697	0	7.03
683	-683	0	7.17
668	-668	0	7.28
655	-655	0	7.43
642	-642	0	7.57
630	-630	0	7.72
618	-618	0	7.86
607	-607	0	8.02
597	-597	0	8.19
587	-587	0	8.36
577	-577	0	8.52
569	-569	0	8.72
561	-561	0	8.91
553	-553	0	9.10
547	-547	0	9.33
540	-540	0	9.53
534	-534	0	9.75
529	-529	0	9.99
523	-523	0	10.20
506	-506	0	10.16
478	-478	0	9.86
443	-443	0	9.37
403	-403	0	8.75
361	-361	0	8.06
319	-319	0	7.34
277	-277	0	6.59
237	-237	0	5.86
197	-197	0	5.11
161	-161	0	4.42
127	-127	0	3.75
96	-96	0	3.12
69	-69	0	2.57
44	-44	0	2.04
23	-23	0	1.59
5	-5	0	1.20
-9	9	0	0.88
-21	21	0	0.60
-30	30	0	0.38
-37	37	0	0.20
-41	41	0	0.09
-44	44	0	-0.01
-45	45	0	-0.06
-45	45	0	-0.09
-45	45	0	-0.12
-45	45	0	-0.15
-45	45	0	-0.18
-45	45	0	-0.21
-45	45	0	-0.24
-45	45	0	-0.27
-45	45	0	-0.30
-45	45	0	-0.33
-45	45	0	-0.36
-45	45	0	-0.39
-45	45	0	-0.42
-45	45	0	-0.45
-45	45	0	-0.48
-45	45	0	-0.51
-45	45	0	-0.54
-45	45	0	-0.57
-44	44	0	-0.57
-43	43	0	-0.58
-43	43	0	-0.61
-43	43	0	-0.64
-43	43	0	-0.67
-43	43	0	-0.69
-42	42	0	-0.70
-42	42	0	-0.73
-41	41	0	-0.73
-41	41	0	-0.76
-39	39	0	-0.74
-38	38	0	-0.74
-37	37	0	-0.75
-35	35	0	-0.73
-35	35	0	-0.75
-33	33	0	-0.73
-32	32	0	-0.72
-30	30	0	-0.70
-29	29	0	-0.70
-27	27	0	-0.67
-25	25	0	-0.64
-23	23	0	-0.61
-21	21	0	-0.58
-19	19	0	-0.55
-18	18	0	-0.54
-17	17	0	-0.53
-15	15	0	-0.50
-15	15	0	-0.51
-15	15	0	-0.52
-16	16	0	-0.55
-16	16	0	-0.56
-16	16	0	-0.57
-16	16	0	-0.58
-16	16	0	-0.59
-16	16	0	-0.60
-16	16	0	-0.61
-16	16	0	-0.62
-15	15	0	-0.61
-15	15	0	-0.62
-15	15	0	-0.63
-15	15	0	-0.64
-15	15	0	-0.65
-15	15	0	-0.66
-15	15	0	-0.67
-15	15	0	-0.68
-15	15	0	-0.69
-15	15	0	-0.70
-15	15	0	-0.71
-15	15	0	-0.72
-15	15	0	-0.73
-15	15	0	-0.74
-15	15	0	-0.75
-14	14	0	-0.74
-14	14	0	-0.75
-14	14	0	-0.76
-13	13	0	-0.74
-13	13	0	-0.75
-12	12	0	-0.74
-11	11	0	-0.72
-9	9	0	-0.68
-7	7	0	-0.64
-5	5	0	-0.60
-4	4	0	-0.58
-2	2	0	-0.54
-1	1	0	-0.52
1	-1	0	-0.47
1	-1	0	-0.47
2	-2	0	-0.45
2	-2	0	-0.45
2	-2	0	-0.45
2	-2	0	-0.44
2	-2	0	-0.44
2	-2	0	-0.44
2	-2	0	-0.44
2	-2	0	-0.44
2	-2	0	-0.44
2	-2	0	-0.44
2	-2	0	-0.44
2	-2	0	-0.43
2	-2	0	-0.43
2	-2	0	-0.43
2	-2	0	-0.43
2	-2	0	-0.43
2	-2	0	-0.43
2	-2	0	-0.43
2	-2	0	-0.42
2	-2	0	-0.42
2	-2	0	-0.42
2	-2	0	-0.42
2	-2	0	-0.42
2	-2	0	-0.42
2	-2	0	-0.42
2	-2	0	-0.42
2	-2	0	-0.41
2	-2	0	-0.41
2	-2	0	-0.41
2	-2	0	-0.41
2	-2	0	-0.41
2	-2	0	-0.41
2	-2	0	-0.41
2	-2	0	-0.41
2	-2	0	-0.40
2	-2	0	-0.40
2	-2	0	-0.40
2	-2	0	-0.40
2	-2	0	-0.40
2	-2	0	-0.40
2	-2	0	-0.40
2	-2	0	-0.39
2	-2	0	-0.39
2	-2	0	-0.39
2	-2	0	-0.39
2	-2	0	-0.39
2	-2	0	-0.39
2	-2	0	-0.39
2	-2	0	-0.39
2	-2	0	-0.38
2	-2	0	-0.38
2	-2	0	-0.38
2	-2	0	-0.38
2	-2	0	-0.38
2	-2	0	-0.38
2	-2	0	-0.38
2	-2	0	-0.37
2	-2	0	-0.37
2	-2	0	-0.37
2	-2	0	-0.37
2	-2	0	-0.37
2	-2	0	-0.37
2	-2	0	-0.37
2	-2	0	-0.37
2	-2	0	-0.36
2	-2	0	-0.36
2	-2	0	-0.36
2	-2	0	-0.36
2	-2	0	-0.36
2	-2	0	-0.36
2	-2	0	-0.36
2	-2	0	-0.35
2	-2	0	-0.35
2	-2	0	-0.35
2	-2	0	-0.35
2	-2	0	-0.35
2	-2	0	-0.35
2	-2	0	-0.35
2	-2	0	-0.35
2	-2	0	-0.34
2	-2	0	-0.34
2	-2	0	-0.34
2	-2	0	-0.34
2	-2	0	-0.34
2	-2	0	-0.34
2	-2	0	-0.34
2	-2	0	-0.33
2	-2	0	-0.33
2	-2	0	-0.33
2	-2	0	-0.33
2	-2	0	-0.33
2	-2	0	-0.33
2	-2	0	-0.33
2	-2	0	-0.33
2	-2	0	-0.32
2	-2	0	-0.32
2	-2	0	-0.32
2	-2	0	-0.32
2	-2	0	-0.32
2	-2	0	-0.32
2	-2	0	-0.32
2	-2	0	-0.32
2	-2	0	-0.31
2	-2	0	-0.31
2	-2	0	-0.31
2	-2	0	-0.31
2	-2	0	-0.31
2	-2	0	-0.31
2002	-2	2000	12.00
1993	7	2000	12.00
1967	33	2000	12.00
1930	70	2000	12.00
1885	115	2000	12.00
1835	165	2000	12.00
1781	219	2000	11.98
1723	277	2000	11.84
1665	335	2000	11.65
1605	395	2000	11.38
1545	455	2000	11.08
1485	515	2000	10.73
1425	575	2000	10.34
1366	634	2000	9.94
1308	692	2000	9.52
1251	749	2000	9.08
1197	803	2000	8.68
1143	857	2000	8.24
1092	908	2000	7.83
1042	958	2000	7.41
994	1006	2000	7.00
949	1051	2000	6.63
905	1095	2000	6.26
863	1137	2000	5.90
823	1177	2000	5.55
786	1214	2000	5.25
751	1249	2000	4.98
717	1283	2000	4.70
685	1315	2000	4.44
656	1344	2000	4.23
628	1372	2000	4.03
602	1398	2000	3.85
578	1422	2000	3.70
555	1445	2000	3.56
533	1467	2000	3.42
513	1487	2000	3.32
494	1506	2000	3.22
476	1524	2000	3.14
459	1541	2000	3.07
442	1558	2000	2.98
427	1573	2000	2.93
411	1589	2000	2.85
397	1603	2000	2.80
383	1617	2000	2.74
371	1629	2000	2.72
358	1642	2000	2.67
346	1654	2000	2.64
335	1665	2000	2.61
324	1676	2000	2.58
313	1687	2000	2.55
303	1697	2000	2.53
293	1707	2000	2.50
284	1716	2000	2.49
275	1725	2000	2.47
266	1734	2000	2.45
257	1743	2000	2.42
249	1751	2000	2.40
241	1759	2000	2.39
233	1767	2000	2.36
225	1775	2000	2.33
215	1785	2000	2.25
205	1795	2000	2.17
195	1805	2000	2.08
185	1815	2000	1.98
175	1825	2000	1.87
165	1835	2000	1.76
156	1844	2000	1.66
147	1853	2000	1.56
139	1861	2000	1.47
131	1869	2000	1.38
123	1877	2000	1.29
115	1885	2000	1.19
109	1891	2000	1.13
103	1897	2000	1.06
97	1903	2000	0.99
92	1908	2000	0.94
87	1913	2000	0.89
83	1917	2000	0.85
79	1921	2000	0.82
75	1925	2000	0.78
71	1929	2000	0.74
68	1932	2000	0.72
65	1935	2000	0.69
62	1938	2000	0.67
59	1941	2000	0.64
57	1943	2000	0.63
55	1945	2000	0.62
53	1947	2000	0.62
51	1949	2000	0.61
50	1950	2000	0.62
48	1952	2000	0.60
46	1954	2000	0.59
44	1956	2000	0.57
43	1957	2000	0.58
41	1959	2000	0.56
40	1960	2000	0.57
39	1961	2000	0.57
38	1962	2000	0.57
37	1963	2000	0.58
37	1963	2000	0.60
37	1963	2000	0.63
36	1964	2000	0.63
35	1965	2000	0.63
34	1966	2000	0.63
33	1967	2000	0.63
31	1969	2000	0.60
30	1970	2000	0.60
29	1971	2000	0.60
27	1973	2000	0.57
26	1974	2000	0.57
24	1976	2000	0.54
23	1977	2000	0.53
22	1978	2000	0.52
21	1979	2000	0.52
20	1980	2000	0.51
20	1980	2000	0.52
20	1980	2000	0.53
20	1980	2000	0.55
20	1980	2000	0.56
20	1980	2000	0.57
20	1980	2000	0.59
20	1980	2000	0.60
20	1980	2000	0.61
19	1981	2000	0.60
19	1981	2000	0.62
19	1981	2000	0.63
18	1982	2000	0.62
17	1983	2000	0.61
16	1984	2000	0.60
15	1985	2000	0.58
15	1985	2000	0.59
15	1985	2000	0.60
13	1987	2000	0.57
12	1988	2000	0.55
11	1989	2000	0.54
10	1990	2000	0.52
9	1991	2000	0.51
9	1991	2000	0.51
9	1991	2000	0.52
9	1991	2000	0.53
9	1991	2000	0.53
9	1991	2000	0.54
9	1991	2000	0.54
9	1991	2000	0.55
9	1991	2000	0.55
9	1991	2000	0.56
9	1991	2000	0.57
9	1991	2000	0.57
9	1991	2000	0.58
9	1991	2000	0.58
8	1992	2000	0.57
8	1992	2000	0.57
7	1993	2000	0.56
7	1993	2000	0.56
7	1993	2000	0.56
7	1993	2000	0.57
7	1993	2000	0.57
7	1993	2000	0.58
7	1993	2000	0.58
7	1993	2000	0.59
7	1993	2000	0.59
7	1993	2000	0.60
7	1993	2000	0.60
7	1993	2000	0.61
7	1993	2000	0.61
7	1993	2000	0.62
7	1993	2000	0.62
7	1993	2000	0.62
7	1993	2000	0.63
7	1993	2000	0.63
6	1994	2000	0.62
4	1996	2000	0.57
2	1998	2000	0.53
1	1999	2000	0.51
0	2000	2000	0.49
-1	2001	2000	0.46
-1	2001	2000	0.46
-1	2001	2000	0.46
-1	2001	2000	0.46
-1	2001	2000	0.46
-1	2001	2000	0.46
-1	2001	2000	0.46
-1	2001	2000	0.46
-1	2001	2000	0.46
-1	2001	2000	0.46
-1	2001	2000	0.46
-1	2001	2000	0.46
-1	2001	2000	0.46
-1	2001	2000	0.46
-1	2001	2000	0.46
-1	2001	2000	0.45
-1	2001	2000	0.45
-1	2001	2000	0.45
-1	2001	2000	0.45
-1	2001	2000	0.45
-1	2001	2000	0.45
-1	2001	2000	0.45
-1	2001	2000	0.45
-1	2001	2000	0.45
-1	2001	2000	0.45
-1	2001	2000	0.45
-1	2001	2000	0.45
-1	2001	2000	0.45
-1	2001	2000	0.45
-1	2001	2000	0.45
-1	2001	2000	0.44
-1	2001	2000	0.44
-1	2001	2000	0.44
-1	2001	2000	0.44
-1	2001	2000	0.44
-1	2001	2000	0.44
-1	2001	2000	0.44
-1	2001	2000	0.44
-1	2001	2000	0.44
-1	2001	2000	0.44
-1	2001	2000	0.44
-1	2001	2000	0.44
-1	2001	2000	0.44
-1	2001	2000	0.44
-1	2001	2000	0.44
-1	2001	2000	0.44
-1	2001	2000	0.43
-1	2001	2000	0.43
-1	2001	2000	0.43
-1	2001	2000	0.43
-1	2001	2000	0.43
-1	2001	2000	0.43
-1	2001	2000	0.43
-1	2001	2000	0.43
-1	2001	2000	0.43
-1	2001	2000	0.43
-1	2001	2000	0.43
-1	2001	2000	0.43
-1	2001	2000	0.43
-1	2001	2000	0.43
-1	2001	2000	0.43
-1	2001	2000	0.42
-1	2001	2000	0.42
-1	2001	2000	0.42
-1	2001	2000	0.42
-1	2001	2000	0.42
-1	2001	2000	0.42
-1	2001	2000	0.42
-1	2001	2000	0.42
-1	2001	2000	0.42
-1	2001	2000	0.42
-1	2001	2000	0.42
-1	2001	2000	0.42
-1	2001	2000	0.42
-1	2001	2000	0.42
-1	2001	2000	0.42
-1	2001	2000	0.41
-1	2001	2000	0.41
-1	2001	2000	0.41
-1	2001	2000	0.41
-1	2001	2000	0.41
-1	2001	2000	0.41
-1	2001	2000	0.41
-1	2001	2000	0.41
-1	2001	2000	0.41
-1	2001	2000	0.41
-1	2001	2000	0.41
-1	2001	2000	0.41
-1	2001	2000	0.41
-1	2001	2000	0.41
-1	2001	2000	0.41
-1	2001	2000	0.40
-1	2001	2000	0.40
-1	2001	2000	0.40
-1	2001	2000	0.40
-1	2001	2000	0.40
-1	2001	2000	0.40
-1	2001	2000	0.40
-1	2001	2000	0.40
-1	2001	2000	0.40
-1	2001	2000	0.40
-1	2001	2000	0.40
-1	2001	2000	0.40
-1	2001	2000	0.40
-1	2001	2000	0.40
-1	2001	2000	0.40
-1	2001	2000	0.39
-1	2001	2000	0.39
-1	2001	2000	0.39
-1	2001	2000	0.39
-1	2001	2000	0.39
-1	2001	2000	0.39
-1	2001	2000	0.39
-1	2001	2000	0.39
-1	2001	2000	0.39
-1	2001	2000	0.39
-1	2001	2000	0.39
-1	2001	2000	0.39
-1	2001	2000	0.39
-1	2001	2000	0.39
-1	2001	2000	0.39
-1	2001	2000	0.38
-1	2001	2000	0.38
-1	2001	2000	0.38
-1	2001	2000	0.38
-1	2001	2000	0.38
-2001	2001	0	-45.28
-1993	1993	0	-46.42
-1967	1967	0	-47.15
-1929	1929	0	-47.58
-1884	1884	0	-47.83
-1833	1833	0	-47.91
-1778	1778	0	-47.87
-1720	1720	0	-47.72
-1659	1659	0	-47.47
-1598	1598	0	-47.17
-1535	1535	0	-46.79
-1471	1471	0	-46.35
-1407	1407	0	-45.86
-1341	1341	0	-45.28
-1276	1276	0	-44.69
-1210	1210	0	-44.02
-1144	1144	0	-43.32
-1078	1078	0	-42.57
-1012	1012	0	-41.78
-945	945	0	-40.92
-879	879	0	-40.03
-812	812	0	-39.09
-745	745	0	-38.09
-679	679	0	-37.08
-612	612	0	-36.00
-545	545	0	-34.87
-479	479	0	-33.73
-412	412	0	-32.52
-345	345	0	-31.26
-279	279	0	-29.98
-212	212	0	-28.64
-145	145	0	-27.25
-78	78	0	-25.81
-11	11	0	-24.33
55	-55	0	-22.83
122	-122	0	-21.27
189	-189	0	-19.66
256	-256	0	-18.00
323	-323	0	-16.30
389	-389	0	-14.58
456	-456	0	-12.80
523	-523	0	-10.97
589	-589	0	-9.11
653	-653	0	-7.26
714	-714	0	-5.44
769	-769	0	-3.71
818	-818	0	-2.08
859	-859	0	-0.60
891	-891	0	0.70
914	-914	0	1.81
927	-927	0	2.71
930	-930	0	3.39
927	-927	0	3.94
919	-919	0	4.37
908	-908	0	4.73
895	-895	0	5.03
880	-880	0	5.28
864	-864	0	5.50
848	-848	0	5.71
831	-831	0	5.88
814	-814	0	6.04
797	-797	0	6.19
780	-780	0	6.33
763	-763	0	6.46
747	-747	0	6.60
730	-730	0	6.70
714	-714	0	6.82
698	-698	0	6.93
683	-683	0	7.05
668	-668	0	7.16
654	-654	0	7.28
641	-641	0	7.42
628	-628	0	7.54
616	-616	0	7.69
605	-605	0	7.84
594	-594	0	7.99
583	-583	0	8.13
574	-574	0	8.31
565	-565	0	8.49
556	-556	0	8.66
548	-548	0	8.84
541	-541	0	9.05
534	-534	0	9.24
527	-527	0	9.44
522	-522	0	9.67
517	-517	0	9.90
507	-507	0	10.02
483	-483	0	9.80
451	-451	0	9.39
414	-414	0	8.85
374	-374	0	8.21
333	-333	0	7.52
291	-291	0	6.78
251	-251	0	6.06
212	-212	0	5.34
175	-175	0	4.63
141	-141	0	3.97
109	-109	0	3.33
81	-81	0	2.77
56	-56	0	2.25
34	-34	0	1.78
15	-15	0	1.37
-1	1	0	1.02
-13	13	0	0.74
-23	23	0	0.51
-31	31	0	0.31
-36	36	0	0.17
-39	39	0	0.08
-41	41	0	0.01
-42	42	0	-0.04
-42	42	0	-0.07
-42	42	0	-0.10
-42	42	0	-0.12
-42	42	0	-0.15
-42	42	0	-0.18
-42	42	0	-0.21
-42	42	0	-0.24
-42	42	0	-0.26
-42	42	0	-0.29
-42	42	0	-0.32
-42	42	0	-0.35
-42	42	0	-0.37
-42	42	0	-0.40
-42	42	0	-0.43
-41	41	0	-0.43
-41	41	0	-0.46
-41	41	0	-0.49
-41	41	0	-0.52
-41	41	0	-0.54
-41	41	0	-0.57
-41	41	0	-0.60
-40	40	0	-0.60
-39	39	0	-0.61
-39	39	0	-0.63
-38	38	0	-0.63
-38	38	0	-0.66
-38	38	0	-0.68
-38	38	0	-0.71
-38	38	0	-0.73
-37	37	0	-0.74
-37	37	0	-0.76
-37	37	0	-0.79
-36	36	0	-0.79
-35	35	0	-0.79
-35	35	0	-0.81
-33	33	0	-0.79
-32	32	0	-0.79
-30	30	0	-0.76
-28	28	0	-0.74
-27	27	0	-0.73
-24	24	0	-0.68
-22	22	0	-0.65
-20	20	0	-0.62
-18	18	0	-0.59
-16	16	0	-0.56
-15	15	0	-0.54
-14	14	0	-0.53
-14	14	0	-0.54
-14	14	0	-0.55
-14	14	0	-0.56
-14	14	0	-0.57
-14	14	0	-0.58
-14	14	0	-0.59
-14	14	0	-0.60
-14	14	0	-0.60
-14	14	0	-0.61
-14	14	0	-0.62
-14	14	0	-0.63
-14	14	0	-0.64
-14	14	0	-0.65
-14	14	0	-0.66
-14	14	0	-0.67
-14	14	0	-0.68
-14	14	0	-0.69
-14	14	0	-0.70
-14	14	0	-0.71
-14	14	0	-0.72
-14	14	0	-0.73
-14	14	0	-0.73
-14	14	0	-0.74
-14	14	0	-0.75
-13	13	0	-0.74
-13	13	0	-0.75
-13	13	0	-0.76
-11	11	0	-0.72
-10	10	0	-0.70
-8	8	0	-0.67
-6	6	0	-0.62
-5	5	0	-0.61
-3	3	0	-0.56
-1	1	0	-0.52
0	0	0	-0.50
1	-1	0	-0.47
1	-1	0	-0.47
1	-1	0	-0.47
1	-1	0	-0.47
1	-1	0	-0.47
1	-1	0	-0.47
1	-1	0	-0.47
1	-1	0	-0.47
1	-1	0	-0.47
1	-1	0	-0.47
1	-1	0	-0.47
1	-1	0	-0.47
1	-1	0	-0.47
1	-1	0	-0.47
1	-1	0	-0.47
1	-1	0	-0.46
1	-1	0	-0.46
1	-1	0	-0.46
1	-1	0	-0.46
1	-1	0	-0.46
1	-1	0	-0.46
1	-1	0	-0.46
1	-1	0	-0.46
1	-1	0	-0.46
1	-1	0	-0.46
1	-1	0	-0.46
1	-1	0	-0.46
1	-1	0	-0.46
1	-1	0	-0.46
1	-1	0	-0.46
1	-1	0	-0.46
1	-1	0	-0.45
1	-1	0	-0.45
1	-1	0	-0.45
1	-1	0	-0.45
1	-1	0	-0.45
1	-1	0	-0.45
1	-1	0	-0.45
1	-1	0	-0.45
1	-1	0	-0.45
1	-1	0	-0.45
1	-1	0	-0.45
1	-1	0	-0.45
1	-1	0	-0.45
1	-1	0	-0.45
1	-1	0	-0.45
1	-1	0	-0.44
1	-1	0	-0.44
1	-1	0	-0.44
1	-1	0	-0.44
1	-1	0	-0.44
1	-1	0	-0.44
1	-1	0	-0.44
1	-1	0	-0.44
1	-1	0	-0.44
1	-1	0	-0.44
1	-1	0	-0.44
1	-1	0	-0.44
1	-1	0	-0.44
1	-1	0	-0.44
1	-1	0	-0.44
1	-1	0	-0.43
1	-1	0	-0.43
1	-1	0	-0.43
1	-1	0	-0.43
1	-1	0	-0.43
1	-1	0	-0.43
1	-1	0	-0.43
1	-1	0	-0.43
1	-1	0	-0.43
1	-1	0	-0.43
1	-1	0	-0.43
1	-1	0	-0.43
1	-1	0	-0.43
1	-1	0	-0.43
1	-1	0	-0.43
1	-1	0	-0.42
1	-1	0	-0.42
1	-1	0	-0.42
1	-1	0	-0.42
1	-1	0	-0.42
1	-1	0	-0.42
1	-1	0	-0.42
1	-1	0	-0.42
1	-1	0	-0.42
1	-1	0	-0.42
1	-1	0	-0.42
1	-1	0	-0.42
1	-1	0	-0.42
1	-1	0	-0.42
1	-1	0	-0.42
1	-1	0	-0.41
1	-1	0	-0.41
1	-1	0	-0.41
1	-1	0	-0.41
1	-1	0	-0.41
1	-1	0	-0.41
1	-1	0	-0.41
1	-1	0	-0.41
1	-1	0	-0.41
1	-1	0	-0.41
1	-1	0	-0.41
1	-1	0	-0.41
1	-1	0	-0.41
1	-1	0	-0.41
1	-1	0	-0.41
1	-1	0	-0.40
1	-1	0	-0.40
1	-1	0	-0.40
2001	-1	2000	12.00
1992	8	2000	12.00
1967	33	2000	12.00
1930	70	2000	12.00
1885	115	2000	12.00
1835	165	2000	12.00
1780	220	2000	11.96
1723	277	2000	11.84
1664	336	2000	11.63
1604	396	2000	11.36
1544	456	2000	11.05
1483	517	2000	10.68
1424	576	2000	10.31
1365	635	2000	9.91
1307	693	2000	9.49
1251	749	2000	9.08
1196	804	2000	8.65
1143	857	2000	8.23
1092	908	2000	7.82
1042	958	2000	7.40
995	1005	2000	7.02
949	1051	2000	6.63
905	1095	2000	6.25
863	1137	2000	5.89
823	1177	2000	5.55
786	1214	2000	5.25
751	1249	2000	4.97
717	1283	2000	4.69
686	1314	2000	4.46
657	1343	2000	4.25
629	1371	2000	4.04
603	1397	2000	3.87
579	1421	2000	3.72
556	1444	2000	3.58
534	1466	2000	3.44
514	1486	2000	3.34
495	1505	2000	3.24
477	1523	2000	3.16
459	1541	2000	3.07
443	1557	2000	3.00
427	1573	2000	2.93
412	1588	2000	2.87
398	1602	2000	2.83
384	1616	2000	2.77
371	1629	2000	2.73
359	1641	2000	2.70
347	1653	2000	2.66
335	1665	2000	2.62
323	1677	2000	2.57
313	1687	2000	2.55
303	1697	2000	2.53
293	1707	2000	2.50
283	1717	2000	2.47
275	1725	2000	2.47
266	1734	2000	2.45
257	1743	2000	2.42
249	1751	2000	2.41
241	1759	2000	2.39
233	1767	2000	2.37
224	1776	2000	2.31
215	1785	2000	2.26
205	1795	2000	2.17
195	1805	2000	2.08
185	1815	2000	1.98
175	1825	2000	1.87
165	1835	2000	1.76
155	1845	2000	1.64
146	1854	2000	1.54
138	1862	2000	1.45
130	1870	2000	1.36
123	1877	2000	1.29
115	1885	2000	1.19
109	1891	2000	1.13
103	1897	2000	1.06
97	1903	2000	0.99
92	1908	2000	0.94
87	1913	2000	0.89
83	1917	2000	0.85
79	1921	2000	0.82
75	1925	2000	0.78
71	1929	2000	0.74
68	1932	2000	0.72
65	1935	2000	0.69
62	1938	2000	0.67
60	1940	2000	0.66
58	1942	2000	0.66
55	1945	2000	0.63
53	1947	2000	0.62
51	1949	2000	0.61
50	1950	2000	0.62
48	1952	2000	0.60
46	1954	2000	0.59
44	1956	2000	0.58
43	1957	2000	0.58
41	1959	2000	0.56
40	1960	2000	0.57
39	1961	2000	0.57
38	1962	2000	0.58
37	1963	2000	0.58
37	1963	2000	0.60
36	1964	2000	0.60
35	1965	2000	0.61
34	1966	2000	0.61
33	1967	2000	0.61
32	1968	2000	0.60
31	1969	2000	0.60
30	1970	2000	0.60
29	1971	2000	0.60
27	1973	2000	0.57
26	1974	2000	0.57
24	1976	2000	0.54
23	1977	2000	0.53
22	1978	2000	0.52
21	1979	2000	0.51
20	1980	2000	0.51
20	1980	2000	0.52
20	1980	2000	0.53
20	1980	2000	0.55
20	1980	2000	0.56
20	1980	2000	0.57
20	1980	2000	0.58
20	1980	2000	0.60
20	1980	2000	0.61
19	1981	2000	0.60
19	1981	2000	0.61
19	1981	2000	0.63
18	1982	2000	0.62
17	1983	2000	0.61
17	1983	2000	0.62
16	1984	2000	0.61
15	1985	2000	0.59
15	1985	2000	0.60
13	1987	2000	0.57
12	1988	2000	0.55
11	1989	2000	0.54
10	1990	2000	0.52
9	1991	2000	0.51
9	1991	2000	0.51
9	1991	2000	0.52
9	1991	2000	0.52
9	1991	2000	0.53
9	1991	2000	0.54
9	1991	2000	0.54
9	1991	2000	0.55
9	1991	2000	0.55
9	1991	2000	0.56
9	1991	2000	0.57
9	1991	2000	0.57
9	1991	2000	0.58
9	1991	2000	0.58
8	1992	2000	0.57
8	1992	2000	0.57
7	1993	2000	0.55
7	1993	2000	0.56
7	1993	2000	0.56
7	1993	2000	0.57
7	1993	2000	0.57
7	1993	2000	0.58
7	1993	2000	0.58
7	1993	2000	0.59
7	1993	2000	0.59
7	1993	2000	0.60
7	1993	2000	0.60
7	1993	2000	0.61
7	1993	2000	0.61
7	1993	2000	0.62
7	1993	2000	0.62
7	1993	2000	0.62
7	1993	2000	0.63
7	1993	2000	0.63
6	1994	2000	0.62
4	1996	2000	0.57
2	1998	2000	0.53
1	1999	2000	0.51
0	2000	2000	0.49
-1	2001	2000	0.46
-1	2001	2000	0.46
-1	2001	2000	0.46
-1	2001	2000	0.46
-1	2001	2000	0.46
-1	2001	2000	0.46
-1	2001	2000	0.46
-1	2001	2000	0.46
-1	2001	2000	0.46
-1	2001	2000	0.46
-1	2001	2000	0.46
-1	2001	2000	0.46
-1	2001	2000	0.46
-1	2001	2000	0.46
-1	2001	2000	0.45
-1	2001	2000	0.45
-1	2001	2000	0.45
-1	2001	2000	0.45
-1	2001	2000	0.45
-1	2001	2000	0.45
-1	2001	2000	0.45
-1	2001	2000	0.45
-1	2001	2000	0.45
-1	2001	2000	0.45
-1	2001	2000	0.45
-1	2001	2000	0.45
-1	2001	2000	0.45
-1	2001	2000	0.45
-1	2001	2000	0.45
-1	2001	2000	0.44
-1	2001	2000	0.44
-1	2001	2000	0.44
-1	2001	2000	0.44
-1	2001	2000	0.44
-1	2001	2000	0.44
-1	2001	2000	0.44
-1	2001	2000	0.44
-1	2001	2000	0.44
-1	2001	2000	0.44
-1	2001	2000	0.44
-1	2001	2000	0.44
-1	2001	2000	0.44
-1	2001	2000	0.44
-1	2001	2000	0.44
-1	2001	2000	0.44
-1	2001	2000	0.43
-1	2001	2000	0.43
-1	2001	2000	0.43
-1	2001	2000	0.43
-1	2001	2000	0.43
-1	2001	2000	0.43
-1	2001	2000	0.43
-1	2001	2000	0.43
-1	2001	2000	0.43
-1	2001	2000	0.43
-1	2001	2000	0.43
-1	2001	2000	0.43
-1	2001	2000	0.43
-1	2001	2000	0.43
-1	2001	2000	0.43
-1	2001	2000	0.42
-1	2001	2000	0.42
-1	2001	2000	0.42
-1	2001	2000	0.42
-1	2001	2000	0.42
-1	2001	2000	0.42
-1	2001	2000	0.42
-1	2001	2000	0.42
-1	2001	2000	0.42
-1	2001	2000	0.42
-1	2001	2000	0.42
-1	2001	2000	0.42
-1	2001	2000	0.42
-1	2001	2000	0.42
-1	2001	2000	0.42
-1	2001	2000	0.41
-1	2001	2000	0.41
-1	2001	2000	0.41
-1	2001	2000	0.41
-1	2001	2000	0.41
-1	2001	2000	0.41
-1	2001	2000	0.41
-1	2001	2000	0.41
-1	2001	2000	0.41
-1	2001	2000	0.41
-1	2001	2000	0.41
-1	2001	2000	0.41
-1	2001	2000	0.41
-1	2001	2000	0.41
-1	2001	2000	0.41
-1	2001	2000	0.40
-1	2001	2000	0.40
-1	2001	2000	0.40
-1	2001	2000	0.40
-1	2001	2000	0.40
-1	2001	2000	0.40
-1	2001	2000	0.40
-1	2001	2000	0.40
-1	2001	2000	0.40
-1	2001	2000	0.40
-1	2001	2000	0.40
-1	2001	2000	0.40
-1	2001	2000	0.40
-1	2001	2000	0.40
-1	2001	2000	0.40
-1	2001	2000	0.39
-1	2001	2000	0.39
-1	2001	2000	0.39
-1	2001	2000	0.39
-1	2001	2000	0.39
-1	2001	2000	0.39
-1	2001	2000	0.39
-1	2001	2000	0.39
-1	2001	2000	0.39
-1	2001	2000	0.39
-1	2001	2000	0.39
-1	2001	2000	0.39
-1	2001	2000	0.39
-1	2001	2000	0.39
-1	2001	2000	0.39
-1	2001	2000	0.38
-1	2001	2000	0.38
-1	2001	2000	0.38
-1	2001	2000	0.38
-1	2001	2000	0.38
-1	2001	2000	0.38
-2001	2001	0	-45.28
-1993	1993	0	-46.42
-1967	1967	0	-47.15
-1929	1929	0	-47.58
-1883	1883	0	-47.81
-1832	1832	0	-47.89
-1777	1777	0	-47.85
-1719	1719	0	-47.70
-1659	1659	0	-47.47
-1597	1597	0	-47.15
-1534	1534	0	-46.77
-1470	1470	0	-46.32
-1406	1406	0	-45.83
-1341	1341	0	-45.28
-1275	1275	0	-44.66
-1209	1209	0	-44.00
-1143	1143	0	-43.29
-1077	1077	0	-42.54
-1011	1011	0	-41.75
-945	945	0	-40.91
-878	878	0	-40.00
-811	811	0	-39.05
-745	745	0	-38.08
-678	678	0	-37.05
-611	611	0	-35.97
-545	545	0	-34.86
-478	478	0	-33.70
-411	411	0	-32.48
-345	345	0	-31.25
-277	277	0	-29.92
-211	211	0	-28.60
-144	144	0	-27.21
-77	77	0	-25.77
-11	11	0	-24.32
56	-56	0	-22.80
123	-123	0	-21.23
190	-190	0	-19.62
257	-257	0	-17.96
323	-323	0	-16.29
390	-390	0	-14.54
457	-457	0	-12.76
524	-524	0	-10.92
590	-590	0	-9.07
654	-654	0	-7.22
715	-715	0	-5.39
770	-770	0	-3.66
819	-819	0	-2.04
859	-859	0	-0.58
891	-891	0	0.72
913	-913	0	1.81
926	-926	0	2.71
929	-929	0	3.39
926	-926	0	3.94
918	-918	0	4.37
907	-907	0	4.73
893	-893	0	5.01
879	-879	0	5.28
863	-863	0	5.49
847	-847	0	5.70
830	-830	0	5.87
813	-813	0	6.03
796	-796	0	6.18
779	-779	0	6.32
763	-763	0	6.47
746	-746	0	6.59
729	-729	0	6.69
713	-713	0	6.81
697	-697	0	6.92
682	-682	0	7.04
667	-667	0	7.15
653	-653	0	7.27
640	-640	0	7.40
627	-627	0	7.53
615	-615	0	7.67
603	-603	0	7.80
592	-592	0	7.95
582	-582	0	8.12
572	-572	0	8.27
563	-563	0	8.45
554	-554	0	8.61
546	-546	0	8.80
539	-539	0	9.00
531	-531	0	9.17
525	-525	0	9.39
519	-519	0	9.60
513	-513	0	9.80
497	-497	0	9.78
469	-469	0	9.47
435	-435	0	9.00
396	-396	0	8.40
356	-356	0	7.75
315	-315	0	7.05
275	-275	0	6.34
235	-235	0	5.61
198	-198	0	4.92
163	-163	0	4.25
131	-131	0	3.63
101	-101	0	3.03
75	-75	0	2.51
51	-51	0	2.01
31	-31	0	1.58
14	-14	0	1.22
0	0	0	0.91
-11	11	0	0.66
-21	21	0	0.42
-27	27	0	0.27
-31	31	0	0.16
-34	34	0	0.07
-35	35	0	0.03
-36	36	0	-0.02
-36	36	0	-0.04
-36	36	0	-0.07
-36	36	0	-0.09
-36	36	0	-0.12
-36	36	0	-0.14
-36	36	0	-0.16
-36	36	0	-0.19
-36	36	0	-0.21
-36	36	0	-0.24
-36	36	0	-0.26
-36	36	0	-0.28
-36	36	0	-0.31
-36	36	0	-0.33
-36	36	0	-0.35
-36	36	0	-0.38
-36	36	0	-0.40
-36	36	0	-0.43
-36	36	0	-0.45
-36	36	0	-0.47
-36	36	0	-0.50
-36	36	0	-0.52
-36	36	0	-0.54
-36	36	0	-0.57
-36	36	0	-0.59
-36	36	0	-0.62
-36	36	0	-0.64
-36	36	0	-0.66
-36	36	0	-0.69
-35	35	0	-0.69
-35	35	0	-0.71
-35	35	0	-0.73
-35	35	0	-0.76
-35	35	0	-0.78
-35	35	0	-0.80
-35	35	0	-0.83
-35	35	0	-0.85
-35	35	0	-0.87
-35	35	0	-0.90
-35	35	0	-0.92
-33	33	0	-0.90
-31	31	0	-0.87
-29	29	0	-0.85
-27	27	0	-0.82
-24	24	0	-0.77
-21	21	0	-0.72
-19	19	0	-0.69
-16	16	0	-0.63
-14	14	0	-0.60
-13	13	0	-0.58
-11	11	0	-0.55
-10	10	0	-0.53
-9	9	0	-0.51
-8	8	0	-0.50
-8	8	0	-0.50
-8	8	0	-0.51
-8	8	0	-0.51
-8	8	0	-0.52
-8	8	0	-0.52
-8	8	0	-0.53
-8	8	0	-0.53
-8	8	0	-0.54
-8	8	0	-0.54
-8	8	0	-0.55
-8	8	0	-0.56
-8	8	0	-0.56
-8	8	0	-0.57
-8	8	0	-0.57
-8	8	0	-0.58
-7	7	0	-0.56
-7	7	0	-0.56
-7	7	0	-0.57
-6	6	0	-0.55
-6	6	0	-0.55
-6	6	0	-0.56
-6	6	0	-0.56
-6	6	0	-0.57
-6	6	0	-0.57
-6	6	0	-0.57
-6	6	0	-0.58
-6	6	0	-0.58
-6	6	0	-0.59
-6	6	0	-0.59
-6	6	0	-0.59
-6	6	0	-0.60
-6	6	0	-0.60
-6	6	0	-0.61
-6	6	0	-0.61
-6	6	0	-0.61
-6	6	0	-0.62
-6	6	0	-0.62
-6	6	0	-0.63
-6	6	0	-0.63
-6	6	0	-0.63
-6	6	0	-0.64
-6	6	0	-0.64
-6	6	0	-0.65
-6	6	0	-0.65
-6	6	0	-0.65
-6	6	0	-0.66
-6	6	0	-0.66
-6	6	0	-0.67
-6	6	0	-0.67
-6	6	0	-0.67
-6	6	0	-0.68
-6	6	0	-0.68
-6	6	0	-0.69
-6	6	0	-0.69
-6	6	0	-0.69
-6	6	0	-0.70
-6	6	0	-0.70
-6	6	0	-0.70
-6	6	0	-0.71
-6	6	0	-0.71
-6	6	0	-0.72
-6	6	0	-0.72
-6	6	0	-0.72
-6	6	0	-0.73
-6	6	0	-0.73
-6	6	0	-0.74
-6	6	0	-0.74
-6	6	0	-0.74
-6	6	0	-0.75
-6	6	0	-0.75
-6	6	0	-0.76
-6	6	0	-0.76
-6	6	0	-0.76
-6	6	0	-0.77
-6	6	0	-0.77
-6	6	0	-0.78
-6	6	0	-0.78
-6	6	0	-0.78
-6	6	0	-0.79
-6	6	0	-0.79
-6	6	0	-0.80
-6	6	0	-0.80
-6	6	0	-0.80
-6	6	0	-0.81
-6	6	0	-0.81
-6	6	0	-0.82
-6	6	0	-0.82
-6	6	0	-0.82
-6	6	0	-0.83
-6	6	0	-0.83
-6	6	0	-0.84
-6	6	0	-0.84
-6	6	0	-0.84
-6	6	0	-0.85
-6	6	0	-0.85
-6	6	0	-0.86
-6	6	0	-0.86
-6	6	0	-0.86
-6	6	0	-0.87
-6	6	0	-0.87
-6	6	0	-0.88
-6	6	0	-0.88
-6	6	0	-0.88
-6	6	0	-0.89
-6	6	0	-0.89
-6	6	0	-0.90
-6	6	0	-0.90
-6	6	0	-0.90
-6	6	0	-0.91
-6	6	0	-0.91
-6	6	0	-0.92
-6	6	0	-0.92
-6	6	0	-0.92
-6	6	0	-0.93
-5	5	0	-0.91
-5	5	0	-0.91
-5	5	0	-0.91
-4	4	0	-0.90
-2	2	0	-0.85
0	0	0	-0.81
3	-3	0	-0.74
5	-5	0	-0.69
8	-8	0	-0.62
10	-10	0	-0.57
11	-11	0	-0.54
13	-13	0	-0.49
14	-14	0	-0.46
14	-14	0	-0.45
14	-14	0	-0.44
14	-14	0	-0.43
14	-14	0	-0.42
14	-14	0	-0.41
14	-14	0	-0.40
14	-14	0	-0.39
14	-14	0	-0.38
14	-14	0	-0.37
14	-14	0	-0.36
14	-14	0	-0.35
2014	-14	2000	12.00
2005	-5	2000	12.00
1979	21	2000	12.00
1941	59	2000	12.00
1896	104	2000	12.00
1846	154	2000	12.00
1791	209	2000	11.97
1735	265	2000	11.87
1675	325	2000	11.65
1615	385	2000	11.39
1555	445	2000	11.09
1495	505	2000	10.75
1435	565	2000	10.37
1376	624	2000	9.97
1318	682	2000	9.56
1261	739	2000	9.13
1206	794	2000	8.71
1153	847	2000	8.29
1101	899	2000	7.87
1051	949	2000	7.46
1003	997	2000	7.06
957	1043	2000	6.67
913	1087	2000	6.30
871	1129	2000	5.94
831	1169	2000	5.61
793	1207	2000	5.29
757	1243	2000	4.99
724	1276	2000	4.74
692	1308	2000	4.49
662	1338	2000	4.26
635	1365	2000	4.08
608	1392	2000	3.89
583	1417	2000	3.72
560	1440	2000	3.58
539	1461	2000	3.47
518	1482	2000	3.35
499	1501	2000	3.26
480	1520	2000	3.15
463	1537	2000	3.08
446	1554	2000	3.00
430	1570	2000	2.93
415	1585	2000	2.87
401	1599	2000	2.83
387	1613	2000	2.77
374	1626	2000	2.73
361	1639	2000	2.68
349	1651	2000	2.65
337	1663	2000	2.61
326	1674	2000	2.58
315	1685	2000	2.54
305	1695	2000	2.52
295	1705	2000	2.50
286	1714	2000	2.49
277	1723	2000	2.47
268	1732	2000	2.45
259	1741	2000	2.42
251	1749	2000	2.41
243	1757	2000	2.39
235	1765	2000	2.37
226	1774	2000	2.32
217	1783	2000	2.26
207	1793	2000	2.18
196	1804	2000	2.06
186	1814	2000	1.97
176	1824	2000	1.86
167	1833	2000	1.77
157	1843	2000	1.65
148	1852	2000	1.55
140	1860	2000	1.47
132	1868	2000	1.38
124	1876	2000	1.28
117	1883	2000	1.20
111	1889	2000	1.14
104	1896	2000	1.06
99	1901	2000	1.01
93	1907	2000	0.94
89	1911	2000	0.91
84	1916	2000	0.86
80	1920	2000	0.82
76	1924	2000	0.78
73	1927	2000	0.76
69	1931	2000	0.72
66	1934	2000	0.70
63	1937	2000	0.67
60	1940	2000	0.65
58	1942	2000	0.64
56	1944	2000	0.63
54	1946	2000	0.62
52	1948	2000	0.62
51	1949	2000	0.63
49	1951	2000	0.61
47	1953	2000	0.60
45	1955	2000	0.59
43	1957	2000	0.57
41	1959	2000	0.55
40	1960	2000	0.56
39	1961	2000	0.56
39	1961	2000	0.59
38	1962	2000	0.59
38	1962	2000	0.62
37	1963	2000	0.62
37	1963	2000	0.64
36	1964	2000	0.64
35	1965	2000	0.65
35	1965	2000	0.67
33	1967	2000	0.65
31	1969	2000	0.62
30	1970	2000	0.62
29	1971	2000	0.62
27	1973	2000	0.59
25	1975	2000	0.56
23	1977	2000	0.53
22	1978	2000	0.53
21	1979	2000	0.52
21	1979	2000	0.53
20	1980	2000	0.52
20	1980	2000	0.54
20	1980	2000	0.55
20	1980	2000	0.56
20	1980	2000	0.58
20	1980	2000	0.59
19	1981	2000	0.58
19	1981	2000	0.59
19	1981	2000	0.60
19	1981	2000	0.62
18	1982	2000	0.61
17	1983	2000	0.60
17	1983	2000	0.61
16	1984	2000	0.60
15	1985	2000	0.58
15	1985	2000	0.59
15	1985	2000	0.60
13	1987	2000	0.57
12	1988	2000	0.55
11	1989	2000	0.54
10	1990	2000	0.52
9	1991	2000	0.51
9	1991	2000	0.51
9	1991	2000	0.52
9	1991	2000	0.52
9	1991	2000	0.53
9	1991	2000	0.54
9	1991	2000	0.54
9	1991	2000	0.55
9	1991	2000	0.55
9	1991	2000	0.56
9	1991	2000	0.57
9	1991	2000	0.57
9	1991	2000	0.58
9	1991	2000	0.58
8	1992	2000	0.57
8	1992	2000	0.57
7	1993	2000	0.55
7	1993	2000	0.56
7	1993	2000	0.56
7	1993	2000	0.57
7	1993	2000	0.57
7	1993	2000	0.58
7	1993	2000	0.58
7	1993	2000	0.59
7	1993	2000	0.59
7	1993	2000	0.60
7	1993	2000	0.60
7	1993	2000	0.61
7	1993	2000	0.61
7	1993	2000	0.61
7	1993	2000	0.62
7	1993	2000	0.62
7	1993	2000	0.63
7	1993	2000	0.63
6	1994	2000	0.62
4	1996	2000	0.57
2	1998	2000	0.53
1	1999	2000	0.51
0	2000	2000	0.49
-1	2001	2000	0.46
-1	2001	2000	0.46
-1	2001	2000	0.46
-1	2001	2000	0.46
-1	2001	2000	0.46
-1	2001	2000	0.46
-1	2001	2000	0.46
-1	2001	2000	0.46
-1	2001	2000	0.46
-1	2001	2000	0.46
-1	2001	2000	0.46
-1	2001	2000	0.46
-1	2001	2000	0.46
-1	2001	2000	0.46
-1	2001	2000	0.45
-1	2001	2000	0.45
-1	2001	2000	0.45
-1	2001	2000	0.45
-1	2001	2000	0.45
-1	2001	2000	0.45
-1	2001	2000	0.45
-1	2001	2000	0.45
-1	2001	2000	0.45
-1	2001	2000	0.45
-1	2001	2000	0.45
-1	2001	2000	0.45
-1	2001	2000	0.45
-1	2001	2000	0.45
-1	2001	2000	0.45
-1	2001	2000	0.44
-1	2001	2000	0.44
-1	2001	2000	0.44
-1	2001	2000	0.44
-1	2001	2000	0.44
-1	2001	2000	0.44
-1	2001	2000	0.44
-1	2001	2000	0.44
-1	2001	2000	0.44
-1	2001	2000	0.44
-1	2001	2000	0.44
-1	2001	2000	0.44
-1	2001	2000	0.44
-1	2001	2000	0.44
-1	2001	2000	0.44
-1	2001	2000	0.43
-1	2001	2000	0.43
-1	2001	2000	0.43
-1	2001	2000	0.43
-1	2001	2000	0.43
-1	2001	2000	0.43
-1	2001	2000	0.43
-1	2001	2000	0.43
-1	2001	2000	0.43
-1	2001	2000	0.43
-1	2001	2000	0.43
-1	2001	2000	0.43
-1	2001	2000	0.43
-1	2001	2000	0.43
-1	2001	2000	0.43
-1	2001	2000	0.42
-1	2001	2000	0.42
-1	2001	2000	0.42
-1	2001	2000	0.42
-1	2001	2000	0.42
-1	2001	2000	0.42
-1	2001	2000	0.42
-1	2001	2000	0.42
-1	2001	2000	0.42
-1	2001	2000	0.42
-1	2001	2000	0.42
-1	2001	2000	0.42
-1	2001	2000	0.42
-1	2001	2000	0.42
-1	2001	2000	0.42
-1	2001	2000	0.41
-1	2001	2000	0.41
-1	2001	2000	0.41
-1	2001	2000	0.41
-1	2001	2000	0.41
-1	2001	2000	0.41
-1	2001	2000	0.41
-1	2001	2000	0.41
-1	2001	2000	0.41
-1	2001	2000	0.41
-1	2001	2000	0.41
-1	2001	2000	0.41
-1	2001	2000	0.41
-1	2001	2000	0.41
-1	2001	2000	0.41
-1	2001	2000	0.40
-1	2001	2000	0.40
-1	2001	2000	0.40
-1	2001	2000	0.40
-1	2001	2000	0.40
-1	2001	2000	0.40
-1	2001	2000	0.40
-1	2001	2000	0.40
-1	2001	2000	0.40
-1	2001	2000	0.40
-1	2001	2000	0.40
-1	2001	2000	0.40
-1	2001	2000	0.40
-1	2001	2000	0.40
-1	2001	2000	0.40
-1	2001	2000	0.39
-1	2001	2000	0.39
-1	2001	2000	0.39
-1	2001	2000	0.39
-1	2001	2000	0.39
-1	2001	2000	0.39
-1	2001	2000	0.39
-1	2001	2000	0.39
-1	2001	2000	0.39
-1	2001	2000	0.39
-1	2001	2000	0.39
-1	2001	2000	0.39
-1	2001	2000	0.39
-1	2001	2000	0.39
-1	2001	2000	0.39
-1	2001	2000	0.39
-1	2001	2000	0.38
-1	2001	2000	0.38
-1	2001	2000	0.38
-1	2001	2000	0.38
-1	2001	2000	0.38
-1	2001	2000	0.38
-2001	2001	0	-45.28
-1993	1993	0	-46.42
-1967	1967	0	-47.15
-1929	1929	0	-47.58
-1883	1883	0	-47.81
-1832	1832	0	-47.89
-1777	1777	0	-47.85
-1719	1719	0	-47.70
-1659	1659	0	-47.47
-1597	1597	0	-47.15
-1534	1534	0	-46.77
-1470	1470	0	-46.32
-1405	1405	0	-45.81
-1340	1340	0	-45.26
-1275	1275	0	-44.66
-1209	1209	0	-44.00
-1143	1143	0	-43.29
-1076	1076	0	-42.52
-1010	1010	0	-41.72
-943	943	0	-40.86
-877	877	0	-39.98
-810	810	0	-39.03
-743	743	0	-38.03
-677	677	0	-37.02
-610	610	0	-35.94
-543	543	0	-34.81
-477	477	0	-33.66
-410	410	0	-32.45
-343	343	0	-31.19
-277	277	0	-29.91
-209	209	0	-28.54
-143	143	0	-27.17
-76	76	0	-25.74
-9	9	0	-24.26
57	-57	0	-22.76
124	-124	0	-21.19
191	-191	0	-19.58
258	-258	0	-17.92
325	-325	0	-16.22
391	-391	0	-14.50
459	-459	0	-12.69
525	-525	0	-10.88
591	-591	0	-9.02
655	-655	0	-7.17
715	-715	0	-5.37
771	-771	0	-3.62
819	-819	0	-2.01
860	-860	0	-0.53
891	-891	0	0.74
913	-913	0	1.84
925	-925	0	2.71
929	-929	0	3.42
925	-925	0	3.94
917	-917	0	4.37
907	-907	0	4.75
893	-893	0	5.03
879	-879	0	5.30
863	-863	0	5.52
847	-847	0	5.72
830	-830	0	5.90
813	-813	0	6.06
796	-796	0	6.21
779	-779	0	6.34
762	-762	0	6.47
745	-745	0	6.59
729	-729	0	6.72
713	-713	0	6.83
697	-697	0	6.94
682	-682	0	7.06
667	-667	0	7.17
653	-653	0	7.29
640	-640	0	7.42
627	-627	0	7.55
615	-615	0	7.69
604	-604	0	7.85
593	-593	0	8.00
583	-583	0	8.16
573	-573	0	8.32
564	-564	0	8.49
555	-555	0	8.66
547	-547	0	8.84
540	-540	0	9.05
533	-533	0	9.24
527	-527	0	9.46
521	-521	0	9.67
515	-515	0	9.88
499	-499	0	9.85
471	-471	0	9.55
436	-436	0	9.06
398	-398	0	8.48
357	-357	0	7.81
316	-316	0	7.11
275	-275	0	6.38
236	-236	0	5.67
198	-198	0	4.96
163	-163	0	4.29
130	-130	0	3.65
100	-100	0	3.05
73	-73	0	2.50
50	-50	0	2.02
30	-30	0	1.60
13	-13	0	1.23
-1	1	0	0.92
-13	13	0	0.64
-22	22	0	0.43
-29	29	0	0.25
-33	33	0	0.14
-36	36	0	0.05
-37	37	0	0.01
-39	39	0	-0.06
-39	39	0	-0.09
-39	39	0	-0.11
-39	39	0	-0.14
-39	39	0	-0.17
-39	39	0	-0.19
-39	39	0	-0.22
-39	39	0	-0.24
-39	39	0	-0.27
-39	39	0	-0.30
-39	39	0	-0.32
-39	39	0	-0.35
-39	39	0	-0.37
-39	39	0	-0.40
-39	39	0	-0.42
-39	39	0	-0.45
-39	39	0	-0.48
-39	39	0	-0.50
-39	39	0	-0.53
-39	39	0	-0.55
-39	39	0	-0.58
-39	39	0	-0.60
-39	39	0	-0.63
-38	38	0	-0.63
-38	38	0	-0.66
-38	38	0	-0.68
-38	38	0	-0.71
-38	38	0	-0.73
-37	37	0	-0.74
-37	37	0	-0.76
-37	37	0	-0.79
-36	36	0	-0.79
-35	35	0	-0.79
-35	35	0	-0.81
-33	33	0	-0.79
-32	32	0	-0.79
-30	30	0	-0.76
-28	28	0	-0.74
-26	26	0	-0.71
-24	24	0	-0.68
-21	21	0	-0.63
-19	19	0	-0.60
-17	17	0	-0.56
-16	16	0	-0.55
-15	15	0	-0.54
-15	15	0	-0.55
-15	15	0	-0.56
-15	15	0	-0.57
-15	15	0	-0.58
-15	15	0	-0.59
-15	15	0	-0.60
-15	15	0	-0.61
-15	15	0	-0.62
-15	15	0	-0.63
-15	15	0	-0.64
-15	15	0	-0.65
-15	15	0	-0.66
-15	15	0	-0.67
-15	15	0	-0.68
-15	15	0	-0.69
-15	15	0	-0.70
-15	15	0	-0.71
-14	14	0	-0.70
-14	14	0	-0.71
-14	14	0	-0.72
-14	14	0	-0.72
-14	14	0	-0.73
-14	14	0	-0.74
-14	14	0	-0.75
-13	13	0	-0.74
-13	13	0	-0.75
-13	13	0	-0.76
-12	12	0	-0.74
-11	11	0	-0.73
-9	9	0	-0.69
-7	7	0	-0.65
-5	5	0	-0.61
-4	4	0	-0.59
-2	2	0	-0.55
-1	1	0	-0.52
1	-1	0	-0.48
1	-1	0	-0.48
1	-1	0	-0.48
1	-1	0	-0.48
1	-1	0	-0.48
1	-1	0	-0.48
1	-1	0	-0.47
1	-1	0	-0.47
1	-1	0	-0.47
1	-1	0	-0.47
1	-1	0	-0.47
1	-1	0	-0.47
1	-1	0	-0.47
1	-1	0	-0.47
1	-1	0	-0.47
1	-1	0	-0.47
1	-1	0	-0.47
1	-1	0	-0.47
1	-1	0	-0.47
1	-1	0	-0.47
1	-1	0	-0.47
1	-1	0	-0.46
1	-1	0	-0.46
1	-1	0	-0.46
1	-1	0	-0.46
1	-1	0	-0.46
1	-1	0	-0.46
1	-1	0	-0.46
1	-1	0	-0.46
1	-1	0	-0.46
1	-1	0	-0.46
1	-1	0	-0.46
1	-1	0	-0.46
1	-1	0	-0.46
1	-1	0	-0.46
1	-1	0	-0.46
1	-1	0	-0.45
1	-1	0	-0.45
1	-1	0	-0.45
1	-1	0	-0.45
1	-1	0	-0.45
1	-1	0	-0.45
1	-1	0	-0.45
1	-1	0	-0.45
1	-1	0	-0.45
1	-1	0	-0.45
1	-1	0	-0.45
1	-1	0	-0.45
1	-1	0	-0.45
1	-1	0	-0.45
1	-1	0	-0.45
1	-1	0	-0.44
1	-1	0	-0.44
1	-1	0	-0.44
1	-1	0	-0.44
1	-1	0	-0.44
1	-1	0	-0.44
1	-1	0	-0.44
1	-1	0	-0.44
1	-1	0	-0.44
1	-1	0	-0.44
1	-1	0	-0.44
1	-1	0	-0.44
1	-1	0	-0.44
1	-1	0	-0.44
1	-1	0	-0.44
1	-1	0	-0.43
1	-1	0	-0.43
1	-1	0	-0.43
1	-1	0	-0.43
1	-1	0	-0.43
1	-1	0	-0.43
1	-1	0	-0.43
1	-1	0	-0.43
1	-1	0	-0.43
1	-1	0	-0.43
1	-1	0	-0.43
1	-1	0	-0.43
1	-1	0	-0.43
1	-1	0	-0.43
1	-1	0	-0.43
1	-1	0	-0.42
1	-1	0	-0.42
1	-1	0	-0.42
1	-1	0	-0.42
1	-1	0	-0.42
1	-1	0	-0.42
1	-1	0	-0.42
1	-1	0	-0.42
1	-1	0	-0.42
1	-1	0	-0.42
1	-1	0	-0.42
1	-1	0	-0.42
1	-1	0	-0.42
1	-1	0	-0.42
1	-1	0	-0.42
1	-1	0	-0.42
1	-1	0	-0.41
1	-1	0	-0.41
1	-1	0	-0.41
1	-1	0	-0.41
1	-1	0	-0.41
1	-1	0	-0.41
1	-1	0	-0.41
1	-1	0	-0.41
1	-1	0	-0.41
1	-1	0	-0.41
1	-1	0	-0.41
1	-1	0	-0.41
1	-1	0	-0.41
1	-1	0	-0.41
1	-1	0	-0.41
2001	-1	2000	12.00
1992	8	2000	12.00
1967	33	2000	12.00
1929	71	2000	12.00
1885	115	2000	12.00
1834	166	2000	12.00
1780	220	2000	11.98
1723	277	2000	11.86
1664	336	2000	11.65
1604	396	2000	11.38
1543	457	2000	11.05
1483	517	2000	10.70
1423	577	2000	10.31
1365	635	2000	9.93
1307	693	2000	9.51
1251	749	2000	9.10
1195	805	2000	8.65
1142	858	2000	8.23
1091	909	2000	7.82
1041	959	2000	7.40
993	1007	2000	6.99
947	1053	2000	6.60
903	1097	2000	6.22
862	1138	2000	5.88
822	1178	2000	5.54
785	1215	2000	5.24
749	1251	2000	4.94
716	1284	2000	4.68
685	1315	2000	4.44
655	1345	2000	4.21
627	1373	2000	4.01
602	1398	2000	3.85
577	1423	2000	3.68
555	1445	2000	3.56
533	1467	2000	3.42
513	1487	2000	3.32
494	1506	2000	3.23
475	1525	2000	3.12
459	1541	2000	3.07
442	1558	2000	2.98
427	1573	2000	2.93
411	1589	2000	2.85
397	1603	2000	2.80
383	1617	2000	2.75
371	1629	2000	2.73
358	1642	2000	2.67
346	1654	2000	2.64
335	1665	2000	2.61
323	1677	2000	2.56
313	1687	2000	2.55
303	1697	2000	2.53
293	1707	2000	2.50
284	1716	2000	2.49
275	1725	2000	2.47
266	1734	2000	2.45
257	1743	2000	2.42
249	1751	2000	2.40
241	1759	2000	2.39
233	1767	2000	2.36
225	1775	2000	2.33
215	1785	2000	2.26
205	1795	2000	2.17
195	1805	2000	2.08
185	1815	2000	1.98
175	1825	2000	1.87
165	1835	2000	1.76
155	1845	2000	1.64
147	1853	2000	1.56
138	1862	2000	1.45
130	1870	2000	1.36
123	1877	2000	1.29
115	1885	2000	1.19
109	1891	2000	1.12
103	1897	2000	1.06
97	1903	2000	0.99
92	1908	2000	0.94
87	1913	2000	0.89
83	1917	2000	0.85
79	1921	2000	0.82
75	1925	2000	0.78
71	1929	2000	0.74
68	1932	2000	0.71
65	1935	2000	0.69
63	1937	2000	0.69
60	1940	2000	0.66
58	1942	2000	0.66
55	1945	2000	0.63
53	1947	2000	0.62
51	1949	2000	0.61
50	1950	2000	0.62
48	1952	2000	0.60
46	1954	2000	0.59
44	1956	2000	0.58
43	1957	2000	0.58
41	1959	2000	0.56
40	1960	2000	0.57
39	1961	2000	0.57
38	1962	2000	0.58
37	1963	2000	0.58
37	1963	2000	0.60
37	1963	2000	0.63
36	1964	2000	0.63
35	1965	2000	0.63
34	1966	2000	0.63
33	1967	2000	0.63
31	1969	2000	0.61
30	1970	2000	0.60
29	1971	2000	0.60
27	1973	2000	0.57
26	1974	2000	0.57
24	1976	2000	0.54
23	1977	2000	0.53
22	1978	2000	0.53
21	1979	2000	0.52
20	1980	2000	0.51
20	1980	2000	0.52
20	1980	2000	0.53
20	1980	2000	0.55
20	1980	2000	0.56
20	1980	2000	0.57
20	1980	2000	0.59
20	1980	2000	0.60
20	1980	2000	0.61
19	1981	2000	0.60
19	1981	2000	0.62
19	1981	2000	0.63
18	1982	2000	0.62
17	1983	2000	0.61
16	1984	2000	0.60
15	1985	2000	0.58
15	1985	2000	0.59
14	1986	2000	0.58
13	1987	2000	0.57
12	1988	2000	0.55
11	1989	2000	0.54
10	1990	2000	0.52
9	1991	2000	0.51
9	1991	2000	0.51
9	1991	2000	0.52
9	1991	2000	0.53
9	1991	2000	0.53
9	1991	2000	0.54
9	1991	2000	0.54
9	1991	2000	0.55
9	1991	2000	0.56
9	1991	2000	0.56
9	1991	2000	0.57
9	1991	2000	0.57
9	1991	2000	0.58
8	1992	2000	0.56
8	1992	2000	0.57
8	1992	2000	0.57
8	1992	2000	0.58
8	1992	2000	0.58
8	1992	2000	0.59
7	1993	2000	0.57
7	1993	2000	0.58
7	1993	2000	0.58
7	1993	2000	0.58
7	1993	2000	0.59
7	1993	2000	0.59
7	1993	2000	0.60
7	1993	2000	0.60
7	1993	2000	0.61
7	1993	2000	0.61
7	1993	2000	0.62
7	1993	2000	0.62
7	1993	2000	0.63
7	1993	2000	0.63
7	1993	2000	0.64
6	1994	2000	0.62
4	1996	2000	0.58
3	1997	2000	0.56
1	1999	2000	0.51
0	2000	2000	0.49
-1	2001	2000	0.47
-1	2001	2000	0.47
-1	2001	2000	0.47
-1	2001	2000	0.47
-1	2001	2000	0.46
-1	2001	2000	0.46
-1	2001	2000	0.46
-1	2001	2000	0.46
-1	2001	2000	0.46
-1	2001	2000	0.46
-1	2001	2000	0.46
-1	2001	2000	0.46
-1	2001	2000	0.46
-1	2001	2000	0.46
-1	2001	2000	0.46
-1	2001	2000	0.46
-1	2001	2000	0.46
-1	2001	2000	0.46
-1	2001	2000	0.46
-1	2001	2000	0.45
-1	2001	2000	0.45
-1	2001	2000	0.45
-1	2001	2000	0.45
-1	2001	2000	0.45
-1	2001	2000	0.45
-1	2001	2000	0.45
-1	2001	2000	0.45
-1	2001	2000	0.45
-1	2001	2000	0.45
-1	2001	2000	0.45
-1	2001	2000	0.45
-1	2001	2000	0.45
-1	2001	2000	0.45
-1	2001	2000	0.45
-1	2001	2000	0.44
-1	2001	2000	0.44
-1	2001	2000	0.44
-1	2001	2000	0.44
-1	2001	2000	0.44
-1	2001	2000	0.44
-1	2001	2000	0.44
-1	2001	2000	0.44
-1	2001	2000	0.44
-1	2001	2000	0.44
-1	2001	2000	0.44
-1	2001	2000	0.44
-1	2001	2000	0.44
-1	2001	2000	0.44
-1	2001	2000	0.44
-1	2001	2000	0.43
-1	2001	2000	0.43
-1	2001	2000	0.43
-1	2001	2000	0.43
-1	2001	2000	0.43
-1	2001	2000	0.43
-1	2001	2000	0.43
-1	2001	2000	0.43
-1	2001	2000	0.43
-1	2001	2000	0.43
-1	2001	2000	0.43
-1	2001	2000	0.43
-1	2001	2000	0.43
-1	2001	2000	0.43
-1	2001	2000	0.43
-1	2001	2000	0.42
-1	2001	2000	0.42
-1	2001	2000	0.42
-1	2001	2000	0.42
-1	2001	2000	0.42
-1	2001	2000	0.42
-1	2001	2000	0.42
-1	2001	2000	0.42
-1	2001	2000	0.42
-1	2001	2000	0.42
-1	2001	2000	0.42
-1	2001	2000	0.42
-1	2001	2000	0.42
-1	2001	2000	0.42
-1	2001	2000	0.42
-1	2001	2000	0.41
-1	2001	2000	0.41
-1	2001	2000	0.41
-1	2001	2000	0.41
-1	2001	2000	0.41
-1	2001	2000	0.41
-1	2001	2000	0.41
-1	2001	2000	0.41
-1	2001	2000	0.41
-1	2001	2000	0.41
-1	2001	2000	0.41
-1	2001	2000	0.41
-1	2001	2000	0.41
-1	2001	2000	0.41
-1	2001	2000	0.41
-1	2001	2000	0.40
-1	2001	2000	0.40
-1	2001	2000	0.40
-1	2001	2000	0.40
-1	2001	2000	0.40
-1	2001	2000	0.40
-1	2001	2000	0.40
-1	2001	2000	0.40
-1	2001	2000	0.40
-1	2001	2000	0.40
-1	2001	2000	0.40
-1	2001	2000	0.40
-1	2001	2000	0.40
-1	2001	2000	0.40
-1	2001	2000	0.40
-1	2001	2000	0.39
-1	2001	2000	0.39
-1	2001	2000	0.39
-1	2001	2000	0.39
-1	2001	2000	0.39
-1	2001	2000	0.39
-1	2001	2000	0.39
-1	2001	2000	0.39
-1	2001	2000	0.39
-1	2001	2000	0.39
-1	2001	2000	0.39
-1	2001	2000	0.39
-1	2001	2000	0.39
-1	2001	2000	0.39
-1	2001	2000	0.39
-1	2001	2000	0.39
-1	2001	2000	0.38
-2001	2001	0	-45.28
-1993	1993	0	-46.42
-1967	1967	0	-47.14
-1929	1929	0	-47.58
-1883	1883	0	-47.81
-1831	1831	0	-47.86
-1776	1776	0	-47.82
-1718	1718	0	-47.67
-1658	1658	0	-47.44
-1596	1596	0	-47.12
-1533	1533	0	-46.74
-1469	1469	0	-46.29
-1404	1404	0	-45.78
-1339	1339	0	-45.22
-1273	1273	0	-44.60
-1207	1207	0	-43.94
-1141	1141	0	-43.23
-1075	1075	0	-42.48
-1009	1009	0	-41.68
-942	942	0	-40.82
-876	876	0	-39.94
-809	809	0	-38.99
-743	743	0	-38.02
-676	676	0	-36.98
-609	609	0	-35.90
-542	542	0	-34.77
-475	475	0	-33.60
-409	409	0	-32.41
-342	342	0	-31.15
-275	275	0	-29.84
-208	208	0	-28.50
-141	141	0	-27.10
-75	75	0	-25.69
-8	8	0	-24.21
59	-59	0	-22.69
126	-126	0	-21.12
193	-193	0	-19.50
260	-260	0	-17.85
327	-327	0	-16.15
393	-393	0	-14.42
461	-461	0	-12.61
527	-527	0	-10.80
593	-593	0	-8.94
657	-657	0	-7.09
717	-717	0	-5.28
773	-773	0	-3.53
821	-821	0	-1.92
861	-861	0	-0.47
892	-892	0	0.81
913	-913	0	1.88
925	-925	0	2.76
927	-927	0	3.42
924	-924	0	3.96
916	-916	0	4.39
905	-905	0	4.74
892	-892	0	5.05
877	-877	0	5.29
862	-862	0	5.53
845	-845	0	5.71
829	-829	0	5.91
812	-812	0	6.07
795	-795	0	6.22
779	-779	0	6.38
762	-762	0	6.51
745	-745	0	6.62
729	-729	0	6.75
713	-713	0	6.87
697	-697	0	6.97
682	-682	0	7.09
668	-668	0	7.22
654	-654	0	7.35
641	-641	0	7.48
629	-629	0	7.63
617	-617	0	7.78
605	-605	0	7.91
595	-595	0	8.08
585	-585	0	8.25
575	-575	0	8.41
566	-566	0	8.58
558	-558	0	8.77
550	-550	0	8.96
543	-543	0	9.16
536	-536	0	9.36
530	-530	0	9.58
525	-525	0	9.82
519	-519	0	10.03
501	-501	0	9.96
473	-473	0	9.65
438	-438	0	9.17
399	-399	0	8.57
357	-357	0	7.87
316	-316	0	7.17
275	-275	0	6.44
235	-235	0	5.71
196	-196	0	4.98
161	-161	0	4.31
127	-127	0	3.64
98	-98	0	3.06
71	-71	0	2.51
47	-47	0	2.01
27	-27	0	1.58
9	-9	0	1.19
-5	5	0	0.88
-16	16	0	0.62
-25	25	0	0.41
-32	32	0	0.23
-37	37	0	0.09
-39	39	0	0.02
-41	41	0	-0.05
-41	41	0	-0.07
-41	41	0	-0.10
-41	41	0	-0.13
-41	41	0	-0.16
-41	41	0	-0.18
-41	41	0	-0.21
-41	41	0	-0.24
-41	41	0	-0.26
-41	41	0	-0.29
-41	41	0	-0.32
-41	41	0	-0.35
-41	41	0	-0.37
-41	41	0	-0.40
-41	41	0	-0.43
-41	41	0	-0.45
-41	41	0	-0.48
-41	41	0	-0.51
-41	41	0	-0.54
-41	41	0	-0.56
-40	40	0	-0.57
-39	39	0	-0.57
-39	39	0	-0.60
-39	39	0	-0.62
-38	38	0	-0.63
-38	38	0	-0.65
-38	38	0	-0.68
-38	38	0	-0.70
-38	38	0	-0.73
-38	38	0	-0.75
-37	37	0	-0.75
-37	37	0	-0.78
-37	37	0	-0.80
-36	36	0	-0.80
-35	35	0	-0.80
-34	34	0	-0.81
-33	33	0	-0.80
-31	31	0	-0.78
-29	29	0	-0.76
-27	27	0	-0.73
-24	24	0	-0.68
-22	22	0	-0.65
-20	20	0	-0.62
-18	18	0	-0.59
-16	16	0	-0.55
-15	15	0	-0.54
-14	14	0	-0.53
-14	14	0	-0.54
-14	14	0	-0.55
-14	14	0	-0.55
-14	14	0	-0.56
-14	14	0	-0.57
-14	14	0	-0.58
-14	14	0	-0.59
-14	14	0	-0.60
-14	14	0	-0.61
-14	14	0	-0.62
-14	14	0	-0.63
-14	14	0	-0.64
-14	14	0	-0.65
-14	14	0	-0.66
-14	14	0	-0.67
-14	14	0	-0.67
-14	14	0	-0.68
-14	14	0	-0.69
-14	14	0	-0.70
-14	14	0	-0.71
-14	14	0	-0.72
-14	14	0	-0.73
-14	14	0	-0.74
-14	14	0	-0.75
-14	14	0	-0.76
-13	13	0	-0.74
-13	13	0	-0.75
-13	13	0	-0.76
-12	12	0	-0.75
-10	10	0	-0.71
-8	8	0	-0.67
-6	6	0	-0.63
-5	5	0	-0.61
-3	3	0	-0.57
-1	1	0	-0.53
1	-1	0	-0.48
1	-1	0	-0.48
1	-1	0	-0.48
1	-1	0	-0.48
1	-1	0	-0.48
1	-1	0	-0.48
1	-1	0	-0.48
1	-1	0	-0.48
1	-1	0	-0.48
1	-1	0	-0.47
1	-1	0	-0.47
1	-1	0	-0.47
1	-1	0	-0.47
1	-1	0	-0.47
1	-1	0	-0.47
1	-1	0	-0.47
1	-1	0	-0.47
1	-1	0	-0.47
1	-1	0	-0.47
1	-1	0	-0.47
1	-1	0	-0.47
1	-1	0	-0.47
1	-1	0	-0.47
1	-1	0	-0.47
1	-1	0	-0.46
1	-1	0	-0.46
1	-1	0	-0.46
1	-1	0	-0.46
1	-1	0	-0.46
1	-1	0	-0.46
1	-1	0	-0.46
1	-1	0	-0.46
1	-1	0	-0.46
1	-1	0	-0.46
1	-1	0	-0.46
1	-1	0	-0.46
1	-1	0	-0.46
1	-1	0	-0.46
1	-1	0	-0.46
1	-1	0	-0.45
1	-1	0	-0.45
1	-1	0	-0.45
1	-1	0	-0.45
1	-1	0	-0.45
1	-1	0	-0.45
1	-1	0	-0.45
1	-1	0	-0.45
1	-1	0	-0.45
1	-1	0	-0.45
1	-1	0	-0.45
1	-1	0	-0.45
1	-1	0	-0.45
1	-1	0	-0.45
1	-1	0	-0.45
1	-1	0	-0.44
1	-1	0	-0.44
1	-1	0	-0.44
1	-1	0	-0.44
1	-1	0	-0.44
1	-1	0	-0.44
1	-1	0	-0.44
1	-1	0	-0.44
1	-1	0	-0.44
1	-1	0	-0.44
1	-1	0	-0.44
1	-1	0	-0.44
1	-1	0	-0.44
1	-1	0	-0.44
1	-1	0	-0.44
1	-1	0	-0.43
1	-1	0	-0.43
1	-1	0	-0.43
1	-1	0	-0.43
1	-1	0	-0.43
1	-1	0	-0.43
1	-1	0	-0.43
1	-1	0	-0.43
1	-1	0	-0.43
1	-1	0	-0.43
1	-1	0	-0.43
1	-1	0	-0.43
1	-1	0	-0.43
1	-1	0	-0.43
1	-1	0	-0.43
1	-1	0	-0.42
1	-1	0	-0.42
1	-1	0	-0.42
1	-1	0	-0.42
1	-1	0	-0.42
1	-1	0	-0.42
1	-1	0	-0.42
1	-1	0	-0.42
1	-1	0	-0.42
1	-1	0	-0.42
1	-1	0	-0.42
1	-1	0	-0.42
1	-1	0	-0.42
1	-1	0	-0.42
1	-1	0	-0.42
1	-1	0	-0.42
1	-1	0	-0.41
1	-1	0	-0.41
1	-1	0	-0.41
1	-1	0	-0.41
1	-1	0	-0.41
1	-1	0	-0.41
1	-1	0	-0.41
1	-1	0	-0.41
1	-1	0	-0.41
1	-1	0	-0.41
1	-1	0	-0.41
2001	-1	2000	12.00
1993	7	2000	12.00
1967	33	2000	12.00
1930	70	2000	12.00
1885	115	2000	12.00
1835	165	2000	12.00
1781	219	2000	11.98
1723	277	2000	11.84
1665	335	2000	11.65
1605	395	2000	11.38
1544	456	2000	11.05
1484	516	2000	10.71
1425	575	2000	10.34
1365	635	2000	9.91
1308	692	2000	9.52
1251	749	2000	9.08
1197	803	2000	8.67
1143	857	2000	8.23
1092	908	2000	7.83
1042	958	2000	7.41
995	1005	2000	7.02
949	1051	2000	6.63
905	1095	2000	6.26
863	1137	2000	5.90
823	1177	2000	5.55
786	1214	2000	5.25
751	1249	2000	4.97
717	1283	2000	4.69
685	1315	2000	4.44
656	1344	2000	4.23
628	1372	2000	4.02
603	1397	2000	3.87
578	1422	2000	3.70
555	1445	2000	3.56
534	1466	2000	3.44
513	1487	2000	3.32
494	1506	2000	3.22
476	1524	2000	3.14
459	1541	2000	3.07
442	1558	2000	2.98
427	1573	2000	2.93
411	1589	2000	2.85
397	1603	2000	2.80
383	1617	2000	2.74
371	1629	2000	2.72
358	1642	2000	2.67
346	1654	2000	2.64
335	1665	2000	2.61
323	1677	2000	2.56
313	1687	2000	2.55
303	1697	2000	2.52
293	1707	2000	2.50
283	1717	2000	2.46
275	1725	2000	2.47
266	1734	2000	2.44
257	1743	2000	2.41
249	1751	2000	2.40
241	1759	2000	2.38
233	1767	2000	2.36
225	1775	2000	2.33
215	1785	2000	2.25
205	1795	2000	2.17
195	1805	2000	2.07
185	1815	2000	1.97
175	1825	2000	1.87
165	1835	2000	1.76
155	1845	2000	1.64
147	1853	2000	1.56
139	1861	2000	1.47
131	1869	2000	1.38
123	1877	2000	1.29
115	1885	2000	1.18
109	1891	2000	1.12
103	1897	2000	1.06
97	1903	2000	0.99
92	1908	2000	0.94
87	1913	2000	0.89
83	1917	2000	0.85
79	1921	2000	0.82
75	1925	2000	0.78
71	1929	2000	0.74
68	1932	2000	0.71
65	1935	2000	0.69
63	1937	2000	0.69
60	1940	2000	0.66
58	1942	2000	0.66
55	1945	2000	0.62
53	1947	2000	0.62
51	1949	2000	0.61
50	1950	2000	0.62
48	1952	2000	0.60
46	1954	2000	0.59
45	1955	2000	0.60
43	1957	2000	0.58
41	1959	2000	0.56
40	1960	2000	0.57
39	1961	2000	0.57
39	1961	2000	0.60
38	1962	2000	0.60
37	1963	2000	0.60
37	1963	2000	0.63
37	1963	2000	0.65
36	1964	2000	0.65
35	1965	2000	0.65
33	1967	2000	0.63
32	1968	2000	0.63
31	1969	2000	0.63
29	1971	2000	0.60
28	1972	2000	0.60
27	1973	2000	0.60
25	1975	2000	0.57
23	1977	2000	0.54
21	1979	2000	0.51
21	1979	2000	0.52
20	1980	2000	0.51
20	1980	2000	0.53
20	1980	2000	0.54
20	1980	2000	0.55
20	1980	2000	0.57
20	1980	2000	0.58
20	1980	2000	0.59
19	1981	2000	0.58
19	1981	2000	0.60
19	1981	2000	0.61
18	1982	2000	0.60
18	1982	2000	0.61
17	1983	2000	0.60
17	1983	2000	0.61
16	1984	2000	0.60
15	1985	2000	0.59
15	1985	2000	0.60
15	1985	2000	0.61
15	1985	2000	0.62
13	1987	2000	0.58
12	1988	2000	0.57
11	1989	2000	0.55
10	1990	2000	0.54
9	1991	2000	0.52
9	1991	2000	0.53
8	1992	2000	0.51
8	1992	2000	0.51
8	1992	2000	0.52
8	1992	2000	0.53
8	1992	2000	0.53
8	1992	2000	0.54
8	1992	2000	0.54
8	1992	2000	0.55
8	1992	2000	0.55
8	1992	2000	0.56
8	1992	2000	0.56
8	1992	2000	0.57
8	1992	2000	0.57
8	1992	2000	0.58
8	1992	2000	0.58
8	1992	2000	0.59
8	1992	2000	0.59
8	1992	2000	0.60
8	1992	2000	0.60
8	1992	2000	0.61
8	1992	2000	0.62
8	1992	2000	0.62
7	1993	2000	0.60
7	1993	2000	0.61
7	1993	2000	0.61
7	1993	2000	0.62
7	1993	2000	0.62
7	1993	2000	0.63
5	1995	2000	0.59
4	1996	2000	0.57
2	1998	2000	0.52
1	1999	2000	0.50
0	2000	2000	0.48
-1	2001	2000	0.46
-1	2001	2000	0.46
-1	2001	2000	0.45
-1	2001	2000	0.45
-1	2001	2000	0.45
-1	2001	2000	0.45
-1	2001	2000	0.45
-1	2001	2000	0.45
-1	2001	2000	0.45
-1	2001	2000	0.45
-1	2001	2000	0.45
-1	2001	2000	0.45
-1	2001	2000	0.45
-1	2001	2000	0.45
-1	2001	2000	0.45
-1	2001	2000	0.45
-1	2001	2000	0.45
-1	2001	2000	0.44
-1	2001	2000	0.44
-1	2001	2000	0.44
-1	2001	2000	0.44
-1	2001	2000	0.44
-1	2001	2000	0.44
-1	2001	2000	0.44
-1	2001	2000	0.44
-1	2001	2000	0.44
-1	2001	2000	0.44
-1	2001	2000	0.44
-1	2001	2000	0.44
-1	2001	2000	0.44
-1	2001	2000	0.44
-1	2001	2000	0.44
-1	2001	2000	0.44
-1	2001	2000	0.43
-1	2001	2000	0.43
-1	2001	2000	0.43
-1	2001	2000	0.43
-1	2001	2000	0.43
-1	2001	2000	0.43
-1	2001	2000	0.43
-1	2001	2000	0.43
-1	2001	2000	0.43
-1	2001	2000	0.43
-1	2001	2000	0.43
-1	2001	2000	0.43
-1	2001	2000	0.43
-1	2001	2000	0.43
-1	2001	2000	0.43
-1	2001	2000	0.42
-1	2001	2000	0.42
-1	2001	2000	0.42
-1	2001	2000	0.42
-1	2001	2000	0.42
-1	2001	2000	0.42
-1	2001	2000	0.42
-1	2001	2000	0.42
-1	2001	2000	0.42
-1	2001	2000	0.42
-1	2001	2000	0.42
-1	2001	2000	0.42
-1	2001	2000	0.42
-1	2001	2000	0.42
-1	2001	2000	0.42
-1	2001	2000	0.41
-1	2001	2000	0.41
-1	2001	2000	0.41
-1	2001	2000	0.41
-1	2001	2000	0.41
-1	2001	2000	0.41
-1	2001	2000	0.41
-1	2001	2000	0.41
-1	2001	2000	0.41
-1	2001	2000	0.41
-1	2001	2000	0.41
-1	2001	2000	0.41
-1	2001	2000	0.41
-1	2001	2000	0.41
-1	2001	2000	0.41
-1	2001	2000	0.40
-1	2001	2000	0.40
-1	2001	2000	0.40
-1	2001	2000	0.40
-1	2001	2000	0.40
-1	2001	2000	0.40
-1	2001	2000	0.40
-1	2001	2000	0.40
-1	2001	2000	0.40
-1	2001	2000	0.40
-1	2001	2000	0.40
-1	2001	2000	0.40
-1	2001	2000	0.40
-1	2001	2000	0.40
-1	2001	2000	0.40
-1	2001	2000	0.39
-1	2001	2000	0.39
-1	2001	2000	0.39
-1	2001	2000	0.39
-1	2001	2000	0.39
-1	2001	2000	0.39
-1	2001	2000	0.39
-1	2001	2000	0.39
-1	2001	2000	0.39
-1	2001	2000	0.39
-1	2001	2000	0.39
-1	2001	2000	0.39
-1	2001	2000	0.39
-1	2001	2000	0.39
-1	2001	2000	0.39
-1	2001	2000	0.38
-1	2001	2000	0.38
-1	2001	2000	0.38
-1	2001	2000	0.38
-1	2001	2000	0.38
-1	2001	2000	0.38
-1	2001	2000	0.38
-1	2001	2000	0.38
-1	2001	2000	0.38
-1	2001	2000	0.38
-1	2001	2000	0.38
-1	2001	2000	0.38
-1	2001	2000	0.38
-1	2001	2000	0.38
-1	2001	2000	0.38
-1	2001	2000	0.37
-1	2001	2000	0.37
-1	2001	2000	0.37
-1	2001	2000	0.37
-1	2001	2000	0.37
-1	2001	2000	0.37
-2001	2001	0	-45.29
-1993	1993	0	-46.43
-1967	1967	0	-47.16
-1929	1929	0	-47.59
-1883	1883	0	-47.82
-1832	1832	0	-47.90
-1777	1777	0	-47.86
-1719	1719	0	-47.71
-1659	1659	0	-47.48
-1597	1597	0	-47.16
-1534	1534	0	-46.78
-1470	1470	0	-46.33
-1405	1405	0	-45.82
-1340	1340	0	-45.27
-1275	1275	0	-44.67
-1209	1209	0	-44.01
-1143	1143	0	-43.30
-1076	1076	0	-42.53
-1010	1010	0	-41.73
-943	943	0	-40.87
-877	877	0	-39.99
-810	810	0	-39.04
-744	744	0	-38.07
-677	677	0	-37.03
-610	610	0	-35.95
-543	543	0	-34.82
-477	477	0	-33.67
-410	410	0	-32.46
-343	343	0	-31.20
-276	276	0	-29.90
-209	209	0	-28.55
-143	143	0	-27.18
-76	76	0	-25.75
-9	9	0	-24.27
58	-58	0	-22.74
125	-125	0	-21.18
191	-191	0	-19.59
258	-258	0	-17.93
325	-325	0	-16.23
392	-392	0	-14.49
459	-459	0	-12.70
526	-526	0	-10.86
592	-592	0	-9.01
656	-656	0	-7.16
716	-716	0	-5.35
771	-771	0	-3.62
819	-819	0	-2.02
860	-860	0	-0.54
892	-892	0	0.76
914	-914	0	1.85
926	-926	0	2.73
929	-929	0	3.41
925	-925	0	3.94
917	-917	0	4.37
906	-906	0	4.72
893	-893	0	5.03
879	-879	0	5.30
863	-863	0	5.51
847	-847	0	5.72
830	-830	0	5.89
813	-813	0	6.05
796	-796	0	6.20
779	-779	0	6.34
763	-763	0	6.49
746	-746	0	6.61
729	-729	0	6.71
713	-713	0	6.83
697	-697	0	6.94
683	-683	0	7.08
668	-668	0	7.19
654	-654	0	7.31
641	-641	0	7.45
628	-628	0	7.57
616	-616	0	7.72
605	-605	0	7.87
593	-593	0	8.00
583	-583	0	8.16
574	-574	0	8.34
565	-565	0	8.52
556	-556	0	8.69
548	-548	0	8.87
541	-541	0	9.07
534	-534	0	9.27
527	-527	0	9.47
522	-522	0	9.70
516	-516	0	9.91
499	-499	0	9.86
471	-471	0	9.55
436	-436	0	9.07
397	-397	0	8.46
357	-357	0	7.81
315	-315	0	7.09
275	-275	0	6.39
235	-235	0	5.66
197	-197	0	4.94
162	-162	0	4.27
129	-129	0	3.63
99	-99	0	3.03
73	-73	0	2.50
49	-49	0	2.00
29	-29	0	1.58
12	-12	0	1.21
-2	2	0	0.90
-13	13	0	0.64
-23	23	0	0.41
-29	29	0	0.25
-33	33	0	0.14
-36	36	0	0.05
-38	38	0	-0.02
-39	39	0	-0.06
-39	39	0	-0.09
-39	39	0	-0.12
-39	39	0	-0.14
-39	39	0	-0.17
-39	39	0	-0.19
-39	39	0	-0.22
-39	39	0	-0.24
-39	39	0	-0.27
-39	39	0	-0.30
-39	39	0	-0.32
-39	39	0	-0.35
-39	39	0	-0.37
-39	39	0	-0.40
-39	39	0	-0.43
-39	39	0	-0.45
-39	39	0	-0.48
-39	39	0	-0.50
-39	39	0	-0.53
-39	39	0	-0.55
-39	39	0	-0.58
-39	39	0	-0.61
-39	39	0	-0.63
-38	38	0	-0.63
-38	38	0	-0.66
-38	38	0	-0.69
-38	38	0	-0.71
-38	38	0	-0.74
-37	37	0	-0.74
-37	37	0	-0.76
-37	37	0	-0.79
-36	36	0	-0.79
-35	35	0	-0.79
-35	35	0	-0.81
-33	33	0	-0.79
-32	32	0	-0.79
-30	30	0	-0.76
-28	28	0	-0.74
-26	26	0	-0.71
-24	24	0	-0.68
-22	22	0	-0.65
-19	19	0	-0.60
-18	18	0	-0.59
-16	16	0	-0.56
-15	15	0	-0.54
-15	15	0	-0.55
-14	14	0	-0.54
-14	14	0	-0.55
-14	14	0	-0.56
-14	14	0	-0.57
-14	14	0	-0.58
-14	14	0	-0.59
-14	14	0	-0.60
-14	14	0	-0.60
-14	14	0	-0.61
-14	14	0	-0.62
-14	14	0	-0.63
-14	14	0	-0.64
-14	14	0	-0.65
-14	14	0	-0.66
-14	14	0	-0.67
-14	14	0	-0.68
-14	14	0	-0.69
-14	14	0	-0.70
-14	14	0	-0.71
-14	14	0	-0.72
-14	14	0	-0.73
-14	14	0	-0.73
-14	14	0	-0.74
-14	14	0	-0.75
-13	13	0	-0.74
-13	13	0	-0.75
-13	13	0	-0.76
-12	12	0	-0.74
-10	10	0	-0.70
-8	8	0	-0.67
-6	6	0	-0.63
-5	5	0	-0.61
-3	3	0	-0.56
-1	1	0	-0.52
0	0	0	-0.50
1	-1	0	-0.48
1	-1	0	-0.47
1	-1	0	-0.47
1	-1	0	-0.47
1	-1	0	-0.47
1	-1	0	-0.47
1	-1	0	-0.47
1	-1	0	-0.47
1	-1	0	-0.47
1	-1	0	-0.47
1	-1	0	-0.47
1	-1	0	-0.47
1	-1	0	-0.47
1	-1	0	-0.47
1	-1	0	-0.47
1	-1	0	-0.47
1	-1	0	-0.46
1	-1	0	-0.46
ets Jun  8 2016 00:22:57

rst:0x1 (POWERON_RESET),boot:0x3 (DOWNLOAD_BOOT(UART0/UART1/SDIO_REI_REO_V2))
waiting for download
                                               