-11.45
-11.52
-13.44
-14.24
-10.53
-9.87
-10.01
-10.08
-9.81
-12.89
-13.76
-13.45
-13.17
-13.38
-10.19
-10.29
-10.02
-14.41
-14.30
-14.31
-14.85
-14.33
-13.63
-13.29
-13.14
-13.07
-12.93
-14.45
-12.79
-14.78
17.78
-2.23
-41.59
33.49
11.54
17.40
6.08
24.69
22.86
-12.73
5.12
0.60
-2.75
-26.28
5.76
9.23
-11.17
-7.06
-2.05
4.72
10.36
-4.88
-6.13
-1.20
0.24
2.02
3.94
-1.85
6.45
0.12
-0.44
2.46
6.45
4.85
1.27
1.17
-1.20
6.86
3.73
5.68
6.64
4.57
4.87
2.76
5.41
12.17
8.68
1.42
4.57
0.92
-1.76
4.25
3.07
0.66
-5.95
-0.88
-7.06
5.90
3.74
-2.12
0.13
-2.36
5.10
-7.84
-27.12
-22.96
-32.80
-18.79
-37.89
-45.22
-38.35
-55.67
-34.00
-38.14
-65.49
-71.77
-58.43
-51.89
-54.36
-51.24
-72.10
-60.20
-67.12
-68.20
-75.56
-80.38
-86.10
-59.97
-81.91
-84.32
-99.17
-96.05
-71.06
-83.66
-81.46
-88.92
-87.78
-80.36
-76.08
-82.46
-84.87
-94.71
-85.58
-89.35
-89.28
-85.07
-85.56
-83.29
-88.58
-86.19
-86.40
-91.99
-92.57
-92.18
-92.92
-93.31
-92.30
-93.22
-89.80
-92.48
-94.26
-90.06
-96.41
-95.72
-92.55
-92.70
-80.50
-89.95
-75.49
-85.77
-85.95
-75.00
-67.10
-63.92
-47.42
-45.19
7.96
-59.84
-24.54
-48.51
-27.67
-19.93
-23.40
-10.57
-27.97
-43.83
-26.23
7.58
-24.52
20.16
5.38
-11.94
-26.30
8.70
18.03
-1.31
-6.76
-18.05
-23.29
-23.36
-12.89
-16.19
-10.35
-17.68
-11.24
-8.91
-23.17
-15.64
-9.90
-1.05
-8.25
-13.51
-12.63
-11.89
1.78
-7.79
-8.32
-7.33
-5.90
-2.31
-1.77
0.48
-0.02
-3.46
-1.05
18.32
5.64
7.04
12.76
16.24
11.74
6.38
7.50
7.52
-1.62
10.80
17.34
13.32
19.93
32.80
21.85
43.80
46.69
46.56
45.54
53.66
71.91
43.53
37.80
35.00
24.34
50.34
30.75
51.25
51.68
49.79
46.45
80.78
11.14
82.70
37.01
51.87
77.26
52.97
82.32
64.74
58.99
55.73
54.46
63.56
73.22
76.76
12.26
69.46
78.55
87.72
86.25
82.40
73.28
73.96
71.20
74.71
83.03
74.53
70.66
78.05
77.84
78.82
78.93
72.89
77.34
76.17
81.10
82.69
27.89
66.04
81.38
77.19
79.28
41.50
79.89
83.09
76.17
76.37
75.10
77.83
78.07
62.97
68.33
66.06
34.05
11.55
30.17
28.57
2.70
12.25
6.86
49.24
-23.93
-33.09
21.15
-1.14
-6.98
13.72
-2.19
27.06
48.83
53.44
-9.62
5.71
12.14
30.80
15.29
20.16
15.39
31.69
2.56
45.27
58.44
32.31
38.15
22.85
20.41
19.37
18.77
5.90
15.96
2.47
16.24
15.68
14.76
14.38
13.69
13.41
12.70
12.38
11.51
9.46
9.28
9.22
6.90
-3.85
6.16
5.90
-13.36
7.84
7.52
7.12
6.81
-1.32
3.77
25.86
6.12
-48.03
-73.06
-26.50
-7.97
-9.14
-44.23
-22.44
-25.57
-76.42
-95.87
-101.62
-93.82
-128.17
-90.53
-88.37
-53.37
-79.68
-48.12
-68.86
-102.70
-85.22
-89.55
-72.75
-89.20
-91.70
-66.88
-91.15
-109.67
-68.89
-77.60
-66.97
-83.95
-79.05
-85.30
-87.44
-82.51
-105.01
-101.58
-93.40
-88.73
-89.96
-102.04
-102.92
-95.83
-96.46
-100.75
-101.01
-92.65
-101.05
-102.78
-103.27
-101.88
-111.79
-112.68
-109.97
-100.14
-106.02
-105.95
-105.23
-82.59
-92.09
-71.03
-74.16
-68.78
-39.33
-31.26
-26.11
-16.54
-34.74
16.47
73.74
47.62
-11.79
-26.97
1.26
-10.87
-33.65
-22.06
-6.61
-41.00
20.16
6.53
-16.73
-19.24
-16.39
-13.22
-14.74
-17.24
-20.83
-18.25
-16.40
-15.15
-14.23
-14.00
-13.04
-8.55
-7.60
-6.84
-7.30
-3.45
-6.06
-5.52
-1.76
31.47
26.33
12.81
17.27
28.36
34.26
31.24
51.94
32.52
19.76
76.11
64.75
9.70
39.32
17.49
8.39
101.66
82.52
11.99
16.29
28.19
57.43
132.72
79.67
20.16
93.11
33.24
29.13
34.85
83.73
70.81
81.05
68.02
81.36
111.48
62.03
100.32
59.94
99.71
56.81
61.83
64.88
63.80
194.51
64.94
70.35
70.50
67.62
72.03
71.45
71.24
73.52
75.96
73.80
74.42
74.87
76.13
76.29
76.79
77.26
80.32
81.05
81.17
81.59
82.11
82.30
83.12
83.32
81.29
81.03
81.20
81.58
81.85
82.88
84.49
85.97
86.47
85.59
81.25
52.30
71.17
66.09
13.60
46.70
72.14
3.32
-81.93
0.48
59.40
38.27
25.05
-1.84
24.27
54.36
46.53
39.71
33.61
35.09
37.77
37.39
38.86
33.84
34.00
33.25
33.19
32.31
30.75
30.94
28.85
27.50
28.46
28.38
26.75
25.42
24.62
23.93
27.13
26.24
20.87
20.61
19.87
19.96
20.74
19.93
19.99
20.34
19.22
18.89
17.22
18.97
18.08
13.92
14.22
15.74
16.14
15.20
15.45
15.56
13.93
14.19
14.11
13.62
13.19
13.60
11.94
12.96
14.21
14.29
7.89
5.89
7.39
11.86
15.83
1.05
18.49
12.26
8.28
9.18
10.13
11.77
10.78
11.30
10.29
11.26
6.65
7.79
8.20
6.06
7.12
8.73
15.46
10.21
7.64
4.80
10.72
9.57
7.67
8.46
7.21
7.20
7.50
6.42
5.40
5.80
3.10
3.46
5.20
6.00
5.72
7.86
7.66
7.15
7.11
6.74
5.53
5.11
5.47
5.63
5.11
5.55
6.24
2.97
2.46
2.76
3.61
4.41
4.31
4.04
4.10
4.15
4.02
5.15
4.79
5.65
1.43
0.96
1.27
2.63
2.56
5.00
5.58
4.75
5.73
5.31
4.16
3.84
3.13
2.94
2.68
2.62
2.13
2.39
5.28
5.02
2.58
2.39
2.54
5.24
5.37
0.83
1.37
1.09
3.35
3.99
2.58
2.34
2.60
2.80
2.99
0.82
1.13
1.65
