-4	4	0	-0.19
-14	14	0	0.97
-22	22	0	1.40
-29	29	0	1.32
-36	36	0	0.92
-42	42	0	0.06
-46	46	0	-1.35
-48	48	0	-3.21
-46	46	0	-5.71
-38	38	0	-8.91
-21	21	0	-12.96
7	-7	0	-17.69
45	-45	0	-22.47
90	-90	0	-26.43
141	-141	0	-29.11
196	-196	0	-29.97
254	-254	0	-28.68
314	-314	0	-24.98
376	-376	0	-18.76
439	-439	0	-9.81
502	-502	0	2.07
556	-556	0	18.07
588	-588	0	39.52
592	-592	0	66.22
576	-576	0	95.80
546	-546	0	126.51
507	-507	0	157.04
461	-461	0	186.71
410	-410	0	214.91
355	-355	0	241.29
298	-298	0	265.40
238	-238	0	287.26
176	-176	0	306.62
114	-114	0	323.10
50	-50	0	336.98
-14	14	0	347.89
-79	79	0	355.97
-144	144	0	361.05
-210	210	0	363.24
-276	276	0	362.38
-342	342	0	358.46
-408	408	0	351.48
-474	474	0	341.45
-541	541	0	328.49
-608	608	0	312.43
-674	674	0	293.14
-741	741	0	270.91
-808	808	0	245.59
-874	874	0	217.03
-942	942	0	185.67
-1008	1008	0	150.90
-1076	1076	0	113.34
-1142	1142	0	72.37
-1210	1210	0	28.60
-1276	1276	0	-18.59
-1330	1330	0	-70.44
-1354	1354	0	-128.83
-1354	1354	0	-191.55
-1334	1334	0	-256.96
-1302	1302	0	-323.05
-1260	1260	0	-389.01
-1212	1212	0	-453.82
-1159	1159	0	-517.09
-1102	1102	0	-578.43
-1043	1043	0	-637.41
-982	982	0	-693.92
-919	919	0	-747.87
-855	855	0	-799.04
-790	790	0	-847.38
-725	725	0	-892.71
-659	659	0	-935.16
-592	592	0	-974.68
-526	526	0	-1010.97
-458	458	0	-1044.48
-392	392	0	-1074.56
-324	324	0	-1101.85
-257	257	0	-1125.86
-190	190	0	-1146.77
-122	122	0	-1164.70
-55	55	0	-1179.36
12	-12	0	-1190.90
80	-80	0	-1199.48
148	-148	0	-1204.91
215	-215	0	-1207.06
283	-283	0	-1206.23
350	-350	0	-1202.12
418	-418	0	-1195.05
486	-486	0	-1184.82
553	-553	0	-1171.30
620	-620	0	-1154.69
688	-688	0	-1135.10
756	-756	0	-1112.37
823	-823	0	-1086.35
891	-891	0	-1057.36
958	-958	0	-1025.08
1026	-1026	0	-989.84
1094	-1094	0	-951.45
1161	-1161	0	-909.77
1229	-1229	0	-865.12
1296	-1296	0	-817.19
1364	-1364	0	-766.29
1432	-1432	0	-712.24
1499	-1499	0	-654.91
1567	-1567	0	-594.60
1634	-1634	0	-531.02
1702	-1702	0	-464.46
1770	-1770	0	-394.75
1837	-1837	0	-321.76
1905	-1905	0	-245.80
1972	-1972	0	-166.55
2040	-2040	0	-84.34
2108	-2108	0	1.03
2167	-2167	0	90.75
2204	-2204	0	186.17
2214	-2214	0	286.92
2201	-2201	0	391.23
2174	-2174	0	496.81
2136	-2136	0	602.62
2091	-2091	0	707.62
2040	-2040	0	811.33
1986	-1986	0	913.08
1929	-1929	0	1012.74
1869	-1869	0	1110.16
1808	-1808	0	1204.93
1746	-1746	0	1297.01
1682	-1682	0	1386.49
1618	-1618	0	1473.00
1553	-1553	0	1556.69
1488	-1488	0	1637.36
1422	-1422	0	1715.16
1356	-1356	0	1789.90
1290	-1290	0	1861.58
1223	-1223	0	1930.33
1157	-1157	0	1995.85
1090	-1090	0	2058.45
1024	-1024	0	2117.81
957	-957	0	2174.25
890	-890	0	2227.58
823	-823	0	2277.81
756	-756	0	2324.93
689	-689	0	2368.95
622	-622	0	2409.87
554	-554	0	2447.82
487	-487	0	2482.48
420	-420	0	2514.04
353	-353	0	2542.50
286	-286	0	2567.85
218	-218	0	2590.24
151	-151	0	2609.33
84	-84	0	2625.33
17	-17	0	2638.22
-50	50	0	2648.01
-118	118	0	2654.83
-185	185	0	2658.36
-252	252	0	2658.79
-320	320	0	2656.26
-387	387	0	2650.43
-454	454	0	2641.51
-522	522	0	2629.61
-588	588	0	2614.30
-656	656	0	2596.19
-723	723	0	2574.81
-790	790	0	2550.31
-858	858	0	2522.85
-925	925	0	2492.11
-992	992	0	2458.26
-1060	1060	0	2421.44
-1127	1127	0	2381.34
-1194	1194	0	2338.13
-1261	1261	0	2291.82
-1328	1328	0	2242.41
-1396	1396	0	2190.03
-1463	1463	0	2134.36
-1530	1530	0	2075.59
-1598	1598	0	2013.85
-1665	1665	0	1948.83
-1732	1732	0	1880.70
-1800	1800	0	1809.60
-1866	1866	0	1735.08
-1934	1934	0	1657.78
-2001	2001	0	1577.19
-2068	2068	0	1493.50
-2136	2136	0	1406.84
-2203	2203	0	1316.89
-2270	2270	0	1223.84
-2338	2338	0	1127.82
-2405	2405	0	1028.52
-2472	2472	0	926.11
-2540	2540	0	820.73
-2607	2607	0	712.07
-2674	2674	0	600.31
-2741	2741	0	485.44
-2808	2808	0	367.47
-2876	2876	0	246.52
-2943	2943	0	122.30
-3010	3010	0	-5.03
-3068	3068	0	-136.67
-3099	3099	0	-274.63
-3104	3104	0	-417.51
-3088	3088	0	-563.45
-3057	3057	0	-710.66
-3017	3017	0	-857.65
-2970	2970	0	-1003.72
-2918	2918	0	-1148.29
-2862	2862	0	-1290.98
-2803	2803	0	-1431.49
-2742	2742	0	-1569.53
-2680	2680	0	-1704.87
-2616	2616	0	-1837.62
-2551	2551	0	-1967.53
-2486	2486	0	-2094.44
-2420	2420	0	-2218.46
-2354	2354	0	-2339.43
-2287	2287	0	-2457.48
-2220	2220	0	-2572.42
-2153	2153	0	-2684.26
-2086	2086	0	-2792.99
-2018	2018	0	-2898.76
-1951	1951	0	-3001.24
-1884	1884	0	-3100.62
-1816	1816	0	-3197.03
-1749	1749	0	-3290.15
-1681	1681	0	-3380.31
-1614	1614	0	-3467.18
-1546	1546	0	-3551.08
-1479	1479	0	-3631.70
-1411	1411	0	-3709.34
-1344	1344	0	-3783.71
-1276	1276	0	-3855.10
-1209	1209	0	-3923.21
-1141	1141	0	-3988.35
-1074	1074	0	-4050.21
-1006	1006	0	-4109.09
-938	938	0	-4164.83
-871	871	0	-4217.28
-803	803	0	-4266.76
-736	736	0	-4312.96
-668	668	0	-4356.19
-600	600	0	-4396.27
-533	533	0	-4433.06
-466	466	0	-4466.76
-398	398	0	-4497.48
-330	330	0	-4525.05
-262	262	0	-4549.47
-195	195	0	-4570.61
-128	128	0	-4588.64
-60	60	0	-4603.71
8	-8	0	-4615.62
75	-75	0	-4624.25
143	-143	0	-4629.91
210	-210	0	-4632.29
278	-278	0	-4631.70
346	-346	0	-4627.95
414	-414	0	-4621.06
481	-481	0	-4610.88
548	-548	0	-4597.60
616	-616	0	-4581.35
684	-684	0	-4561.95
751	-751	0	-4539.27
819	-819	0	-4513.61
886	-886	0	-4484.67
954	-954	0	-4452.77
1022	-1022	0	-4417.71
1090	-1090	0	-4379.50
1157	-1157	0	-4338.01
1225	-1225	0	-4293.55
1292	-1292	0	-4245.80
1360	-1360	0	-4195.09
1428	-1428	0	-4141.22
1495	-1495	0	-4084.07
1562	-1562	0	-4023.82
1630	-1630	0	-3960.60
1698	-1698	0	-3894.22
1766	-1766	0	-3824.70
1833	-1833	0	-3751.90
1901	-1901	0	-3676.12
1968	-1968	0	-3597.06
2036	-2036	0	-3515.03
2104	-2104	0	-3429.85
2171	-2171	0	-3341.39
2239	-2239	0	-3249.95
2306	-2306	0	-3155.23
2374	-2374	0	-3057.55
2442	-2442	0	-2956.71
2509	-2509	0	-2852.59
2577	-2577	0	-2745.50
2644	-2644	0	-2635.12
2712	-2712	0	-2521.78
2780	-2780	0	-2405.28
2847	-2847	0	-2285.50
2915	-2915	0	-2162.76
2982	-2982	0	-2036.72
3050	-3050	0	-1907.72
3118	-3118	0	-1775.57
3186	-3186	0	-1640.27
3253	-3253	0	-1501.68
3321	-3321	0	-1360.13
3388	-3388	0	-1215.29
3456	-3456	0	-1067.48
3524	-3524	0	-916.52
5591	-3591	2000	-1030.95
5659	-3659	2000	-781.09
5726	-3726	2000	-527.95
5794	-3794	2000	-271.83
5862	-3862	2000	-12.57
5930	-3930	2000	249.84
5983	-3983	2000	517.42
6008	-4008	2000	791.22
6007	-4007	2000	1069.66
5988	-3988	2000	1350.48
5955	-3955	2000	1632.30
5914	-3914	2000	1913.66
5866	-3866	2000	2194.07
5814	-3814	2000	2472.79
5758	-3758	2000	2749.64
5700	-3700	2000	3024.16
5639	-3639	2000	3296.40
5578	-3578	2000	3565.81
5514	-3514	2000	3832.80
5450	-3450	2000	4096.83
5386	-3386	2000	4357.89
5321	-3321	2000	4616.12
5255	-3255	2000	4871.47
5190	-3190	2000	5123.63
5124	-3124	2000	5372.92
5057	-3057	2000	5619.28
4991	-2991	2000	5862.41
4924	-2924	2000	6102.61
4858	-2858	2000	6339.57
4791	-2791	2000	6573.61
4724	-2724	2000	6804.55
4658	-2658	2000	7032.25
4590	-2590	2000	7257.16
4524	-2524	2000	7478.65
4457	-2457	2000	7697.22
4390	-2390	2000	7912.68
4323	-2323	2000	8125.04
4256	-2256	2000	8334.30
4189	-2189	2000	8540.45
4122	-2122	2000	8743.50
4055	-2055	2000	8943.45
3988	-1988	2000	9140.29
3921	-1921	2000	9334.03
3854	-1854	2000	9524.67
3787	-1787	2000	9712.20
3720	-1720	2000	9896.62
3653	-1653	2000	10077.95
3586	-1586	2000	10256.17
3518	-1518	2000	10431.42
3451	-1451	2000	10603.39
3384	-1384	2000	10772.25
3317	-1317	2000	10938.01
3250	-1250	2000	11100.67
3183	-1183	2000	11260.22
3116	-1116	2000	11416.67
3048	-1048	2000	11570.15
2981	-981	2000	11720.34
2914	-914	2000	11867.43
2847	-847	2000	12011.42
2780	-780	2000	12152.30
2712	-712	2000	12290.22
2646	-646	2000	12424.71
2578	-578	2000	12556.42
2511	-511	2000	12684.84
2444	-444	2000	12810.16
2376	-376	2000	12932.51
2309	-309	2000	13051.58
2242	-242	2000	13167.54
2174	-174	2000	13280.53
2108	-108	2000	13390.10
2040	-40	2000	13496.89
1973	27	2000	13600.39
1906	94	2000	13700.79
1838	162	2000	13798.22
1771	229	2000	13892.36
1704	296	2000	13983.40
1636	364	2000	14071.47
1569	431	2000	14156.26
1502	498	2000	14237.94
1434	566	2000	14316.65
1367	633	2000	14392.08
1300	700	2000	14464.41
1232	768	2000	14533.76
1165	835	2000	14599.83
1098	902	2000	14662.80
1030	970	2000	14722.80
963	1037	2000	14779.51
896	1104	2000	14833.12
828	1172	2000	14883.76
761	1239	2000	14931.12
694	1306	2000	14975.37
626	1374	2000	15016.66
559	1441	2000	15054.65
492	1508	2000	15089.55
425	1575	2000	15121.34
358	1642	2000	15150.03
290	1710	2000	15175.75
223	1777	2000	15198.18
156	1844	2000	15217.51
88	1912	2000	15233.88
21	1979	2000	15246.95
-46	2046	2000	15256.93
-114	2114	2000	15263.93
-181	2181	2000	15267.65
-248	2248	2000	15268.27
-315	2315	2000	15265.78
-382	2382	2000	15260.19
-450	2450	2000	15251.63
-517	2517	2000	15239.78
-584	2584	2000	15224.83
-651	2651	2000	15206.78
-718	2718	2000	15185.63
-786	2786	2000	15161.50
-853	2853	2000	15134.09
-920	2920	2000	15103.58
-987	2987	2000	15069.96
-1054	3054	2000	15033.24
-1121	3121	2000	14993.42
-1188	3188	2000	14950.49
-1255	3255	2000	14904.46
-1322	3322	2000	14855.32
-1390	3390	2000	14803.22
-1456	3456	2000	14747.69
-1524	3524	2000	14689.38
-1590	3590	2000	14627.65
-1658	3658	2000	14563.13
-1725	3725	2000	14495.33
-1792	3792	2000	14424.42
-1859	3859	2000	14350.41
-1926	3926	2000	14273.29
-1993	3993	2000	14193.08
-2060	4060	2000	14109.75
-2127	4127	2000	14023.33
-2194	4194	2000	13933.80
-2261	4261	2000	13841.17
-2328	4328	2000	13745.43
-2394	4394	2000	13646.45
-2462	4462	2000	13544.69
-2528	4528	2000	13439.51
-2596	4596	2000	13331.54
-2662	4662	2000	13220.15
-2730	4730	2000	13105.97
-2796	4796	2000	12988.37
-2863	4863	2000	12867.85
-2930	4930	2000	12744.23
-2997	4997	2000	12617.50
-3064	5064	2000	12487.67
-3131	5131	2000	12354.73
-3198	5198	2000	12218.70
-3265	5265	2000	12079.55
-3332	5332	2000	11937.31
-3399	5399	2000	11791.96
-3466	5466	2000	11643.51
-3532	5532	2000	11491.81
-3600	5600	2000	11337.33
-3666	5666	2000	11179.44
-3733	5733	2000	11018.62
-3800	5800	2000	10854.69
-3867	5867	2000	10687.66
-3934	5934	2000	10517.53
-4001	6001	2000	10344.29
-4068	6068	2000	10167.95
-4134	6134	2000	9988.37
-4202	6202	2000	9806.01
-4268	6268	2000	9620.22
-4335	6335	2000	9431.52
-4402	6402	2000	9239.70
-4469	6469	2000	9044.79
-4536	6536	2000	8846.77
-4603	6603	2000	8645.65
-4670	6670	2000	8441.42
-4737	6737	2000	8234.09
-4804	6804	2000	8023.65
-4870	6870	2000	7809.98
-4938	6938	2000	7593.52
-5004	7004	2000	7373.64
-5071	7071	2000	7150.84
-5138	7138	2000	6924.94
-5205	7205	2000	6695.93
-5272	7272	2000	6463.81
-5339	7339	2000	6228.59
-5406	7406	2000	5990.27
-5472	7472	2000	5748.72
-5540	7540	2000	5504.37
-5606	7606	2000	5256.60
-5673	7673	2000	5005.91
-5740	7740	2000	4752.12
-5807	7807	2000	4495.22
-5874	7874	2000	4235.22
-5941	7941	2000	3972.12
-6008	8008	2000	3705.91
-6075	8075	2000	3436.60
-6142	8142	2000	3164.19
-6208	8208	2000	2888.53
-6276	8276	2000	2610.09
-6342	8342	2000	2328.23
-6409	8409	2000	2043.45
-6476	8476	2000	1755.56
-6543	8543	2000	1464.57
-6610	8610	2000	1170.48
-6677	8677	2000	873.28
-6744	8744	2000	572.98
-6810	8810	2000	269.44
-6878	8878	2000	-36.89
-6931	8931	2000	-348.38
-6954	8954	2000	-666.36
-6953	8953	2000	-988.63
-6932	8932	2000	-1313.54
-6899	8899	2000	-1639.09
-6857	8857	2000	-1964.32
-6809	8809	2000	-2288.40
-6756	8756	2000	-2610.94
-6699	8699	2000	-2931.56
-6640	8640	2000	-3249.81
-6578	8578	2000	-3565.72
-6516	8516	2000	-3878.77
-6452	8452	2000	-4189.21
-6386	8386	2000	-4496.96
-6321	8321	2000	-4801.51
-6255	8255	2000	-5103.19
-6189	8189	2000	-5401.81
-6122	8122	2000	-5697.51
-6055	8055	2000	-5990.10
-5988	7988	2000	-6279.59
-5920	7920	2000	-6566.11
-5853	7853	2000	-6849.34
-5786	7786	2000	-7129.48
-5718	7718	2000	-7406.64
-5650	7650	2000	-7680.65
-5583	7583	2000	-7951.38
-5516	7516	2000	-8219.01
-5448	7448	2000	-8483.66
-5380	7380	2000	-8745.17
-5313	7313	2000	-9003.39
-5245	7245	2000	-9258.64
-5178	7178	2000	-9510.61
-5110	7110	2000	-9759.61
-5042	7042	2000	-10005.46
-4974	6974	2000	-10248.15
-4907	6907	2000	-10487.57
-4839	6839	2000	-10724.01
-4772	6772	2000	-10957.17
-4704	6704	2000	-11187.36
-4636	6636	2000	-11414.40
-4568	6568	2000	-11638.29
-4501	6501	2000	-11858.90
-4433	6433	2000	-12076.54
-4366	6366	2000	-12290.89
-4298	6298	2000	-12502.27
-4230	6230	2000	-12710.51
-4162	6162	2000	-12915.59
-4094	6094	2000	-13117.53
-4027	6027	2000	-13316.17
-3959	5959	2000	-13511.85
-3892	5892	2000	-13704.25
-3824	5824	2000	-13893.68
-3756	5756	2000	-14079.95
-3688	5688	2000	-14263.08
-3620	5620	2000	-14443.05
-3553	5553	2000	-14619.75
-3485	5485	2000	-14793.47
-3418	5418	2000	-14963.91
-3350	5350	2000	-15131.38
-3282	5282	2000	-15295.70
-3214	5214	2000	-15456.86
-3146	5146	2000	-15614.88
-3078	5078	2000	-15769.75
-3011	5011	2000	-15921.34
-2943	4943	2000	-16069.95
-2876	4876	2000	-16215.28
-2808	4808	2000	-16357.64
-2740	4740	2000	-16496.86
-2672	4672	2000	-16632.92
-2604	4604	2000	-16765.83
-2537	4537	2000	-16895.46
-2469	4469	2000	-17022.11
-2401	4401	2000	-17145.62
-2334	4334	2000	-17265.84
-2266	4266	2000	-17383.10
-2198	4198	2000	-17497.20
-2130	4130	2000	-17608.16
-2062	4062	2000	-17715.96
-1994	3994	2000	-17820.62
-1927	3927	2000	-17921.98
-1859	3859	2000	-18020.38
-1791	3791	2000	-18115.63
-1724	3724	2000	-18207.60
-1656	3656	2000	-18296.60
-1588	3588	2000	-18382.45
-1520	3520	2000	-18465.14
-1452	3452	2000	-18544.69
-1385	3385	2000	-18620.95
-1317	3317	2000	-18694.24
-1249	3249	2000	-18764.39
-1182	3182	2000	-18831.25
-1114	3114	2000	-18895.13
-1046	3046	2000	-18955.88
-978	2978	2000	-19013.46
-910	2910	2000	-19067.90
-842	2842	2000	-19119.19
-775	2775	2000	-19167.20
-2707	2707	0	-18943.56
-2639	2639	0	-19078.09
-2572	2572	0	-19209.34
-2504	2504	0	-19337.62
-2436	2436	0	-19462.75
-2368	2368	0	-19584.73
-2300	2300	0	-19703.56
-2232	2232	0	-19819.24
-2165	2165	0	-19931.63
-2097	2097	0	-20041.06
-2029	2029	0	-20147.33
-1962	1962	0	-20250.32
-1894	1894	0	-20350.34
-1826	1826	0	-20447.21
-1758	1758	0	-20540.94
-1690	1690	0	-20631.51
-1622	1622	0	-20718.93
-1555	1555	0	-20803.07
-1487	1487	0	-20884.24
-1419	1419	0	-20962.25
-1352	1352	0	-21036.99
-1284	1284	0	-21108.75
-1216	1216	0	-21177.37
-1148	1148	0	-21242.83
-1080	1080	0	-21305.15
-1012	1012	0	-21364.31
-944	944	0	-21420.32
-877	877	0	-21473.05
-809	809	0	-21522.81
-742	742	0	-21569.29
-674	674	0	-21612.80
-606	606	0	-21653.16
-538	538	0	-21690.36
-470	470	0	-21724.42
-402	402	0	-21755.33
-334	334	0	-21783.08
-267	267	0	-21807.56
-199	199	0	-21829.06
-131	131	0	-21847.41
-64	64	0	-21862.48
4	-4	0	-21874.58
72	-72	0	-21883.53
140	-140	0	-21889.33
208	-208	0	-21891.98
275	-275	0	-21891.35
343	-343	0	-21887.74
411	-411	0	-21880.99
479	-479	0	-21871.08
546	-546	0	-21857.90
614	-614	0	-21841.74
682	-682	0	-21822.43
750	-750	0	-21799.97
818	-818	0	-21774.37
886	-886	0	-21745.61
953	-953	0	-21713.57
1021	-1021	0	-21678.55
1089	-1089	0	-21640.39
1156	-1156	0	-21598.95
1224	-1224	0	-21554.53
1292	-1292	0	-21506.97
1360	-1360	0	-21456.25
1428	-1428	0	-21402.39
1496	-1496	0	-21345.37
1564	-1564	0	-21285.21
1631	-1631	0	-21221.76
1699	-1699	0	-21155.34
1767	-1767	0	-21085.77
1834	-1834	0	-21012.92
1902	-1902	0	-20937.10
1970	-1970	0	-20858.13
2038	-2038	0	-20776.00
2106	-2106	0	-20690.73
2174	-2174	0	-20602.31
2242	-2242	0	-20510.74
2309	-2309	0	-20415.88
2377	-2377	0	-20318.05
2445	-2445	0	-20217.08
2512	-2512	0	-20112.82
2580	-2580	0	-20005.59
2648	-2648	0	-19895.21
2716	-2716	0	-19781.68
2784	-2784	0	-19665.00
2852	-2852	0	-19545.17
2920	-2920	0	-19422.19
2987	-2987	0	-19295.92
3055	-3055	0	-19166.69
3123	-3123	0	-19034.31
3191	-3191	0	-18898.78
3258	-3258	0	-18759.96
3326	-3326	0	-18618.17
3394	-3394	0	-18473.23
3462	-3462	0	-18325.14
3530	-3530	0	-18173.91
3598	-3598	0	-18019.52
3666	-3666	0	-17861.98
3733	-3733	0	-17701.16
3801	-3801	0	-17537.37
3869	-3869	0	-17370.43
3936	-3936	0	-17200.21
4004	-4004	0	-17027.01
4072	-4072	0	-16850.67
4140	-4140	0	-16671.17
4208	-4208	0	-16488.53
4276	-4276	0	-16302.73
4344	-4344	0	-16113.79
4411	-4411	0	-15921.56
4479	-4479	0	-15726.36
4547	-4547	0	-15528.01
4615	-4615	0	-15326.52
4682	-4682	0	-15121.73
4750	-4750	0	-14913.98
4818	-4818	0	-14703.08
4886	-4886	0	-14489.03
4954	-4954	0	-14271.83
5022	-5022	0	-14051.47
5090	-5090	0	-13827.97
5157	-5157	0	-13601.19
5225	-5225	0	-13371.43
5293	-5293	0	-13138.53
5361	-5361	0	-12902.47
5428	-5428	0	-12663.13
5496	-5496	0	-12420.82
5564	-5564	0	-12175.36
5632	-5632	0	-11926.75
5700	-5700	0	-11674.99
5768	-5768	0	-11420.08
5835	-5835	0	-11161.89
5903	-5903	0	-10900.73
5971	-5971	0	-10636.42
6039	-6039	0	-10368.95
6106	-6106	0	-10098.21
6174	-6174	0	-9824.49
6242	-6242	0	-9547.62
6310	-6310	0	-9267.61
6378	-6378	0	-8984.44
6446	-6446	0	-8698.12
6514	-6514	0	-8408.66
6582	-6582	0	-8116.04
6649	-6649	0	-7820.14
6717	-6717	0	-7521.27
6785	-6785	0	-7219.25
6852	-6852	0	-6913.94
6920	-6920	0	-6605.67
6988	-6988	0	-6294.25
7056	-7056	0	-5979.67
7124	-7124	0	-5661.95
7192	-7192	0	-5341.07
7260	-7260	0	-5017.05
7328	-7328	0	-4689.88
7395	-7395	0	-4359.42
7463	-7463	0	-4025.99
7531	-7531	0	-3689.41
7599	-7599	0	-3349.68
7666	-7666	0	-3006.67
7734	-7734	0	-2660.69
7802	-7802	0	-2311.56
7870	-7870	0	-1959.28
7938	-7938	0	-1603.85
8006	-8006	0	-1245.27
8074	-8074	0	-883.54
8141	-8141	0	-518.52
8209	-8209	0	-150.53
8277	-8277	0	220.60
8331	-8331	0	596.77
8356	-8356	0	979.33
8355	-8355	0	1366.54
8336	-8336	0	1756.13
8303	-8303	0	2146.71
8262	-8262	0	2536.85
8215	-8215	0	2925.89
8162	-8162	0	3313.55
8107	-8107	0	3699.03
8049	-8049	0	4082.37
7988	-7988	0	4463.42
7927	-7927	0	4841.65
7864	-7864	0	5217.32
7800	-7800	0	5590.21
7736	-7736	0	5960.13
7671	-7671	0	6327.22
7606	-7606	0	6691.30
7540	-7540	0	7052.50
7474	-7474	0	7410.65
7408	-7408	0	7765.74
7342	-7342	0	8117.77
7276	-7276	0	8466.74
7210	-7210	0	8812.66
7144	-7144	0	9155.52
7077	-7077	0	9495.45
7010	-7010	0	9832.28
6944	-6944	0	10165.88
6877	-6877	0	10496.55
6810	-6810	0	10824.12
6744	-6744	0	11148.45
6677	-6677	0	11469.85
6610	-6610	0	11788.16
6544	-6544	0	12103.22
6477	-6477	0	12415.36
6410	-6410	0	12724.40
6343	-6343	0	13030.33
6276	-6276	0	13333.17
6209	-6209	0	13632.89
6142	-6142	0	13929.52
6075	-6075	0	14223.04
6008	-6008	0	14513.45
5942	-5942	0	14800.63
5874	-5874	0	15085.02
5808	-5808	0	15365.99
5741	-5741	0	15644.04
5674	-5674	0	15918.98
5607	-5607	0	16190.82
5540	-5540	0	16459.56
5473	-5473	0	16725.19
5406	-5406	0	16987.72
5339	-5339	0	17247.15
5272	-5272	0	17503.47
5205	-5205	0	17756.69
5138	-5138	0	18006.80
5072	-5072	0	18253.68
5004	-5004	0	18497.77
4938	-4938	0	18738.44
4871	-4871	0	18976.19
4804	-4804	0	19210.83
4737	-4737	0	19442.37
4670	-4670	0	19670.80
4603	-4603	0	19896.13
4536	-4536	0	20118.36
4470	-4470	0	20337.35
4402	-4402	0	20553.55
4336	-4336	0	20766.34
4269	-4269	0	20976.20
4202	-4202	0	21182.95
4135	-4135	0	21386.61
4068	-4068	0	21587.15
4001	-4001	0	21784.60
3934	-3934	0	21978.94
3867	-3867	0	22170.18
3800	-3800	0	22358.31
3733	-3733	0	22543.34
3666	-3666	0	22725.27
3599	-3599	0	22904.09
3532	-3532	0	23079.81
3466	-3466	0	23252.29
3398	-3398	0	23421.98
3332	-3332	0	23588.26
3265	-3265	0	23751.61
3198	-3198	0	23911.86
3131	-3131	0	24069.00
3064	-3064	0	24223.04
2997	-2997	0	24373.97
2930	-2930	0	24521.80
2863	-2863	0	24666.53
2796	-2796	0	24808.16
2729	-2729	0	24946.68
2662	-2662	0	25082.10
2595	-2595	0	25214.41
2528	-2528	0	25343.62
2461	-2461	0	25469.73
2394	-2394	0	25592.73
2327	-2327	0	25712.63
2260	-2260	0	25829.43
2194	-2194	0	25942.98
2126	-2126	0	26053.75
2060	-2060	0	26161.10
1992	-1992	0	26265.66
1926	-1926	0	26366.80
1858	-1858	0	26465.16
1792	-1792	0	26560.09
1724	-1724	0	26652.24
1658	-1658	0	26740.97
1590	-1590	0	26826.91
1524	-1524	0	26909.43
1457	-1457	0	26989.03
1390	-1390	0	27065.52
1322	-1322	0	27139.05
1256	-1256	0	27209.15
1188	-1188	0	27276.47
1122	-1122	0	27340.37
1054	-1054	0	27401.48
987	-987	0	27459.30
920	-920	0	27514.03
853	-853	0	27565.64
786	-786	0	27614.16
719	-719	0	27659.57
652	-652	0	27701.88
585	-585	0	27741.08
518	-518	0	27777.18
451	-451	0	27810.17
384	-384	0	27840.07
316	-316	0	27866.99
250	-250	0	27890.49
182	-182	0	27911.21
115	-115	0	27928.64
48	-48	0	27942.97
-19	19	0	27954.20
-86	86	0	27962.32
-153	153	0	27967.33
-220	220	0	27969.25
-287	287	0	27968.06
-354	354	0	27963.76
-422	422	0	27956.50
-488	488	0	27945.82
1444	556	2000	27663.67
1377	623	2000	27739.56
1310	690	2000	27812.35
1243	757	2000	27882.04
1176	824	2000	27948.62
1109	891	2000	28012.09
1042	958	2000	28072.46
975	1025	2000	28129.73
908	1092	2000	28183.90
840	1160	2000	28235.10
774	1226	2000	28282.88
706	1294	2000	28327.87
639	1361	2000	28369.57
572	1428	2000	28408.17
505	1495	2000	28443.67
438	1562	2000	28476.06
371	1629	2000	28505.36
304	1696	2000	28531.54
237	1763	2000	28554.63
170	1830	2000	28574.61
102	1898	2000	28591.62
35	1965	2000	28605.34
-32	2032	2000	28615.96
-99	2099	2000	28623.48
-166	2166	2000	28627.89
-233	2233	2000	28629.21
-300	2300	2000	28627.41
-367	2367	2000	28622.52
-434	2434	2000	28614.52
-502	2502	2000	28603.55
-568	2568	2000	28589.16
-636	2636	2000	28571.98
-703	2703	2000	28551.52
-770	2770	2000	28527.96
-837	2837	2000	28501.29
-904	2904	2000	28471.52
-971	2971	2000	28438.64
-1038	3038	2000	28402.66
-1106	3106	2000	28363.71
-1173	3173	2000	28321.48
-1240	3240	2000	28276.14
-1307	3307	2000	28227.70
-1374	3374	2000	28176.16
-1441	3441	2000	28121.51
-1508	3508	2000	28063.76
-1575	3575	2000	28002.90
-1642	3642	2000	27938.94
-1710	3710	2000	27872.01
-1777	3777	2000	27801.80
-1844	3844	2000	27728.48
-1911	3911	2000	27652.06
-1978	3978	2000	27572.54
-2045	4045	2000	27489.91
-2112	4112	2000	27404.18
-2180	4180	2000	27315.48
-2246	4246	2000	27223.36
-2314	4314	2000	27128.46
-2381	4381	2000	27030.26
-2448	4448	2000	26928.97
-2515	4515	2000	26824.57
-2582	4582	2000	26717.07
-2650	4650	2000	26606.59
-2716	4716	2000	26492.70
-2784	4784	2000	26376.02
-2851	4851	2000	26256.06
-2918	4918	2000	26132.99
-2985	4985	2000	26006.82
-3052	5052	2000	25877.54
-3119	5119	2000	25745.16
-3186	5186	2000	25609.68
-3254	5254	2000	25471.23
-3320	5320	2000	25329.36
-3388	5388	2000	25184.70
-3455	5455	2000	25036.76
-3522	5522	2000	24885.71
-3589	5589	2000	24731.56
-3656	5656	2000	24574.31
-3723	5723	2000	24413.95
-3790	5790	2000	24250.49
-3857	5857	2000	24083.92
-3924	5924	2000	23914.25
-3991	5991	2000	23741.48
-4058	6058	2000	23565.60
-4126	6126	2000	23386.76
-4192	6192	2000	23204.49
-4260	6260	2000	23019.44
-4327	6327	2000	22831.10
-4394	6394	2000	22639.66
-4461	6461	2000	22445.12
-4528	6528	2000	22247.47
-4595	6595	2000	22046.71
-4662	6662	2000	21842.86
-4729	6729	2000	21635.90
-4796	6796	2000	21425.84
-4863	6863	2000	21212.67
-4930	6930	2000	20996.40
-4997	6997	2000	20777.02
-5064	7064	2000	20554.54
-5131	7131	2000	20328.96
-5198	7198	2000	20100.28
-5265	7265	2000	19868.49
-5332	7332	2000	19633.60
-5399	7399	2000	19395.60
-5466	7466	2000	19154.50
-5534	7534	2000	18910.43
-5600	7600	2000	18662.94
-5668	7668	2000	18412.66
-5734	7734	2000	18158.97
-5802	7802	2000	17902.48
-5869	7869	2000	17642.72
-5936	7936	2000	17379.84
-6003	8003	2000	17113.87
-6070	8070	2000	16844.79
-6137	8137	2000	16572.60
-6204	8204	2000	16297.32
-6271	8271	2000	16018.93
-6338	8338	2000	15737.43
-6405	8405	2000	15452.83
-6472	8472	2000	15165.13
-6539	8539	2000	14874.33
-6606	8606	2000	14580.42
-6673	8673	2000	14283.41
-6740	8740	2000	13983.29
-6807	8807	2000	13680.07
-6874	8874	2000	13373.75
-6941	8941	2000	13064.32
-7008	9008	2000	12751.79
-7075	9075	2000	12436.15
-7142	9142	2000	12117.41
-7209	9209	2000	11795.57
-7276	9276	2000	11470.63
-7343	9343	2000	11142.58
-7410	9410	2000	10811.42
-7477	9477	2000	10477.17
-7544	9544	2000	10139.81
-7611	9611	2000	9799.34
-7678	9678	2000	9455.78
-7745	9745	2000	9109.10
-7812	9812	2000	8759.33
-7879	9879	2000	8406.45
-7946	9946	2000	8050.47
-8014	10014	2000	7691.52
-8080	10080	2000	7329.14
-8148	10148	2000	6963.99
-8214	10214	2000	6595.41
-8282	10282	2000	6224.04
-8348	10348	2000	5849.26
-8416	10416	2000	5471.68
-8482	10482	2000	5090.69
-8550	10550	2000	4706.91
-8616	10616	2000	4319.71
-8684	10684	2000	3929.72
-8750	10750	2000	3536.31
-8818	10818	2000	3140.12
-8884	10884	2000	2740.50
-8952	10952	2000	2338.10
-9018	11018	2000	1932.28
-9086	11086	2000	1523.67
-9152	11152	2000	1111.64
-9220	11220	2000	696.82
-9286	11286	2000	278.58
-9354	11354	2000	-142.44
-9407	11407	2000	-568.63
-9431	11431	2000	-1001.18
-9430	11430	2000	-1438.19
-9411	11411	2000	-1877.57
-9378	11378	2000	-2317.95
-9337	11337	2000	-2757.88
-9288	11288	2000	-3196.99
-9236	11236	2000	-3634.23
-9179	11179	2000	-4069.73
-9120	11120	2000	-4502.86
-9058	11058	2000	-4933.66
-8996	10996	2000	-5361.59
-8932	10932	2000	-5786.91
-8866	10866	2000	-6209.54
-8801	10801	2000	-6628.98
-8735	10735	2000	-7045.54
-8668	10668	2000	-7459.17
-8601	10601	2000	-7869.71
-8534	10534	2000	-8277.13
-8466	10466	2000	-8681.59
-8399	10399	2000	-9082.77
-8332	10332	2000	-9480.84
-8264	10264	2000	-9875.95
-8196	10196	2000	-10267.90
-8128	10128	2000	-10656.70
-8060	10060	2000	-11042.35
-7992	9992	2000	-11424.86
-7924	9924	2000	-11804.21
-7856	9856	2000	-12180.41
-7788	9788	2000	-12553.46
-7720	9720	2000	-12923.37
-7652	9652	2000	-13290.12
-7584	9584	2000	-13653.72
-7516	9516	2000	-14014.17
-7447	9447	2000	-14371.61
-7379	9379	2000	-14725.72
-7311	9311	2000	-15076.67
-7243	9243	2000	-15424.48
-7175	9175	2000	-15769.13
-7107	9107	2000	-16110.64
-7038	9038	2000	-16449.13
-6970	8970	2000	-16784.29
-6902	8902	2000	-17116.30
-6834	8834	2000	-17445.16
-6766	8766	2000	-17770.87
-6698	8698	2000	-18093.43
-6630	8630	2000	-18412.84
-6562	8562	2000	-18729.10
-6494	8494	2000	-19042.21
-6426	8426	2000	-19352.17
-6358	8358	2000	-19658.98
-6289	8289	2000	-19962.78
-6221	8221	2000	-20263.24
-6153	8153	2000	-20560.56
-6085	8085	2000	-20854.72
-6017	8017	2000	-21145.73
-5949	7949	2000	-21433.60
-5880	7880	2000	-21718.45
-5812	7812	2000	-21999.96
-5744	7744	2000	-22278.33
-5676	7676	2000	-22553.55
-5608	7608	2000	-22825.62
-5540	7540	2000	-23094.53
-5472	7472	2000	-23360.30
-5404	7404	2000	-23622.92
-5336	7336	2000	-23882.38
-5268	7268	2000	-24138.70
-5200	7200	2000	-24391.87
-5131	7131	2000	-24642.02
-5063	7063	2000	-24888.84
-4995	6995	2000	-25132.52
-4927	6927	2000	-25373.04
-4859	6859	2000	-25610.41
-4791	6791	2000	-25844.63
-4723	6723	2000	-26075.70
-4654	6654	2000	-26303.75
-4586	6586	2000	-26528.48
-4518	6518	2000	-26750.05
-4450	6450	2000	-26968.48
-4382	6382	2000	-27183.75
-4314	6314	2000	-27395.88
-4246	6246	2000	-27604.85
-4178	6178	2000	-27810.68
-4110	6110	2000	-28013.35
-4042	6042	2000	-28212.88
-3974	5974	2000	-28409.25
-3905	5905	2000	-28602.61
-3837	5837	2000	-28792.64
-3769	5769	2000	-28979.52
-3701	5701	2000	-29163.25
-3633	5633	2000	-29343.82
-3565	5565	2000	-29521.25
-3497	5497	2000	-29695.53
-3428	5428	2000	-29866.79
-3360	5360	2000	-30034.73
-3292	5292	2000	-30199.51
-3224	5224	2000	-30361.14
-3156	5156	2000	-30519.62
-3088	5088	2000	-30674.96
-3020	5020	2000	-30827.14
-2952	4952	2000	-30976.17
-2884	4884	2000	-31122.05
-2816	4816	2000	-31264.78
-2748	4748	2000	-31404.37
-2680	4680	2000	-31540.80
-2612	4612	2000	-31674.08
-2544	4544	2000	-31804.21
-2476	4476	2000	-31931.19
-2407	4407	2000	-32055.16
-2339	4339	2000	-32175.80
-2271	4271	2000	-32293.28
-2203	4203	2000	-32407.62
-2135	4135	2000	-32518.80
-2067	4067	2000	-32626.84
-1998	3998	2000	-32731.86
-1930	3930	2000	-32833.55
-1862	3862	2000	-32932.09
-1794	3794	2000	-33027.48
-1726	3726	2000	-33119.71
-1658	3658	2000	-33208.80
-1590	3590	2000	-33294.74
-1522	3522	2000	-33377.53
-1454	3454	2000	-33457.17
-1386	3386	2000	-33533.66
-1318	3318	2000	-33607.00
-1250	3250	2000	-33677.19
-1182	3182	2000	-33744.23
-1114	3114	2000	-33808.12
-1046	3046	2000	-33868.86
-978	2978	2000	-33926.45
-909	2909	2000	-33981.02
-841	2841	2000	-34032.26
-773	2773	2000	-34080.36
-705	2705	2000	-34125.30
-637	2637	2000	-34167.09
-569	2569	2000	-34205.73
-501	2501	2000	-34241.23
-433	2433	2000	-34273.57
-364	2364	2000	-34302.90
-2296	2296	0	-34060.22
-2228	2228	0	-34175.71
-2160	2160	0	-34288.05
-2092	2092	0	-34397.25
-2024	2024	0	-34503.29
-1956	1956	0	-34606.19
-1888	1888	0	-34705.93
-1820	1820	0	-34802.52
-1752	1752	0	-34895.97
-1684	1684	0	-34986.26
-1616	1616	0	-35073.41
-1548	1548	0	-35157.40
-1480	1480	0	-35238.24
-1411	1411	0	-35316.07
-1343	1343	0	-35390.57
-1275	1275	0	-35461.91
-1207	1207	0	-35530.11
-1139	1139	0	-35595.16
-1071	1071	0	-35657.06
-1003	1003	0	-35715.80
-935	935	0	-35771.40
-866	866	0	-35823.98
-798	798	0	-35873.23
-730	730	0	-35919.34
-662	662	0	-35962.29
-594	594	0	-36002.09
-526	526	0	-36038.74
-458	458	0	-36072.24
-390	390	0	-36102.59
-322	322	0	-36129.80
-254	254	0	-36153.85
-186	186	0	-36174.75
-118	118	0	-36192.50
-50	50	0	-36207.10
18	-18	0	-36218.55
87	-87	0	-36226.99
155	-155	0	-36232.09
223	-223	0	-36234.05
291	-291	0	-36232.85
359	-359	0	-36228.51
427	-427	0	-36221.01
495	-495	0	-36210.37
563	-563	0	-36196.57
631	-631	0	-36179.62
700	-700	0	-36159.66
768	-768	0	-36136.37
836	-836	0	-36109.93
904	-904	0	-36080.34
972	-972	0	-36047.60
1040	-1040	0	-36011.71
1108	-1108	0	-35972.66
1176	-1176	0	-35930.47
1244	-1244	0	-35885.13
1312	-1312	0	-35836.64
1380	-1380	0	-35785.00
1448	-1448	0	-35730.21
1516	-1516	0	-35672.27
1584	-1584	0	-35611.18
1652	-1652	0	-35546.93
1720	-1720	0	-35479.54
1788	-1788	0	-35409.00
1856	-1856	0	-35335.31
1924	-1924	0	-35258.47
1992	-1992	0	-35178.48
2060	-2060	0	-35095.34
2128	-2128	0	-35009.04
2196	-2196	0	-34919.60
2264	-2264	0	-34827.01
2332	-2332	0	-34731.27
2400	-2400	0	-34632.38
2468	-2468	0	-34530.34
2536	-2536	0	-34425.14
2604	-2604	0	-34316.80
2673	-2673	0	-34205.45
2741	-2741	0	-34090.76
2809	-2809	0	-33972.93
2877	-2877	0	-33851.94
2945	-2945	0	-33727.80
3013	-3013	0	-33600.51
3081	-3081	0	-33470.07
3149	-3149	0	-33336.49
3217	-3217	0	-33199.75
3285	-3285	0	-33059.86
3353	-3353	0	-32916.82
3421	-3421	0	-32770.64
3489	-3489	0	-32621.30
3557	-3557	0	-32468.81
3625	-3625	0	-32313.17
3693	-3693	0	-32154.38
3761	-3761	0	-31992.45
3829	-3829	0	-31827.36
3897	-3897	0	-31659.12
3965	-3965	0	-31487.73
4033	-4033	0	-31313.20
4101	-4101	0	-31135.51
4170	-4170	0	-30954.80
4238	-4238	0	-30770.77
4306	-4306	0	-30583.59
4374	-4374	0	-30393.25
4442	-4442	0	-30199.77
4510	-4510	0	-30003.13
4578	-4578	0	-29803.35
4646	-4646	0	-29600.42
4714	-4714	0	-29394.33
4782	-4782	0	-29185.10
4850	-4850	0	-28972.71
4918	-4918	0	-28757.18
4986	-4986	0	-28538.50
5054	-5054	0	-28316.66
5122	-5122	0	-28091.68
5190	-5190	0	-27863.54
5258	-5258	0	-27632.26
5326	-5326	0	-27397.83
5394	-5394	0	-27160.24
5462	-5462	0	-26919.51
5531	-5531	0	-26675.76
5599	-5599	0	-26428.68
5667	-5667	0	-26178.45
5735	-5735	0	-25925.07
5803	-5803	0	-25668.54
5872	-5872	0	-25408.99
5940	-5940	0	-25146.11
6008	-6008	0	-24880.09
6076	-6076	0	-24610.91
6144	-6144	0	-24338.58
6212	-6212	0	-24063.11
6280	-6280	0	-23784.48
6348	-6348	0	-23502.70
6416	-6416	0	-23217.77
6485	-6485	0	-22929.83
6553	-6553	0	-22638.56
6621	-6621	0	-22344.13
6689	-6689	0	-22046.56
6757	-6757	0	-21745.84
6825	-6825	0	-21441.96
6893	-6893	0	-21134.94
6962	-6962	0	-20824.90
7030	-7030	0	-20511.53
7098	-7098	0	-20195.01
7166	-7166	0	-19875.34
7234	-7234	0	-19552.52
7302	-7302	0	-19226.55
7370	-7370	0	-18897.44
7438	-7438	0	-18565.17
7506	-7506	0	-18229.75
7574	-7574	0	-17891.18
7642	-7642	0	-17549.46
7710	-7710	0	-17204.59
7779	-7779	0	-16856.70
7847	-7847	0	-16505.49
7915	-7915	0	-16151.12
7983	-7983	0	-15793.61
8051	-8051	0	-15432.94
8119	-8119	0	-15069.12
8187	-8187	0	-14702.16
8255	-8255	0	-14332.04
8324	-8324	0	-13958.91
8392	-8392	0	-13582.45
8460	-8460	0	-13202.84
8528	-8528	0	-12820.08
8596	-8596	0	-12434.16
8664	-8664	0	-12045.10
8732	-8732	0	-11652.89
8800	-8800	0	-11257.53
8868	-8868	0	-10859.01
8936	-8936	0	-10457.35
9005	-9005	0	-10052.67
9073	-9073	0	-9644.67
9141	-9141	0	-9233.51
9209	-9209	0	-8819.20
9277	-9277	0	-8401.74
9346	-9346	0	-7981.27
9414	-9414	0	-7557.46
9482	-9482	0	-7130.51
9550	-9550	0	-6700.40
9618	-9618	0	-6267.15
9686	-9686	0	-5830.74
9754	-9754	0	-5391.19
9822	-9822	0	-4948.48
9890	-9890	0	-4502.63
9958	-9958	0	-4053.62
10027	-10027	0	-3601.60
10095	-10095	0	-3146.25
10163	-10163	0	-2687.75
10231	-10231	0	-2226.10
10299	-10299	0	-1761.30
10368	-10368	0	-1293.48
10436	-10436	0	-822.34
10504	-10504	0	-348.04
10572	-10572	0	129.41
10626	-10626	0	611.89
10651	-10651	0	1100.76
10651	-10651	0	1594.16
10631	-10631	0	2090.23
10599	-10599	0	2587.00
10558	-10558	0	3083.49
10510	-10510	0	3579.02
10458	-10458	0	4072.87
10402	-10402	0	4564.84
10344	-10344	0	5054.49
10284	-10284	0	5541.72
10222	-10222	0	6026.44
10158	-10158	0	6508.56
10094	-10094	0	6987.71
10030	-10030	0	7463.90
9965	-9965	0	7937.26
9900	-9900	0	8407.60
9834	-9834	0	8875.07
9768	-9768	0	9339.48
9702	-9702	0	9800.84
9636	-9636	0	10259.13
9570	-9570	0	10714.37
9503	-9503	0	11166.69
9436	-9436	0	11615.91
9370	-9370	0	12061.88
9303	-9303	0	12504.93
9236	-9236	0	12944.88
9169	-9169	0	13381.73
9102	-9102	0	13815.47
9036	-9036	0	14245.97
8968	-8968	0	14673.68
8902	-8902	0	15097.98
8835	-8835	0	15519.35
8768	-8768	0	15937.62
8701	-8701	0	16352.79
8634	-8634	0	16764.85
8567	-8567	0	17173.81
8500	-8500	0	17579.66
8432	-8432	0	17982.55
8366	-8366	0	18382.01
8298	-8298	0	18778.69
8231	-8231	0	19172.08
8164	-8164	0	19562.37
8097	-8097	0	19949.56
8030	-8030	0	20333.64
7963	-7963	0	20714.62
7896	-7896	0	21092.49
7828	-7828	0	21467.40
7761	-7761	0	21839.02
7694	-7694	0	22207.54
7627	-7627	0	22572.95
7560	-7560	0	22935.26
7492	-7492	0	23294.61
7426	-7426	0	23650.53
7358	-7358	0	24003.66
7291	-7291	0	24353.51
7224	-7224	0	24700.26
7157	-7157	0	25043.90
7090	-7090	0	25384.44
7022	-7022	0	25722.01
6955	-6955	0	26056.29
6888	-6888	0	26387.47
6821	-6821	0	26715.55
6754	-6754	0	27040.52
6686	-6686	0	27362.53
6619	-6619	0	27681.25
6552	-6552	0	27996.86
6485	-6485	0	28309.38
6418	-6418	0	28618.78
6350	-6350	0	28925.22
6283	-6283	0	29228.38
6216	-6216	0	29528.43
6148	-6148	0	29825.51
6082	-6082	0	30119.17
6014	-6014	0	30410.05
5947	-5947	0	30697.64
5880	-5880	0	30982.13
5812	-5812	0	31263.64
5745	-5745	0	31541.88
5678	-5678	0	31817.00
5610	-5610	0	32089.16
5543	-5543	0	32358.04
5476	-5476	0	32623.81
5409	-5409	0	32886.48
5342	-5342	0	33146.05
5274	-5274	0	33402.64
5207	-5207	0	33655.95
5140	-5140	0	33906.16
5073	-5073	0	34153.27
5006	-5006	0	34397.27
4938	-4938	0	34638.30
4871	-4871	0	34876.04
4804	-4804	0	35110.69
4736	-4736	0	35342.36
4669	-4669	0	35570.75
4602	-4602	0	35796.04
4535	-4535	0	36018.21
4468	-4468	0	36237.29
4400	-4400	0	36453.40
4333	-4333	0	36666.23
4266	-4266	0	36875.95
4198	-4198	0	37082.70
4131	-4131	0	37286.16
4064	-4064	0	37486.53
3997	-3997	0	37683.79
3930	-3930	0	37877.94
3862	-3862	0	38069.13
3795	-3795	0	38257.03
3728	-3728	0	38441.83
3660	-3660	0	38623.66
3593	-3593	0	38802.20
5526	-3526	2000	38708.96
5459	-3459	2000	38973.95
5392	-3392	2000	39235.83
5324	-3324	2000	39494.74
5257	-3257	2000	39750.37
5190	-3190	2000	40002.89
5122	-3122	2000	40252.45
5055	-3055	2000	40498.72
4988	-2988	2000	40741.89
4921	-2921	2000	40981.95
4854	-2854	2000	41218.91
4786	-2786	2000	41452.89
4719	-2719	2000	41683.60
4652	-2652	2000	41911.20
4584	-2584	2000	42135.84
4517	-2517	2000	42357.18
4450	-2450	2000	42575.43
4383	-2383	2000	42790.57
4316	-2316	2000	43002.60
4248	-2248	2000	43211.67
4181	-2181	2000	43417.45
4114	-2114	2000	43620.13
4046	-2046	2000	43819.84
3979	-1979	2000	44016.27
3912	-1912	2000	44209.59
3845	-1845	2000	44399.80
3778	-1778	2000	44586.92
3710	-1710	2000	44771.06
3643	-1643	2000	44951.92
3576	-1576	2000	45129.68
3509	-1509	2000	45304.33
3442	-1442	2000	45475.88
3374	-1374	2000	45644.46
3308	-1308	2000	45809.62
3240	-1240	2000	45972.00
3173	-1173	2000	46131.09
3106	-1106	2000	46287.07
3038	-1038	2000	46440.09
2971	-971	2000	46589.82
2904	-904	2000	46736.45
2837	-837	2000	46879.97
2770	-770	2000	47020.39
2702	-702	2000	47157.85
2635	-635	2000	47292.02
2568	-568	2000	47423.08
2501	-501	2000	47551.04
2434	-434	2000	47675.89
2366	-366	2000	47797.78
2299	-299	2000	47916.38
2232	-232	2000	48031.88
2165	-165	2000	48144.28
2098	-98	2000	48253.57
2030	-30	2000	48359.89
1963	37	2000	48462.93
1896	104	2000	48562.86
1829	171	2000	48659.69
1762	238	2000	48753.42
1694	306	2000	48844.18
1628	372	2000	48931.52
1560	440	2000	49016.07
1493	507	2000	49097.33
1426	574	2000	49175.49
1358	642	2000	49250.68
1291	709	2000	49322.59
1224	776	2000	49391.39
1157	843	2000	49457.09
1090	910	2000	49519.69
1022	978	2000	49579.32
955	1045	2000	49635.66
888	1112	2000	49688.90
821	1179	2000	49739.04
754	1246	2000	49786.07
686	1314	2000	49830.13
619	1381	2000	49870.91
552	1448	2000	49908.59
485	1515	2000	49943.16
418	1582	2000	49974.62
350	1650	2000	50003.12
283	1717	2000	50028.34
216	1784	2000	50050.45
149	1851	2000	50069.46
82	1918	2000	50085.36
14	1986	2000	50098.29
-53	2053	2000	50107.94
-120	2120	2000	50114.49
-188	2188	2000	50118.07
-255	2255	2000	50118.36
-322	2322	2000	50115.55
-389	2389	2000	50109.63
-456	2456	2000	50100.61
-524	2524	2000	50088.62
-591	2591	2000	50073.35
-658	2658	2000	50054.98
-726	2726	2000	50033.63
-792	2792	2000	50008.86
-860	2860	2000	49981.31
-927	2927	2000	49950.47
-994	2994	2000	49916.53
-1062	3062	2000	49879.62
-1129	3129	2000	49839.43
-1196	3196	2000	49796.13
-1263	3263	2000	49749.73
-1330	3330	2000	49700.22
-1398	3398	2000	49647.74
-1465	3465	2000	49591.98
-1532	3532	2000	49533.12
-1600	3600	2000	49471.29
-1667	3667	2000	49406.17
-1734	3734	2000	49337.95
-1801	3801	2000	49266.63
-1868	3868	2000	49192.20
-1936	3936	2000	49114.80
-2003	4003	2000	49034.12
-2070	4070	2000	48950.33
-2137	4137	2000	48863.44
-2204	4204	2000	48773.45
-2272	4272	2000	48680.49
-2339	4339	2000	48584.24
-2406	4406	2000	48484.89
-2474	4474	2000	48382.57
-2541	4541	2000	48276.96
-2608	4608	2000	48168.26
-2675	4675	2000	48056.45
-2742	4742	2000	47941.53
-2810	4810	2000	47823.65
-2877	4877	2000	47702.48
-2944	4944	2000	47578.21
-3012	5012	2000	47450.96
-3079	5079	2000	47320.44
-3146	5146	2000	47186.81
-3214	5214	2000	47050.21
-3281	5281	2000	46910.33
-3348	5348	2000	46767.34
-3415	5415	2000	46621.25
-3482	5482	2000	46472.05
-3550	5550	2000	46319.89
-3617	5617	2000	46164.44
-3684	5684	2000	46005.89
-3752	5752	2000	45844.37
-3819	5819	2000	45679.57
-3886	5886	2000	45511.66
-3954	5954	2000	45340.78
-4021	6021	2000	45166.61
-4088	6088	2000	44989.35
-4156	6156	2000	44809.11
-4222	6222	2000	44625.46
-4290	6290	2000	44439.02
-4357	6357	2000	44249.29
-4424	6424	2000	44056.46
-4492	6492	2000	43860.66
-4559	6559	2000	43661.57
-4626	6626	2000	43459.38
-4694	6694	2000	43254.23
-4761	6761	2000	43045.79
-4828	6828	2000	42834.24
-4896	6896	2000	42619.72
-4963	6963	2000	42401.92
-5030	7030	2000	42181.02
-5098	7098	2000	41957.15
-5165	7165	2000	41729.99
-5232	7232	2000	41499.73
-5300	7300	2000	41266.50
-5367	7367	2000	41029.98
-5434	7434	2000	40790.37
-5502	7502	2000	40547.78
-5569	7569	2000	40301.91
-5636	7636	2000	40052.93
-5704	7704	2000	39800.99
-5771	7771	2000	39545.76
-5839	7839	2000	39287.56
-5906	7906	2000	39026.07
-5974	7974	2000	38761.62
-6041	8041	2000	38493.89
-6108	8108	2000	38223.05
-6176	8176	2000	37949.24
-6243	8243	2000	37672.14
-6310	8310	2000	37391.95
-6378	8378	2000	37108.78
-6445	8445	2000	36822.33
-6512	8512	2000	36532.78
-6580	8580	2000	36240.25
-6647	8647	2000	35944.45
-6715	8715	2000	35645.67
-6782	8782	2000	35343.61
-6850	8850	2000	35038.57
-6917	8917	2000	34730.26
-6984	8984	2000	34418.84
-7052	9052	2000	34104.45
-7119	9119	2000	33786.78
-7186	9186	2000	33466.00
-7254	9254	2000	33142.26
-7321	9321	2000	32815.23
-7388	9388	2000	32485.09
-7456	9456	2000	32151.99
-7523	9523	2000	31815.60
-7590	9590	2000	31476.11
-7658	9658	2000	31133.65
-7725	9725	2000	30787.91
-7792	9792	2000	30439.06
-7860	9860	2000	30087.24
-7927	9927	2000	29732.14
-7994	9994	2000	29373.93
-8062	10062	2000	29012.76
-8129	10129	2000	28648.30
-8196	10196	2000	28280.74
-8264	10264	2000	27910.20
-8331	10331	2000	27536.39
-8398	10398	2000	27159.47
-8466	10466	2000	26779.58
-8533	10533	2000	26396.40
-8600	10600	2000	26010.13
-8668	10668	2000	25620.88
-8735	10735	2000	25228.35
-8802	10802	2000	24832.71
-8870	10870	2000	24434.11
-8937	10937	2000	24032.22
-9004	11004	2000	23627.22
-9071	11071	2000	23219.13
-9138	11138	2000	22807.93
-9206	11206	2000	22393.76
-9273	11273	2000	21976.31
-9340	11340	2000	21555.75
-9408	11408	2000	21132.22
-9475	11475	2000	20705.41
-9542	11542	2000	20275.50
-9610	11610	2000	19842.61
-9677	11677	2000	19406.45
-9744	11744	2000	18967.17
-9812	11812	2000	18524.93
-9879	11879	2000	18079.41
-9946	11946	2000	17630.78
-10014	12014	2000	17179.18
-10081	12081	2000	16724.29
-10148	12148	2000	16266.31
-10216	12216	2000	15805.35
-10283	12283	2000	15341.11
-10350	12350	2000	14873.77
-10418	12418	2000	14403.45
-10485	12485	2000	13929.86
-10552	12552	2000	13453.15
-10619	12619	2000	12973.35
-10686	12686	2000	12490.44
-10754	12754	2000	12004.56
-10821	12821	2000	11515.40
-10888	12888	2000	11023.13
-10956	12956	2000	10527.90
-11023	13023	2000	10029.38
-11090	13090	2000	9527.75
-11157	13157	2000	9023.03
-11224	13224	2000	8515.19
-11292	13292	2000	8004.39
-11359	13359	2000	7490.31
-11426	13426	2000	6973.12
-11494	13494	2000	6452.96
-11561	13561	2000	5929.52
-11628	13628	2000	5402.98
-11695	13695	2000	4873.33
-11762	13762	2000	4340.57
-11830	13830	2000	3804.85
-11897	13897	2000	3265.84
-11964	13964	2000	2723.73
-12032	14032	2000	2178.65
-12099	14099	2000	1630.29
-12166	14166	2000	1078.82
-12234	14234	2000	524.38
-12301	14301	2000	-33.34
-12354	14354	2000	-596.04
-12378	14378	2000	-1165.10
-12378	14378	2000	-1738.49
-12358	14358	2000	-2314.57
-12326	14326	2000	-2891.34
-12284	14284	2000	-3467.96
-12236	14236	2000	-4043.45
-12183	14183	2000	-4617.38
-12126	14126	2000	-5189.40
-12067	14067	2000	-5759.05
-12006	14006	2000	-6326.23
-11943	13943	2000	-6890.85
-11878	13878	2000	-7452.83
-11814	13814	2000	-8011.65
-11748	13748	2000	-8567.79
-11682	13682	2000	-9120.86
-11615	13615	2000	-9671.01
-11548	13548	2000	-10218.06
-11481	13481	2000	-10762.01
-11413	13413	2000	-11302.98
-11346	13346	2000	-11840.67
-11278	13278	2000	-12375.40
-11210	13210	2000	-12906.97
-11142	13142	2000	-13435.39
-11074	13074	2000	-13960.66
-11006	13006	2000	-14482.78
-10938	12938	2000	-15001.75
-10870	12870	2000	-15517.58
-10802	12802	2000	-16030.25
-10734	12734	2000	-16539.77
-10666	12666	2000	-17046.14
-10598	12598	2000	-17549.36
-10530	12530	2000	-18049.44
-10462	12462	2000	-18546.36
-10393	12393	2000	-19040.26
-12325	12325	0	-19262.16
-12257	12257	0	-19842.23
-12189	12189	0	-20419.16
-12120	12120	0	-20993.06
-12052	12052	0	-21563.64
-11984	11984	0	-22131.06
-11916	11916	0	-22695.34
-11848	11848	0	-23256.47
-11780	11780	0	-23814.44
-11712	11712	0	-24369.27
-11644	11644	0	-24920.95
-11576	11576	0	-25469.47
-11508	11508	0	-26014.85
-11440	11440	0	-26557.07
-11372	11372	0	-27096.15
-11304	11304	0	-27632.08
-11236	11236	0	-28164.85
-11168	11168	0	-28694.48
-11100	11100	0	-29220.96
-11032	11032	0	-29744.28
-10964	10964	0	-30264.46
-10896	10896	0	-30781.48
-10828	10828	0	-31295.36
-10760	10760	0	-31806.09
-10692	10692	0	-32313.66
-10624	10624	0	-32818.09
-10556	10556	0	-33319.37
-10488	10488	0	-33817.49
-10420	10420	0	-34312.47
-10352	10352	0	-34804.30
-10284	10284	0	-35292.97
-10216	10216	0	-35778.50
-10148	10148	0	-36260.87
-10080	10080	0	-36740.10
-10012	10012	0	-37216.18
-9944	9944	0	-37689.11
-9876	9876	0	-38158.88
-9808	9808	0	-38625.51
-9740	9740	0	-39088.98
-9673	9673	0	-39549.18
-9605	9605	0	-40006.40
-9537	9537	0	-40460.47
-9469	9469	0	-40911.39
-9401	9401	0	-41359.17
-9333	9333	0	-41803.79
-9265	9265	0	-42245.26
-9197	9197	0	-42683.59
-9129	9129	0	-43118.76
-9062	9062	0	-43550.64
-8994	8994	0	-43979.56
-8926	8926	0	-44405.33
-8858	8858	0	-44827.95
-8790	8790	0	-45247.42
-8722	8722	0	-45663.74
-8654	8654	0	-46076.91
-8586	8586	0	-46486.93
-8518	8518	0	-46893.79
-8450	8450	0	-47297.51
-8382	8382	0	-47698.08
-8314	8314	0	-48095.50
-8246	8246	0	-48489.77
-8178	8178	0	-48880.89
-8110	8110	0	-49268.86
-8042	8042	0	-49653.68
-7974	7974	0	-50035.34
-7907	7907	0	-50413.73
-7839	7839	0	-50789.14
-7771	7771	0	-51161.41
-7703	7703	0	-51530.52
-7635	7635	0	-51896.48
-7567	7567	0	-52259.30
-7499	7499	0	-52618.96
-7431	7431	0	-52975.48
-7363	7363	0	-53328.84
-7295	7295	0	-53679.06
-7228	7228	0	-54025.99
-7160	7160	0	-54369.95
-7092	7092	0	-54710.76
-7024	7024	0	-55048.42
-6956	6956	0	-55382.93
-6888	6888	0	-55714.30
-6820	6820	0	-56042.51
-6752	6752	0	-56367.57
-6684	6684	0	-56689.48
-6616	6616	0	-57008.24
-6548	6548	0	-57323.86
-6480	6480	0	-57636.32
-6412	6412	0	-57945.63
-6344	6344	0	-58251.79
-6276	6276	0	-58554.80
-6208	6208	0	-58854.66
-6140	6140	0	-59151.37
-6073	6073	0	-59444.80
-6005	6005	0	-59735.26
-5937	5937	0	-60022.57
-5869	5869	0	-60306.72
-5801	5801	0	-60587.73
-5733	5733	0	-60865.59
-5665	5665	0	-61140.30
-5597	5597	0	-61411.86
-5529	5529	0	-61680.26
-5461	5461	0	-61945.52
-5394	5394	0	-62207.49
-5326	5326	0	-62466.50
-5258	5258	0	-62722.35
-5190	5190	0	-62975.05
-5122	5122	0	-63224.61
-5054	5054	0	-63471.01
-4986	4986	0	-63714.27
-4918	4918	0	-63954.37
-4850	4850	0	-64191.32
-4782	4782	0	-64425.13
-4714	4714	0	-64655.78
-4646	4646	0	-64883.29
-4578	4578	0	-65107.64
-4510	4510	0	-65328.84
-4442	4442	0	-65546.90
-4374	4374	0	-65761.80
-4306	4306	0	-65973.56
-4238	4238	0	-66182.16
-4170	4170	0	-66387.62
-4102	4102	0	-66589.92
-4034	4034	0	-66789.08
-3966	3966	0	-66985.09
-3898	3898	0	-67177.94
-3830	3830	0	-67367.64
-3762	3762	0	-67554.20
-3694	3694	0	-67737.60
-3626	3626	0	-67917.86
-3558	3558	0	-68094.96
-3490	3490	0	-68268.91
-3422	3422	0	-68439.72
-3354	3354	0	-68607.38
-3286	3286	0	-68771.88
-3218	3218	0	-68933.23
-3150	3150	0	-69091.44
-3082	3082	0	-69246.49
-3014	3014	0	-69398.40
-2947	2947	0	-69547.02
-2878	2878	0	-69692.80
-2811	2811	0	-69835.12
-2743	2743	0	-69974.47
-2675	2675	0	-70110.67
-2607	2607	0	-70243.72
-2539	2539	0	-70373.62
-2471	2471	0	-70500.37
-2403	2403	0	-70623.97
-2335	2335	0	-70744.42
-2267	2267	0	-70861.72
-2199	2199	0	-70975.87
-2131	2131	0	-71086.87
-2063	2063	0	-71194.72
-1995	1995	0	-71299.42
-1927	1927	0	-71400.97
-1859	1859	0	-71499.37
-1792	1792	0	-71594.48
-1723	1723	0	-71686.77
-1656	1656	0	-71775.58
-1588	1588	0	-71861.42
-1520	1520	0	-71944.12
-1452	1452	0	-72023.66
-1384	1384	0	-72100.06
-1316	1316	0	-72173.31
-1248	1248	0	-72243.41
-1180	1180	0	-72310.35
-1112	1112	0	-72374.15
-1044	1044	0	-72434.80
-976	976	0	-72492.30
-908	908	0	-72546.64
-840	840	0	-72597.84
-772	772	0	-72645.88
-704	704	0	-72690.78
-636	636	0	-72732.53
-568	568	0	-72771.13
-500	500	0	-72806.57
-432	432	0	-72838.87
-364	364	0	-72868.02
-296	296	0	-72894.02
-228	228	0	-72916.86
-160	160	0	-72936.55
-92	92	0	-72953.10
-24	24	0	-72966.50
44	-44	0	-72976.75
112	-112	0	-72983.84
180	-180	0	-72987.79
248	-248	0	-72988.59
316	-316	0	-72986.23
384	-384	0	-72980.73
452	-452	0	-72972.08
520	-520	0	-72960.27
588	-588	0	-72945.32
656	-656	0	-72927.22
724	-724	0	-72905.97
792	-792	0	-72881.56
860	-860	0	-72854.01
928	-928	0	-72823.30
996	-996	0	-72789.45
1064	-1064	0	-72752.45
1133	-1133	0	-72712.44
1200	-1200	0	-72668.95
1269	-1269	0	-72622.63
1337	-1337	0	-72572.98
1405	-1405	0	-72520.19
1473	-1473	0	-72464.23
1541	-1541	0	-72405.13
1609	-1609	0	-72342.88
1677	-1677	0	-72277.48
1745	-1745	0	-72208.94
1813	-1813	0	-72137.23
1881	-1881	0	-72062.38
1949	-1949	0	-71984.38
2017	-2017	0	-71903.23
2085	-2085	0	-71818.94
2153	-2153	0	-71731.48
2221	-2221	0	-71640.88
2289	-2289	0	-71547.13
2357	-2357	0	-71450.23
2425	-2425	0	-71350.19
2493	-2493	0	-71246.98
2561	-2561	0	-71140.63
2629	-2629	0	-71031.13
2697	-2697	0	-70918.48
2765	-2765	0	-70802.69
2834	-2834	0	-70683.88
2901	-2901	0	-70561.59
2970	-2970	0	-70436.48
3037	-3037	0	-70307.90
3106	-3106	0	-70176.48
3174	-3174	0	-70041.74
3242	-3242	0	-69903.84
3310	-3310	0	-69762.80
3378	-3378	0	-69618.60
3446	-3446	0	-69471.26
3514	-3514	0	-69320.77
3582	-3582	0	-69167.12
3650	-3650	0	-69010.32
3718	-3718	0	-68850.38
3786	-3786	0	-68687.28
3854	-3854	0	-68521.04
3922	-3922	0	-68351.64
3990	-3990	0	-68179.09
4058	-4058	0	-68003.40
4126	-4126	0	-67824.55
4194	-4194	0	-67642.56
4262	-4262	0	-67457.41
4330	-4330	0	-67269.12
4398	-4398	0	-67077.67
4466	-4466	0	-66883.08
4534	-4534	0	-66685.34
4602	-4602	0	-66484.44
4670	-4670	0	-66280.39
4738	-4738	0	-66073.20
4806	-4806	0	-65862.85
4874	-4874	0	-65649.36
4942	-4942	0	-65432.71
5010	-5010	0	-65212.92
5078	-5078	0	-64989.97
5146	-5146	0	-64763.87
5214	-5214	0	-64534.63
5282	-5282	0	-64302.23
5350	-5350	0	-64066.69
5418	-5418	0	-63827.99
5486	-5486	0	-63586.14
5554	-5554	0	-63341.15
5622	-5622	0	-63093.00
5690	-5690	0	-62841.71
5758	-5758	0	-62587.26
5826	-5826	0	-62329.66
5894	-5894	0	-62068.92
5962	-5962	0	-61805.02
6030	-6030	0	-61537.98
6098	-6098	0	-61267.78
6166	-6166	0	-60994.43
6234	-6234	0	-60717.94
6302	-6302	0	-60438.29
6370	-6370	0	-60155.50
6438	-6438	0	-59869.55
6506	-6506	0	-59580.45
6574	-6574	0	-59288.21
6642	-6642	0	-58992.81
6710	-6710	0	-58694.27
6778	-6778	0	-58392.57
6846	-6846	0	-58087.72
6914	-6914	0	-57779.73
6982	-6982	0	-57468.58
7050	-7050	0	-57154.29
7118	-7118	0	-56836.84
7186	-7186	0	-56516.24
7255	-7255	0	-56192.63
7323	-7323	0	-55865.69
7391	-7391	0	-55535.59
7459	-7459	0	-55202.35
7527	-7527	0	-54865.96
7595	-7595	0	-54526.42
7663	-7663	0	-54183.73
7731	-7731	0	-53837.88
7799	-7799	0	-53488.89
7867	-7867	0	-53136.75
7935	-7935	0	-52781.46
8003	-8003	0	-52423.02
8071	-8071	0	-52061.42
10139	-8139	2000	-51965.36
10207	-8207	2000	-51504.82
10275	-8275	2000	-51041.13
10343	-8343	2000	-50574.29
10411	-8411	2000	-50104.30
10479	-8479	2000	-49631.16
10547	-8547	2000	-49154.87
10615	-8615	2000	-48675.43
10683	-8683	2000	-48192.84
10751	-8751	2000	-47707.11
10819	-8819	2000	-47218.21
10887	-8887	2000	-46726.18
10956	-8956	2000	-46231.12
11023	-9023	2000	-45732.60
11092	-9092	2000	-45231.25
11160	-9160	2000	-44726.56
11228	-9228	2000	-44218.72
11296	-9296	2000	-43707.74
11364	-9364	2000	-43193.60
11432	-9432	2000	-42676.32
11500	-9500	2000	-42155.88
11568	-9568	2000	-41632.29
11636	-9636	2000	-41105.56
11704	-9704	2000	-40575.67
11772	-9772	2000	-40042.64
11840	-9840	2000	-39506.45
11908	-9908	2000	-38967.11
11976	-9976	2000	-38424.63
12044	-10044	2000	-37878.99
12112	-10112	2000	-37330.21
12180	-10180	2000	-36778.27
12248	-10248	2000	-36223.18
12316	-10316	2000	-35664.95
12384	-10384	2000	-35103.56
12452	-10452	2000	-34539.03
12520	-10520	2000	-33971.34
12588	-10588	2000	-33400.50
12656	-10656	2000	-32826.52
12724	-10724	2000	-32249.38
12792	-10792	2000	-31669.10
12860	-10860	2000	-31085.66
12928	-10928	2000	-30499.08
12996	-10996	2000	-29909.34
13064	-11064	2000	-29316.46
13132	-11132	2000	-28720.42
13200	-11200	2000	-28121.24
13268	-11268	2000	-27518.90
13336	-11336	2000	-26913.41
13404	-11404	2000	-26304.78
13472	-11472	2000	-25692.99
13540	-11540	2000	-25078.06
13608	-11608	2000	-24459.97
13676	-11676	2000	-23838.74
13744	-11744	2000	-23214.35
13812	-11812	2000	-22586.82
13880	-11880	2000	-21956.13
13948	-11948	2000	-21322.29
14016	-12016	2000	-20685.31
14084	-12084	2000	-20045.17
14152	-12152	2000	-19401.89
14220	-12220	2000	-18755.45
14288	-12288	2000	-18105.87
14356	-12356	2000	-17453.13
14424	-12424	2000	-16797.24
14492	-12492	2000	-16138.21
14560	-12560	2000	-15476.02
14628	-12628	2000	-14810.69
14696	-12696	2000	-14142.20
14764	-12764	2000	-13470.57
14832	-12832	2000	-12795.78
14900	-12900	2000	-12117.84
14968	-12968	2000	-11436.76
15036	-13036	2000	-10752.52
15105	-13105	2000	-10065.27
15173	-13173	2000	-9374.69
15241	-13241	2000	-8680.96
15309	-13309	2000	-7984.07
15377	-13377	2000	-7284.04
15445	-13445	2000	-6580.86
15513	-13513	2000	-5874.53
15581	-13581	2000	-5165.05
15649	-13649	2000	-4452.41
15717	-13717	2000	-3736.63
15785	-13785	2000	-3017.70
15853	-13853	2000	-2295.62
15921	-13921	2000	-1570.39
15989	-13989	2000	-842.00
16058	-14058	2000	-110.61
16126	-14126	2000	624.12
16180	-14180	2000	1363.88
16205	-14205	2000	2110.04
16205	-14205	2000	2860.71
16186	-14186	2000	3613.94
16154	-14154	2000	4368.03
16114	-14114	2000	5121.71
16066	-14066	2000	5874.62
16014	-14014	2000	6625.84
15958	-13958	2000	7375.18
15900	-13900	2000	8122.21
15840	-13840	2000	8866.81
15778	-13778	2000	9608.91
15715	-13715	2000	10348.26
15651	-13651	2000	11084.83
15586	-13586	2000	11818.58
15522	-13522	2000	12549.17
15456	-13456	2000	13277.07
15390	-13390	2000	14001.92
15324	-13324	2000	14723.70
15257	-13257	2000	15442.56
15191	-13191	2000	16158.19
15124	-13124	2000	16870.89
15057	-13057	2000	17580.49
14990	-12990	2000	18286.98
14923	-12923	2000	18990.37
14856	-12856	2000	19690.66
14788	-12788	2000	20387.98
14721	-12721	2000	21082.01
14654	-12654	2000	21772.94
14586	-12586	2000	22460.90
14520	-12520	2000	23145.44
14452	-12452	2000	23827.20
14385	-12385	2000	24505.66
14318	-12318	2000	25181.03
14250	-12250	2000	25853.42
14183	-12183	2000	26522.54
14116	-12116	2000	27188.54
14049	-12049	2000	27851.45
13982	-11982	2000	28511.25
13914	-11914	2000	29168.08
13847	-11847	2000	29821.63
13780	-11780	2000	30472.07
13712	-11712	2000	31119.54
13645	-11645	2000	31763.73
13578	-11578	2000	32404.82
13510	-11510	2000	33042.93
13443	-11443	2000	33677.77
13376	-11376	2000	34309.49
13308	-11308	2000	34938.25
13241	-11241	2000	35563.72
13174	-11174	2000	36186.09
13106	-11106	2000	36805.50
13039	-11039	2000	37421.61
12972	-10972	2000	38034.62
12904	-10904	2000	38644.67
12837	-10837	2000	39251.43
12770	-10770	2000	39855.08
12702	-10702	2000	40455.77
12635	-10635	2000	41053.17
12567	-10567	2000	41647.61
12500	-10500	2000	42238.75
12433	-10433	2000	42826.80
12366	-10366	2000	43411.74
12298	-10298	2000	43993.71
12231	-10231	2000	44572.40
12163	-10163	2000	45148.12
12096	-10096	2000	45720.55
12029	-10029	2000	46289.88
11962	-9962	2000	46856.11
11894	-9894	2000	47419.37
11827	-9827	2000	47979.34
11759	-9759	2000	48536.34
11692	-9692	2000	49090.06
11625	-9625	2000	49640.68
11557	-9557	2000	50188.32
11490	-9490	2000	50732.69
11422	-9422	2000	51274.08
11355	-9355	2000	51812.19
11288	-9288	2000	52347.19
11221	-9221	2000	52879.09
11153	-9153	2000	53408.02
11086	-9086	2000	53933.67
11019	-9019	2000	54456.21
10952	-8952	2000	54975.66
10884	-8884	2000	55492.12
10817	-8817	2000	56005.31
10750	-8750	2000	56515.39
10682	-8682	2000	57022.51
10615	-8615	2000	57526.34
10548	-8548	2000	58027.06
10480	-8480	2000	58524.82
10413	-8413	2000	59019.29
10346	-8346	2000	59510.66
10278	-8278	2000	59999.05
10211	-8211	2000	60484.17
10144	-8144	2000	60966.18
10076	-8076	2000	61445.22
10009	-8009	2000	61920.98
9942	-7942	2000	62393.63
9874	-7874	2000	62863.31
9806	-7806	2000	63329.85
9739	-7739	2000	63793.10
9672	-7672	2000	64253.24
9605	-7605	2000	64710.29
9537	-7537	2000	65164.36
9470	-7470	2000	65615.15
9402	-7402	2000	66062.97
9335	-7335	2000	66507.50
9268	-7268	2000	66948.93
9200	-7200	2000	67387.39
9133	-7133	2000	67822.57
9066	-7066	2000	68254.64
8998	-6998	2000	68683.74
8931	-6931	2000	69109.56
8864	-6864	2000	69532.28
8796	-6796	2000	69952.03
8729	-6729	2000	70368.49
8662	-6662	2000	70781.85
8594	-6594	2000	71192.24
8527	-6527	2000	71599.34
8460	-6460	2000	72003.34
8392	-6392	2000	72404.38
8325	-6325	2000	72802.13
8258	-6258	2000	73196.77
8190	-6190	2000	73588.44
8122	-6122	2000	73976.96
8055	-6055	2000	74362.20
7988	-5988	2000	74744.34
7920	-5920	2000	75123.50
7853	-5853	2000	75499.38
7786	-5786	2000	75872.16
7718	-5718	2000	76241.98
7651	-5651	2000	76608.50
7584	-5584	2000	76971.92
7517	-5517	2000	77332.24
7449	-5449	2000	77689.59
7382	-5382	2000	78043.66
7315	-5315	2000	78394.62
7248	-5248	2000	78742.48
7180	-5180	2000	79087.37
7113	-5113	2000	79428.97
7046	-5046	2000	79767.47
6978	-4978	2000	80103.00
6911	-4911	2000	80435.25
6844	-4844	2000	80764.39
6776	-4776	2000	81090.56
6709	-4709	2000	81413.45
6642	-4642	2000	81733.24
6574	-4574	2000	82050.05
6506	-4506	2000	82363.72
6439	-4439	2000	82674.10
6372	-4372	2000	82981.38
6304	-4304	2000	83285.69
6237	-4237	2000	83586.71
6170	-4170	2000	83884.63
6102	-4102	2000	84179.59
6035	-4035	2000	84471.25
5968	-3968	2000	84759.81
5900	-3900	2000	85045.41
5833	-3833	2000	85327.72
5766	-3766	2000	85606.92
5698	-3698	2000	85883.16
5631	-3631	2000	86156.11
5564	-3564	2000	86425.96
5496	-3496	2000	86692.84
5429	-3429	2000	86956.44
5362	-3362	2000	87216.93
5294	-3294	2000	87474.45
5227	-3227	2000	87728.69
5160	-3160	2000	87979.82
5092	-3092	2000	88227.98
5025	-3025	2000	88472.87
4958	-2958	2000	88714.64
4890	-2890	2000	88953.45
4823	-2823	2000	89188.97
4756	-2756	2000	89421.39
4688	-2688	2000	89650.84
4621	-2621	2000	89877.01
4554	-2554	2000	90100.07
4486	-2486	2000	90320.16
4419	-2419	2000	90536.97
4352	-2352	2000	90750.67
4284	-2284	2000	90961.41
4217	-2217	2000	91168.86
4150	-2150	2000	91373.20
4082	-2082	2000	91574.58
4015	-2015	2000	91772.67
3947	-1947	2000	91967.80
3880	-1880	2000	92159.63
3812	-1812	2000	92348.50
3745	-1745	2000	92534.09
3678	-1678	2000	92716.57
3610	-1610	2000	92896.09
3543	-1543	2000	93072.31
3476	-1476	2000	93245.44
3408	-1408	2000	93415.59
3341	-1341	2000	93582.47
3274	-1274	2000	93746.23
3206	-1206	2000	93907.03
3139	-1139	2000	94064.55
3072	-1072	2000	94218.96
3004	-1004	2000	94370.40
2937	-937	2000	94518.55
2870	-870	2000	94663.61
2802	-802	2000	94805.70
2735	-735	2000	94944.49
2667	-667	2000	95080.32
2600	-600	2000	95212.87
2533	-533	2000	95342.31
2466	-466	2000	95468.65
2398	-398	2000	95592.02
2330	-330	2000	95712.23
263	-263	0	96097.84
196	-196	0	96119.03
128	-128	0	96137.24
61	-61	0	96152.17
-6	6	0	96164.00
-74	74	0	96172.86
-141	141	0	96178.43
-208	208	0	96180.90
-276	276	0	96180.40
-343	343	0	96176.62
-410	410	0	96169.73
-478	478	0	96159.87
-545	545	0	96146.73
-612	612	0	96130.48
-680	680	0	96111.27
-747	747	0	96088.77
-814	814	0	96063.16
-882	882	0	96034.59
-948	948	0	96002.60
-1016	1016	0	95967.82
-1083	1083	0	95929.76
-1150	1150	0	95888.59
-1218	1218	0	95844.45
-1285	1285	0	95797.03
-1353	1353	0	95746.64
-1420	1420	0	95692.97
-1487	1487	0	95636.19
-1554	1554	0	95576.30
-1622	1622	0	95513.45
-1690	1690	0	95447.45
-1757	1757	0	95378.16
-1824	1824	0	95305.77
-1891	1891	0	95230.28
-1959	1959	0	95151.82
-2026	2026	0	95070.07
-2094	2094	0	94985.35
-2161	2161	0	94897.35
-2228	2228	0	94806.25
-2295	2295	0	94712.04
-2362	2362	0	94614.73
-2430	2430	0	94514.45
-2497	2497	0	94410.88
-2564	2564	0	94304.21
-2632	2632	0	94194.57
-2699	2699	0	94081.65
-2766	2766	0	93965.63
-2834	2834	0	93846.63
-2901	2901	0	93724.35
-2968	2968	0	93598.97
-3036	3036	0	93470.62
-3103	3103	0	93338.98
-3170	3170	0	93204.23
-3238	3238	0	93066.52
-3305	3305	0	92925.53
-3372	3372	0	92781.43
-3440	3440	0	92634.36
-3507	3507	0	92484.01
-3574	3574	0	92330.55
-3642	3642	0	92174.13
-3709	3709	0	92014.42
-3776	3776	0	91851.61
-3844	3844	0	91685.83
-3911	3911	0	91516.76
-3978	3978	0	91344.59
-4046	4046	0	91169.45
-4113	4113	0	90991.02
-4180	4180	0	90809.49
-4248	4248	0	90624.99
-4315	4315	0	90437.21
-4382	4382	0	90246.33
-4450	4450	0	90052.48
-4517	4517	0	89855.34
-4584	4584	0	89655.09
-4652	4652	0	89451.88
-4719	4719	0	89245.38
-4786	4786	0	89035.78
-4854	4854	0	88823.21
-4921	4921	0	88607.36
-4988	4988	0	88388.40
-5056	5056	0	88166.47
-5123	5123	0	87941.26
-5190	5190	0	87712.95
-5258	5258	0	87481.66
-5325	5325	0	87247.09
-5392	5392	0	87009.42
-5460	5460	0	86768.78
-5527	5527	0	86524.85
-5594	5594	0	86277.82
-5662	5662	0	86027.82
-5729	5729	0	85774.54
-5796	5796	0	85518.15
-5863	5863	0	85258.66
-5930	5930	0	84996.06
-5998	5998	0	84730.50
-6065	6065	0	84461.65
-6132	6132	0	84189.70
-6200	6200	0	83914.77
-6267	6267	0	83636.57
-6334	6334	0	83355.26
-6402	6402	0	83070.98
-6469	6469	0	82783.41
-6536	6536	0	82492.75
-6604	6604	0	82199.12
-6671	6671	0	81902.20
-6738	6738	0	81602.17
-6806	6806	0	81299.18
-6873	6873	0	80992.91
-6940	6940	0	80683.52
-7008	7008	0	80371.17
-7075	7075	0	80055.54
-7142	7142	0	79736.80
-7210	7210	0	79415.09
-7277	7277	0	79090.09
-7344	7344	0	78762.00
-7412	7412	0	78430.94
-7479	7479	0	78096.59
-7546	7546	0	77759.13
-7614	7614	0	77418.71
-7681	7681	0	77075.01
-7748	7748	0	76728.20
-7816	7816	0	76378.41
-7883	7883	0	76025.35
-7950	7950	0	75669.19
-8018	8018	0	75310.05
-8085	8085	0	74947.63
-8152	8152	0	74582.10
-8220	8220	0	74213.61
-8287	8287	0	73841.83
-8354	8354	0	73466.95
-8422	8422	0	73089.09
-8489	8489	0	72707.96
-8556	8556	0	72323.72
-8623	8623	0	71936.38
-8690	8690	0	71545.93
-8758	8758	0	71152.52
-8825	8825	0	70755.81
-8893	8893	0	70356.14
-8960	8960	0	69953.19
-9027	9027	0	69547.13
-9094	9094	0	69137.97
-9162	9162	0	68725.84
-9229	9229	0	68310.42
-9296	9296	0	67891.91
-9364	9364	0	67470.41
-9431	9431	0	67045.64
-9498	9498	0	66617.77
-9566	9566	0	66186.92
-9633	9633	0	65752.79
-9700	9700	0	65315.55
-9768	9768	0	64875.35
-9835	9835	0	64431.86
-9902	9902	0	63985.27
-9970	9970	0	63535.71
-10037	10037	0	63082.87
-10104	10104	0	62626.92
-10172	10172	0	62168.00
-10239	10239	0	61705.80
-10306	10306	0	61240.49
-10374	10374	0	60772.21
-10441	10441	0	60300.66
-10508	10508	0	59825.99
-10576	10576	0	59348.36
-10643	10643	0	58867.44
-10710	10710	0	58383.42
-10778	10778	0	57896.43
-10845	10845	0	57406.16
-10912	10912	0	56912.78
-10980	10980	0	56416.43
-11047	11047	0	55916.80
-11114	11114	0	55414.07
-11182	11182	0	54908.36
-11249	11249	0	54399.37
-11316	11316	0	53887.28
-11384	11384	0	53372.22
-11451	11451	0	52853.87
-11518	11518	0	52332.42
-11586	11586	0	51808.00
-11653	11653	0	51280.30
-11720	11720	0	50749.49
-11788	11788	0	50215.71
-11855	11855	0	49678.65
-11922	11922	0	49138.49
-11990	11990	0	48595.36
-12057	12057	0	48048.94
-12124	12124	0	47499.41
-12192	12192	0	46946.92
-12259	12259	0	46391.14
-12326	12326	0	45832.27
-12394	12394	0	45270.42
-12461	12461	0	44705.29
-12528	12528	0	44137.05
-12596	12596	0	43565.84
-12663	12663	0	42991.35
-12730	12730	0	42413.75
-12798	12798	0	41833.19
-12865	12865	0	41249.34
-12932	12932	0	40662.39
-12999	12999	0	40072.34
-13067	13067	0	39479.31
-13134	13134	0	38883.00
-13201	13201	0	38283.59
-13268	13268	0	37681.07
-13336	13336	0	37075.59
-13403	13403	0	36466.82
-13470	13470	0	35854.95
-13538	13538	0	35240.10
-13605	13605	0	34621.97
-13672	13672	0	34000.74
-13740	13740	0	33376.54
-13807	13807	0	32749.06
-13874	13874	0	32118.47
-13942	13942	0	31484.91
-14009	14009	0	30848.07
-14076	14076	0	30208.13
-14144	14144	0	29565.21
-14211	14211	0	28919.01
-14278	14278	0	28269.71
-14346	14346	0	27617.44
-14413	14413	0	26961.88
-14480	14480	0	26303.22
-14548	14548	0	25641.59
-14615	14615	0	24976.68
-14682	14682	0	24308.66
-14750	14750	0	23637.67
-14817	14817	0	22963.40
-14884	14884	0	22286.03
-14952	14952	0	21605.68
-15018	15018	0	20921.92
-15086	15086	0	20235.37
-15153	15153	0	19545.53
-15220	15220	0	18852.59
-15288	15288	0	18156.68
-15355	15355	0	17457.49
-15422	15422	0	16755.19
-15490	15490	0	16049.92
-15557	15557	0	15341.37
-15624	15624	0	14629.72
-15692	15692	0	13915.10
-15759	15759	0	13197.19
-15826	15826	0	12476.18
-15894	15894	0	11752.19
-15961	15961	0	11024.93
-16028	16028	0	10294.56
-16096	16096	0	9561.22
-16163	16163	0	8824.60
-16230	16230	0	8084.87
-16298	16298	0	7342.17
-16365	16365	0	6596.19
-16432	16432	0	5847.11
-16499	16499	0	5094.92
-16566	16566	0	4339.63
-16634	16634	0	3581.37
-16701	16701	0	2819.83
-16768	16768	0	2055.18
-16836	16836	0	1287.56
-16903	16903	0	516.66
-16970	16970	0	-257.35
-17024	17024	0	-1036.21
-17048	17048	0	-1821.59
-17047	17047	0	-2611.45
-17027	17027	0	-3403.82
-16994	16994	0	-4197.00
-16952	16952	0	-4989.86
-16904	16904	0	-5781.59
-16851	16851	0	-6571.76
-16794	16794	0	-7360.02
-16735	16735	0	-8145.90
-16674	16674	0	-8929.32
-16610	16610	0	-9710.31
-16546	16546	0	-10488.35
-16481	16481	0	-11263.55
-16416	16416	0	-12035.74
-16349	16349	0	-12805.18
-16282	16282	0	-13571.53
-16216	16216	0	-14334.63
-16148	16148	0	-15094.95
-16081	16081	0	-15851.99
-16014	16014	0	-16605.91
-15946	15946	0	-17356.88
-15878	15878	0	-18104.69
-15810	15810	0	-18849.35
-15742	15742	0	-19590.86
-15674	15674	0	-20329.21
-15606	15606	0	-21064.43
-15538	15538	0	-21796.49
-15470	15470	0	-22525.40
-15402	15402	0	-23251.16
-15334	15334	0	-23973.77
-15266	15266	0	-24693.23
-15198	15198	0	-25409.54
-15130	15130	0	-26122.70
-15062	15062	0	-26832.71
-14994	14994	0	-27539.57
-14926	14926	0	-28243.28
-14858	14858	0	-28943.84
-14790	14790	0	-29641.25
-14722	14722	0	-30335.51
-14654	14654	0	-31026.62
-14585	14585	0	-31714.71
-14517	14517	0	-32399.47
-14449	14449	0	-33081.09
-12381	14381	2000	-34028.23
-12313	14313	2000	-34610.90
-12244	14244	2000	-35190.55
-12176	14176	2000	-35766.87
-12108	14108	2000	-36340.04
-12040	14040	2000	-36910.06
-11972	13972	2000	-37476.93
-11904	13904	2000	-38040.65
-11836	13836	2000	-38601.22
-11768	13768	2000	-39158.64
-11700	13700	2000	-39712.91
-11632	13632	2000	-40264.04
-11563	13563	2000	-40812.14
-11495	13495	2000	-41356.91
-11427	13427	2000	-41898.54
-11359	13359	2000	-42437.01
-11291	13291	2000	-42972.34
-11222	13222	2000	-43504.64
-11154	13154	2000	-44033.62
-11086	13086	2000	-44559.45
-11018	13018	2000	-45082.12
-10950	12950	2000	-45601.65
-10882	12882	2000	-46118.03
-10814	12814	2000	-46631.26
-10746	12746	2000	-47141.34
-10678	12678	2000	-47648.26
-10610	12610	2000	-48152.04
-10542	12542	2000	-48652.67
-10474	12474	2000	-49150.14
-10406	12406	2000	-49644.47
-10338	12338	2000	-50135.65
-10270	12270	2000	-50623.68
-10202	12202	2000	-51108.55
-10134	12134	2000	-51590.28
-10066	12066	2000	-52068.86
-9998	11998	2000	-52544.29
-9930	11930	2000	-53016.56
-9862	11862	2000	-53485.69
-9794	11794	2000	-53951.67
-9726	11726	2000	-54414.50
-9658	11658	2000	-54874.17
-9589	11589	2000	-55330.83
-9521	11521	2000	-55784.16
-9453	11453	2000	-56234.34
-9385	11385	2000	-56681.37
-9317	11317	2000	-57125.26
-9249	11249	2000	-57565.99
-9181	11181	2000	-58003.57
-9113	11113	2000	-58438.00
-9045	11045	2000	-58869.28
-8977	10977	2000	-59297.41
-8909	10909	2000	-59722.39
-8841	10841	2000	-60144.23
-8773	10773	2000	-60562.91
-8705	10705	2000	-60978.44
-8637	10637	2000	-61390.82
-8569	10569	2000	-61800.05
-8501	10501	2000	-62206.13
-8433	10433	2000	-62609.06
-8365	10365	2000	-63008.84
-8297	10297	2000	-63405.48
-8229	10229	2000	-63798.96
-8161	10161	2000	-64189.29
-8093	10093	2000	-64576.47
-8025	10025	2000	-64960.50
-7957	9957	2000	-65341.38
-7889	9889	2000	-65719.12
-7821	9821	2000	-66093.70
-7754	9754	2000	-66464.99
-7686	9686	2000	-66833.32
-7618	9618	2000	-67198.50
-7550	9550	2000	-67560.53
-7482	9482	2000	-67919.41
-7414	9414	2000	-68275.13
-7346	9346	2000	-68627.71
-7278	9278	2000	-68977.14
-7210	9210	2000	-69323.42
-7142	9142	2000	-69666.55
-7074	9074	2000	-70006.52
-7006	9006	2000	-70343.35
-6938	8938	2000	-70677.03
-6870	8870	2000	-71007.56
-6802	8802	2000	-71334.94
-6734	8734	2000	-71659.16
-6666	8666	2000	-71980.24
-6598	8598	2000	-72298.17
-6530	8530	2000	-72612.95
-6462	8462	2000	-72924.58
-6394	8394	2000	-73233.05
-6326	8326	2000	-73538.38
-6258	8258	2000	-73840.56
-6190	8190	2000	-74139.59
-6122	8122	2000	-74435.47
-6054	8054	2000	-74728.20
-5986	7986	2000	-75017.77
-5918	7918	2000	-75304.20
-5850	7850	2000	-75587.48
-5782	7782	2000	-75867.61
-5714	7714	2000	-76144.59
-5646	7646	2000	-76418.41
-5578	7578	2000	-76689.09
-5510	7510	2000	-76956.63
-5442	7442	2000	-77221.00
-5374	7374	2000	-77482.23
-5306	7306	2000	-77740.30
-5238	7238	2000	-77995.23
-5170	7170	2000	-78247.02
-5102	7102	2000	-78495.64
-5034	7034	2000	-78741.12
-4966	6966	2000	-78983.45
-4898	6898	2000	-79222.63
-4830	6830	2000	-79458.66
-4763	6763	2000	-79691.40
-4695	6695	2000	-79921.17
-4627	6627	2000	-80147.80
-4559	6559	2000	-80371.27
-4491	6491	2000	-80591.59
-4423	6423	2000	-80808.77
-4355	6355	2000	-81022.79
-4287	6287	2000	-81233.66
-4219	6219	2000	-81441.39
-4151	6151	2000	-81645.96
-4083	6083	2000	-81847.38
-4015	6015	2000	-82045.66
-3947	5947	2000	-82240.78
-3879	5879	2000	-82432.76
-3811	5811	2000	-82621.58
-3743	5743	2000	-82807.25
-3675	5675	2000	-82989.77
-3607	5607	2000	-83169.15
-3539	5539	2000	-83345.38
-3471	5471	2000	-83518.45
-3403	5403	2000	-83688.37
-3335	5335	2000	-83855.14
-3267	5267	2000	-84018.77
-3199	5199	2000	-84179.24
-3131	5131	2000	-84336.56
-3063	5063	2000	-84490.73
-2995	4995	2000	-84641.76
-2927	4927	2000	-84789.63
-2859	4859	2000	-84934.36
-2792	4792	2000	-85075.80
-2724	4724	2000	-85214.27
-2656	4656	2000	-85349.59
-2588	4588	2000	-85481.76
-2520	4520	2000	-85610.78
-2452	4452	2000	-85736.65
-2384	4384	2000	-85859.37
-2316	4316	2000	-85978.94
-2248	4248	2000	-86095.36
-2180	4180	2000	-86208.63
-2112	4112	2000	-86318.75
-2044	4044	2000	-86425.72
-1976	3976	2000	-86529.54
-1908	3908	2000	-86630.21
-1840	3840	2000	-86727.73
-1772	3772	2000	-86822.10
-1704	3704	2000	-86913.32
-1636	3636	2000	-87001.39
-1568	3568	2000	-87086.31
-1500	3500	2000	-87168.09
-1432	3432	2000	-87246.70
-1364	3364	2000	-87322.17
-1296	3296	2000	-87394.49
-1228	3228	2000	-87463.66
-1160	3160	2000	-87529.69
-1092	3092	2000	-87592.55
-1024	3024	2000	-87652.27
-956	2956	2000	-87708.84
-888	2888	2000	-87762.27
-820	2820	2000	-87812.54
-752	2752	2000	-87859.66
-684	2684	2000	-87903.63
-616	2616	2000	-87944.45
-548	2548	2000	-87982.12
-480	2480	2000	-88016.64
-412	2412	2000	-88048.01
-344	2344	2000	-88076.23
-276	2276	2000	-88101.30
-208	2208	2000	-88123.22
-140	2140	2000	-88141.99
-72	2072	2000	-88157.61
-4	2004	2000	-88170.08
64	1936	2000	-88179.40
132	1868	2000	-88185.57
200	1800	2000	-88188.59
268	1732	2000	-88188.46
336	1664	2000	-88185.18
404	1596	2000	-88178.75
471	1529	2000	-88169.04
539	1461	2000	-88156.36
607	1393	2000	-88140.52
675	1325	2000	-88121.54
743	1257	2000	-88099.41
811	1189	2000	-88074.13
879	1121	2000	-88045.70
947	1053	2000	-88014.11
1015	985	2000	-87979.38
1083	917	2000	-87941.49
1151	849	2000	-87900.46
1219	781	2000	-87856.28
1287	713	2000	-87808.95
1355	645	2000	-87758.46
1423	577	2000	-87704.83
1490	510	2000	-87647.91
1558	442	2000	-87588.02
1626	374	2000	-87524.98
1694	306	2000	-87458.80
1762	238	2000	-87389.46
1830	170	2000	-87316.98
1898	102	2000	-87241.34
1966	34	2000	-87162.55
2034	-34	2000	-87080.61
2102	-102	2000	-86995.52
2170	-170	2000	-86907.29
2238	-238	2000	-86815.90
2306	-306	2000	-86721.36
2374	-374	2000	-86623.67
2442	-442	2000	-86522.84
2510	-510	2000	-86418.85
2578	-578	2000	-86311.71
2646	-646	2000	-86201.42
2714	-714	2000	-86087.98
2782	-782	2000	-85971.40
2850	-850	2000	-85851.66
2918	-918	2000	-85728.77
2986	-986	2000	-85602.73
3054	-1054	2000	-85473.55
3122	-1122	2000	-85341.21
3190	-1190	2000	-85205.73
3258	-1258	2000	-85067.09
3326	-1326	2000	-84925.30
3394	-1394	2000	-84780.36
3462	-1462	2000	-84632.27
3530	-1530	2000	-84481.04
3598	-1598	2000	-84326.65
3666	-1666	2000	-84169.11
3734	-1734	2000	-84008.42
3802	-1802	2000	-83844.59
3870	-1870	2000	-83677.60
3938	-1938	2000	-83507.46
4006	-2006	2000	-83334.17
4074	-2074	2000	-83157.73
4142	-2142	2000	-82978.15
4210	-2210	2000	-82795.41
4278	-2278	2000	-82609.52
4346	-2346	2000	-82420.48
4414	-2414	2000	-82228.30
4482	-2482	2000	-82032.96
4550	-2550	2000	-81834.48
4618	-2618	2000	-81632.84
4686	-2686	2000	-81428.05
4754	-2754	2000	-81220.11
4822	-2822	2000	-81009.02
4890	-2890	2000	-80794.79
4958	-2958	2000	-80577.40
5026	-3026	2000	-80356.86
5094	-3094	2000	-80133.17
5162	-3162	2000	-79906.34
5230	-3230	2000	-79676.35
5298	-3298	2000	-79443.21
5366	-3366	2000	-79206.92
5434	-3434	2000	-78967.48
5502	-3502	2000	-78724.90
5570	-3570	2000	-78479.16
5638	-3638	2000	-78230.27
5706	-3706	2000	-77978.23
5774	-3774	2000	-77723.05
5842	-3842	2000	-77464.71
5910	-3910	2000	-77203.23
5978	-3978	2000	-76938.59
6046	-4046	2000	-76670.80
6114	-4114	2000	-76399.86
6182	-4182	2000	-76125.77
6250	-4250	2000	-75848.54
6318	-4318	2000	-75568.15
6386	-4386	2000	-75284.61
6454	-4454	2000	-74997.92
6522	-4522	2000	-74708.09
6590	-4590	2000	-74415.10
6658	-4658	2000	-74118.96
6726	-4726	2000	-73819.67
6795	-4795	2000	-73517.37
6863	-4863	2000	-73211.73
6931	-4931	2000	-72902.95
6999	-4999	2000	-72591.02
7067	-5067	2000	-72275.94
7135	-5135	2000	-71957.70
7203	-5203	2000	-71636.32
7271	-5271	2000	-71311.79
7339	-5339	2000	-70984.11
7407	-5407	2000	-70653.27
7475	-5475	2000	-70319.29
7543	-5543	2000	-69982.16
7612	-5612	2000	-69642.01
7680	-5680	2000	-69298.53
7748	-5748	2000	-68951.90
7816	-5816	2000	-68602.12
7884	-5884	2000	-68249.19
7952	-5952	2000	-67893.11
8020	-6020	2000	-67533.88
6088	-6088	0	-66902.83
6156	-6156	0	-66629.95
6224	-6224	0	-66353.91
6292	-6292	0	-66074.73
6360	-6360	0	-65792.40
6428	-6428	0	-65506.91
6496	-6496	0	-65218.28
6564	-6564	0	-64926.50
6632	-6632	0	-64631.57
6700	-6700	0	-64333.48
6768	-6768	0	-64032.25
6836	-6836	0	-63727.87
6904	-6904	0	-63420.34
6972	-6972	0	-63109.65
7040	-7040	0	-62795.82
7108	-7108	0	-62478.84
7176	-7176	0	-62158.70
7244	-7244	0	-61835.42
7313	-7313	0	-61509.12
7381	-7381	0	-61179.50
7449	-7449	0	-60846.72
7517	-7517	0	-60510.79
7585	-7585	0	-60171.71
7653	-7653	0	-59829.48
7721	-7721	0	-59484.10
7789	-7789	0	-59135.57
7857	-7857	0	-58783.89
7926	-7926	0	-58429.20
7994	-7994	0	-58071.17
8062	-8062	0	-57710.00
8130	-8130	0	-57345.67
8198	-8198	0	-56978.20
8266	-8266	0	-56607.57
8334	-8334	0	-56233.79
8402	-8402	0	-55856.87
8470	-8470	0	-55476.79
8538	-8538	0	-55093.57
8606	-8606	0	-54707.19
8674	-8674	0	-54317.66
8742	-8742	0	-53924.99
8810	-8810	0	-53529.16
8878	-8878	0	-53130.19
8946	-8946	0	-52728.06
9014	-9014	0	-52322.79
9082	-9082	0	-51914.36
9151	-9151	0	-51502.92
9219	-9219	0	-51088.14
9287	-9287	0	-50670.22
9355	-9355	0	-50249.15
9423	-9423	0	-49824.93
9491	-9491	0	-49397.56
9560	-9560	0	-48967.17
9628	-9628	0	-48533.45
9696	-9696	0	-48096.59
9764	-9764	0	-47656.57
9832	-9832	0	-47213.40
9900	-9900	0	-46767.08
9968	-9968	0	-46317.61
10036	-10036	0	-45865.00
10104	-10104	0	-45409.23
10172	-10172	0	-44950.31
10240	-10240	0	-44488.24
10309	-10309	0	-44023.16
10377	-10377	0	-43554.75
10445	-10445	0	-43083.18
10513	-10513	0	-42608.47
10581	-10581	0	-42130.61
10650	-10650	0	-41649.73
10718	-10718	0	-41165.52
10786	-10786	0	-40678.16
10854	-10854	0	-40187.64
10922	-10922	0	-39693.98
10990	-10990	0	-39197.17
11058	-11058	0	-38697.21
11126	-11126	0	-38194.10
11194	-11194	0	-37687.84
11262	-11262	0	-37178.43
11331	-11331	0	-36666.00
11399	-11399	0	-36150.25
11467	-11467	0	-35631.34
11535	-11535	0	-35109.28
11603	-11603	0	-34584.07
11671	-11671	0	-34055.72
11740	-11740	0	-33524.35
11808	-11808	0	-32989.64
11876	-11876	0	-32451.79
11944	-11944	0	-31910.79
12012	-12012	0	-31366.63
12080	-12080	0	-30819.33
12148	-12148	0	-30268.88
12216	-12216	0	-29715.28
12285	-12285	0	-29158.66
12353	-12353	0	-28598.71
12421	-12421	0	-28035.61
12489	-12489	0	-27469.36
12558	-12558	0	-26900.09
12626	-12626	0	-26327.50
12694	-12694	0	-25751.75
12762	-12762	0	-25172.85
12830	-12830	0	-24590.81
12898	-12898	0	-24005.61
12966	-12966	0	-23417.27
13034	-13034	0	-22825.77
13103	-13103	0	-22231.26
13171	-13171	0	-21633.42
13239	-13239	0	-21032.43
13307	-13307	0	-20428.28
13375	-13375	0	-19820.99
13444	-13444	0	-19210.68
13512	-13512	0	-18597.04
13580	-13580	0	-17980.25
13648	-13648	0	-17360.31
13716	-13716	0	-16737.23
13784	-13784	0	-16110.99
13852	-13852	0	-15481.60
13920	-13920	0	-14849.06
13988	-13988	0	-14213.37
14056	-14056	0	-13574.53
14124	-14124	0	-12932.54
14192	-14192	0	-12287.41
14260	-14260	0	-11639.12
14328	-14328	0	-10987.68
14397	-14397	0	-10333.22
14465	-14465	0	-9675.44
14533	-14533	0	-9014.50
14601	-14601	0	-8350.42
14669	-14669	0	-7683.19
14737	-14737	0	-7012.80
14806	-14806	0	-6339.40
14874	-14874	0	-5662.67
14942	-14942	0	-4982.79
15010	-15010	0	-4299.75
15078	-15078	0	-3613.57
15146	-15146	0	-2924.24
15214	-15214	0	-2231.76
15282	-15282	0	-1536.13
15350	-15350	0	-837.35
15418	-15418	0	-135.42
15486	-15486	0	569.66
15541	-15541	0	1279.64
15566	-15566	0	1996.20
15565	-15565	0	2717.40
15546	-15546	0	3440.98
15514	-15514	0	4165.43
15472	-15472	0	4889.73
15425	-15425	0	5612.76
15373	-15373	0	6334.29
15318	-15318	0	7053.81
15259	-15259	0	7771.32
15198	-15198	0	8486.37
15136	-15136	0	9198.72
15074	-15074	0	9908.20
15010	-15010	0	10615.08
14945	-14945	0	11319.13
14880	-14880	0	12020.17
14814	-14814	0	12718.33
14748	-14748	0	13413.43
14682	-14682	0	14105.48
14615	-14615	0	14794.60
14548	-14548	0	15480.62
14482	-14482	0	16163.40
14415	-14415	0	16843.26
14348	-14348	0	17520.01
14281	-14281	0	18193.66
14214	-14214	0	18864.21
14147	-14147	0	19531.65
14080	-14080	0	20195.99
14012	-14012	0	20857.37
13946	-13946	0	21515.32
13878	-13878	0	22170.48
13811	-13811	0	22822.36
13744	-13744	0	23471.13
13677	-13677	0	24116.80
13610	-13610	0	24759.37
13542	-13542	0	25398.97
13475	-13475	0	26035.29
13408	-13408	0	26668.50
13340	-13340	0	27298.74
13273	-13273	0	27925.69
13206	-13206	0	28549.55
13138	-13138	0	29170.43
13071	-13071	0	29788.03
13004	-13004	0	30402.53
12936	-12936	0	31014.05
12869	-12869	0	31622.29
12802	-12802	0	32227.43
12734	-12734	0	32829.60
12667	-12667	0	33428.48
12600	-12600	0	34024.27
12532	-12532	0	34617.08
12465	-12465	0	35206.61
12398	-12398	0	35793.03
12330	-12330	0	36376.48
12263	-12263	0	36956.65
12195	-12195	0	37533.85
12128	-12128	0	38107.77
12061	-12061	0	38678.58
11994	-11994	0	39246.29
11926	-11926	0	39811.02
11858	-11858	0	40372.61
11791	-11791	0	40930.92
11724	-11724	0	41486.12
11656	-11656	0	42038.35
11589	-11589	0	42587.30
11522	-11522	0	43133.14
11454	-11454	0	43676.02
11387	-11387	0	4421511320	-11320	0	44752.10
11252	-11252	0	45285.61
ets Jun  8 2016 00:22:57

rst:0x1 (POWERON_RESET),boot:0x3 (DOWNLOAD_BOOT(UART0/UART1/SDIO_REI_REO_V2))
waiting for download
                                                