-5	5	0	-0.02
-15	15	0	1.51
-23	23	0	2.69
-31	31	0	3.84
-41	41	0	5.27
-55	55	0	7.28
-75	75	0	10.16
-101	101	0	13.89
-137	137	0	19.07
-180	180	0	25.19
-229	229	0	32.07
-283	283	0	39.52
-340	340	0	47.21
-399	399	0	54.99
-461	461	0	62.98
-523	523	0	70.72
-587	587	0	78.51
-651	651	0	86.04
-717	717	0	93.62
-783	783	0	100.93
-848	848	0	107.81
-915	915	0	114.73
-981	981	0	121.22
-1047	1047	0	127.44
-1115	1115	0	133.70
-1181	1181	0	139.37
-1248	1248	0	144.92
-1315	1315	0	150.20
-1382	1382	0	155.20
-1449	1449	0	159.92
-1517	1517	0	164.52
-1584	1584	0	168.69
-1651	1651	0	172.59
-1718	1718	0	176.20
-1785	1785	0	179.54
-1853	1853	0	182.76
-1920	1920	0	185.55
-1987	1987	0	188.06
-2055	2055	0	190.44
-2122	2122	0	192.40
-2189	2189	0	194.07
-2257	2257	0	195.63
-2324	2324	0	196.75
-2391	2391	0	197.60
-2459	2459	0	198.32
-2526	2526	0	198.61
-2593	2593	0	198.62
-2661	2661	0	198.52
-2728	2728	0	197.97
-2795	2795	0	197.16
-2863	2863	0	196.22
-2930	2930	0	194.84
-2997	2997	0	193.19
-3065	3065	0	191.42
-3132	3132	0	189.22
-3199	3199	0	186.73
-3267	3267	0	184.13
-3335	3335	0	181.25
-3402	3402	0	177.93
-3469	3469	0	174.34
-3537	3537	0	170.62
-3604	3604	0	166.47
-3671	3671	0	162.05
-3739	3739	0	157.50
-3806	3806	0	152.52
-3873	3873	0	147.26
-3941	3941	0	141.89
-4008	4008	0	136.07
-4075	4075	0	129.98
-4143	4143	0	123.77
-4210	4210	0	117.13
-4278	4278	0	110.36
-4345	4345	0	103.16
-4412	4412	0	95.69
-4480	4480	0	88.09
-4547	4547	0	80.06
-4615	4615	0	71.90
-4682	4682	0	63.32
-4749	4749	0	54.45
-4817	4817	0	45.47
-4884	4884	0	36.05
-4951	4951	0	26.35
-5019	5019	0	16.53
-5086	5086	0	6.28
-5151	5151	0	-4.56
-5201	5201	0	-17.99
-5228	5228	0	-35.21
-5229	5229	0	-56.58
-5211	5211	0	-80.91
-5179	5179	0	-107.34
-5137	5137	0	-135.20
-5090	5090	0	-163.66
-5037	5037	0	-192.85
-4981	4981	0	-222.30
-4921	4921	0	-252.14
-4860	4860	0	-281.88
-4797	4797	0	-311.69
-4733	4733	0	-341.39
-4669	4669	0	-370.82
-4603	4603	0	-400.31
-4537	4537	0	-429.52
-4470	4470	0	-458.62
-4403	4403	0	-487.44
-4336	4336	0	-515.98
-4269	4269	0	-544.25
-4201	4201	0	-572.40
-4134	4134	0	-600.11
-4066	4066	0	-627.70
-3999	3999	0	-654.86
-3931	3931	0	-681.90
-3863	3863	0	-708.65
-3795	3795	0	-735.13
-3727	3727	0	-761.33
-3659	3659	0	-787.24
-3591	3591	0	-812.88
-3523	3523	0	-838.24
-3455	3455	0	-863.31
-3387	3387	0	-888.11
-3319	3319	0	-912.62
-3251	3251	0	-936.86
-3184	3184	0	-960.66
-3116	3116	0	-984.34
-3048	3048	0	-1007.74
-2980	2980	0	-1030.86
-2912	2912	0	-1053.70
-2844	2844	0	-1076.27
-2776	2776	0	-1098.55
-2708	2708	0	-1120.55
-2640	2640	0	-1142.27
-2572	2572	0	-1163.71
-2505	2505	0	-1184.71
-2437	2437	0	-1205.60
-2369	2369	0	-1226.20
-2301	2301	0	-1246.53
-2233	2233	0	-1266.57
-2165	2165	0	-1286.34
-2097	2097	0	-1305.82
-2029	2029	0	-1325.03
-1961	1961	0	-1343.95
-1893	1893	0	-1362.60
-1825	1825	0	-1380.96
-1757	1757	0	-1399.04
-1689	1689	0	-1416.85
-1621	1621	0	-1434.37
-1553	1553	0	-1451.62
-1485	1485	0	-1468.58
-1417	1417	0	-1485.27
-1349	1349	0	-1501.67
-1282	1282	0	-1517.64
-1214	1214	0	-1533.49
-1146	1146	0	-1549.06
-1078	1078	0	-1564.35
-1010	1010	0	-1579.36
-942	942	0	-1594.09
-874	874	0	-1608.54
-806	806	0	-1622.70
-738	738	0	-1636.59
-670	670	0	-1650.20
-602	602	0	-1663.53
-535	535	0	-1676.42
-467	467	0	-1689.20
-399	399	0	-1701.69
-331	331	0	-1713.90
-263	263	0	-1725.84
-195	195	0	-1737.49
-127	127	0	-1748.86
-59	59	0	-1759.95
9	-9	0	-1770.77
77	-77	0	-1781.30
145	-145	0	-1791.55
213	-213	0	-1801.53
281	-281	0	-1811.22
349	-349	0	-1820.63
417	-417	0	-1829.76
485	-485	0	-1838.62
553	-553	0	-1847.19
621	-621	0	-1855.48
689	-689	0	-1863.50
757	-757	0	-1871.23
825	-825	0	-1878.68
893	-893	0	-1885.86
961	-961	0	-1892.75
1029	-1029	0	-1899.36
1097	-1097	0	-1905.69
1165	-1165	0	-1911.75
1233	-1233	0	-1917.52
1300	-1300	0	-1922.86
1368	-1368	0	-1928.07
1436	-1436	0	-1933.01
1504	-1504	0	-1937.67
1572	-1572	0	-1942.05
1640	-1640	0	-1946.14
1708	-1708	0	-1949.96
1776	-1776	0	-1953.50
1844	-1844	0	-1956.75
1912	-1912	0	-1959.73
1980	-1980	0	-1962.43
2048	-2048	0	-1964.85
2116	-2116	0	-1966.98
2184	-2184	0	-1968.84
2252	-2252	0	-1970.42
2320	-2320	0	-1971.71
2388	-2388	0	-1972.73
2456	-2456	0	-1973.47
2524	-2524	0	-1973.92
2592	-2592	0	-1974.10
2660	-2660	0	-1974.00
2728	-2728	0	-1973.62
2796	-2796	0	-1972.95
2864	-2864	0	-1972.01
2932	-2932	0	-1970.79
3000	-3000	0	-1969.28
3068	-3068	0	-1967.50
3136	-3136	0	-1965.44
3203	-3203	0	-1962.94
3271	-3271	0	-1960.32
3339	-3339	0	-1957.42
3407	-3407	0	-1954.24
3475	-3475	0	-1950.78
3543	-3543	0	-1947.05
3611	-3611	0	-1943.03
3679	-3679	0	-1938.73
3747	-3747	0	-1934.15
3815	-3815	0	-1929.29
3883	-3883	0	-1924.15
3951	-3951	0	-1918.73
4019	-4019	0	-1913.03
4087	-4087	0	-1907.06
4156	-4156	0	-1900.95
4224	-4224	0	-1894.41
4292	-4292	0	-1887.59
4360	-4360	0	-1880.48
4428	-4428	0	-1873.10
4496	-4496	0	-1865.44
4564	-4564	0	-1857.49
4632	-4632	0	-1849.27
4700	-4700	0	-1840.77
4768	-4768	0	-1831.99
4836	-4836	0	-1822.92
4904	-4904	0	-1813.58
4972	-4972	0	-1803.96
5040	-5040	0	-1794.05
5108	-5108	0	-1783.87
5176	-5176	0	-1773.41
5244	-5244	0	-1762.66
5312	-5312	0	-1751.64
5380	-5380	0	-1740.34
5448	-5448	0	-1728.76
5516	-5516	0	-1716.89
5584	-5584	0	-1704.75
5652	-5652	0	-1692.33
5720	-5720	0	-1679.62
5788	-5788	0	-1666.64
5856	-5856	0	-1653.38
5924	-5924	0	-1639.84
5992	-5992	0	-1626.01
6061	-6061	0	-1612.06
6129	-6129	0	-1597.68
6197	-6197	0	-1583.01
6265	-6265	0	-1568.06
6333	-6333	0	-1552.84
6401	-6401	0	-1537.33
6469	-6469	0	-1521.54
6537	-6537	0	-1505.48
6605	-6605	0	-1489.13
6673	-6673	0	-1472.50
6741	-6741	0	-1455.59
6809	-6809	0	-1438.41
6877	-6877	0	-1420.94
6945	-6945	0	-1403.19
7013	-7013	0	-1385.17
7081	-7081	0	-1366.86
7149	-7149	0	-1348.27
7217	-7217	0	-1329.41
7285	-7285	0	-1310.26
7353	-7353	0	-1290.83
7421	-7421	0	-1271.12
7489	-7489	0	-1251.14
7557	-7557	0	-1230.87
7625	-7625	0	-1210.32
7693	-7693	0	-1189.50
7761	-7761	0	-1168.39
7829	-7829	0	-1147.00
7897	-7897	0	-1125.33
7965	-7965	0	-1103.39
8033	-8033	0	-1081.16
8101	-8101	0	-1058.65
8169	-8169	0	-1035.87
8237	-8237	0	-1012.80
8305	-8305	0	-989.45
8373	-8373	0	-965.83
8441	-8441	0	-941.92
8509	-8509	0	-917.73
8577	-8577	0	-893.26
8645	-8645	0	-868.52
8713	-8713	0	-843.49
8781	-8781	0	-818.18
8849	-8849	0	-792.60
8917	-8917	0	-766.73
8985	-8985	0	-740.58
11053	-9053	2000	-1025.04
11121	-9121	2000	-990.09
11189	-9189	2000	-954.87
11257	-9257	2000	-919.37
11325	-9325	2000	-883.59
11393	-9393	2000	-847.53
11461	-9461	2000	-811.18
11529	-9529	2000	-774.56
11597	-9597	2000	-737.66
11665	-9665	2000	-700.48
11733	-9733	2000	-663.01
11801	-9801	2000	-625.27
11869	-9869	2000	-587.25
11937	-9937	2000	-548.95
12005	-10005	2000	-510.36
12073	-10073	2000	-471.50
12141	-10141	2000	-432.36
12209	-10209	2000	-392.94
12277	-10277	2000	-353.23
12345	-10345	2000	-313.25
12413	-10413	2000	-272.99
12481	-10481	2000	-232.45
12549	-10549	2000	-191.63
12617	-10617	2000	-150.52
12685	-10685	2000	-109.14
12753	-10753	2000	-67.48
12821	-10821	2000	-25.54
12889	-10889	2000	16.69
12944	-10944	2000	61.21
12969	-10969	2000	110.62
12968	-10968	2000	164.18
12949	-10949	2000	220.53
12917	-10917	2000	278.82
12877	-10877	2000	338.23
12829	-10829	2000	398.71
12777	-10777	2000	459.62
12721	-10721	2000	520.94
12663	-10663	2000	582.33
12602	-10602	2000	643.96
12540	-10540	2000	705.48
12477	-10477	2000	766.91
12413	-10413	2000	828.24
12348	-10348	2000	889.45
12283	-10283	2000	950.40
12217	-10217	2000	1011.24
12151	-10151	2000	1071.80
12085	-10085	2000	1132.09
12018	-10018	2000	1192.27
11951	-9951	2000	1252.17
11885	-9885	2000	1311.64
11817	-9817	2000	1371.15
11750	-9750	2000	1430.22
11683	-9683	2000	1489.02
11616	-9616	2000	1547.54
11549	-9549	2000	1605.78
11481	-9481	2000	1663.91
11415	-9415	2000	1721.44
11347	-9347	2000	1779.02
11280	-9280	2000	1836.15
11213	-9213	2000	1893.02
11145	-9145	2000	1949.76
11078	-9078	2000	2006.06
11011	-9011	2000	2062.09
10943	-8943	2000	2118.00
10876	-8876	2000	2173.48
10809	-8809	2000	2228.67
10741	-8741	2000	2283.75
10675	-8675	2000	2338.24
10607	-8607	2000	2392.76
10540	-8540	2000	2446.85
10473	-8473	2000	2500.67
10405	-8405	2000	2554.36
10338	-8338	2000	2607.62
10271	-8271	2000	2660.60
10203	-8203	2000	2713.47
10136	-8136	2000	2765.89
10069	-8069	2000	2818.04
10001	-8001	2000	2870.08
9934	-7934	2000	2921.67
9867	-7867	2000	2972.99
9800	-7800	2000	3024.03
9733	-7733	2000	3074.80
9665	-7665	2000	3125.45
9598	-7598	2000	3175.66
9531	-7531	2000	3225.60
9463	-7463	2000	3275.41
9396	-7396	2000	3324.79
9328	-7328	2000	3374.05
9261	-7261	2000	3422.87
9193	-7193	2000	3471.58
9126	-7126	2000	3519.84
9059	-7059	2000	3567.84
8991	-6991	2000	3615.71
8924	-6924	2000	3663.15
8857	-6857	2000	3710.31
8789	-6789	2000	3757.35
8722	-6722	2000	3803.95
8655	-6655	2000	3850.28
8587	-6587	2000	3896.49
8520	-6520	2000	3942.26
8453	-6453	2000	3987.76
8385	-6385	2000	4033.13
8318	-6318	2000	4078.07
8251	-6251	2000	4122.74
8183	-6183	2000	4167.28
8116	-6116	2000	4211.39
8049	-6049	2000	4255.23
7981	-5981	2000	4298.94
7914	-5914	2000	4342.22
7847	-5847	2000	4385.22
7779	-5779	2000	4428.10
7712	-5712	2000	4470.55
7645	-5645	2000	4512.72
7577	-5577	2000	4554.77
7510	-5510	2000	4596.38
7443	-5443	2000	4637.72
7375	-5375	2000	4678.93
7308	-5308	2000	4719.72
7241	-5241	2000	4760.22
7173	-5173	2000	4800.61
7106	-5106	2000	4840.56
7039	-5039	2000	4880.23
6971	-4971	2000	4919.79
6904	-4904	2000	4958.91
6837	-4837	2000	4997.75
6769	-4769	2000	5036.47
6702	-4702	2000	5074.76
6635	-4635	2000	5112.77
6567	-4567	2000	5150.66
6500	-4500	2000	5188.12
6433	-4433	2000	5225.29
6365	-4365	2000	5262.35
6298	-4298	2000	5298.98
6231	-4231	2000	5335.32
6163	-4163	2000	5371.55
6095	-4095	2000	5407.50
6028	-4028	2000	5443.01
5961	-3961	2000	5478.25
5893	-3893	2000	5513.36
5826	-3826	2000	5548.04
5759	-3759	2000	5582.44
5691	-3691	2000	5616.73
5624	-3624	2000	5650.58
5557	-3557	2000	5684.15
5489	-3489	2000	5717.60
5422	-3422	2000	5750.62
5355	-3355	2000	5783.36
5287	-3287	2000	5815.98
5220	-3220	2000	5848.16
5152	-3152	2000	5880.23
5085	-3085	2000	5911.85
5017	-3017	2000	5943.36
4950	-2950	2000	5974.44
4883	-2883	2000	6005.23
4815	-2815	2000	6035.91
4748	-2748	2000	6066.15
4681	-2681	2000	6096.11
4613	-2613	2000	6125.96
4546	-2546	2000	6155.37
4479	-2479	2000	6184.50
4411	-2411	2000	6213.51
4344	-2344	2000	6242.09
4277	-2277	2000	6270.39
4209	-2209	2000	6298.58
4142	-2142	2000	6326.32
4075	-2075	2000	6353.79
4007	-2007	2000	6381.14
3940	-1940	2000	6408.05
3873	-1873	2000	6434.69
3805	-1805	2000	6461.21
3738	-1738	2000	6487.29
3671	-1671	2000	6513.10
3603	-1603	2000	6538.78
3536	-1536	2000	6564.03
3469	-1469	2000	6589.01
3401	-1401	2000	6613.86
3333	-1333	2000	6638.44
3266	-1266	2000	6662.58
3199	-1199	2000	6686.44
3131	-1131	2000	6710.18
3064	-1064	2000	6733.49
2997	-997	2000	6756.52
2929	-929	2000	6779.43
2862	-862	2000	6801.91
2795	-795	2000	6824.10
2727	-727	2000	6846.18
2660	-660	2000	6867.83
2592	-592	2000	6889.35
2525	-525	2000	6910.44
2457	-457	2000	6931.40
2390	-390	2000	6951.94
2323	-323	2000	6972.19
2255	-255	2000	6992.33
2188	-188	2000	7012.03
2121	-121	2000	7031.45
2053	-53	2000	7050.75
1986	14	2000	7069.62
1919	81	2000	7088.21
1851	149	2000	7106.69
1784	216	2000	7124.72
1717	283	2000	7142.48
1649	351	2000	7160.12
1581	419	2000	7177.48
1514	486	2000	7194.41
1447	553	2000	7211.06
1379	621	2000	7227.58
1312	688	2000	7243.68
1245	755	2000	7259.49
1177	823	2000	7275.19
1110	890	2000	7290.45
1043	957	2000	7305.44
975	1025	2000	7320.30
908	1092	2000	7334.73
841	1159	2000	7348.88
773	1227	2000	7362.92
706	1294	2000	7376.51
639	1361	2000	7389.84
571	1429	2000	7403.04
504	1496	2000	7415.80
436	1564	2000	7428.45
369	1631	2000	7440.66
301	1699	2000	7452.75
234	1766	2000	7464.40
167	1833	2000	7475.78
99	1901	2000	7487.04
32	1968	2000	7497.86
-35	2035	2000	7508.41
-103	2103	2000	7518.83
-170	2170	2000	7528.82
-237	2237	2000	7538.54
-305	2305	2000	7548.13
-372	2372	2000	7557.29
-439	2439	2000	7566.17
-507	2507	2000	7574.93
-574	2574	2000	7583.26
-641	2641	2000	7591.31
-709	2709	2000	7599.24
-776	2776	2000	7606.74
-843	2843	2000	7613.96
-911	2911	2000	7621.06
-978	2978	2000	7627.72
-1046	3046	2000	7634.26
-1113	3113	2000	7640.37
-1181	3181	2000	7646.36
-1248	3248	2000	7651.91
-1315	3315	2000	7657.18
-1383	3383	2000	7662.34
-1450	3450	2000	7667.06
-1517	3517	2000	7671.50
-1585	3585	2000	7675.83
-1652	3652	2000	7679.72
-1719	3719	2000	7683.33
-1787	3787	2000	7686.82
-1854	3854	2000	7689.88
-1921	3921	2000	7692.66
-1988	3988	2000	7695.16
-2055	4055	2000	7697.39
-2123	4123	2000	7699.50
-2190	4190	2000	7701.17
-2257	4257	2000	7702.57
-2325	4325	2000	7703.84
-2392	4392	2000	7704.68
-2459	4459	2000	7705.25
-2527	4527	2000	7705.69
-2594	4594	2000	7705.70
-2661	4661	2000	7705.44
-2729	4729	2000	7705.05
-2796	4796	2000	7704.23
-2864	4864	2000	7703.28
-2931	4931	2000	7701.91
-2999	4999	2000	7700.41
-3066	5066	2000	7698.47
-3133	5133	2000	7696.26
-3201	5201	2000	7693.93
-3268	5268	2000	7691.17
-3335	5335	2000	7688.12
-3403	5403	2000	7684.96
-3470	5470	2000	7681.36
-3537	5537	2000	7677.49
-3605	5605	2000	7673.50
-3672	5672	2000	7669.07
-3739	5739	2000	7664.36
-3807	5807	2000	7659.54
-3874	5874	2000	7654.27
-3941	5941	2000	7648.74
-4009	6009	2000	7643.08
-4076	6076	2000	7636.99
-4143	6143	2000	7630.62
-4211	6211	2000	7624.13
-4278	6278	2000	7617.20
-4345	6345	2000	7610.00
-4413	6413	2000	7602.68
-4480	6480	2000	7594.92
-4547	6547	2000	7586.89
-4615	6615	2000	7578.74
-4682	6682	2000	7570.15
-4750	6750	2000	7561.44
-4817	6817	2000	7552.30
-4884	6884	2000	7542.88
-4952	6952	2000	7533.34
-5019	7019	2000	7523.36
-7087	7087	0	7824.15
-7154	7154	0	7805.38
-7221	7221	0	7786.34
-7289	7289	0	7767.17
-7356	7356	0	7747.57
-7423	7423	0	7727.70
-7491	7491	0	7707.70
-7558	7558	0	7687.27
-7625	7625	0	7666.57
-7693	7693	0	7645.74
-7760	7760	0	7624.48
-7827	7827	0	7602.94
-7895	7895	0	7581.28
-7962	7962	0	7559.19
-8029	8029	0	7536.82
-8096	8096	0	7514.17
-8164	8164	0	7491.40
-8231	8231	0	7468.20
-8299	8299	0	7444.88
-8366	8366	0	7421.12
-8433	8433	0	7397.09
-8501	8501	0	7372.93
-8568	8568	0	7348.34
-8635	8635	0	7323.48
-8703	8703	0	7298.49
-8770	8770	0	7273.07
-8837	8837	0	7247.37
-8905	8905	0	7221.56
-8972	8972	0	7195.30
-9039	9039	0	7168.77
-9107	9107	0	7142.13
-9174	9174	0	7115.04
-9241	9241	0	7087.68
-9309	9309	0	7060.20
-9376	9376	0	7032.28
-9443	9443	0	7004.09
-9511	9511	0	6975.78
-9578	9578	0	6947.03
-9645	9645	0	6918.00
-9713	9713	0	6888.86
-9780	9780	0	6859.28
-9847	9847	0	6829.42
-9915	9915	0	6799.45
-9982	9982	0	6769.03
-10049	10049	0	6738.35
-10117	10117	0	6707.54
-10184	10184	0	6676.29
-10251	10251	0	6644.77
-10319	10319	0	6613.13
-10386	10386	0	6581.06
-10453	10453	0	6548.71
-10521	10521	0	6516.24
-10588	10588	0	6483.33
-10655	10655	0	6450.15
-10723	10723	0	6416.84
-10790	10790	0	6383.10
-10857	10857	0	6349.09
-10925	10925	0	6314.95
-10992	10992	0	6280.38
-11059	11059	0	6245.54
-11127	11127	0	6210.57
-11194	11194	0	6175.17
-11261	11261	0	6139.49
-11329	11329	0	6103.69
-11396	11396	0	6067.46
-11463	11463	0	6030.95
-11531	11531	0	5994.31
-11598	11598	0	5957.25
-11665	11665	0	5919.91
-11733	11733	0	5882.44
-11800	11800	0	5844.55
-11867	11867	0	5806.37
-11935	11935	0	5768.08
-12002	12002	0	5729.35
-12069	12069	0	5690.34
-12137	12137	0	5651.22
-12204	12204	0	5611.66
-12271	12271	0	5571.82
-12339	12339	0	5531.86
-12406	12406	0	5491.47
-12473	12473	0	5450.80
-12541	12541	0	5410.01
-12608	12608	0	5368.79
-12675	12675	0	5327.29
-12743	12743	0	5285.66
-12810	12810	0	5243.61
-12877	12877	0	5201.27
-12945	12945	0	5158.82
-13012	13012	0	5115.93
-13079	13079	0	5072.77
-13147	13147	0	5029.48
-13214	13214	0	4985.76
-13281	13281	0	4941.77
-13349	13349	0	4897.65
-13416	13416	0	4853.10
-13483	13483	0	4808.27
-13551	13551	0	4763.32
-13618	13618	0	4717.94
-13685	13685	0	4672.28
-13753	13753	0	4626.50
-13820	13820	0	4580.29
-13887	13887	0	4533.79
-13955	13955	0	4487.18
-14022	14022	0	4440.14
-14089	14089	0	4392.81
-14157	14157	0	4345.37
-14224	14224	0	4297.49
-14291	14291	0	4249.33
-14359	14359	0	4201.06
-14426	14426	0	4152.35
-14493	14493	0	4103.36
-14561	14561	0	4054.25
-14628	14628	0	4004.71
-14695	14695	0	3954.89
-14763	14763	0	3904.95
-14830	14830	0	3854.58
-14897	14897	0	3803.93
-14965	14965	0	3753.16
-15032	15032	0	3701.95
-15099	15099	0	3650.47
-15167	15167	0	3598.87
-15234	15234	0	3546.83
-15301	15301	0	3494.52
-15369	15369	0	3442.08
-15436	15436	0	3389.21
-15503	15503	0	3336.07
-15571	15571	0	3282.80
-15638	15638	0	3229.10
-15705	15705	0	3175.12
-15773	15773	0	3121.03
-15840	15840	0	3066.49
-15907	15907	0	3011.69
-15975	15975	0	2956.76
-16042	16042	0	2901.39
-16109	16109	0	2845.75
-16177	16177	0	2789.99
-16244	16244	0	2733.79
-16311	16311	0	2677.32
-16379	16379	0	2620.73
-16446	16446	0	2563.70
-16513	16513	0	2506.39
-16580	16580	0	2448.81
-16648	16648	0	2391.11
-16715	16715	0	2332.98
-16782	16782	0	2274.57
-16849	16849	0	2215.88
-16917	16917	0	2157.07
-16984	16984	0	2097.83
-17051	17051	0	2038.31
-17119	17119	0	1978.67
-17186	17186	0	1918.59
-17253	17253	0	1858.24
-17321	17321	0	1797.77
-17388	17388	0	1736.86
-17455	17455	0	1675.68
-17523	17523	0	1614.37
-17590	17590	0	1552.64
-17657	17657	0	1490.62
-17725	17725	0	1428.48
-17792	17792	0	1365.91
-17859	17859	0	1303.07
-17927	17927	0	1240.10
-17994	17994	0	1176.70
-18061	18061	0	1113.02
-18129	18129	0	1049.22
-18196	18196	0	984.99
-18263	18263	0	920.48
-18331	18331	0	855.85
-18398	18398	0	790.78
-18465	18465	0	725.44
-18533	18533	0	659.98
-18600	18600	0	594.08
-18667	18667	0	527.90
-18735	18735	0	461.61
-18802	18802	0	394.88
-18869	18869	0	327.88
-18937	18937	0	260.75
-19004	19004	0	193.19
-19071	19071	0	125.35
-19139	19139	0	57.39
-19206	19206	0	-11.00
-19260	19260	0	-81.69
-19285	19285	0	-157.11
-19285	19285	0	-236.52
-19265	19265	0	-319.04
-19232	19232	0	-403.49
-19190	19190	0	-489.21
-19141	19141	0	-575.85
-19088	19088	0	-662.90
-19031	19031	0	-750.36
-18972	18972	0	-837.89
-18911	18911	0	-925.49
-18848	18848	0	-1013.16
-18784	18784	0	-1100.71
-18719	18719	0	-1188.16
-18653	18653	0	-1275.50
-18587	18587	0	-1362.57
-18520	18520	0	-1449.51
-18453	18453	0	-1536.19
-18385	18385	0	-1622.74
-18318	18318	0	-1708.86
-18251	18251	0	-1794.70
-18183	18183	0	-1880.42
-18115	18115	0	-1965.86
-18047	18047	0	-2051.02
-17979	17979	0	-2135.90
-17911	17911	0	-2220.51
-17843	17843	0	-2304.83
-17775	17775	0	-2388.87
-17707	17707	0	-2472.63
-17639	17639	0	-2556.11
-17571	17571	0	-2639.31
-17503	17503	0	-2722.23
-17434	17434	0	-2805.03
-17366	17366	0	-2887.39
-17298	17298	0	-2969.46
-17229	17229	0	-3051.42
-17161	17161	0	-3132.93
-17093	17093	0	-3214.16
-17025	17025	0	-3295.11
-16957	16957	0	-3375.79
-16889	16889	0	-3456.18
-16820	16820	0	-3536.45
-16752	16752	0	-3616.28
-16684	16684	0	-3695.83
-16615	16615	0	-3775.25
-16547	16547	0	-3854.23
-16479	16479	0	-3932.94
-16411	16411	0	-4011.36
-16343	16343	0	-4089.51
-16275	16275	0	-4167.37
-16206	16206	0	-4245.11
-16138	16138	0	-4322.42
-16069	16069	0	-4399.59
-16001	16001	0	-4476.33
-15933	15933	0	-4552.78
-15865	15865	0	-4628.96
-15797	15797	0	-4704.86
-15728	15728	0	-4780.63
-15660	15660	0	-4855.96
-15592	15592	0	-4931.01
-15523	15523	0	-5005.94
-15455	15455	0	-5080.43
-15387	15387	0	-5154.64
-15319	15319	0	-5228.57
-15250	15250	0	-5302.37
-15182	15182	0	-5375.73
-15113	15113	0	-5448.97
-15045	15045	0	-5521.77
-14977	14977	0	-5594.29
-14909	14909	0	-5666.53
-14840	14840	0	-5738.65
-14772	14772	0	-5810.32
-14703	14703	0	-5881.88
-14635	14635	0	-5952.99
-14567	14567	0	-6023.82
-14499	14499	0	-6094.37
-14431	14431	0	-6164.64
-14362	14362	0	-6234.79
-14294	14294	0	-6304.50
-14225	14225	0	-6374.08
-14157	14157	0	-6443.22
-14089	14089	0	-6512.09
-14021	14021	0	-6580.67
-13953	13953	0	-6648.97
-13884	13884	0	-6717.15
-13816	13816	0	-6784.89
-13748	13748	0	-6852.35
-13680	13680	0	-6919.53
-13611	13611	0	-6986.59
-13543	13543	0	-7053.20
-13475	13475	0	-7119.54
-13407	13407	0	-7185.59
-13339	13339	0	-7251.37
-13271	13271	0	-7316.86
-13202	13202	0	-7382.23
-13134	13134	0	-7447.17
-13066	13066	0	-7511.82
-12998	12998	0	-7576.19
-12929	12929	0	-7640.43
-12861	12861	0	-7704.24
-12793	12793	0	-7767.77
-12725	12725	0	-7831.02
-12657	12657	0	-7893.98
-12589	12589	0	-7956.67
-12520	12520	0	-8019.23
-12452	12452	0	-8081.35
-12384	12384	0	-8143.20
-12316	12316	0	-8204.76
-12247	12247	0	-8266.20
-12179	12179	0	-8327.20
-12111	12111	0	-8387.92
-12043	12043	0	-8448.36
-11975	11975	0	-8508.51
-11907	11907	0	-8568.39
-11839	11839	0	-8627.99
-11771	11771	0	-8687.31
-11703	11703	0	-8746.35
-11635	11635	0	-8805.11
-11566	11566	0	-8863.74
-11498	11498	0	-8921.94
-9430	11430	2000	-9290.73
-9362	11362	2000	-9340.13
-9294	11294	2000	-9389.25
-9226	11226	2000	-9438.09
-9157	11157	2000	-9486.81
-9089	11089	2000	-9535.08
-9021	11021	2000	-9583.08
-8953	10953	2000	-9630.79
-8885	10885	2000	-9678.23
-8817	10817	2000	-9725.38
-8749	10749	2000	-9772.26
-8681	10681	2000	-9818.86
-8613	10613	2000	-9865.17
-8545	10545	2000	-9911.21
-8477	10477	2000	-9956.96
-8409	10409	2000	-10002.44
-8341	10341	2000	-10047.63
-8273	10273	2000	-10092.55
-8204	10204	2000	-10137.34
-8136	10136	2000	-10181.69
-8068	10068	2000	-10225.76
-8000	10000	2000	-10269.55
-7932	9932	2000	-10313.06
-7864	9864	2000	-10356.29
-7796	9796	2000	-10399.25
-7728	9728	2000	-10441.92
-7660	9660	2000	-10484.31
-7591	9591	2000	-10526.57
-7523	9523	2000	-10568.40
-7455	9455	2000	-10609.95
-7387	9387	2000	-10651.21
-7319	9319	2000	-10692.20
-7251	9251	2000	-10732.91
-7183	9183	2000	-10773.34
-7115	9115	2000	-10813.48
-7047	9047	2000	-10853.35
-6979	8979	2000	-10892.94
-6911	8911	2000	-10932.24
-6843	8843	2000	-10971.27
-6775	8775	2000	-11010.02
-6707	8707	2000	-11048.49
-6639	8639	2000	-11086.67
-6571	8571	2000	-11124.58
-6503	8503	2000	-11162.21
-6435	8435	2000	-11199.55
-6367	8367	2000	-11236.62
-6298	8298	2000	-11273.56
-6230	8230	2000	-11310.07
-6162	8162	2000	-11346.29
-6094	8094	2000	-11382.23
-6026	8026	2000	-11417.90
-5958	7958	2000	-11453.28
-5890	7890	2000	-11488.38
-5822	7822	2000	-11523.20
-5754	7754	2000	-11557.75
-5686	7686	2000	-11592.01
-5618	7618	2000	-11625.99
-5549	7549	2000	-11659.85
-5481	7481	2000	-11693.27
-5413	7413	2000	-11726.41
-5345	7345	2000	-11759.27
-5277	7277	2000	-11791.85
-5209	7209	2000	-11824.15
-5141	7141	2000	-11856.16
-5073	7073	2000	-11887.90
-5005	7005	2000	-11919.36
-4937	6937	2000	-11950.54
-4869	6869	2000	-11981.44
-4801	6801	2000	-12012.06
-4733	6733	2000	-12042.40
-4665	6665	2000	-12072.46
-4597	6597	2000	-12102.24
-4529	6529	2000	-12131.73
-4461	6461	2000	-12160.95
-4393	6393	2000	-12189.89
-4325	6325	2000	-12218.55
-4257	6257	2000	-12246.93
-4189	6189	2000	-12275.03
-4121	6121	2000	-12302.85
-4053	6053	2000	-12330.39
-3985	5985	2000	-12357.64
-3917	5917	2000	-12384.62
-3849	5849	2000	-12411.32
-3780	5780	2000	-12437.90
-3712	5712	2000	-12464.03
-3644	5644	2000	-12489.89
-3576	5576	2000	-12515.46
-3508	5508	2000	-12540.76
-3440	5440	2000	-12565.77
-3372	5372	2000	-12590.50
-3304	5304	2000	-12614.96
-3236	5236	2000	-12639.13
-3168	5168	2000	-12663.03
-3100	5100	2000	-12686.64
-3032	5032	2000	-12709.98
-2963	4963	2000	-12733.19
-2895	4895	2000	-12755.96
-2827	4827	2000	-12778.45
-2759	4759	2000	-12800.66
-2691	4691	2000	-12822.59
-2623	4623	2000	-12844.24
-2555	4555	2000	-12865.61
-2487	4487	2000	-12886.70
-2419	4419	2000	-12907.51
-2351	4351	2000	-12928.04
-2283	4283	2000	-12948.29
-2215	4215	2000	-12968.26
-2147	4147	2000	-12987.96
-2079	4079	2000	-13007.37
-2011	4011	2000	-13026.50
-1943	3943	2000	-13045.35
-1875	3875	2000	-13063.92
-1807	3807	2000	-13082.21
-1739	3739	2000	-13100.22
-1671	3671	2000	-13117.95
-1602	3602	2000	-13135.56
-1534	3534	2000	-13152.72
-1466	3466	2000	-13169.61
-1398	3398	2000	-13186.21
-1330	3330	2000	-13202.54
-1262	3262	2000	-13218.59
-1194	3194	2000	-13234.35
-1126	3126	2000	-13249.84
-1058	3058	2000	-13265.05
-989	2989	2000	-13280.13
-921	2921	2000	-13294.77
-853	2853	2000	-13309.13
-785	2785	2000	-13323.22
-717	2717	2000	-13337.02
-649	2649	2000	-13350.54
-581	2581	2000	-13363.78
-513	2513	2000	-13376.75
-445	2445	2000	-13389.43
-377	2377	2000	-13401.83
-309	2309	2000	-13413.95
-241	2241	2000	-13425.79
-173	2173	2000	-13437.36
-105	2105	2000	-13448.64
-37	2037	2000	-13459.64
31	1969	2000	-13470.36
99	1901	2000	-13480.81
167	1833	2000	-13490.97
235	1765	2000	-13500.85
303	1697	2000	-13510.45
371	1629	2000	-13519.78
440	1560	2000	-13528.97
508	1492	2000	-13537.73
576	1424	2000	-13546.21
644	1356	2000	-13554.41
712	1288	2000	-13562.33
780	1220	2000	-13569.97
848	1152	2000	-13577.32
916	1084	2000	-13584.40
984	1016	2000	-13591.20
1052	948	2000	-13597.72
1120	880	2000	-13603.96
1188	812	2000	-13609.92
1256	744	2000	-13615.59
1324	676	2000	-13620.99
1392	608	2000	-13626.11
1460	540	2000	-13630.95
1528	472	2000	-13635.51
1596	404	2000	-13639.79
1665	335	2000	-13643.94
1733	267	2000	-13647.65
1801	199	2000	-13651.09
1869	131	2000	-13654.24
1937	63	2000	-13657.12
2005	-5	2000	-13659.71
2073	-73	2000	-13662.02
2141	-141	2000	-13664.06
2209	-209	2000	-13665.81
2277	-277	2000	-13667.29
2345	-345	2000	-13668.48
2413	-413	2000	-13669.39
2481	-481	2000	-13670.03
2549	-549	2000	-13670.38
2617	-617	2000	-13670.46
2685	-685	2000	-13670.25
2753	-753	2000	-13669.76
2821	-821	2000	-13669.00
2889	-889	2000	-13667.95
2957	-957	2000	-13666.63
3025	-1025	2000	-13665.02
3093	-1093	2000	-13663.14
3161	-1161	2000	-13660.97
3229	-1229	2000	-13658.52
3298	-1298	2000	-13655.95
3366	-1366	2000	-13652.94
3434	-1434	2000	-13649.65
3502	-1502	2000	-13646.08
3570	-1570	2000	-13642.23
3638	-1638	2000	-13638.10
3706	-1706	2000	-13633.69
3774	-1774	2000	-13629.00
3842	-1842	2000	-13624.03
3910	-1910	2000	-13618.78
3978	-1978	2000	-13613.25
4046	-2046	2000	-13607.44
4115	-2115	2000	-13601.51
4183	-2183	2000	-13595.13
4251	-2251	2000	-13588.48
4319	-2319	2000	-13581.55
4387	-2387	2000	-13574.33
4455	-2455	2000	-13566.84
4523	-2523	2000	-13559.06
4591	-2591	2000	-13551.01
4659	-2659	2000	-13542.68
4727	-2727	2000	-13534.06
4795	-2795	2000	-13525.17
4863	-2863	2000	-13515.99
4931	-2931	2000	-13506.54
4999	-2999	2000	-13496.80
5067	-3067	2000	-13486.79
5135	-3135	2000	-13476.50
5203	-3203	2000	-13465.92
5271	-3271	2000	-13455.07
5339	-3339	2000	-13443.93
5407	-3407	2000	-13432.52
5475	-3475	2000	-13420.83
5543	-3543	2000	-13408.85
5611	-3611	2000	-13396.60
5679	-3679	2000	-13384.06
5747	-3747	2000	-13371.25
5815	-3815	2000	-13358.16
5883	-3883	2000	-13344.78
5951	-3951	2000	-13331.13
6019	-4019	2000	-13317.19
6087	-4087	2000	-13302.98
6156	-4156	2000	-13288.64
6224	-4224	2000	-13273.86
6292	-4292	2000	-13258.80
6360	-4360	2000	-13243.46
6428	-4428	2000	-13227.85
6496	-4496	2000	-13211.95
6564	-4564	2000	-13195.77
6632	-4632	2000	-13179.31
6700	-4700	2000	-13162.57
6768	-4768	2000	-13145.55
6836	-4836	2000	-13128.26
6904	-4904	2000	-13110.68
6972	-4972	2000	-13092.82
7040	-5040	2000	-13074.68
7108	-5108	2000	-13056.26
7176	-5176	2000	-13037.57
7245	-5245	2000	-13018.74
7313	-5313	2000	-12999.48
7381	-5381	2000	-12979.94
7449	-5449	2000	-12960.12
7517	-5517	2000	-12940.01
7585	-5585	2000	-12919.63
7653	-5653	2000	-12898.97
7721	-5721	2000	-12878.03
7789	-5789	2000	-12856.80
7857	-5857	2000	-12835.30
7925	-5925	2000	-12813.52
7993	-5993	2000	-12791.46
8061	-6061	2000	-12769.11
8129	-6129	2000	-12746.49
8197	-6197	2000	-12723.59
8265	-6265	2000	-12700.41
8333	-6333	2000	-12676.95
8401	-6401	2000	-12653.20
8469	-6469	2000	-12629.18
8537	-6537	2000	-12604.88
8605	-6605	2000	-12580.30
8673	-6673	2000	-12555.43
8741	-6741	2000	-12530.29
8809	-6809	2000	-12504.87
8877	-6877	2000	-12479.17
8945	-6945	2000	-12453.18
9013	-7013	2000	-12426.92
9081	-7081	2000	-12400.38
9149	-7149	2000	-12373.56
9217	-7217	2000	-12346.45
9285	-7285	2000	-12319.07
9353	-7353	2000	-12291.41
9421	-7421	2000	-12263.47
9489	-7489	2000	-12235.25
9557	-7557	2000	-12206.74
9625	-7625	2000	-12177.96
9693	-7693	2000	-12148.90
9761	-7761	2000	-12119.56
9829	-7829	2000	-12089.93
9897	-7897	2000	-12060.03
9965	-7965	2000	-12029.85
10033	-8033	2000	-11999.39
10101	-8101	2000	-11968.64
10169	-8169	2000	-11937.62
10237	-8237	2000	-11906.32
10305	-8305	2000	-11874.74
10373	-8373	2000	-11842.87
10441	-8441	2000	-11810.73
10509	-8509	2000	-11778.31
10577	-8577	2000	-11745.61
10645	-8645	2000	-11712.63
10713	-8713	2000	-11679.36
10781	-8781	2000	-11645.82
10849	-8849	2000	-11612.00
10917	-8917	2000	-11577.90
10986	-8986	2000	-11543.67
9054	-9054	0	-11198.12
9122	-9122	0	-11171.41
9190	-9190	0	-11144.42
9258	-9258	0	-11117.15
9326	-9326	0	-11089.60
9394	-9394	0	-11061.77
9462	-9462	0	-11033.65
9530	-9530	0	-11005.26
9598	-9598	0	-10976.59
9666	-9666	0	-10947.64
9734	-9734	0	-10918.41
9802	-9802	0	-10888.90
9870	-9870	0	-10859.11
9938	-9938	0	-10829.04
10006	-10006	0	-10798.68
10074	-10074	0	-10768.05
10142	-10142	0	-10737.14
10210	-10210	0	-10705.95
10278	-10278	0	-10674.48
10346	-10346	0	-10642.73
10414	-10414	0	-10610.70
10482	-10482	0	-10578.39
10551	-10551	0	-10545.95
10619	-10619	0	-10513.08
10687	-10687	0	-10479.92
10755	-10755	0	-10446.48
10823	-10823	0	-10412.77
10891	-10891	0	-10378.77
10959	-10959	0	-10344.50
11027	-11027	0	-10309.94
11095	-11095	0	-10275.11
11163	-11163	0	-10239.99
11231	-11231	0	-10204.60
11299	-11299	0	-10168.92
11367	-11367	0	-10132.97
11435	-11435	0	-10096.73
11503	-11503	0	-10060.22
11571	-11571	0	-10023.42
11639	-11639	0	-9986.35
11707	-11707	0	-9948.99
11775	-11775	0	-9911.36
11843	-11843	0	-9873.44
11911	-11911	0	-9835.25
11979	-11979	0	-9796.77
12047	-12047	0	-9758.01
12115	-12115	0	-9718.98
12183	-12183	0	-9679.66
12251	-12251	0	-9640.07
12319	-12319	0	-9600.19
12387	-12387	0	-9560.04
12455	-12455	0	-9519.60
12523	-12523	0	-9478.89
12591	-12591	0	-9437.89
12659	-12659	0	-9396.62
12727	-12727	0	-9355.06
12795	-12795	0	-9313.23
12863	-12863	0	-9271.11
12931	-12931	0	-9228.72
13000	-13000	0	-9186.20
13068	-13068	0	-9143.24
13136	-13136	0	-9100.00
13204	-13204	0	-9056.48
13272	-13272	0	-9012.68
13340	-13340	0	-8968.60
13408	-13408	0	-8924.24
13476	-13476	0	-8879.60
13544	-13544	0	-8834.68
13612	-13612	0	-8789.48
13680	-13680	0	-8744.00
13748	-13748	0	-8698.24
13816	-13816	0	-8652.20
13884	-13884	0	-8605.88
13952	-13952	0	-8559.28
14020	-14020	0	-8512.41
14088	-14088	0	-8465.25
14156	-14156	0	-8417.81
14224	-14224	0	-8370.09
14292	-14292	0	-8322.09
14360	-14360	0	-8273.81
14428	-14428	0	-8225.25
14496	-14496	0	-8176.41
14564	-14564	0	-8127.29
14632	-14632	0	-8077.89
14700	-14700	0	-8028.21
14768	-14768	0	-7978.25
14836	-14836	0	-7928.01
14904	-14904	0	-7877.49
14972	-14972	0	-7826.69
15040	-15040	0	-7775.61
15108	-15108	0	-7724.25
15176	-15176	0	-7672.62
15244	-15244	0	-7620.70
15312	-15312	0	-7568.50
15380	-15380	0	-7516.02
15448	-15448	0	-7463.26
15516	-15516	0	-7410.22
15584	-15584	0	-7356.90
15652	-15652	0	-7303.30
15720	-15720	0	-7249.42
15788	-15788	0	-7195.26
15857	-15857	0	-7140.98
15925	-15925	0	-7086.25
15993	-15993	0	-7031.25
16061	-16061	0	-6975.97
16129	-16129	0	-6920.40
16197	-16197	0	-6864.56
16265	-16265	0	-6808.44
16333	-16333	0	-6752.03
16401	-16401	0	-6695.35
16469	-16469	0	-6638.38
16537	-16537	0	-6581.14
16605	-16605	0	-6523.62
16673	-16673	0	-6465.81
16741	-16741	0	-6407.73
16809	-16809	0	-6349.37
16877	-16877	0	-6290.72
16945	-16945	0	-6231.80
17013	-17013	0	-6172.60
17081	-17081	0	-6113.11
17149	-17149	0	-6053.35
17217	-17217	0	-5993.31
17285	-17285	0	-5932.98
17353	-17353	0	-5872.38
17421	-17421	0	-5811.49
17489	-17489	0	-5750.33
17557	-17557	0	-5688.89
17625	-17625	0	-5627.16
17693	-17693	0	-5565.16
17761	-17761	0	-5502.88
17829	-17829	0	-5440.31
17897	-17897	0	-5377.47
17965	-17965	0	-5314.35
18033	-18033	0	-5250.94
18101	-18101	0	-5187.26
18169	-18169	0	-5123.30
18237	-18237	0	-5059.05
18305	-18305	0	-4994.53
18373	-18373	0	-4929.72
18441	-18441	0	-4864.64
18509	-18509	0	-4799.28
18577	-18577	0	-4733.63
18645	-18645	0	-4667.71
18713	-18713	0	-4601.51
18781	-18781	0	-4535.02
18850	-18850	0	-4468.42
18917	-18917	0	-4401.21
18986	-18986	0	-4334.04
19054	-19054	0	-4266.44
19122	-19122	0	-4198.55
19190	-19190	0	-4130.38
19258	-19258	0	-4061.93
19326	-19326	0	-3993.21
19394	-19394	0	-3924.20
19462	-19462	0	-3854.91
19530	-19530	0	-3785.34
19598	-19598	0	-3715.50
19666	-19666	0	-3645.37
19734	-19734	0	-3574.96
19802	-19802	0	-3504.27
19870	-19870	0	-3433.30
19938	-19938	0	-3362.06
20006	-20006	0	-3290.53
20074	-20074	0	-3218.72
20142	-20142	0	-3146.63
20210	-20210	0	-3074.27
20278	-20278	0	-3001.62
20346	-20346	0	-2928.69
20414	-20414	0	-2855.48
20482	-20482	0	-2782.00
20551	-20551	0	-2708.38
20619	-20619	0	-2634.33
20687	-20687	0	-2560.00
20755	-20755	0	-2485.39
20823	-20823	0	-2410.50
20891	-20891	0	-2335.33
20959	-20959	0	-2259.87
21027	-21027	0	-2184.14
21095	-21095	0	-2108.13
21163	-21163	0	-2031.84
21231	-21231	0	-1955.27
21299	-21299	0	-1878.41
21367	-21367	0	-1801.28
21435	-21435	0	-1723.87
21503	-21503	0	-1646.18
21571	-21571	0	-1568.21
21639	-21639	0	-1489.96
21707	-21707	0	-1411.42
21775	-21775	0	-1332.61
21843	-21843	0	-1253.52
21911	-21911	0	-1174.15
21979	-21979	0	-1094.50
22047	-22047	0	-1014.57
22115	-22115	0	-934.35
22183	-22183	0	-853.86
22251	-22251	0	-773.09
22319	-22319	0	-692.04
22387	-22387	0	-610.71
22455	-22455	0	-529.10
22523	-22523	0	-447.20
22591	-22591	0	-365.03
22659	-22659	0	-282.58
22727	-22727	0	-199.85
22795	-22795	0	-116.84
22864	-22864	0	-33.70
22932	-22932	0	49.88
22986	-22986	0	135.91
23011	-23011	0	226.67
23010	-23010	0	321.58
22991	-22991	0	419.28
22959	-22959	0	518.92
22919	-22919	0	619.67
22871	-22871	0	721.51
22819	-22819	0	823.77
22764	-22764	0	926.28
22705	-22705	0	1029.18
22645	-22645	0	1132.00
22583	-22583	0	1234.88
22521	-22521	0	1337.51
22457	-22457	0	1440.19
22392	-22392	0	1542.76
22327	-22327	0	1645.07
22261	-22261	0	1747.26
22195	-22195	0	1849.18
22129	-22129	0	1950.83
22063	-22063	0	2052.21
21996	-21996	0	2153.47
21929	-21929	0	2254.46
21863	-21863	0	2355.02
21796	-21796	0	2455.45
21729	-21729	0	2555.62
21662	-21662	0	2655.50
21595	-21595	0	2755.11
21528	-21528	0	2854.45
21461	-21461	0	2953.51
21393	-21393	0	3052.45
21327	-21327	0	3150.80
21259	-21259	0	3249.18
21193	-21193	0	3346.98
21125	-21125	0	3444.81
21058	-21058	0	3542.21
20991	-20991	0	3639.34
20924	-20924	0	3736.19
20857	-20857	0	3832.76
20790	-20790	0	3929.05
20723	-20723	0	4025.08
20655	-20655	0	4120.98
20589	-20589	0	4216.28
20521	-20521	0	4311.63
20454	-20454	0	4406.54
20387	-20387	0	4501.18
20320	-20320	0	4595.54
20253	-20253	0	4689.63
20185	-20185	0	4783.59
20118	-20118	0	4877.12
20051	-20051	0	4970.38
19984	-19984	0	5063.35
19917	-19917	0	5156.05
19850	-19850	0	5248.48
19783	-19783	0	5340.63
19715	-19715	0	5432.66
19648	-19648	0	5524.25
19581	-19581	0	5615.57
19514	-19514	0	5706.61
19447	-19447	0	5797.38
19379	-19379	0	5888.03
19313	-19313	0	5978.08
19245	-19245	0	6068.17
19178	-19178	0	6157.83
19111	-19111	0	6247.22
19044	-19044	0	6336.32
18977	-18977	0	6425.15
18909	-18909	0	6513.86
18842	-18842	0	6602.14
18775	-18775	0	6690.14
18708	-18708	0	6777.86
18641	-18641	0	6865.31
18573	-18573	0	6952.64
18507	-18507	0	7039.37
18439	-18439	0	7126.15
18372	-18372	0	7212.49
18305	-18305	0	7298.55
18238	-18238	0	7384.34
18171	-18171	0	7469.85
18103	-18103	0	7555.24
18036	-18036	0	7640.20
17969	-17969	0	7724.88
17902	-17902	0	7809.29
17835	-17835	0	7893.42
17768	-17768	0	7977.27
17701	-17701	0	8060.84
17633	-17633	0	8144.30
17566	-17566	0	8227.32
17499	-17499	0	8310.07
17432	-17432	0	8392.54
17365	-17365	0	8474.73
17298	-17298	0	8556.65
17231	-17231	0	8638.29
17163	-17163	0	8719.81
17096	-17096	0	8800.90
17029	-17029	0	8881.71
16962	-16962	0	8962.24
18895	-16895	2000	8731.62
18828	-16828	2000	8819.83
18761	-16761	2000	8907.78
18693	-16693	2000	8995.60
18626	-16626	2000	9082.98
18559	-16559	2000	9170.09
18492	-16492	2000	9256.93
18425	-16425	2000	9343.48
18357	-16357	2000	9429.92
18290	-16290	2000	9515.92
18223	-16223	2000	9601.65
18156	-16156	2000	9687.10
18089	-16089	2000	9772.27
18021	-16021	2000	9857.33
17954	-15954	2000	9941.95
17887	-15887	2000	10026.29
17820	-15820	2000	10110.36
17753	-15753	2000	10194.15
17685	-15685	2000	10277.82
17618	-15618	2000	10361.05
17551	-15551	2000	10444.01
17484	-15484	2000	10526.70
17417	-15417	2000	10609.10
17349	-15349	2000	10691.39
17282	-15282	2000	10773.24
17215	-15215	2000	10854.82
17148	-15148	2000	10936.12
17081	-15081	2000	11017.14
17013	-15013	2000	11098.04
16946	-14946	2000	11178.51
16879	-14879	2000	11258.70
16812	-14812	2000	11338.62
16745	-14745	2000	11418.26
16677	-14677	2000	11497.78
16610	-14610	2000	11576.87
16543	-14543	2000	11655.67
16476	-14476	2000	11734.21
16409	-14409	2000	11812.46
16341	-14341	2000	11890.60
16274	-14274	2000	11968.30
16207	-14207	2000	12045.73
16140	-14140	2000	12122.88
16073	-14073	2000	12199.75
16005	-14005	2000	12276.50
15938	-13938	2000	12352.82
15871	-13871	2000	12428.86
15804	-13804	2000	12504.63
15737	-13737	2000	12580.12
15669	-13669	2000	12655.49
15603	-13603	2000	12730.26
15535	-13535	2000	12805.08
15468	-13468	2000	12879.46
15401	-13401	2000	12953.57
15333	-13333	2000	13027.56
15266	-13266	2000	13101.11
15199	-13199	2000	13174.38
15132	-13132	2000	13247.38
15065	-13065	2000	13320.10
14997	-12997	2000	13392.71
14930	-12930	2000	13464.87
14863	-12863	2000	13536.76
14796	-12796	2000	13608.38
14729	-12729	2000	13679.72
14661	-12661	2000	13750.94
14594	-12594	2000	13821.72
14527	-12527	2000	13892.23
14460	-12460	2000	13962.46
14393	-12393	2000	14032.42
14325	-12325	2000	14102.25
14258	-12258	2000	14171.65
14191	-12191	2000	14240.77
14124	-12124	2000	14309.62
14057	-12057	2000	14378.19
13990	-11990	2000	14446.49
13923	-11923	2000	14514.51
13855	-11855	2000	14582.41
13788	-11788	2000	14649.87
13721	-11721	2000	14717.06
13654	-11654	2000	14783.98
13587	-11587	2000	14850.61
13519	-11519	2000	14917.13
13452	-11452	2000	14983.21
13385	-11385	2000	15049.02
13318	-11318	2000	15114.54
13251	-11251	2000	15179.80
13183	-11183	2000	15244.93
13116	-11116	2000	15309.63
13049	-11049	2000	15374.05
12981	-10981	2000	15438.35
12915	-10915	2000	15502.06
12847	-10847	2000	15565.81
12780	-10780	2000	15629.12
12713	-10713	2000	15692.16
12645	-10645	2000	15755.08
12578	-10578	2000	15817.56
12511	-10511	2000	15879.77
12444	-10444	2000	15941.70
12377	-10377	2000	16003.35
12309	-10309	2000	16064.89
12243	-10243	2000	16125.83
12175	-10175	2000	16186.81
12108	-10108	2000	16247.36
12041	-10041	2000	16307.63
11974	-9974	2000	16367.63
11907	-9907	2000	16427.35
11839	-9839	2000	16486.95
11772	-9772	2000	16546.11
11705	-9705	2000	16605.00
11638	-9638	2000	16663.61
11571	-9571	2000	16721.94
11503	-9503	2000	16780.16
11437	-9437	2000	16837.78
11369	-9369	2000	16895.45
11302	-9302	2000	16952.68
11235	-9235	2000	17009.63
11168	-9168	2000	17066.30
11101	-9101	2000	17122.71
11033	-9033	2000	17178.98
10966	-8966	2000	17234.83
10899	-8899	2000	17290.40
10831	-8831	2000	17345.85
10765	-8765	2000	17400.70
10697	-8697	2000	17455.60
10630	-8630	2000	17510.06
