-5	5	0	-0.06
-16	16	0	-1.42
-23	23	0	-2.45
-24	24	0	-2.84
-21	21	0	-2.77
-14	14	0	-2.20
-4	4	0	-1.18
6	-6	0	-0.04
14	-14	0	0.98
20	-20	0	1.86
22	-22	0	2.33
19	-19	0	2.24
13	-13	0	1.76
5	-5	0	0.97
-3	3	0	0.08
-10	10	0	-0.79
-14	14	0	-1.38
-15	15	0	-1.67
-14	14	0	-1.73
-10	10	0	-1.42
-4	4	0	-0.83
1	-1	0	-0.29
6	-6	0	0.32
9	-9	0	0.74
11	-11	0	1.09
10	-10	0	1.10
7	-7	0	0.87
4	-4	0	0.60
1	-1	0	0.29
-1	1	0	0.06
-2	2	0	-0.07
-2	2	0	-0.09
-2	2	0	-0.11
-2	2	0	-0.14
-2	2	0	-0.16
-2	2	0	-0.19
-2	2	0	-0.21
-2	2	0	-0.23
-2	2	0	-0.26
-2	2	0	-0.28
-2	2	0	-0.31
-2	2	0	-0.33
-2	2	0	-0.35
-2	2	0	-0.38
-2	2	0	-0.40
-2	2	0	-0.43
-2	2	0	-0.45
-2	2	0	-0.47
-2	2	0	-0.50
-2	2	0	-0.52
-2	2	0	-0.55
-2	2	0	-0.57
-2	2	0	-0.59
-2	2	0	-0.62
-1	1	0	-0.52
-1	1	0	-0.54
-1	1	0	-0.55
-1	1	0	-0.56
-1	1	0	-0.57
-1	1	0	-0.58
-1	1	0	-0.60
-1	1	0	-0.61
-1	1	0	-0.62
-1	1	0	-0.63
-1	1	0	-0.64
0	0	0	-0.54
0	0	0	-0.54
0	0	0	-0.54
0	0	0	-0.54
0	0	0	-0.54
0	0	0	-0.54
0	0	0	-0.54
0	0	0	-0.54
0	0	0	-0.54
0	0	0	-0.54
0	0	0	-0.54
0	0	0	-0.54
0	0	0	-0.54
0	0	0	-0.54
0	0	0	-0.54
0	0	0	-0.54
0	0	0	-0.54
0	0	0	-0.54
0	0	0	-0.54
0	0	0	-0.54
0	0	0	-0.54
0	0	0	-0.54
0	0	0	-0.54
0	0	0	-0.54
0	0	0	-0.54
0	0	0	-0.54
0	0	0	-0.54
0	0	0	-0.54
0	0	0	-0.54
0	0	0	-0.54
0	0	0	-0.54
0	0	0	-0.54
0	0	0	-0.54
0	0	0	-0.54
0	0	0	-0.54
0	0	0	-0.54
0	0	0	-0.54
0	0	0	-0.54
0	0	0	-0.54
0	0	0	-0.54
0	0	0	-0.54
0	0	0	-0.54
0	0	0	-0.54
0	0	0	-0.54
0	0	0	-0.54
0	0	0	-0.54
0	0	0	-0.54
0	0	0	-0.54
0	0	0	-0.54
0	0	0	-0.54
0	0	0	-0.54
0	0	0	-0.54
0	0	0	-0.54
0	0	0	-0.54
0	0	0	-0.54
0	0	0	-0.54
0	0	0	-0.54
0	0	0	-0.54
0	0	0	-0.54
0	0	0	-0.54
0	0	0	-0.54
0	0	0	-0.54
0	0	0	-0.54
0	0	0	-0.54
0	0	0	-0.54
0	0	0	-0.54
0	0	0	-0.54
0	0	0	-0.54
0	0	0	-0.54
0	0	0	-0.54
0	0	0	-0.54
0	0	0	-0.54
0	0	0	-0.54
0	0	0	-0.54
0	0	0	-0.54
0	0	0	-0.54
0	0	0	-0.54
0	0	0	-0.54
0	0	0	-0.54
0	0	0	-0.54
0	0	0	-0.54
0	0	0	-0.54
0	0	0	-0.54
0	0	0	-0.54
0	0	0	-0.54
0	0	0	-0.54
0	0	0	-0.54
0	0	0	-0.54
0	0	0	-0.54
0	0	0	-0.54
0	0	0	-0.54
0	0	0	-0.54
0	0	0	-0.54
0	0	0	-0.54
0	0	0	-0.54
0	0	0	-0.54
0	0	0	-0.54
0	0	0	-0.54
0	0	0	-0.54
0	0	0	-0.54
0	0	0	-0.54
0	0	0	-0.54
0	0	0	-0.54
0	0	0	-0.54
0	0	0	-0.54
0	0	0	-0.54
0	0	0	-0.54
0	0	0	-0.54
0	0	0	-0.54
0	0	0	-0.54
0	0	0	-0.54
0	0	0	-0.54
0	0	0	-0.54
0	0	0	-0.54
0	0	0	-0.54
0	0	0	-0.54
0	0	0	-0.54
0	0	0	-0.54
0	0	0	-0.54
0	0	0	-0.54
0	0	0	-0.54
0	0	0	-0.54
0	0	0	-0.54
0	0	0	-0.54
0	0	0	-0.54
0	0	0	-0.54
0	0	0	-0.54
0	0	0	-0.54
0	0	0	-0.54
0	0	0	-0.54
0	0	0	-0.54
0	0	0	-0.54
0	0	0	-0.54
0	0	0	-0.54
0	0	0	-0.54
0	0	0	-0.54
0	0	0	-0.54
0	0	0	-0.54
0	0	0	-0.54
0	0	0	-0.54
0	0	0	-0.54
0	0	0	-0.54
0	0	0	-0.54
0	0	0	-0.54
0	0	0	-0.54
0	0	0	-0.54
0	0	0	-0.54
0	0	0	-0.54
0	0	0	-0.54
0	0	0	-0.54
0	0	0	-0.54
0	0	0	-0.54
0	0	0	-0.54
0	0	0	-0.54
0	0	0	-0.54
0	0	0	-0.54
0	0	0	-0.54
0	0	0	-0.54
0	0	0	-0.54
0	0	0	-0.54
0	0	0	-0.54
0	0	0	-0.54
0	0	0	-0.54
0	0	0	-0.54
0	0	0	-0.54
0	0	0	-0.54
0	0	0	-0.54
0	0	0	-0.54
0	0	0	-0.54
0	0	0	-0.54
0	0	0	-0.54
0	0	0	-0.54
0	0	0	-0.54
0	0	0	-0.54
0	0	0	-0.54
0	0	0	-0.54
0	0	0	-0.54
0	0	0	-0.54
0	0	0	-0.54
0	0	0	-0.54
0	0	0	-0.54
0	0	0	-0.54
0	0	0	-0.54
0	0	0	-0.54
0	0	0	-0.54
0	0	0	-0.54
0	0	0	-0.54
0	0	0	-0.54
0	0	0	-0.54
0	0	0	-0.54
0	0	0	-0.54
0	0	0	-0.54
0	0	0	-0.54
0	0	0	-0.54
0	0	0	-0.54
0	0	0	-0.54
0	0	0	-0.54
0	0	0	-0.54
0	0	0	-0.54
0	0	0	-0.54
0	0	0	-0.54
0	0	0	-0.54
0	0	0	-0.54
0	0	0	-0.54
0	0	0	-0.54
0	0	0	-0.54
0	0	0	-0.54
0	0	0	-0.54
0	0	0	-0.54
0	0	0	-0.54
0	0	0	-0.54
0	0	0	-0.54
0	0	0	-0.54
0	0	0	-0.54
0	0	0	-0.54
0	0	0	-0.54
0	0	0	-0.54
0	0	0	-0.54
0	0	0	-0.54
0	0	0	-0.54
0	0	0	-0.54
0	0	0	-0.54
0	0	0	-0.54
0	0	0	-0.54
0	0	0	-0.54
0	0	0	-0.54
0	0	0	-0.54
0	0	0	-0.54
0	0	0	-0.54
0	0	0	-0.54
0	0	0	-0.54
0	0	0	-0.54
0	0	0	-0.54
0	0	0	-0.54
0	0	0	-0.54
3200	0	3200	12.00
3192	8	3200	12.00
3169	31	3200	12.00
3133	67	3200	12.00
3086	114	3200	12.00
3031	169	3200	12.00
2968	232	3200	12.00
2899	301	3200	12.00
2825	375	3200	12.00
2746	454	3200	12.00
2664	536	3200	12.00
2578	622	3200	12.00
2490	710	3200	12.00
2400	800	3200	12.00
2307	893	3200	12.00
2213	987	3200	12.00
2117	1083	3200	12.00
2020	1180	3200	12.00
1922	1278	3200	12.00
1822	1378	3200	12.00
1723	1477	3200	12.00
1622	1578	3200	12.00
1520	1680	3200	12.00
1418	1782	3200	12.00
1316	1884	3200	12.00
1213	1987	3200	12.00
1109	2091	3200	12.00
1006	2194	3200	12.00
902	2298	3200	11.78
797	2403	3200	10.19
694	2506	3200	7.57
593	2607	3200	3.95
499	2701	3200	-0.06
415	2785	3200	-4.01
348	2852	3200	-6.95
300	2900	3200	-8.46
272	2928	3200	-8.16
263	2937	3200	-5.96
269	2931	3200	-2.08
281	2919	3200	2.58
290	2910	3200	7.02
289	2911	3200	10.39
275	2925	3200	12.00
247	2953	3200	11.99
206	2994	3200	10.10
156	3044	3200	6.66
102	3098	3200	2.13
51	3149	3200	-2.68
9	3191	3200	-7.05
-18	3218	3200	-10.14
-26	3226	3200	-11.30
-16	3216	3200	-10.43
9	3191	3200	-7.66
44	3156	3200	-3.41
81	3119	3200	1.51
114	3086	3200	6.39
133	3067	3200	10.02
136	3064	3200	11.97
123	3077	3200	12.00
94	3106	3200	10.04
54	3146	3200	6.43
8	3192	3200	1.63
-36	3236	3200	-3.49
-70	3270	3200	-7.95
-89	3289	3200	-11.04
-90	3290	3200	-12.00
-74	3274	3200	-11.19
-44	3244	3200	-8.52
-4	3204	3200	-4.31
40	3160	3200	0.86
78	3122	3200	5.84
105	3095	3200	9.98
113	3087	3200	12.00
106	3094	3200	12.00
82	3118	3200	10.43
47	3153	3200	7.27
4	3196	3200	2.74
-40	3240	3200	-2.43
-75	3275	3200	-7.06
-97	3297	3200	-10.57
-101	3301	3200	-12.00
-87	3287	3200	-11.56
-58	3258	3200	-9.17
-19	3219	3200	-5.24
25	3175	3200	-0.26
66	3134	3200	4.90
95	3105	3200	9.14
107	3093	3200	11.70
100	3100	3200	12.00
77	3123	3200	10.48
42	3158	3200	7.26
-1	3201	3200	2.66
-44	3244	3200	-2.44
-79	3279	3200	-7.12
-101	3301	3200	-10.68
-104	3304	3200	-12.00
-88	3288	3200	-11.36
-58	3258	3200	-8.86
-18	3218	3200	-4.82
25	3175	3200	0.06
65	3135	3200	5.11
94	3106	3200	9.32
105	3095	3200	11.76
98	3102	3200	12.00
76	3124	3200	10.57
41	3159	3200	7.34
-2	3202	3200	2.74
-45	3245	3200	-2.38
-81	3281	3200	-7.19
-102	3302	3200	-10.66
-105	3305	3200	-12.00
-89	3289	3200	-11.37
-59	3259	3200	-8.88
-18	3218	3200	-4.73
25	3175	3200	0.15
66	3134	3200	5.31
94	3106	3200	9.42
105	3095	3200	11.85
98	3102	3200	12.00
76	3124	3200	10.57
40	3160	3200	7.22
-2	3202	3200	2.72
-46	3246	3200	-2.52
-81	3281	3200	-7.22
-102	3302	3200	-10.68
-105	3305	3200	-12.00
-89	3289	3200	-11.37
-58	3258	3200	-8.76
-18	3218	3200	-4.72
26	3174	3200	0.28
66	3134	3200	5.33
95	3105	3200	9.56
106	3094	3200	12.00
98	3102	3200	12.00
75	3125	3200	10.45
39	3161	3200	7.09
-4	3204	3200	2.46
-47	3247	3200	-2.68
-82	3282	3200	-7.40
-103	3303	3200	-10.87
-104	3304	3200	-12.00
-88	3288	3200	-11.36
-57	3257	3200	-8.74
-16	3216	3200	-4.57
28	3172	3200	0.46
68	3132	3200	5.53
96	3104	3200	9.67
107	3093	3200	12.00
99	3101	3200	12.00
75	3125	3200	10.35
38	3162	3200	6.86
-5	3205	3200	2.23
-48	3248	3200	-2.93
-82	3282	3200	-7.54
-102	3302	3200	-10.90
-104	3304	3200	-12.00
-87	3287	3200	-11.24
-55	3255	3200	-8.49
-14	3214	3200	-4.29
29	3171	3200	0.63
69	3131	3200	5.72
96	3104	3200	9.75
106	3094	3200	12.00
97	3103	3200	12.00
73	3127	3200	10.32
37	3163	3200	6.93
-6	3206	3200	2.28
-49	3249	3200	-2.88
-84	3284	3200	-7.62
-104	3304	3200	-11.00
-105	3305	3200	-12.00
-88	3288	3200	-11.25
-56	3256	3200	-8.51
-15	3215	3200	-4.33
29	3171	3200	0.70
68	3132	3200	5.68
95	3105	3200	9.69
105	3095	3200	12.00
97	3103	3200	12.00
73	3127	3200	10.32
37	3163	3200	6.93
-5	3205	3200	2.40
-48	3248	3200	-2.75
-83	3283	3200	-7.48
-103	3303	3200	-10.85
-105	3305	3200	-12.00
-88	3288	3200	-11.25
-57	3257	3200	-8.63
-16	3216	3200	-4.46
28	3172	3200	0.56
67	3133	3200	5.52
95	3105	3200	9.65
106	3094	3200	12.00
98	3102	3200	12.00
75	3125	3200	10.45
39	3161	3200	7.09
-4	3204	3200	2.46
-47	3247	3200	-2.68
-82	3282	3200	-7.40
-103	3303	3200	-10.87
-105	3305	3200	-12.00
-88	3288	3200	-11.25
-57	3257	3200	-8.63
-17	3217	3200	-4.58
27	3173	3200	0.43
67	3133	3200	5.50
95	3105	3200	9.62
106	3094	3200	12.00
98	3102	3200	12.00
75	3125	3200	10.45
39	3161	3200	7.09
-4	3204	3200	2.46
-47	3247	3200	-2.68
-82	3282	3200	-7.40
-102	3302	3200	-10.75
-104	3304	3200	-12.00
-88	3288	3200	-11.36
-57	3257	3200	-8.74
-17	3217	3200	-4.69
27	3173	3200	0.33
67	3133	3200	5.39
95	3105	3200	9.52
107	3093	3200	12.00
99	3101	3200	12.00
76	3124	3200	10.47
40	3160	3200	7.11
-3	3203	3200	2.50
-46	3246	3200	-2.63
-81	3281	3200	-7.34
-102	3302	3200	-10.80
-104	3304	3200	-12.00
-88	3288	3200	-11.36
-58	3258	3200	-8.86
-17	3217	3200	-4.70
26	3174	3200	0.19
67	3133	3200	5.37
95	3105	3200	9.49
106	3094	3200	11.94
99	3101	3200	12.00
76	3124	3200	10.47
40	3160	3200	7.11
-2	3202	3200	2.62
-45	3245	3200	-2.50
-80	3280	3200	-7.19
-101	3301	3200	-10.64
-104	3304	3200	-12.00
-88	3288	3200	-11.36
-58	3258	3200	-8.86
-19	3219	3200	-4.93
25	3175	3200	0.05
65	3135	3200	5.09
94	3106	3200	9.31
105	3095	3200	11.75
99	3101	3200	12.00
76	3124	3200	10.47
42	3158	3200	7.35
0	3200	3200	2.88
-44	3244	3200	-2.34
-79	3279	3200	-7.01
-101	3301	3200	-10.57
-104	3304	3200	-12.00
-90	3290	3200	-11.59
-60	3260	3200	-9.12
-20	3220	3200	-5.10
24	3176	3200	-0.13
65	3135	3200	5.02
94	3106	3200	9.24
106	3094	3200	11.79
100	3100	3200	12.00
78	3122	3200	10.60
43	3157	3200	7.39
1	3199	3200	2.93
-42	3242	3200	-2.16
-78	3278	3200	-6.93
-100	3300	3200	-10.48
-104	3304	3200	-12.00
-90	3290	3200	-11.59
-61	3261	3200	-9.24
-21	3221	3200	-5.23
24	3176	3200	-0.15
65	3135	3200	5.00
94	3106	3200	9.22
106	3094	3200	11.77
100	3100	3200	12.00
78	3122	3200	10.60
43	3157	3200	7.39
1	3199	3200	2.93
-42	3242	3200	-2.16
-78	3278	3200	-6.93
-100	3300	3200	-10.48
-104	3304	3200	-12.00
-89	3289	3200	-11.47
-61	3261	3200	-9.23
-22	3222	3200	-5.34
22	3178	3200	-0.39
63	3137	3200	4.74
92	3108	3200	8.93
105	3095	3200	11.58
100	3100	3200	12.00
79	3121	3200	10.71
45	3155	3200	7.64
-3197	3197	0	-12.00
-3232	3232	0	-12.00
-3246	3246	0	-12.00
-3241	3241	0	-12.00
-3219	3219	0	-12.00
-3184	3184	0	-12.00
-3137	3137	0	-12.00
-3081	3081	0	-12.00
-3017	3017	0	-12.00
-2947	2947	0	-12.00
-2872	2872	0	-12.00
-2792	2792	0	-12.00
-2708	2708	0	-12.00
-2621	2621	0	-12.00
-2531	2531	0	-12.00
-2439	2439	0	-12.00
-2345	2345	0	-12.00
-2249	2249	0	-12.00
-2152	2152	0	-12.00
-2053	2053	0	-12.00
-1953	1953	0	-12.00
-1852	1852	0	-12.00
-1750	1750	0	-12.00
-1647	1647	0	-12.00
-1544	1544	0	-12.00
-1440	1440	0	-12.00
-1335	1335	0	-12.00
-1229	1229	0	-12.00
-1124	1124	0	-12.00
-1017	1017	0	-12.00
-910	910	0	-11.56
-804	804	0	-9.94
-697	697	0	-6.93
-594	594	0	-3.11
-498	498	0	1.12
-415	415	0	4.96
-349	349	0	7.79
-302	302	0	9.16
-276	276	0	8.61
-269	269	0	6.12
-276	276	0	2.05
-288	288	0	-2.69
-297	297	0	-7.22
-297	297	0	-10.80
-281	281	0	-12.00
-252	252	0	-11.94
-209	209	0	-9.88
-159	159	0	-6.47
-104	104	0	-1.86
-52	52	0	3.05
-9	9	0	7.52
17	-17	0	10.49
24	-24	0	11.53
14	-14	0	10.63
-12	12	0	7.72
-47	47	0	3.42
-84	84	0	-1.53
-116	116	0	-6.33
-136	136	0	-10.10
-139	139	0	-12.00
-123	123	0	-11.78
-93	93	0	-9.70
-51	51	0	-5.84
-5	5	0	-1.00
39	-39	0	4.15
73	-73	0	8.65
90	-90	0	11.54
91	-91	0	12.00
75	-75	0	11.20
45	-45	0	8.55
5	-5	0	4.35
-37	37	0	-0.57
-75	75	0	-5.52
-102	102	0	-9.62
-112	112	0	-12.00
-103	103	0	-12.00
-78	78	0	-10.28
-42	42	0	-6.95
3	-3	0	-2.12
46	-46	0	3.01
81	-81	0	7.71
102	-102	0	11.18
104	-104	0	12.00
88	-88	0	11.36
59	-59	0	8.98
19	-19	0	4.95
-24	24	0	0.08
-63	63	0	-4.83
-91	91	0	-8.91
-103	103	0	-11.43
-97	97	0	-11.95
-75	75	0	-10.51
-40	40	0	-7.27
3	-3	0	-2.65
46	-46	0	2.48
82	-82	0	7.30
103	-103	0	10.77
106	-106	0	12.00
91	-91	0	11.50
62	-62	0	9.16
22	-22	0	5.16
-21	21	0	0.33
-61	61	0	-4.66
-90	90	0	-8.83
-103	103	0	-11.46
-98	98	0	-12.00
-76	76	0	-10.57
-42	42	0	-7.46
0	0	0	-2.98
44	-44	0	2.23
80	-80	0	7.03
102	-102	0	10.60
106	-106	0	12.00
92	-92	0	11.62
64	-64	0	9.40
25	-25	0	5.55
-19	19	0	0.64
-60	60	0	-4.45
-90	90	0	-8.73
-105	105	0	-11.59
-100	100	0	-12.00
-79	79	0	-10.71
-45	45	0	-7.64
-2	2	0	-3.08
41	-41	0	1.99
78	-78	0	6.87
101	-101	0	10.53
106	-106	0	12.00
93	-93	0	11.73
65	-65	0	9.54
26	-26	0	5.70
-17	17	0	0.91
-58	58	0	-4.15
-90	90	0	-8.64
-105	105	0	-11.50
-102	102	0	-12.00
-81	81	0	-10.74
-47	47	0	-7.68
-5	5	0	-3.27
38	-38	0	1.76
75	-75	0	6.61
99	-99	0	10.35
105	-105	0	12.00
94	-94	0	11.96
67	-67	0	9.89
29	-29	0	6.19
-15	15	0	1.33
-57	57	0	-3.83
-89	89	0	-8.31
-106	106	0	-11.39
-104	104	0	-12.00
-85	85	0	-11.00
-52	52	0	-8.11
-10	10	0	-3.76
34	-34	0	1.34
72	-72	0	6.25
97	-97	0	10.08
105	-105	0	12.00
95	-95	0	12.00
70	-70	0	10.18
33	-33	0	6.64
-10	10	0	1.94
-53	53	0	-3.28
-87	87	0	-7.95
-106	106	0	-11.24
-106	106	0	-12.00
-88	88	0	-11.14
-56	56	0	-8.41
-16	16	0	-4.34
28	-28	0	0.68
67	-67	0	5.64
94	-94	0	9.65
105	-105	0	12.00
97	-97	0	12.00
74	-74	0	10.44
39	-39	0	7.18
-3	3	0	2.68
-46	46	0	-2.46
-81	81	0	-7.16
-103	103	0	-10.74
-106	106	0	-12.00
-90	90	0	-11.38
-61	61	0	-9.03
-21	21	0	-5.02
23	-23	0	-0.06
63	-63	0	4.96
92	-92	0	9.16
104	-104	0	11.69
99	-99	0	12.00
78	-78	0	10.70
44	-44	0	7.61
2	-2	0	3.16
-41	41	0	-1.91
-78	78	0	-6.79
-101	101	0	-10.45
-106	106	0	-12.00
-92	92	0	-11.62
-64	64	0	-9.40
-24	24	0	-5.43
19	-19	0	-0.63
60	-60	0	4.46
91	-91	0	8.86
106	-106	0	11.73
102	-102	0	12.00
81	-81	0	10.74
48	-48	0	7.80
7	-7	0	3.52
-36	36	0	-1.49
-73	73	0	-6.31
-98	98	0	-10.15
-104	104	0	-12.00
-93	93	0	-11.95
-66	66	0	-9.87
-28	28	0	-6.16
15	-15	0	-1.40
58	-58	0	3.88
91	-91	0	8.49
108	-108	0	11.60
106	-106	0	12.00
86	-86	0	10.91
54	-54	0	8.15
13	-13	0	3.94
-30	30	0	-1.00
-68	68	0	-5.87
-94	94	0	-9.77
-102	102	0	-11.85
-94	94	0	-12.00
-70	70	0	-10.29
-34	34	0	-6.86
10	-10	0	-2.06
53	-53	0	3.16
87	-87	0	7.83
107	-107	0	11.24
108	-108	0	12.00
91	-91	0	11.28
61	-61	0	8.82
21	-21	0	4.82
-22	22	0	-0.03
-62	62	0	-5.03
-90	90	0	-9.10
-102	102	0	-11.60
-97	97	0	-12.00
-75	75	0	-10.56
-41	41	0	-7.43
2	-2	0	-2.83
45	-45	0	2.29
81	-81	0	7.10
103	-103	0	10.68
107	-107	0	12.00
92	-92	0	11.51
64	-64	0	9.30
25	-25	0	5.45
-18	18	0	0.65
-58	58	0	-4.31
-88	88	0	-8.56
-102	102	0	-11.28
-99	99	0	-12.00
-79	79	0	-10.82
-46	46	0	-7.86
-4	4	0	-3.44
39	-39	0	1.61
76	-76	0	6.47
100	-100	0	10.23
107	-107	0	12.00
95	-95	0	11.87
69	-69	0	9.93
31	-31	0	6.25
-12	12	0	1.53
-54	54	0	-3.59
-87	87	0	-8.15
-105	105	0	-11.33
-104	104	0	-12.00
-85	85	0	-11.00
-52	52	0	-8.11
-11	11	0	-3.88
32	-32	0	1.09
71	-71	0	6.09
96	-96	0	9.91
105	-105	0	12.00
96	-96	0	12.00
72	-72	0	10.31
35	-35	0	6.79
-8	8	0	2.12
-50	50	0	-2.96
-85	85	0	-7.71
-105	105	0	-11.10
-106	106	0	-12.00
-89	89	0	-11.26
-58	58	0	-8.66
-18	18	0	-4.61
26	-26	0	0.38
66	-66	0	5.44
94	-94	0	9.55
105	-105	0	11.98
99	-99	0	12.00
76	-76	0	10.47
42	-42	0	7.35
0	0	0	2.88
-43	43	0	-2.22
-79	79	0	-7.00
-101	101	0	-10.56
3095	105	3200	12.00
3095	105	3200	12.00
3078	122	3200	12.00
3046	154	3200	12.00
3003	197	3200	12.00
2950	250	3200	12.00
2890	310	3200	12.00
2823	377	3200	12.00
2750	450	3200	12.00
2673	527	3200	12.00
2591	609	3200	12.00
2507	693	3200	12.00
2419	781	3200	12.00
2329	871	3200	12.00
2237	963	3200	12.00
2143	1057	3200	12.00
2048	1152	3200	12.00
1951	1249	3200	12.00
1853	1347	3200	12.00
1754	1446	3200	12.00
1654	1546	3200	12.00
1553	1647	3200	12.00
1452	1748	3200	12.00
1350	1850	3200	12.00
1248	1952	3200	12.00
1145	2055	3200	12.00
1042	2158	3200	12.00
938	2262	3200	12.00
834	2366	3200	10.96
731	2469	3200	8.79
629	2571	3200	5.49
532	2668	3200	1.57
444	2756	3200	-2.46
370	2830	3200	-5.89
314	2886	3200	-8.07
276	2924	3200	-8.80
259	2941	3200	-7.49
258	2942	3200	-4.50
269	2931	3200	-0.09
282	2918	3200	4.69
288	2912	3200	8.79
282	2918	3200	11.55
263	2937	3200	12.00
230	2970	3200	11.25
186	3014	3200	8.81
135	3065	3200	5.00
82	3118	3200	0.34
34	3166	3200	-4.36
-1	3201	3200	-8.10
-21	3221	3200	-10.48
-22	3222	3200	-10.85
-7	3207	3200	-9.34
21	3179	3200	-6.10
57	3143	3200	-1.59
92	3108	3200	3.25
120	3080	3200	7.67
133	3067	3200	10.66
130	3070	3200	11.90
111	3089	3200	11.22
79	3121	3200	8.76
38	3162	3200	4.85
-6	3206	3200	0.09
-46	3246	3200	-4.72
-75	3275	3200	-8.71
-89	3289	3200	-11.27
-84	3284	3200	-11.75
-64	3264	3200	-10.39
-31	3231	3200	-7.25
10	3190	3200	-2.76
52	3148	3200	2.33
87	3113	3200	7.11
108	3092	3200	10.64
112	3088	3200	12.00
99	3101	3200	11.81
72	3128	3200	9.80
33	3167	3200	6.04
-10	3210	3200	1.34
-52	3252	3200	-3.75
-85	3285	3200	-8.29
-103	3303	3200	-11.45
-102	3302	3200	-12.00
-84	3284	3200	-11.09
-52	3252	3200	-8.31
-11	3211	3200	-4.08
32	3168	3200	0.89
71	3129	3200	5.89
97	3103	3200	9.83
106	3094	3200	12.00
97	3103	3200	12.00
73	3127	3200	10.32
37	3163	3200	6.93
-6	3206	3200	2.28
-49	3249	3200	-2.88
-84	3284	3200	-7.62
-104	3304	3200	-11.00
-106	3306	3200	-12.00
-90	3290	3200	-11.38
-60	3260	3200	-8.91
-20	3220	3200	-4.89
24	3176	3200	0.09
64	3136	3200	5.12
93	3107	3200	9.32
105	3095	3200	11.86
99	3101	3200	12.00
78	3122	3200	10.70
44	3156	3200	7.61
2	3198	3200	3.16
-41	3241	3200	-1.91
-77	3277	3200	-6.67
-100	3300	3200	-10.32
-106	3306	3200	-12.00
-93	3293	3200	-11.73
-65	3265	3200	-9.54
-26	3226	3200	-5.70
17	3183	3200	-0.91
59	3141	3200	4.27
90	3110	3200	8.65
106	3094	3200	11.63
103	3097	3200	12.00
83	3117	3200	10.87
51	3149	3200	8.08
10	3190	3200	3.83
-34	3234	3200	-1.26
-71	3271	3200	-6.06
-96	3296	3200	-9.88
-104	3304	3200	-11.98
-94	3294	3200	-12.00
-68	3268	3200	-10.05
-31	3231	3200	-6.48
13	3187	3200	-1.64
56	3144	3200	3.61
89	3111	3200	8.20
108	3092	3200	11.52
107	3093	3200	12.00
89	3111	3200	11.15
57	3143	3200	8.43
16	3184	3200	4.26
-27	3227	3200	-0.64
-66	3266	3200	-5.59
-93	3293	3200	-9.59
-103	3303	3200	-11.89
-96	3296	3200	-12.00
-72	3272	3200	-10.31
-37	3237	3200	-7.03
6	3194	3200	-2.38
49	3151	3200	2.79
84	3116	3200	7.53
105	3095	3200	11.03
107	3093	3200	12.00
91	3109	3200	11.39
61	3139	3200	8.93
21	3179	3200	4.92
-22	3222	3200	0.08
-61	3261	3200	-4.81
-90	3290	3200	-8.98
-102	3302	3200	-11.48
-97	3297	3200	-12.00
-76	3276	3200	-10.68
-42	3242	3200	-7.56
0	3200	3200	-3.09
43	3157	3200	2.01
80	3120	3200	6.91
103	3097	3200	10.60
108	3092	3200	12.00
94	3106	3200	11.64
66	3134	3200	9.45
27	3173	3200	5.62
-16	3216	3200	0.85
-57	3257	3200	-4.20
-88	3288	3200	-8.56
-104	3304	3200	-11.51
-101	3301	3200	-12.00
-81	3281	3200	-10.84
-48	3248	3200	-7.91
-7	3207	3200	-3.63
36	3164	3200	1.39
74	3126	3200	6.32
99	3101	3200	10.18
107	3093	3200	12.00
96	3104	3200	11.98
71	3129	3200	10.18
34	3166	3200	6.65
-9	3209	3200	1.96
-51	3251	3200	-3.13
-85	3285	3200	-7.77
-105	3305	3200	-11.16
-105	3305	3200	-12.00
-88	3288	3200	-11.25
-58	3258	3200	-8.75
-17	3217	3200	-4.59
27	3173	3200	0.42
67	3133	3200	5.49
95	3105	3200	9.61
107	3093	3200	12.00
99	3101	3200	12.00
76	3124	3200	10.47
41	3159	3200	7.23
-1	3201	3200	2.75
-44	3244	3200	-2.36
-80	3280	3200	-7.16
-101	3301	3200	-10.61
-104	3304	3200	-12.00
-90	3290	3200	-11.59
-61	3261	3200	-9.24
-21	3221	3200	-5.23
22	3178	3200	-0.39
63	3137	3200	4.74
93	3107	3200	9.05
106	3094	3200	11.71
101	3099	3200	12.00
80	3120	3200	10.73
46	3154	3200	7.66
5	3195	3200	3.35
-38	3238	3200	-1.68
-74	3274	3200	-6.41
-98	3298	3200	-10.14
-104	3304	3200	-12.00
-92	3292	3200	-11.83
-66	3266	3200	-9.85
-28	3228	3200	-6.15
15	3185	3200	-1.39
57	3143	3200	3.77
90	3110	3200	8.37
107	3093	3200	11.47
105	3095	3200	12.00
86	3114	3200	11.01
55	3145	3200	8.37
14	3186	3200	4.17
-29	3229	3200	-0.75
-67	3267	3200	-5.61
-94	3294	3200	-9.61
-103	3303	3200	-11.81
-96	3296	3200	-12.00
-72	3272	3200	-10.31
-36	3236	3200	-6.91
6	3194	3200	-2.37
49	3151	3200	2.80
84	3116	3200	7.54
105	3095	3200	11.04
107	3093	3200	12.00
91	3109	3200	11.39
62	3138	3200	9.05
22	3178	3200	5.05
-21	3221	3200	0.22
-60	3260	3200	-4.65
-89	3289	3200	-8.81
-102	3302	3200	-11.42
-98	3298	3200	-12.00
-77	3277	3200	-10.69
-44	3244	3200	-7.71
-3	3203	3200	-3.38
40	3160	3200	1.68
76	3124	3200	6.43
100	3100	3200	10.19
107	3093	3200	12.00
95	3105	3200	11.87
69	3131	3200	9.93
31	3169	3200	6.25
-12	3212	3200	1.53
-53	3253	3200	-3.47
-86	3286	3200	-8.02
-104	3304	3200	-11.19
-104	3304	3200	-12.00
-86	3286	3200	-11.12
-54	3254	3200	-8.36
-13	3213	3200	-4.15
30	3170	3200	0.79
69	3131	3200	5.77
95	3105	3200	9.68
105	3095	3200	12.00
97	3103	3200	12.00
74	3126	3200	10.44
39	3161	3200	7.18
-3	3203	3200	2.68
-46	3246	3200	-2.46
-81	3281	3200	-7.16
-102	3302	3200	-10.62
-105	3305	3200	-12.00
-90	3290	3200	-11.49
-61	3261	3200	-9.13
-22	3222	3200	-5.24
21	3179	3200	-0.41
62	3138	3200	4.70
91	3109	3200	8.88
104	3096	3200	11.52
100	3100	3200	12.00
80	3120	3200	10.83
47	3153	3200	7.88
7	3193	3200	3.71
-36	3236	3200	-1.30
-73	3273	3200	-6.12
-97	3297	3200	-9.84
-105	3305	3200	-11.96
-94	3294	3200	-11.92
-69	3269	3200	-10.09
-32	3232	3200	-6.53
12	3188	3200	-1.70
55	3145	3200	3.54
88	3112	3200	8.11
106	3094	3200	11.30
106	3094	3200	12.00
-3112	3112	0	-12.00
-3128	3128	0	-12.00
-3124	3124	0	-12.00
-3105	3105	0	-12.00
-3072	3072	0	-12.00
-3027	3027	0	-12.00
-2973	2973	0	-12.00
-2911	2911	0	-12.00
-2842	2842	0	-12.00
-2768	2768	0	-12.00
-2689	2689	0	-12.00
-2607	2607	0	-12.00
-2520	2520	0	-12.00
-2432	2432	0	-12.00
-2340	2340	0	-12.00
-2247	2247	0	-12.00
-2152	2152	0	-12.00
-2055	2055	0	-12.00
-1957	1957	0	-12.00
-1858	1858	0	-12.00
-1758	1758	0	-12.00
-1657	1657	0	-12.00
-1555	1555	0	-12.00
-1452	1452	0	-12.00
-1349	1349	0	-12.00
-1245	1245	0	-12.00
-1140	1140	0	-12.00
-1035	1035	0	-12.00
-929	929	0	-11.89
-823	823	0	-10.51
-717	717	0	-7.85
-614	614	0	-4.27
-516	516	0	-0.04
-430	430	0	3.95
-360	360	0	7.07
-308	308	0	8.90
-276	276	0	8.99
-264	264	0	7.09
-268	268	0	3.44
-280	280	0	-1.21
-292	292	0	-6.00
-296	296	0	-9.99
-286	286	0	-12.00
-262	262	0	-12.00
-225	225	0	-10.77
-177	177	0	-7.79
-124	124	0	-3.63
-71	71	0	1.16
-26	26	0	5.63
7	-7	0	9.23
21	-21	0	10.98
18	-18	0	10.87
-1	1	0	8.84
-32	32	0	5.15
-67	67	0	0.62
-101	101	0	-4.22
-126	126	0	-8.40
-136	136	0	-11.10
-129	129	0	-11.90
-108	108	0	-10.97
-73	73	0	-8.12
-31	31	0	-4.02
14	-14	0	0.94
54	-54	0	5.85
81	-81	0	9.70
90	-90	0	11.74
83	-83	0	11.99
61	-61	0	10.39
25	-25	0	6.85
-16	16	0	2.30
-58	58	0	-2.87
-92	92	0	-7.60
-111	111	0	-10.96
-113	113	0	-12.00
-98	98	0	-11.58
-69	69	0	-9.32
-29	29	0	-5.41
15	-15	0	-0.55
56	-56	0	4.49
86	-86	0	8.72
101	-101	0	11.53
98	-98	0	12.00
79	-79	0	10.93
47	-47	0	8.09
6	-6	0	3.79
-36	36	0	-1.11
-73	73	0	-5.93
-98	98	0	-9.77
-106	106	0	-11.90
-96	96	0	-11.99
-70	70	0	-10.06
-32	32	0	-6.40
11	-11	0	-1.69
54	-54	0	3.54
87	-87	0	8.10
106	-106	0	11.40
106	-106	0	12.00
88	-88	0	11.14
58	-58	0	8.65
19	-19	0	4.72
-23	23	0	-0.03
-62	62	0	-4.93
-90	90	0	-8.99
-101	101	0	-11.38
-96	96	0	-12.00
-75	75	0	-10.67
-41	41	0	-7.54
1	-1	0	-3.05
44	-44	0	2.05
80	-80	0	6.85
102	-102	0	10.42
107	-107	0	12.00
94	-94	0	11.75
67	-67	0	9.68
29	-29	0	5.98
-13	13	0	1.35
-55	55	0	-3.78
-87	87	0	-8.24
-104	104	0	-11.30
-102	102	0	-12.00
-83	83	0	-10.98
-52	52	0	-8.30
-11	11	0	-4.07
32	-32	0	0.90
71	-71	0	5.90
97	-97	0	9.84
106	-106	0	12.00
98	-98	0	12.00
74	-74	0	10.33
38	-38	0	6.96
-3	3	0	2.56
-46	46	0	-2.58
-80	80	0	-7.16
-101	101	0	-10.61
-104	104	0	-12.00
-89	89	0	-11.47
-61	61	0	-9.23
-21	21	0	-5.22
22	-22	0	-0.38
62	-62	0	4.63
91	-91	0	8.81
105	-105	0	11.57
100	-100	0	12.00
81	-81	0	10.95
48	-48	0	8.01
7	-7	0	3.73
-36	36	0	-1.28
-72	72	0	-5.98
-97	97	0	-9.81
-105	105	0	-11.92
-95	95	0	-12.00
-69	69	0	-10.06
-32	32	0	-6.51
12	-12	0	-1.68
54	-54	0	3.44
88	-88	0	8.12
107	-107	0	11.43
106	-106	0	12.00
89	-89	0	11.26
59	-59	0	8.78
19	-19	0	4.75
-24	24	0	-0.12
-63	63	0	-5.03
-91	91	0	-9.11
-103	103	0	-11.63
-98	98	0	-12.00
-76	76	0	-10.57
-42	42	0	-7.46
0	0	0	-2.98
43	-43	0	2.11
79	-79	0	6.90
102	-102	0	10.57
106	-106	0	12.00
93	-93	0	11.73
66	-66	0	9.65
28	-28	0	5.94
-15	15	0	1.18
-57	57	0	-3.97
-88	88	0	-8.33
-105	105	0	-11.41
-103	103	0	-12.00
-84	84	0	-10.99
-52	52	0	-8.21
-10	10	0	-3.85
33	-33	0	1.12
71	-71	0	6.02
96	-96	0	9.84
104	-104	0	11.94
96	-96	0	12.00
73	-73	0	10.43
38	-38	0	7.16
-4	4	0	2.64
-47	47	0	-2.51
-82	82	0	-7.22
-103	103	0	-10.69
-106	106	0	-12.00
-91	91	0	-11.50
-62	62	0	-9.16
-23	23	0	-5.28
20	-20	0	-0.46
60	-60	0	4.52
90	-90	0	8.80
103	-103	0	11.42
100	-100	0	12.00
81	-81	0	10.95
49	-49	0	8.13
8	-8	0	3.86
-34	34	0	-1.02
-71	71	0	-5.81
-97	97	0	-9.75
-105	105	0	-11.86
-96	96	0	-12.00
-70	70	0	-10.07
-34	34	0	-6.65
9	-9	0	-1.96
52	-52	0	3.24
86	-86	0	7.90
105	-105	0	11.18
106	-106	0	12.00
89	-89	0	11.26
60	-60	0	8.89
20	-20	0	4.88
-22	22	0	0.14
-61	61	0	-4.75
-90	90	0	-8.92
-102	102	0	-11.42
-97	97	0	-12.00
-77	77	0	-10.80
-44	44	0	-7.81
-2	2	0	-3.36
41	-41	0	1.71
78	-78	0	6.59
102	-102	0	10.37
108	-108	0	12.00
96	-96	0	11.88
69	-69	0	9.83
31	-31	0	6.16
-11	11	0	1.55
-53	53	0	-3.56
-86	86	0	-8.10
-104	104	0	-11.27
-103	103	0	-12.00
-85	85	0	-11.11
-54	54	0	-8.45
-13	13	0	-4.25
30	-30	0	0.69
69	-69	0	5.68
96	-96	0	9.71
106	-106	0	12.00
98	-98	0	12.00
75	-75	0	10.45
40	-40	0	7.21
-2	2	0	2.71
-45	45	0	-2.41
-80	80	0	-7.10
-102	102	0	-10.67
-105	105	0	-12.00
-91	91	0	-11.60
-62	62	0	-9.26
-23	23	0	-5.39
21	-21	0	-0.45
61	-61	0	4.55
91	-91	0	8.83
104	-104	0	11.47
101	-101	0	12.00
81	-81	0	10.84
49	-49	0	8.03
8	-8	0	3.76
-34	34	0	-1.12
-71	71	0	-5.92
-96	96	0	-9.74
-104	104	0	-11.84
-95	95	0	-12.00
-70	70	0	-10.18
-34	34	0	-6.76
9	-9	0	-2.07
52	-52	0	3.14
86	-86	0	7.79
106	-106	0	11.20
107	-107	0	12.00
91	-91	0	11.39
61	-61	0	8.93
22	-22	0	5.04
-21	21	0	0.21
-61	61	0	-4.78
-90	90	0	-8.95
-102	102	0	-11.46
-98	98	0	-12.00
-77	77	0	-10.69
-44	44	0	-7.71
-3	3	0	-3.38
40	-40	0	1.68
76	-76	0	6.43
100	-100	0	10.19
107	-107	0	12.00
95	-95	0	11.87
69	-69	0	9.93
32	-32	0	6.37
-10	10	0	1.78
-52	52	0	-3.32
-86	86	0	-7.97
3096	104	3200	12.00
3080	120	3200	12.00
3050	150	3200	12.00
3008	192	3200	12.00
2956	244	3200	12.00
2897	303	3200	12.00
2831	369	3200	12.00
2759	441	3200	12.00
2682	518	3200	12.00
2601	599	3200	12.00
2517	683	3200	12.00
2430	770	3200	12.00
2340	860	3200	12.00
2249	951	3200	12.00
2155	1045	3200	12.00
2059	1141	3200	12.00
1962	1238	3200	12.00
1864	1336	3200	12.00
1765	1435	3200	12.00
1665	1535	3200	12.00
1564	1636	3200	12.00
1462	1738	3200	12.00
1360	1840	3200	12.00
1257	1943	3200	12.00
1154	2046	3200	12.00
1050	2150	3200	12.00
946	2254	3200	12.00
841	2359	3200	10.94
737	2463	3200	8.73
635	2565	3200	5.51
538	2662	3200	1.65
449	2751	3200	-2.42
374	2826	3200	-5.91
317	2883	3200	-8.16
279	2921	3200	-8.85
260	2940	3200	-7.75
259	2941	3200	-4.74
268	2932	3200	-0.55
281	2919	3200	4.21
287	2913	3200	8.30
283	2917	3200	11.28
265	2935	3200	12.00
233	2967	3200	11.40
191	3009	3200	9.22
141	3059	3200	5.59
88	3112	3200	1.01
40	3160	3200	-3.62
2	3198	3200	-7.64
-21	3221	3200	-10.34
-25	3225	3200	-11.07
-13	3213	3200	-9.95
12	3188	3200	-7.14
46	3154	3200	-2.97
82	3118	3200	1.85
112	3088	3200	6.39
130	3070	3200	9.87
132	3068	3200	11.67
119	3081	3200	11.72
90	3110	3200	9.72
52	3148	3200	6.30
8	3192	3200	1.71
-35	3235	3200	-3.29
-68	3268	3200	-7.62
-87	3287	3200	-10.69
-89	3289	3200	-11.98
-74	3274	3200	-11.27
-45	3245	3200	-8.73
-6	3206	3200	-4.64
36	3164	3200	0.26
74	3126	3200	5.20
102	3098	3200	9.41
113	3087	3200	11.94
108	3092	3200	12.00
87	3113	3200	10.81
54	3146	3200	7.95
13	3187	3200	3.74
-31	3231	3200	-1.32
-68	3268	3200	-6.08
-93	3293	3200	-9.86
-101	3301	3200	-11.93
-92	3292	3200	-12.00
-67	3267	3200	-10.14
-31	3231	3200	-6.68
12	3188	3200	-1.96
55	3145	3200	3.28
88	3112	3200	7.85
108	3092	3200	11.28
109	3091	3200	12.00
93	3107	3200	11.42
63	3137	3200	8.98
24	3176	3200	5.11
-19	3219	3200	0.31
-59	3259	3200	-4.66
-88	3288	3200	-8.81
-100	3300	3200	-11.29
-96	3296	3200	-12.00
-76	3276	3200	-10.78
-44	3244	3200	-7.91
-3	3203	3200	-3.58
40	3160	3200	1.48
78	3122	3200	6.47
102	3098	3200	10.25
109	3091	3200	12.00
97	3103	3200	11.89
71	3129	3200	9.98
34	3166	3200	6.44
-9	3209	3200	1.76
-52	3252	3200	-3.45
-85	3285	3200	-7.98
-104	3304	3200	-11.26
-104	3304	3200	-12.00
-86	3286	3200	-11.12
-56	3256	3200	-8.60
-16	3216	3200	-4.53
28	3172	3200	0.49
67	3133	3200	5.45
95	3105	3200	9.58
106	3094	3200	12.00
99	3101	3200	12.00
77	3123	3200	10.58
42	3158	3200	7.36
1	3199	3200	3.01
-42	3242	3200	-2.08
-78	3278	3200	-6.85
-100	3300	3200	-10.39
-105	3305	3200	-12.00
-92	3292	3200	-11.72
-64	3264	3200	-9.51
-26	3226	3200	-5.78
17	3183	3200	-0.99
59	3141	3200	4.19
90	3110	3200	8.57
106	3094	3200	11.55
104	3096	3200	12.00
84	3116	3200	10.88
53	3147	3200	8.22
12	3188	3200	4.00
-30	3230	3200	-0.84
-68	3268	3200	-5.70
-94	3294	3200	-9.60
-103	3303	3200	-11.80
-95	3295	3200	-12.00
-72	3272	3200	-10.42
-37	3237	3200	-7.14
6	3194	3200	-2.48
49	3151	3200	2.68
84	3116	3200	7.42
105	3095	3200	10.92
108	3092	3200	12.00
92	3108	3200	11.40
64	3136	3200	9.19
25	3175	3200	5.34
-17	3217	3200	0.66
-57	3257	3200	-4.28
-87	3287	3200	-8.52
-102	3302	3200	-11.35
-99	3299	3200	-12.00
-80	3280	3200	-10.94
-48	3248	3200	-8.11
-8	3208	3200	-3.95
35	3165	3200	1.05
72	3128	3200	5.86
98	3102	3200	9.81
106	3094	3200	11.93
97	3103	3200	12.00
73	3127	3200	10.32
37	3163	3200	6.93
-5	3205	3200	2.40
-48	3248	3200	-2.75
-83	3283	3200	-7.48
-103	3303	3200	-10.85
-106	3306	3200	-12.00
-90	3290	3200	-11.38
-61	3261	3200	-9.03
-22	3222	3200	-5.14
21	3179	3200	-0.31
62	3138	3200	4.81
90	3110	3200	8.87
104	3096	3200	11.61
100	3100	3200	12.00
80	3120	3200	10.83
47	3153	3200	7.88
7	3193	3200	3.71
-36	3236	3200	-1.30
-72	3272	3200	-6.00
-97	3297	3200	-9.83
-105	3305	3200	-11.95
-95	3295	3200	-12.00
-70	3270	3200	-10.18
-33	3233	3200	-6.64
10	3190	3200	-1.94
53	3147	3200	3.28
87	3113	3200	7.95
107	3093	3200	11.36
108	3092	3200	12.00
91	3109	3200	11.28
62	3138	3200	8.94
22	3178	3200	4.95
-21	3221	3200	0.12
-60	3260	3200	-4.76
-89	3289	3200	-8.92
-101	3301	3200	-11.41
-97	3297	3200	-12.00
-77	3277	3200	-10.80
-44	3244	3200	-7.81
-3	3203	3200	-3.48
40	3160	3200	1.58
77	3123	3200	6.44
101	3099	3200	10.21
108	3092	3200	12.00
96	3104	3200	11.88
70	3130	3200	9.95
33	3167	3200	6.41
-10	3210	3200	1.71
-52	3252	3200	-3.39
-85	3285	3200	-7.93
-104	3304	3200	-11.20
-104	3304	3200	-12.00
-87	3287	3200	-11.24
-56	3256	3200	-8.61
-16	3216	3200	-4.54
27	3173	3200	0.36
66	3134	3200	5.31
94	3106	3200	9.42
106	3094	3200	11.97
100	3100	3200	12.00
78	3122	3200	10.60
44	3156	3200	7.50
2	3198	3200	3.06
-41	3241	3200	-2.02
-77	3277	3200	-6.78
-100	3300	3200	-10.43
-105	3305	3200	-12.00
-92	3292	3200	-11.72
-65	3265	3200	-9.63
-27	3227	3200	-5.91
16	3184	3200	-1.14
58	3142	3200	4.03
90	3110	3200	8.52
106	3094	3200	11.50
104	3096	3200	12.00
86	3114	3200	11.12
54	3146	3200	8.36
14	3186	3200	4.27
-30	3230	3200	-0.78
-68	3268	3200	-5.64
-95	3295	3200	-9.66
-104	3304	3200	-11.87
-97	3297	3200	-12.00
-73	3273	3200	-10.32
-38	3238	3200	-7.05
5	3195	3200	-2.41
47	3153	3200	2.62
82	3118	3200	7.34
103	3097	3200	10.81
106	3094	3200	12.00
92	3108	3200	11.62
64	3136	3200	9.40
25	3175	3200	5.55
-18	3218	3200	0.76
-59	3259	3200	-4.32
-89	3289	3200	-8.58
-104	3304	3200	-11.43
-101	3301	3200	-12.00
-82	3282	3200	-10.96
-49	3249	3200	-8.04
-8	3208	3200	-3.77
35	3165	3200	1.23
73	3127	3200	6.16
98	3102	3200	10.00
106	3094	3200	12.00
97	3103	3200	12.00
72	3128	3200	10.20
36	3164	3200	6.80
-6	3206	3200	2.26
-48	3248	3200	-2.79
-83	3283	3200	-7.52
-103	3303	3200	-10.89
-105	3305	3200	-12.00
-90	3290	3200	-11.49
-60	3260	3200	-9.01
-21	3221	3200	-5.11
22	3178	3200	-0.27
63	3137	3200	4.85
92	3108	3200	9.05
105	3095	3200	11.70
100	3100	3200	12.00
80	3120	3200	10.83
48	3152	3200	8.00
7	3193	3200	3.72
-36	3236	3200	-1.29
-74	3274	3200	-6.23
-98	3298	3200	-9.96
-106	3306	3200	-12.00
-95	3295	3200	-11.97
-69	3269	3200	-10.03
-32	3232	3200	-6.48
11	3189	3200	-1.77
54	3146	3200	3.46
87	3113	3200	8.02
106	3094	3200	11.32
-3093	3093	0	-12.00
-3095	3095	0	-12.00
-3080	3080	0	-12.00
-3050	3050	0	-12.00
-3009	3009	0	-12.00
-2958	2958	0	-12.00
-2898	2898	0	-12.00
-2831	2831	0	-12.00
-2758	2758	0	-12.00
-2681	2681	0	-12.00
-2600	2600	0	-12.00
-2515	2515	0	-12.00
-2427	2427	0	-12.00
-2336	2336	0	-12.00
-2244	2244	0	-12.00
-2149	2149	0	-12.00
-2053	2053	0	-12.00
-1956	1956	0	-12.00
-1856	1856	0	-12.00
-1757	1757	0	-12.00
-1656	1656	0	-12.00
-1554	1554	0	-12.00
-1452	1452	0	-12.00
-1348	1348	0	-12.00
-1244	1244	0	-12.00
-1140	1140	0	-12.00
-1034	1034	0	-12.00
-929	929	0	-12.00
-823	823	0	-10.61
-717	717	0	-7.95
-615	615	0	-4.49
-517	517	0	-0.28
-430	430	0	3.81
-358	358	0	7.17
-305	305	0	9.15
-273	273	0	9.27
-259	259	0	7.65
-261	261	0	4.29
-273	273	0	-0.27
-286	286	0	-5.10
-291	291	0	-9.13
-285	285	0	-11.92
-265	265	0	-12.00
-232	232	0	-11.28
-187	187	0	-8.74
-135	135	0	-4.82
-82	82	0	-0.17
-34	34	0	4.54
2	-2	0	8.39
22	-22	0	10.79
24	-24	0	11.29
9	-9	0	9.80
-18	18	0	6.71
-53	53	0	2.34
-89	89	0	-2.56
-119	119	0	-7.19
-135	135	0	-10.51
-134	134	0	-12.00
-118	118	0	-11.72
-87	87	0	-9.46
-46	46	0	-5.65
0	0	0	-0.75
43	-43	0	4.34
75	-75	0	8.65
92	-92	0	11.57
92	-92	0	12.00
76	-76	0	11.21
45	-45	0	8.45
6	-6	0	4.37
-36	36	0	-0.54
-74	74	0	-5.47
-101	101	0	-9.56
-111	111	0	-11.96
-104	104	0	-12.00
-80	80	0	-10.41
-45	45	0	-7.22
-2	2	0	-2.67
41	-41	0	2.41
77	-77	0	7.17
99	-99	0	10.70
104	-104	0	12.00
92	-92	0	11.83
66	-66	0	9.85
28	-28	0	6.15
-15	15	0	1.39
-56	56	0	-3.65
-88	88	0	-8.12
-106	106	0	-11.31
-104	104	0	-12.00
-86	86	0	-11.12
-55	55	0	-8.48
-14	14	0	-4.28
30	-30	0	0.76
69	-69	0	5.75
96	-96	0	9.78
106	-106	0	12.00
98	-98	0	12.00
76	-76	0	10.57
41	-41	0	7.34
-1	1	0	2.85
-44	44	0	-2.25
-80	80	0	-7.05
-102	102	0	-10.62
-106	106	0	-12.00
-93	93	0	-11.73
-64	64	0	-9.42
-26	26	0	-5.68
18	-18	0	-0.78
59	-59	0	4.29
90	-90	0	8.68
106	-106	0	11.66
103	-103	0	12.00
84	-84	0	10.99
53	-53	0	8.32
12	-12	0	4.10
-31	31	0	-0.85
-69	69	0	-5.73
-95	95	0	-9.64
-105	105	0	-11.97
-97	97	0	-12.00
-73	73	0	-10.32
-37	37	0	-6.93
5	-5	0	-2.40
48	-48	0	2.75
82	-82	0	7.36
103	-103	0	10.84
107	-107	0	12.00
92	-92	0	11.51
64	-64	0	9.30
26	-26	0	5.56
-17	17	0	0.78
-57	57	0	-4.16
-88	88	0	-8.52
-103	103	0	-11.36
-100	100	0	-12.00
-82	82	0	-11.07
-50	50	0	-8.26
-9	9	0	-4.01
34	-34	0	0.98
72	-72	0	5.89
99	-99	0	9.96
108	-108	0	12.00
99	-99	0	12.00
75	-75	0	10.35
39	-39	0	6.98
-4	4	0	2.36
-46	46	0	-2.67
-81	81	0	-7.37
-102	102	0	-10.84
-105	105	0	-12.00
-90	90	0	-11.49
-61	61	0	-9.13
-23	23	0	-5.36
20	-20	0	-0.54
61	-61	0	4.56
90	-90	0	8.73
105	-105	0	11.59
102	-102	0	12.00
82	-82	0	10.86
50	-50	0	8.05
10	-10	0	3.91
-32	32	0	-0.95
-70	70	0	-5.83
-95	95	0	-9.64
-104	104	0	-11.85
-96	96	0	-12.00
-72	72	0	-10.31
-36	36	0	-6.91
6	-6	0	-2.37
49	-49	0	2.80
83	-83	0	7.42
104	-104	0	10.91
107	-107	0	12.00
93	-93	0	11.63
64	-64	0	9.31
25	-25	0	5.46
-17	17	0	0.78
-58	58	0	-4.28
-89	89	0	-8.65
-104	104	0	-11.50
-101	101	0	-12.00
-81	81	0	-10.84
-49	49	0	-8.03
-9	9	0	-3.88
34	-34	0	1.11
72	-72	0	6.02
97	-97	0	9.85
106	-106	0	12.00
97	-97	0	12.00
73	-73	0	10.32
38	-38	0	7.05
-4	4	0	2.53
-47	47	0	-2.61
-82	82	0	-7.33
-103	103	0	-10.80
-106	106	0	-12.00
-91	91	0	-11.50
-62	62	0	-9.16
-24	24	0	-5.40
19	-19	0	-0.59
60	-60	0	4.50
90	-90	0	8.77
105	-105	0	11.64
102	-102	0	12.00
83	-83	0	10.98
51	-51	0	8.18
10	-10	0	3.94
-32	32	0	-0.92
-70	70	0	-5.81
-96	96	0	-9.73
-105	105	0	-11.96
-96	96	0	-12.00
-72	72	0	-10.31
-36	36	0	-6.91
6	-6	0	-2.37
49	-49	0	2.80
84	-84	0	7.54
105	-105	0	11.04
108	-108	0	12.00
93	-93	0	11.52
64	-64	0	9.20
26	-26	0	5.47
-17	17	0	0.69
-57	57	0	-4.26
-87	87	0	-8.50
-102	102	0	-11.32
-100	100	0	-12.00
-81	81	0	-10.95
-50	50	0	-8.25
-10	10	0	-4.11
33	-33	0	0.86
71	-71	0	5.76
98	-98	0	9.82
107	-107	0	12.00
99	-99	0	12.00
75	-75	0	10.35
40	-40	0	7.10
-2	2	0	2.60
-45	45	0	-2.52
-80	80	0	-7.21
-101	101	0	-10.66
-105	105	0	-12.00
-91	91	0	-11.60
-63	63	0	-9.38
-24	24	0	-5.52
19	-19	0	-0.71
60	-60	0	4.38
91	-91	0	8.77
106	-106	0	11.65
103	-103	0	12.00
84	-84	0	10.99
52	-52	0	8.21
12	-12	0	4.09
-31	31	0	-0.86
-69	69	0	-5.74
-96	96	0	-9.77
-105	105	0	-11.99
-97	97	0	-12.00
-73	73	0	-10.32
-37	37	0	-6.93
5	-5	0	-2.40
48	-48	0	2.75
83	-83	0	7.48
104	-104	0	10.97
107	-107	0	12.00
92	-92	0	11.51
64	-64	0	9.30
26	-26	0	5.56
-16	16	0	0.90
-57	57	0	-4.15
-88	88	0	-8.51
-103	103	0	-11.35
-101	101	0	-12.00
-82	82	0	-10.96
-51	51	0	-8.28
-10	10	0	-4.03
33	-33	0	0.95
71	-71	0	5.85
97	-97	0	9.78
106	-106	0	12.00
98	-98	0	12.00
75	-75	0	10.45
39	-39	0	7.09
-2	2	0	2.70
-45	45	0	-2.42
-80	80	0	-7.11
-102	102	0	-10.68
-106	106	0	-12.00
-92	92	0	-11.62
-63	63	0	-9.29
-25	25	0	-5.54
18	-18	0	-0.75
59	-59	0	4.33
90	-90	0	8.71
105	-105	0	11.58
102	-102	0	12.00
84	-84	0	11.09
52	-52	0	8.31
12	-12	0	4.20
-31	31	0	-0.75
-69	69	0	-5.63
3105	95	3200	12.00
3081	119	3200	12.00
3044	156	3200	12.00
2997	203	3200	12.00
2941	259	3200	12.00
2879	321	3200	12.00
2810	390	3200	12.00
2735	465	3200	12.00
2656	544	3200	12.00
2574	626	3200	12.00
2489	711	3200	12.00
2400	800	3200	12.00
2309	891	3200	12.00
2216	984	3200	12.00
2122	1078	3200	12.00
2025	1175	3200	12.00
1928	1272	3200	12.00
1829	1371	3200	12.00
1729	1471	3200	12.00
1628	1572	3200	12.00
1527	1673	3200	12.00
1425	1775	3200	12.00
1323	1877	3200	12.00
1220	1980	3200	12.00
1116	2084	3200	12.00
1012	2188	3200	12.00
908	2292	3200	11.85
803	2397	3200	10.33
699	2501	3200	7.67
597	2603	3200	3.99
502	2698	3200	-0.09
418	2782	3200	-4.00
349	2851	3200	-7.15
300	2900	3200	-8.76
269	2931	3200	-8.82
257	2943	3200	-7.01
261	2939	3200	-3.44
273	2927	3200	1.12
285	2915	3200	5.83
288	2912	3200	9.61
279	2921	3200	12.00
257	2943	3200	12.00
221	2979	3200	10.83
176	3024	3200	8.15
124	3076	3200	4.11
72	3128	3200	-0.56
26	3174	3200	-5.15
-8	3208	3200	-8.87
-26	3226	3200	-11.10
-26	3226	3200	-11.41
-11	3211	3200	-9.94
17	3183	3200	-6.76
53	3147	3200	-2.29
90	3110	3200	2.74
120	3080	3200	7.37
136	3064	3200	10.71
136	3064	3200	12.00
120	3080	3200	11.74
89	3111	3200	9.51
50	3150	3200	5.96
5	3195	3200	1.23
-38	3238	3200	-3.81
-71	3271	3200	-8.18
-89	3289	3200	-11.16
-90	3290	3200	-12.00
-76	3276	3200	-11.42
-47	3247	3200	-8.90
-8	3208	3200	-4.84
34	3166	3200	0.04
73	3127	3200	5.07
101	3099	3200	9.26
113	3087	3200	11.90
109	3091	3200	12.00
90	3110	3200	11.06
58	3142	3200	8.35
17	3183	3200	4.19
-26	3226	3200	-0.70
-65	3265	3200	-5.64
-92	3292	3200	-9.62
-103	3303	3200	-12.00
-96	3296	3200	-12.00
-74	3274	3200	-10.55
-40	3240	3200	-7.41
2	3198	3200	-2.91
45	3155	3200	2.21
80	3120	3200	6.90
103	3097	3200	10.59
108	3092	3200	12.00
95	3105	3200	11.76
68	3132	3200	9.70
30	3170	3200	6.02
-12	3212	3200	1.40
-54	3254	3200	-3.72
-86	3286	3200	-8.16
-103	3303	3200	-11.21
-103	3303	3200	-12.00
-85	3285	3200	-11.11
-55	3255	3200	-8.57
-15	3215	3200	-4.49
28	3172	3200	0.42
67	3133	3200	5.38
95	3105	3200	9.50
107	3093	3200	12.00
100	3100	3200	12.00
78	3122	3200	10.60
44	3156	3200	7.50
3	3197	3200	3.18
-40	3240	3200	-1.89
-76	3276	3200	-6.63
-100	3300	3200	-10.39
-106	3306	3200	-12.00
-94	3294	3200	-11.85
-67	3267	3200	-9.78
-29	3229	3200	-6.09
14	3186	3200	-1.34
56	3144	3200	3.81
88	3112	3200	8.27
106	3094	3200	11.46
105	3095	3200	12.00
87	3113	3200	11.13
57	3143	3200	8.62
18	3182	3200	4.69
-25	3225	3200	-0.19
-64	3264	3200	-5.12
-92	3292	3200	-9.21
-104	3304	3200	-11.74
-98	3298	3200	-12.00
-77	3277	3200	-10.69
-43	3243	3200	-7.59
-1	3201	3200	-3.13
41	3159	3200	1.84
78	3122	3200	6.72
101	3099	3200	10.38
108	3092	3200	12.00
96	3104	3200	11.88
70	3130	3200	9.95
32	3168	3200	6.29
-10	3210	3200	1.70
-52	3252	3200	-3.40
-85	3285	3200	-7.94
-104	3304	3200	-11.21
-104	3304	3200	-12.00
-87	3287	3200	-11.24
-57	3257	3200	-8.73
-17	3217	3200	-4.67
25	3175	3200	0.10
65	3135	3200	5.14
93	3107	3200	9.24
105	3095	3200	11.78
100	3100	3200	12.00
79	3121	3200	10.71
46	3154	3200	7.75
5	3195	3200	3.45
-37	3237	3200	-1.47
-74	3274	3200	-6.30
-98	3298	3200	-10.03
-106	3306	3200	-12.00
-95	3295	3200	-11.97
-69	3269	3200	-10.03
-32	3232	3200	-6.48
11	3189	3200	-1.77
53	3147	3200	3.34
87	3113	3200	8.01
106	3094	3200	11.31
107	3093	3200	12.00
90	3110	3200	11.27
61	3139	3200	8.92
22	3178	3200	5.03
-21	3221	3200	0.20
-60	3260	3200	-4.68
-89	3289	3200	-8.83
-102	3302	3200	-11.45
-98	3298	3200	-12.00
-79	3279	3200	-10.93
-47	3247	3200	-8.09
-6	3206	3200	-3.79
37	3163	3200	1.23
74	3126	3200	6.06
99	3101	3200	9.92
108	3092	3200	12.00
98	3102	3200	12.00
73	3127	3200	10.22
37	3163	3200	6.83
-5	3205	3200	2.30
-48	3248	3200	-2.86
-82	3282	3200	-7.47
-103	3303	3200	-10.94
-105	3305	3200	-12.00
-90	3290	3200	-11.49
-61	3261	3200	-9.13
-22	3222	3200	-5.24
20	3180	3200	-0.53
61	3139	3200	4.57
90	3110	3200	8.74
105	3095	3200	11.60
101	3099	3200	12.00
82	3118	3200	10.96
51	3149	3200	8.28
10	3190	3200	4.03
-32	3232	3200	-0.83
-70	3270	3200	-5.72
-96	3296	3200	-9.64
-106	3306	3200	-11.98
-97	3297	3200	-12.00
-73	3273	3200	-10.32
-38	3238	3200	-7.05
5	3195	3200	-2.41
48	3152	3200	2.74
83	3117	3200	7.47
104	3096	3200	10.96
107	3093	3200	12.00
93	3107	3200	11.63
65	3135	3200	9.43
26	3174	3200	5.59
-17	3217	3200	0.81
-57	3257	3200	-4.14
-88	3288	3200	-8.50
-104	3304	3200	-11.45
-102	3302	3200	-12.00
-83	3283	3200	-10.98
-51	3251	3200	-8.18
-11	3211	3200	-4.05
32	3168	3200	0.91
70	3130	3200	5.80
96	3104	3200	9.72
106	3094	3200	12.00
98	3102	3200	12.00
75	3125	3200	10.45
40	3160	3200	7.21
-1	3201	3200	2.83
-44	3244	3200	-2.28
-79	3279	3200	-6.96
-101	3301	3200	-10.51
-106	3306	3200	-12.00
-93	3293	3200	-11.73
-65	3265	3200	-9.54
-27	3227	3200	-5.81
17	3183	3200	-0.92
58	3142	3200	4.14
89	3111	3200	8.51
106	3094	3200	11.60
104	3096	3200	12.00
85	3115	3200	11.00
54	3146	3200	8.35
15	3185	3200	4.38
-28	3228	3200	-0.54
-66	3266	3200	-5.38
-94	3294	3200	-9.49
-105	3305	3200	-11.93
-98	3298	3200	-12.00
-75	3275	3200	-10.45
-41	3241	3200	-7.33
1	3199	3200	-2.84
43	3157	3200	2.15
79	3121	3200	6.93
101	3099	3200	10.49
107	3093	3200	12.00
94	3106	3200	11.75
68	3132	3200	9.80
31	3169	3200	6.23
-12	3212	3200	1.51
-54	3254	3200	-3.62
-86	3286	3200	-8.06
-104	3304	3200	-11.23
-104	3304	3200	-12.00
-87	3287	3200	-11.24
-56	3256	3200	-8.61
-16	3216	3200	-4.54
26	3174	3200	0.24
66	3134	3200	5.30
94	3106	3200	9.41
106	3094	3200	11.96
100	3100	3200	12.00
78	3122	3200	10.60
45	3155	3200	7.62
4	3196	3200	3.31
-38	3238	3200	-1.62
-74	3274	3200	-6.35
-98	3298	3200	-10.08
-105	3305	3200	-12.00
-95	3295	3200	-12.00
-69	3269	3200	-10.06
-32	3232	3200	-6.51
11	3189	3200	-1.80
54	3146	3200	3.43
88	3112	3200	8.11
107	3093	3200	11.42
108	3092	3200	12.00
92	3108	3200	11.40
62	3138	3200	8.95
23	3177	3200	5.08
-19	3219	3200	0.38
-59	3259	3200	-4.59
-88	3288	3200	-8.74
-101	3301	3200	-11.34
-98	3298	3200	-12.00
-79	3279	3200	-10.93
-48	3248	3200	-8.20
-7	3207	3200	-3.92
35	3165	3200	0.97
73	3127	3200	5.90
-3101	3101	0	-12.00
-3078	3078	0	-12.00
-3042	3042	0	-12.00
-2995	2995	0	-12.00
-2939	2939	0	-12.00
-2876	2876	0	-12.00
-2807	2807	0	-12.00
-2732	2732	0	-12.00
-2653	2653	0	-12.00
-2569	2569	0	-12.00
-2483	2483	0	-12.00
-2394	2394	0	-12.00
-2303	2303	0	-12.00
-2210	2210	0	-12.00
-2114	2114	0	-12.00
-2018	2018	0	-12.00
-1920	1920	0	-12.00
-1821	1821	0	-12.00
-1720	1720	0	-12.00
-1619	1619	0	-12.00
-1517	1517	0	-12.00
-1413	1413	0	-12.00
-1310	1310	0	-12.00
-1205	1205	0	-12.00
-1100	1100	0	-12.00
-995	995	0	-12.00
-889	889	0	-11.41
-783	783	0	-9.54
-678	678	0	-6.52
-577	577	0	-2.71
-483	483	0	1.49
-402	402	0	5.28
-337	337	0	8.15
-291	291	0	9.54
-265	265	0	9.12
-258	258	0	6.76
-264	264	0	2.95
-277	277	0	-1.77
-289	289	0	-6.52
-292	292	0	-10.36
-283	283	0	-12.00
-259	259	0	-12.00
-222	222	0	-10.73
-176	176	0	-7.95
-124	124	0	-3.91
-71	71	0	0.88
-25	25	0	5.48
9	-9	0	9.21
25	-25	0	11.21
25	-25	0	11.52
9	-9	0	9.92
-19	19	0	6.71
-55	55	0	2.21
-92	92	0	-2.83
-121	121	0	-7.38
-137	137	0	-10.73
-137	137	0	-12.00
-119	119	0	-11.52
-88	88	0	-9.27
-48	48	0	-5.59
-3	3	0	-0.84
40	-40	0	4.22
72	-72	0	8.50
89	-89	0	11.38
89	-89	0	12.00
72	-72	0	11.06
43	-43	0	8.49
4	-4	0	4.38
-37	37	0	-0.43
-75	75	0	-5.38
-102	102	0	-9.48
-113	113	0	-12.00
-107	107	0	-12.00
-85	85	0	-10.68
-52	52	0	-7.79
-10	10	0	-3.44
34	-34	0	1.65
71	-71	0	6.45
96	-96	0	10.27
103	-103	0	12.00
95	-95	0	12.00
71	-71	0	10.30
35	-35	0	6.89
-6	6	0	2.45
-48	48	0	-2.60
-83	83	0	-7.33
-104	104	0	-10.81
-107	107	0	-12.00
-93	93	0	-11.63
-64	64	0	-9.31
-25	25	0	-5.46
18	-18	0	-0.66
59	-59	0	4.41
90	-90	0	8.80
105	-105	0	11.66
102	-102	0	12.00
84	-84	0	11.09
53	-53	0	8.43
12	-12	0	4.21
-30	30	0	-0.62
-68	68	0	-5.49
-96	96	0	-9.63
-106	106	0	-11.97
-99	99	0	-12.00
-75	75	0	-10.35
-40	40	0	-7.10
2	-2	0	-2.60
44	-44	0	2.40
80	-80	0	7.19
101	-101	0	10.64
106	-106	0	12.00
93	-93	0	11.73
66	-66	0	9.65
29	-29	0	6.06
-13	13	0	1.43
-54	54	0	-3.58
-87	87	0	-8.14
-104	104	0	-11.20
-104	104	0	-12.00
-86	86	0	-11.12
-56	56	0	-8.60
-16	16	0	-4.53
27	-27	0	0.37
66	-66	0	5.32
94	-94	0	9.43
106	-106	0	11.99
100	-100	0	12.00
79	-79	0	10.71
45	-45	0	7.64
5	-5	0	3.44
-38	38	0	-1.60
-74	74	0	-6.32
-99	99	0	-10.18
-106	106	0	-12.00
-95	95	0	-11.97
-70	70	0	-10.15
-33	33	0	-6.61
10	-10	0	-1.91
53	-53	0	3.31
87	-87	0	7.97
107	-107	0	11.39
109	-109	0	12.00
94	-94	0	11.53
65	-65	0	9.23
26	-26	0	5.39
-16	16	0	0.72
-56	56	0	-4.21
-87	87	0	-8.56
-102	102	0	-11.38
-100	100	0	-12.00
-82	82	0	-11.07
-51	51	0	-8.38
-11	11	0	-4.26
31	-31	0	0.59
70	-70	0	5.58
97	-97	0	9.63
108	-108	0	12.00
100	-100	0	12.00
78	-78	0	10.60
43	-43	0	7.39
2	-2	0	3.04
-41	41	0	-2.03
-77	77	0	-6.79
-100	100	0	-10.44
-106	106	0	-12.00
-94	94	0	-11.85
-67	67	0	-9.78
-30	30	0	-6.21
13	-13	0	-1.47
55	-55	0	3.66
88	-88	0	8.24
106	-106	0	11.43
106	-106	0	12.00
89	-89	0	11.26
60	-60	0	8.89
20	-20	0	4.88
-22	22	0	0.14
-61	61	0	-4.75
-90	90	0	-8.92
-103	103	0	-11.54
-98	98	0	-12.00
-79	79	0	-10.93
-46	46	0	-7.97
-6	6	0	-3.78
37	-37	0	1.24
74	-74	0	6.07
99	-99	0	9.93
108	-108	0	12.00
99	-99	0	12.00
74	-74	0	10.23
38	-38	0	6.85
-4	4	0	2.33
-46	46	0	-2.69
-80	80	0	-7.28
-101	101	0	-10.73
-104	104	0	-12.00
-90	90	0	-11.59
-62	62	0	-9.36
-24	24	0	-5.60
18	-18	0	-0.91
59	-59	0	4.17
90	-90	0	8.55
107	-107	0	11.65
104	-104	0	12.00
86	-86	0	11.12
55	-55	0	8.48
14	-14	0	4.28
-28	28	0	-0.53
-67	67	0	-5.49
-94	94	0	-9.49
-106	106	0	-12.00
-99	99	0	-12.00
-76	76	0	-10.47
-42	42	0	-7.35
0	0	0	-2.88
43	-43	0	2.22
79	-79	0	7.00
102	-102	0	10.68
107	-107	0	12.00
95	-95	0	11.87
68	-68	0	9.81
31	-31	0	6.24
-12	12	0	1.52
-53	53	0	-3.49
-86	86	0	-8.03
-104	104	0	-11.20
-105	105	0	-12.00
-88	88	0	-11.25
-57	57	0	-8.63
-18	18	0	-4.70
24	-24	0	0.06
64	-64	0	5.09
92	-92	0	9.18
104	-104	0	11.71
100	-100	0	12.00
80	-80	0	10.83
47	-47	0	7.88
7	-7	0	3.71
-36	36	0	-1.30
-72	72	0	-6.00
-97	97	0	-9.83
-106	106	0	-12.00
-96	96	0	-12.00
-71	71	0	-10.19
-35	35	0	-6.78
7	-7	0	-2.22
50	-50	0	2.96
84	-84	0	7.59
105	-105	0	11.09
108	-108	0	12.00
93	-93	0	11.52
65	-65	0	9.32
27	-27	0	5.60
-15	15	0	0.95
-56	56	0	-4.09
-87	87	0	-8.44
-103	103	0	-11.38
-101	101	0	-12.00
-83	83	0	-11.08
-52	52	0	-8.41
-13	13	0	-4.41
30	-30	0	0.53
69	-69	0	5.51
96	-96	0	9.54
108	-108	0	12.00
101	-101	0	12.00
78	-78	0	10.49
44	-44	0	7.40
3	-3	0	3.07
-39	39	0	-1.87
-75	75	0	-6.61
-99	99	0	-10.36
-105	105	0	-12.00
-94	94	0	-11.96
-68	68	0	-10.01
-31	31	0	-6.44
12	-12	0	-1.72
55	-55	0	3.52
88	-88	0	8.09
107	-107	0	11.40
108	-108	0	12.00
92	-92	0	11.40
63	-63	0	9.07
24	-24	0	5.21
-19	19	0	0.40
-58	58	0	-4.45
-87	87	0	-8.58
-101	101	0	-11.29
-99	99	0	-12.00
-80	80	0	-10.94
-50	50	0	-8.35
-10	10	0	-4.21
33	-33	0	0.77
71	-71	0	5.67
97	-97	0	9.60
108	-108	0	12.00
100	-100	0	12.00
77	-77	0	10.48
42	-42	0	7.26
1	-1	0	2.90
-42	42	0	-2.18
3123	77	3200	12.00
3088	112	3200	12.00
3042	158	3200	12.00
2988	212	3200	12.00
2926	274	3200	12.00
2858	342	3200	12.00
2785	415	3200	12.00
2708	492	3200	12.00
2626	574	3200	12.00
2541	659	3200	12.00
2453	747	3200	12.00
2364	836	3200	12.00
2271	929	3200	12.00
2177	1023	3200	12.00
2081	1119	3200	12.00
1984	1216	3200	12.00
1886	1314	3200	12.00
1787	1413	3200	12.00
1686	1514	3200	12.00
1586	1614	3200	12.00
1484	1716	3200	12.00
1381	1819	3200	12.00
1278	1922	3200	12.00
1175	2025	3200	12.00
1071	2129	3200	12.00
967	2233	3200	12.00
862	2338	3200	11.19
758	2442	3200	9.24
655	2545	3200	6.15
556	2644	3200	2.30
465	2735	3200	-1.80
387	2813	3200	-5.45
325	2875	3200	-8.14
282	2918	3200	-9.32
259	2941	3200	-8.66
254	2946	3200	-6.13
262	2938	3200	-2.13
276	2924	3200	2.68
287	2913	3200	7.31
288	2912	3200	10.88
275	2925	3200	12.00
249	2951	3200	12.00
210	2990	3200	10.37
163	3037	3200	7.33
111	3089	3200	3.13
60	3140	3200	-1.58
16	3184	3200	-6.07
-15	3215	3200	-9.55
-28	3228	3200	-11.28
-25	3225	3200	-11.26
-6	3206	3200	-9.31
23	3177	3200	-5.94
60	3140	3200	-1.28
96	3104	3200	3.71
124	3076	3200	8.18
137	3063	3200	11.22
134	3066	3200	12.00
116	3084	3200	11.48
84	3116	3200	9.08
44	3156	3200	5.35
0	3200	3200	0.67
-42	3242	3200	-4.31
-73	3273	3200	-8.49
-89	3289	3200	-11.26
-89	3289	3200	-12.00
-73	3273	3200	-11.17
-44	3244	3200	-8.62
-5	3205	3200	-4.52
37	3163	3200	0.39
75	3125	3200	5.34
103	3097	3200	9.56
115	3085	3200	12.00
110	3090	3200	12.00
90	3110	3200	10.95
57	3143	3200	8.13
17	3183	3200	4.07
-26	3226	3200	-0.82
-64	3264	3200	-5.64
-91	3291	3200	-9.61
-101	3301	3200	-11.89
-95	3295	3200	-12.00
-73	3273	3200	-10.54
-40	3240	3200	-7.50
2	3198	3200	-3.01
44	3156	3200	2.00
80	3120	3200	6.79
103	3097	3200	10.48
109	3091	3200	12.00
96	3104	3200	11.77
70	3130	3200	9.84
33	3167	3200	6.30
-9	3209	3200	1.72
-50	3250	3200	-3.25
-84	3284	3200	-7.88
-103	3303	3200	-11.14
-104	3304	3200	-12.00
-88	3288	3200	-11.36
-59	3259	3200	-8.98
-20	3220	3200	-5.06
23	3177	3200	-0.21
62	3138	3200	4.69
91	3109	3200	8.87
105	3095	3200	11.63
101	3099	3200	12.00
82	3118	3200	10.96
50	3150	3200	8.16
10	3190	3200	4.02
-32	3232	3200	-0.84
-70	3270	3200	-5.73
-96	3296	3200	-9.65
-106	3306	3200	-11.99
-98	3298	3200	-12.00
-74	3274	3200	-10.33
-39	3239	3200	-7.08
3	3197	3200	-2.57
46	3154	3200	2.56
81	3119	3200	7.27
102	3098	3200	10.73
107	3093	3200	12.00
94	3106	3200	11.75
67	3133	3200	9.68
29	3171	3200	5.98
-13	3213	3200	1.35
-54	3254	3200	-3.66
-86	3286	3200	-8.11
-104	3304	3200	-11.27
-104	3304	3200	-12.00
-86	3286	3200	-11.12
-56	3256	3200	-8.60
-17	3217	3200	-4.65
26	3174	3200	0.24
65	3135	3200	5.18
93	3107	3200	9.28
105	3095	3200	11.82
100	3100	3200	12.00
80	3120	3200	10.83
47	3153	3200	7.88
7	3193	3200	3.71
-36	3236	3200	-1.30
-73	3273	3200	-6.12
-98	3298	3200	-9.96
-106	3306	3200	-12.00
-96	3296	3200	-12.00
-71	3271	3200	-10.19
-35	3235	3200	-6.78
8	3192	3200	-2.10
50	3150	3200	2.97
85	3115	3200	7.72
105	3095	3200	11.11
108	3092	3200	12.00
93	3107	3200	11.52
65	3135	3200	9.32
27	3173	3200	5.60
-15	3215	3200	0.95
-56	3256	3200	-4.09
-87	3287	3200	-8.44
-103	3303	3200	-11.38
-101	3301	3200	-12.00
-83	3283	3200	-11.08
-53	3253	3200	-8.53
-13	3213	3200	-4.42
30	3170	3200	0.52
69	3131	3200	5.50
96	3104	3200	9.53
108	3092	3200	12.00
101	3099	3200	12.00
79	3121	3200	10.61
45	3155	3200	7.53
4	3196	3200	3.21
-39	3239	3200	-1.84
-74	3274	3200	-6.45
-98	3298	3200	-10.19
-105	3305	3200	-12.00
-94	3294	3200	-11.96
-69	3269	3200	-10.13
-32	3232	3200	-6.57
10	3190	3200	-1.98
52	3148	3200	3.12
86	3114	3200	7.77
106	3094	3200	11.18
108	3092	3200	12.00
93	3107	3200	11.52
64	3136	3200	9.20
26	3174	3200	5.47
-16	3216	3200	0.81
-55	3255	3200	-4.01
-86	3286	3200	-8.35
-101	3301	3200	-11.16
-100	3300	3200	-12.00
-83	3283	3200	-11.19
-53	3253	3200	-8.63
-14	3214	3200	-4.65
28	3172	3200	0.16
66	3134	3200	5.00
94	3106	3200	9.12
107	3093	3200	11.79
101	3099	3200	12.00
81	3119	3200	10.84
48	3152	3200	7.91
8	3192	3200	3.75
-35	3235	3200	-1.25
-71	3271	3200	-5.94
-96	3296	3200	-9.76
-105	3305	3200	-11.98
-96	3296	3200	-12.00
-72	3272	3200	-10.31
-37	3237	3200	-7.03
5	3195	3200	-2.50
47	3153	3200	2.54
82	3118	3200	7.25
104	3096	3200	10.85
108	3092	3200	12.00
95	3105	3200	11.76
68	3132	3200	9.70
31	3169	3200	6.13
-11	3211	3200	1.53
-53	3253	3200	-3.58
-85	3285	3200	-8.01
-103	3303	3200	-11.17
-104	3304	3200	-12.00
-87	3287	3200	-11.24
-58	3258	3200	-8.85
-19	3219	3200	-4.92
23	3177	3200	-0.17
62	3138	3200	4.73
91	3109	3200	8.91
104	3096	3200	11.54
101	3099	3200	12.00
82	3118	3200	10.96
51	3149	3200	8.28
11	3189	3200	4.15
-30	3230	3200	-0.58
-68	3268	3200	-5.44
-95	3295	3200	-9.46
-106	3306	3200	-11.91
-99	3299	3200	-12.00
-76	3276	3200	-10.47
-42	3242	3200	-7.35
0	3200	3200	-2.88
42	3158	3200	2.10
78	3122	3200	6.87
101	3099	3200	10.54
107	3093	3200	12.00
95	3105	3200	11.87
70	3130	3200	10.05
33	3167	3200	6.50
-9	3209	3200	1.92
-51	3251	3200	-3.16
-84	3284	3200	-7.69
-104	3304	3200	-11.07
-106	3306	3200	-12.00
-90	3290	3200	-11.38
-62	3262	3200	-9.14
-23	3223	3200	-5.27
19	3181	3200	-0.57
59	3141	3200	4.40
89	3111	3200	8.67
104	3096	3200	11.52
102	3098	3200	12.00
84	3116	3200	11.09
54	3146	3200	8.55
14	3186	3200	4.46
-28	3228	3200	-0.35
-66	3266	3200	-5.19
-94	3294	3200	-9.30
-106	3306	3200	-11.86
-100	3300	3200	-12.00
-78	3278	3200	-10.60
-44	3244	3200	-7.50
-3	3203	3200	-3.18
40	3160	3200	1.89
76	3124	3200	6.63
100	3100	3200	10.39
107	3093	3200	12.00
96	3104	3200	11.98
71	3129	3200	10.18
35	3165	3200	6.76
-7	3207	3200	2.21
-49	3249	3200	-2.85
-83	3283	3200	-7.47
-104	3304	3200	-10.96
-107	3307	3200	-12.00
-93	3293	3200	-11.63
-64	3264	3200	-9.31
-26	3226	3200	-5.58
17	3183	3200	-0.79
58	3142	3200	4.27
89	3111	3200	8.64
105	3095	3200	11.61
103	3097	3200	12.00
85	3115	3200	11.11
55	3145	3200	8.57
16	3184	3200	4.61
-27	3227	3200	-0.29
-65	3265	3200	-5.12
-93	3293	3200	-9.22
-106	3306	3200	-11.88
-100	3300	3200	-12.00
-78	3278	3200	-10.60
-45	3245	3200	-7.62
-4	3204	3200	-3.31
-3161	3161	0	-12.00
-3116	3116	0	-12.00
-3062	3062	0	-12.00
-3000	3000	0	-12.00
-2932	2932	0	-12.00
-2859	2859	0	-12.00
-2782	2782	0	-12.00
-2700	2700	0	-12.00
-2615	2615	0	-12.00
-2528	2528	0	-12.00
-2438	2438	0	-12.00
-2346	2346	0	-12.00
-2251	2251	0	-12.00
-2156	2156	0	-12.00
-2059	2059	0	-12.00
-1961	1961	0	-12.00
-1861	1861	0	-12.00
-1761	1761	0	-12.00
-1659	1659	0	-12.00
-1557	1557	0	-12.00
-1454	1454	0	-12.00
-1350	1350	0	-12.00
-1246	1246	0	-12.00
-1141	1141	0	-12.00
-1035	1035	0	-12.00
-929	929	0	-11.89
-823	823	0	-10.51
-717	717	0	-7.85
-613	613	0	-4.15
-515	515	0	0.09
-428	428	0	4.21
-356	356	0	7.59
-303	303	0	9.59
-270	270	0	9.85
-256	256	0	8.26
-259	259	0	4.83
-272	272	0	0.17
-286	286	0	-4.76
-294	294	0	-9.15
-291	291	0	-12.00
-273	273	0	-12.00
-242	242	0	-11.61
-199	199	0	-9.43
-149	149	0	-5.89
-96	96	0	-1.41
-46	46	0	3.36
-5	5	0	7.67
20	-20	0	10.57
28	-28	0	11.76
21	-21	0	11.27
0	0	0	9.03
-33	33	0	5.12
-70	70	0	0.34
-105	105	0	-4.65
-130	130	0	-8.88
-141	141	0	-11.74
-134	134	0	-12.00
-112	112	0	-11.00
-78	78	0	-8.32
-35	35	0	-4.17
9	-9	0	0.63
50	-50	0	5.60
79	-79	0	9.63
91	-91	0	12.00
88	-88	0	12.00
70	-70	0	10.93
38	-38	0	7.98
-1	1	0	3.81
-43	43	0	-1.18
-79	79	0	-5.96
-104	104	0	-9.88
-113	113	0	-12.00
-106	106	0	-12.00
-82	82	0	-10.43
-48	48	0	-7.39
-6	6	0	-2.99
37	-37	0	2.04
73	-73	0	6.75
96	-96	0	10.35
103	-103	0	12.00
94	-94	0	12.00
70	-70	0	10.29
34	-34	0	6.86
-8	8	0	2.29
-50	50	0	-2.78
-84	84	0	-7.41
-105	105	0	-10.91
-108	108	0	-12.00
-94	94	0	-11.64
-66	66	0	-9.45
-28	28	0	-5.74
16	-16	0	-0.87
57	-57	0	4.19
88	-88	0	8.55
105	-105	0	11.62
104	-104	0	12.00
86	-86	0	11.12
57	-57	0	8.72
18	-18	0	4.78
-24	24	0	0.02
-63	63	0	-4.89
-91	91	0	-8.97
-104	104	0	-11.60
-99	99	0	-12.00
-79	79	0	-10.82
-47	47	0	-7.98
-6	6	0	-3.69
36	-36	0	1.22
73	-73	0	6.04
98	-98	0	9.88
107	-107	0	12.00
99	-99	0	12.00
75	-75	0	10.35
40	-40	0	7.10
-1	1	0	2.72
-43	43	0	-2.27
-78	78	0	-6.93
-100	100	0	-10.48
-105	105	0	-12.00
-93	93	0	-11.84
-66	66	0	-9.76
-29	29	0	-6.17
14	-14	0	-1.42
55	-55	0	3.61
88	-88	0	8.18
107	-107	0	11.49
107	-107	0	12.00
91	-91	0	11.39
62	-62	0	9.05
23	-23	0	5.17
-19	19	0	0.47
-59	59	0	-4.50
-88	88	0	-8.64
-102	102	0	-11.36
-100	100	0	-12.00
-82	82	0	-11.07
-51	51	0	-8.38
-11	11	0	-4.26
32	-32	0	0.71
70	-70	0	5.60
97	-97	0	9.64
108	-108	0	12.00
102	-102	0	12.00
79	-79	0	10.50
46	-46	0	7.54
5	-5	0	3.24
-37	37	0	-1.68
-73	73	0	-6.39
-98	98	0	-10.24
-105	105	0	-12.00
-95	95	0	-12.00
-70	70	0	-10.18
-34	34	0	-6.76
8	-8	0	-2.19
51	-51	0	3.01
85	-85	0	7.65
106	-106	0	11.16
109	-109	0	12.00
95	-95	0	11.65
68	-68	0	9.60
30	-30	0	5.91
-12	12	0	1.29
-53	53	0	-3.71
-85	85	0	-8.14
-103	103	0	-11.30
-103	103	0	-12.00
-86	86	0	-11.22
-57	57	0	-8.82
-18	18	0	-4.89
24	-24	0	-0.12
63	-63	0	4.79
91	-91	0	8.86
105	-105	0	11.62
101	-101	0	12.00
82	-82	0	10.96
51	-51	0	8.28
11	-11	0	4.15
-31	31	0	-0.70
-69	69	0	-5.57
-96	96	0	-9.60
-106	106	0	-11.94
-12.00
ets Jun  8 2016 00:22:57

rst:0x1 (POWERON_RESET),boot:0x3 (DOWNLOAD_BOOT(UART0/UART1/SDIO_REI_REO_V2))
waiting for download
