-5	5	0	-0.01
-15	15	0	-0.24
-22	22	0	-0.43
-26	26	0	-0.55
-28	28	0	-0.63
-29	29	0	-0.69
-28	28	0	-0.70
-27	27	0	-0.72
-26	26	0	-0.73
-25	25	0	-0.74
-23	23	0	-0.73
-21	21	0	-0.71
-20	20	0	-0.72
-19	19	0	-0.72
-17	17	0	-0.70
-16	16	0	-0.70
-14	14	0	-0.67
-13	13	0	-0.67
-11	11	0	-0.64
-9	9	0	-0.61
-8	8	0	-0.60
-6	6	0	-0.56
-5	5	0	-0.55
-3	3	0	-0.51
-3	3	0	-0.51
-3	3	0	-0.51
-3	3	0	-0.52
-3	3	0	-0.52
-3	3	0	-0.53
-2	2	0	-0.51
-2	2	0	-0.51
-2	2	0	-0.51
-2	2	0	-0.52
-2	2	0	-0.52
-2	2	0	-0.52
-2	2	0	-0.52
-1	1	0	-0.50
-1	1	0	-0.50
-1	1	0	-0.51
-1	1	0	-0.51
-1	1	0	-0.51
-1	1	0	-0.51
-1	1	0	-0.51
-1	1	0	-0.51
-1	1	0	-0.51
-1	1	0	-0.51
-1	1	0	-0.52
-1	1	0	-0.52
-1	1	0	-0.52
-1	1	0	-0.52
-1	1	0	-0.52
-1	1	0	-0.52
-1	1	0	-0.52
-1	1	0	-0.53
-1	1	0	-0.53
-1	1	0	-0.53
-1	1	0	-0.53
-1	1	0	-0.53
-1	1	0	-0.53
-1	1	0	-0.53
-1	1	0	-0.53
-1	1	0	-0.54
-1	1	0	-0.54
-1	1	0	-0.54
-1	1	0	-0.54
-1	1	0	-0.54
-1	1	0	-0.54
-1	1	0	-0.54
-1	1	0	-0.55
-1	1	0	-0.55
-1	1	0	-0.55
-1	1	0	-0.55
-1	1	0	-0.55
-1	1	0	-0.55
-1	1	0	-0.55
-1	1	0	-0.55
-1	1	0	-0.56
-1	1	0	-0.56
-1	1	0	-0.56
-1	1	0	-0.56
-1	1	0	-0.56
-1	1	0	-0.56
-1	1	0	-0.56
-1	1	0	-0.57
-1	1	0	-0.57
0	0	0	-0.54
0	0	0	-0.54
0	0	0	-0.54
0	0	0	-0.54
0	0	0	-0.54
0	0	0	-0.54
0	0	0	-0.54
0	0	0	-0.54
0	0	0	-0.54
0	0	0	-0.54
0	0	0	-0.54
0	0	0	-0.54
0	0	0	-0.54
0	0	0	-0.54
0	0	0	-0.54
0	0	0	-0.54
0	0	0	-0.54
0	0	0	-0.54
0	0	0	-0.54
0	0	0	-0.54
0	0	0	-0.54
0	0	0	-0.54
0	0	0	-0.54
0	0	0	-0.54
0	0	0	-0.54
0	0	0	-0.54
0	0	0	-0.54
0	0	0	-0.54
0	0	0	-0.54
0	0	0	-0.54
0	0	0	-0.54
0	0	0	-0.54
0	0	0	-0.54
0	0	0	-0.54
0	0	0	-0.54
0	0	0	-0.54
0	0	0	-0.54
0	0	0	-0.54
0	0	0	-0.54
0	0	0	-0.54
0	0	0	-0.54
0	0	0	-0.54
0	0	0	-0.54
0	0	0	-0.54
0	0	0	-0.54
0	0	0	-0.54
0	0	0	-0.54
0	0	0	-0.54
0	0	0	-0.54
0	0	0	-0.54
0	0	0	-0.54
0	0	0	-0.54
0	0	0	-0.54
0	0	0	-0.54
0	0	0	-0.54
0	0	0	-0.54
0	0	0	-0.54
0	0	0	-0.54
0	0	0	-0.54
0	0	0	-0.54
0	0	0	-0.54
0	0	0	-0.54
0	0	0	-0.54
0	0	0	-0.54
0	0	0	-0.54
0	0	0	-0.54
0	0	0	-0.54
0	0	0	-0.54
0	0	0	-0.54
0	0	0	-0.54
0	0	0	-0.54
0	0	0	-0.54
0	0	0	-0.54
0	0	0	-0.54
0	0	0	-0.54
0	0	0	-0.54
0	0	0	-0.54
0	0	0	-0.54
0	0	0	-0.54
0	0	0	-0.54
0	0	0	-0.54
0	0	0	-0.54
0	0	0	-0.54
0	0	0	-0.54
0	0	0	-0.54
0	0	0	-0.54
0	0	0	-0.54
0	0	0	-0.54
0	0	0	-0.54
0	0	0	-0.54
0	0	0	-0.54
0	0	0	-0.54
0	0	0	-0.54
0	0	0	-0.54
0	0	0	-0.54
0	0	0	-0.54
0	0	0	-0.54
0	0	0	-0.54
0	0	0	-0.54
0	0	0	-0.54
0	0	0	-0.54
0	0	0	-0.54
0	0	0	-0.54
0	0	0	-0.54
0	0	0	-0.54
0	0	0	-0.54
0	0	0	-0.54
0	0	0	-0.54
0	0	0	-0.54
0	0	0	-0.54
0	0	0	-0.54
0	0	0	-0.54
0	0	0	-0.54
0	0	0	-0.54
0	0	0	-0.54
0	0	0	-0.54
0	0	0	-0.54
0	0	0	-0.54
0	0	0	-0.54
0	0	0	-0.54
0	0	0	-0.54
0	0	0	-0.54
0	0	0	-0.54
0	0	0	-0.54
0	0	0	-0.54
0	0	0	-0.54
0	0	0	-0.54
0	0	0	-0.54
0	0	0	-0.54
0	0	0	-0.54
0	0	0	-0.54
0	0	0	-0.54
0	0	0	-0.54
0	0	0	-0.54
0	0	0	-0.54
0	0	0	-0.54
0	0	0	-0.54
0	0	0	-0.54
0	0	0	-0.54
0	0	0	-0.54
0	0	0	-0.54
0	0	0	-0.54
0	0	0	-0.54
0	0	0	-0.54
0	0	0	-0.54
0	0	0	-0.54
0	0	0	-0.54
0	0	0	-0.54
0	0	0	-0.54
0	0	0	-0.54
0	0	0	-0.54
0	0	0	-0.54
0	0	0	-0.54
0	0	0	-0.54
0	0	0	-0.54
0	0	0	-0.54
0	0	0	-0.54
0	0	0	-0.54
0	0	0	-0.54
0	0	0	-0.54
0	0	0	-0.54
0	0	0	-0.54
0	0	0	-0.54
0	0	0	-0.54
0	0	0	-0.54
0	0	0	-0.54
0	0	0	-0.54
0	0	0	-0.54
0	0	0	-0.54
0	0	0	-0.54
0	0	0	-0.54
0	0	0	-0.54
0	0	0	-0.54
0	0	0	-0.54
0	0	0	-0.54
0	0	0	-0.54
0	0	0	-0.54
0	0	0	-0.54
0	0	0	-0.54
0	0	0	-0.54
0	0	0	-0.54
0	0	0	-0.54
0	0	0	-0.54
0	0	0	-0.54
0	0	0	-0.54
0	0	0	-0.54
0	0	0	-0.54
0	0	0	-0.54
0	0	0	-0.54
0	0	0	-0.54
0	0	0	-0.54
0	0	0	-0.54
0	0	0	-0.54
0	0	0	-0.54
0	0	0	-0.54
0	0	0	-0.54
0	0	0	-0.54
0	0	0	-0.54
0	0	0	-0.54
0	0	0	-0.54
0	0	0	-0.54
0	0	0	-0.54
0	0	0	-0.54
0	0	0	-0.54
0	0	0	-0.54
0	0	0	-0.54
0	0	0	-0.54
0	0	0	-0.54
0	0	0	-0.54
0	0	0	-0.54
0	0	0	-0.54
0	0	0	-0.54
0	0	0	-0.54
0	0	0	-0.54
0	0	0	-0.54
2000	0	2000	45.78
1991	9	2000	48.22
1966	34	2000	50.27
1930	70	2000	52.04
1886	114	2000	53.58
1836	164	2000	54.92
1783	217	2000	56.12
1726	274	2000	57.16
1667	333	2000	58.08
1607	393	2000	58.89
1546	454	2000	59.61
1483	517	2000	60.19
1420	580	2000	60.70
1357	643	2000	61.12
1293	707	2000	61.43
1228	772	2000	61.64
1164	836	2000	61.78
1099	901	2000	61.81
1034	966	2000	61.76
969	1031	2000	61.63
904	1096	2000	61.40
839	1161	2000	61.09
773	1227	2000	60.68
708	1292	2000	60.19
643	1357	2000	59.63
578	1422	2000	58.97
512	1488	2000	58.21
447	1553	2000	57.38
382	1618	2000	56.47
316	1684	2000	55.44
251	1749	2000	54.35
185	1815	2000	53.16
120	1880	2000	51.90
55	1945	2000	50.55
-11	2011	2000	49.10
-76	2076	2000	47.57
-141	2141	2000	45.97
-207	2207	2000	44.25
-273	2273	2000	42.45
-338	2338	2000	40.58
-403	2403	2000	38.63
-469	2469	2000	36.57
-534	2534	2000	34.44
-599	2599	2000	32.23
-665	2665	2000	29.91
-730	2730	2000	27.52
-796	2796	2000	25.03
-861	2861	2000	22.47
-927	2927	2000	19.80
-992	2992	2000	17.07
-1057	3057	2000	14.25
-1123	3123	2000	11.32
-1188	3188	2000	8.33
-1251	3251	2000	5.30
-1309	3309	2000	2.30
-1357	3357	2000	-0.54
-1395	3395	2000	-3.22
-1419	3419	2000	-5.62
-1427	3427	2000	-7.69
-1421	3421	2000	-9.44
-1403	3403	2000	-10.90
-1375	3375	2000	-12.11
-1337	3337	2000	-13.05
-1292	3292	2000	-13.77
-1241	3241	2000	-14.30
-1187	3187	2000	-14.70
-1129	3129	2000	-14.92
-1069	3069	2000	-15.03
-1008	3008	2000	-15.03
-946	2946	2000	-14.93
-882	2882	2000	-14.70
-818	2818	2000	-14.38
-753	2753	2000	-13.96
-688	2688	2000	-13.45
-623	2623	2000	-12.86
-557	2557	2000	-12.15
-491	2491	2000	-11.36
-425	2425	2000	-10.48
-360	2360	2000	-9.54
-297	2297	2000	-8.56
-237	2237	2000	-7.56
-179	2179	2000	-6.53
-124	2124	2000	-5.49
-74	2074	2000	-4.50
-27	2027	2000	-3.51
14	1986	2000	-2.59
50	1950	2000	-1.74
81	1919	2000	-0.96
105	1895	2000	-0.29
124	1876	2000	0.29
137	1863	2000	0.75
145	1855	2000	1.12
148	1852	2000	1.38
149	1851	2000	1.60
147	1853	2000	1.75
144	1856	2000	1.87
139	1861	2000	1.95
135	1865	2000	2.04
129	1871	2000	2.08
122	1878	2000	2.09
115	1885	2000	2.09
108	1892	2000	2.08
100	1900	2000	2.03
93	1907	2000	2.01
85	1915	2000	1.94
78	1922	2000	1.89
71	1929	2000	1.83
64	1936	2000	1.77
57	1943	2000	1.69
51	1949	2000	1.63
46	1954	2000	1.58
40	1960	2000	1.50
35	1965	2000	1.44
31	1969	2000	1.39
26	1974	2000	1.31
22	1978	2000	1.26
18	1982	2000	1.19
15	1985	2000	1.15
11	1989	2000	1.07
9	1991	2000	1.04
6	1994	2000	0.99
4	1996	2000	0.95
1	1999	2000	0.88
-1	2001	2000	0.84
-5	2005	2000	0.74
-7	2007	2000	0.69
-10	2010	2000	0.61
-13	2013	2000	0.53
-14	2014	2000	0.49
-15	2015	2000	0.45
-16	2016	2000	0.40
-16	2016	2000	0.38
-16	2016	2000	0.36
-16	2016	2000	0.34
-16	2016	2000	0.32
-16	2016	2000	0.30
-16	2016	2000	0.28
-16	2016	2000	0.26
-16	2016	2000	0.23
-16	2016	2000	0.21
-16	2016	2000	0.19
-16	2016	2000	0.17
-16	2016	2000	0.15
-16	2016	2000	0.13
-16	2016	2000	0.11
-16	2016	2000	0.09
-16	2016	2000	0.07
-16	2016	2000	0.04
-16	2016	2000	0.02
-16	2016	2000	0.00
-16	2016	2000	-0.02
-16	2016	2000	-0.04
-16	2016	2000	-0.06
-16	2016	2000	-0.08
-16	2016	2000	-0.10
-16	2016	2000	-0.13
-16	2016	2000	-0.15
-16	2016	2000	-0.17
-16	2016	2000	-0.19
-16	2016	2000	-0.21
-16	2016	2000	-0.23
-16	2016	2000	-0.25
-16	2016	2000	-0.27
-16	2016	2000	-0.29
-16	2016	2000	-0.32
-16	2016	2000	-0.34
-16	2016	2000	-0.36
-16	2016	2000	-0.38
-16	2016	2000	-0.40
-16	2016	2000	-0.42
-16	2016	2000	-0.44
-16	2016	2000	-0.46
-16	2016	2000	-0.49
-16	2016	2000	-0.51
-16	2016	2000	-0.53
-16	2016	2000	-0.55
-16	2016	2000	-0.57
-16	2016	2000	-0.59
-15	2015	2000	-0.59
-15	2015	2000	-0.61
-14	2014	2000	-0.61
-14	2014	2000	-0.62
-14	2014	2000	-0.64
-14	2014	2000	-0.66
-14	2014	2000	-0.68
-14	2014	2000	-0.70
-14	2014	2000	-0.72
-14	2014	2000	-0.74
-14	2014	2000	-0.75
-14	2014	2000	-0.77
-14	2014	2000	-0.79
-14	2014	2000	-0.81
-14	2014	2000	-0.83
-14	2014	2000	-0.85
-14	2014	2000	-0.86
-14	2014	2000	-0.88
-14	2014	2000	-0.90
-13	2013	2000	-0.90
-13	2013	2000	-0.91
-13	2013	2000	-0.93
-12	2012	2000	-0.93
-10	2010	2000	-0.90
-7	2007	2000	-0.84
-5	2005	2000	-0.80
-3	2003	2000	-0.76
0	2000	2000	-0.70
2	1998	2000	-0.65
4	1996	2000	-0.60
5	1995	2000	-0.57
7	1993	2000	-0.52
9	1991	2000	-0.46
9	1991	2000	-0.45
9	1991	2000	-0.44
9	1991	2000	-0.43
9	1991	2000	-0.42
9	1991	2000	-0.41
9	1991	2000	-0.39
9	1991	2000	-0.38
9	1991	2000	-0.37
9	1991	2000	-0.36
9	1991	2000	-0.35
9	1991	2000	-0.33
9	1991	2000	-0.32
9	1991	2000	-0.31
9	1991	2000	-0.30
9	1991	2000	-0.29
9	1991	2000	-0.27
9	1991	2000	-0.26
9	1991	2000	-0.25
9	1991	2000	-0.24
9	1991	2000	-0.23
9	1991	2000	-0.21
9	1991	2000	-0.20
9	1991	2000	-0.19
9	1991	2000	-0.18
9	1991	2000	-0.17
9	1991	2000	-0.15
9	1991	2000	-0.14
9	1991	2000	-0.13
9	1991	2000	-0.12
9	1991	2000	-0.11
9	1991	2000	-0.10
9	1991	2000	-0.08
9	1991	2000	-0.07
9	1991	2000	-0.06
9	1991	2000	-0.05
9	1991	2000	-0.04
9	1991	2000	-0.02
9	1991	2000	-0.01
9	1991	2000	-0.00
9	1991	2000	0.01
9	1991	2000	0.02
9	1991	2000	0.04
9	1991	2000	0.05
9	1991	2000	0.06
9	1991	2000	0.07
9	1991	2000	0.08
9	1991	2000	0.10
9	1991	2000	0.11
9	1991	2000	0.12
9	1991	2000	0.13
9	1991	2000	0.14
9	1991	2000	0.15
9	1991	2000	0.17
9	1991	2000	0.18
9	1991	2000	0.19
9	1991	2000	0.20
9	1991	2000	0.21
9	1991	2000	0.23
9	1991	2000	0.24
9	1991	2000	0.25
9	1991	2000	0.26
9	1991	2000	0.27
9	1991	2000	0.29
9	1991	2000	0.30
9	1991	2000	0.31
9	1991	2000	0.32
9	1991	2000	0.33
9	1991	2000	0.35
9	1991	2000	0.36
9	1991	2000	0.37
9	1991	2000	0.38
9	1991	2000	0.39
9	1991	2000	0.40
9	1991	2000	0.42
9	1991	2000	0.43
9	1991	2000	0.44
9	1991	2000	0.45
9	1991	2000	0.46
9	1991	2000	0.48
9	1991	2000	0.49
9	1991	2000	0.50
9	1991	2000	0.51
9	1991	2000	0.52
9	1991	2000	0.54
9	1991	2000	0.55
9	1991	2000	0.56
9	1991	2000	0.57
9	1991	2000	0.58
9	1991	2000	0.60
9	1991	2000	0.61
-1991	1991	0	-45.70
-1982	1982	0	-48.13
-1957	1957	0	-50.18
-1920	1920	0	-51.91
-1875	1875	0	-53.41
-1825	1825	0	-54.73
-1771	1771	0	-55.90
-1713	1713	0	-56.90
-1654	1654	0	-57.80
-1593	1593	0	-58.57
-1530	1530	0	-59.22
-1467	1467	0	-59.79
-1403	1403	0	-60.25
-1338	1338	0	-60.60
-1273	1273	0	-60.86
-1207	1207	0	-61.02
-1141	1141	0	-61.09
-1075	1075	0	-61.07
-1009	1009	0	-60.96
-943	943	0	-60.77
-876	876	0	-60.47
-810	810	0	-60.10
-743	743	0	-59.62
-677	677	0	-59.07
-610	610	0	-58.42
-543	543	0	-57.67
-477	477	0	-56.86
-410	410	0	-55.94
-343	343	0	-54.93
-277	277	0	-53.86
-210	210	0	-52.67
-143	143	0	-51.40
-77	77	0	-50.06
-9	9	0	-48.59
57	-57	0	-47.07
124	-124	0	-45.44
191	-191	0	-43.73
257	-257	0	-41.95
325	-325	0	-40.03
391	-391	0	-38.07
458	-458	0	-36.00
525	-525	0	-33.84
592	-592	0	-31.60
659	-659	0	-29.26
725	-725	0	-26.86
792	-792	0	-24.35
859	-859	0	-21.75
926	-926	0	-19.06
993	-993	0	-16.28
1060	-1060	0	-13.42
1127	-1127	0	-10.46
1193	-1193	0	-7.44
1255	-1255	0	-4.43
1313	-1313	0	-1.42
1360	-1360	0	1.40
1395	-1395	0	4.01
1415	-1415	0	6.32
1420	-1420	0	8.31
1413	-1413	0	10.03
1393	-1393	0	11.44
1363	-1363	0	12.59
1324	-1324	0	13.49
1278	-1278	0	14.17
1227	-1227	0	14.68
1173	-1173	0	15.06
1115	-1115	0	15.27
1056	-1056	0	15.37
995	-995	0	15.36
933	-933	0	15.24
871	-871	0	15.04
808	-808	0	14.73
744	-744	0	14.32
680	-680	0	13.82
615	-615	0	13.22
551	-551	0	12.55
486	-486	0	11.77
421	-421	0	10.91
357	-357	0	9.98
294	-294	0	9.00
233	-233	0	7.97
175	-175	0	6.94
121	-121	0	5.92
69	-69	0	4.88
22	-22	0	3.88
-21	21	0	2.91
-58	58	0	2.03
-89	89	0	1.23
-116	116	0	0.49
-136	136	0	-0.13
-149	149	0	-0.61
-159	159	0	-1.04
-163	163	0	-1.34
-163	163	0	-1.56
-161	161	0	-1.73
-157	157	0	-1.85
-153	153	0	-1.96
-147	147	0	-2.03
-141	141	0	-2.08
-135	135	0	-2.13
-127	127	0	-2.12
-120	120	0	-2.13
-112	112	0	-2.10
-105	105	0	-2.09
-97	97	0	-2.04
-89	89	0	-1.98
-81	81	0	-1.92
-74	74	0	-1.86
-67	67	0	-1.80
-61	61	0	-1.75
-54	54	0	-1.67
-48	48	0	-1.60
-43	43	0	-1.55
-37	37	0	-1.46
-33	33	0	-1.42
-28	28	0	-1.35
-23	23	0	-1.27
-19	19	0	-1.21
-16	16	0	-1.16
-13	13	0	-1.11
-10	10	0	-1.06
-7	7	0	-1.01
-5	5	0	-0.97
-2	2	0	-0.91
1	-1	0	-0.84
4	-4	0	-0.77
7	-7	0	-0.69
9	-9	0	-0.64
12	-12	0	-0.56
14	-14	0	-0.49
16	-16	0	-0.43
17	-17	0	-0.39
17	-17	0	-0.36
17	-17	0	-0.34
17	-17	0	-0.32
17	-17	0	-0.30
17	-17	0	-0.27
17	-17	0	-0.25
17	-17	0	-0.23
17	-17	0	-0.21
17	-17	0	-0.18
17	-17	0	-0.16
17	-17	0	-0.14
17	-17	0	-0.12
17	-17	0	-0.09
17	-17	0	-0.07
17	-17	0	-0.05
17	-17	0	-0.03
17	-17	0	-0.00
17	-17	0	0.02
17	-17	0	0.04
17	-17	0	0.06
17	-17	0	0.09
17	-17	0	0.11
17	-17	0	0.13
17	-17	0	0.15
17	-17	0	0.18
17	-17	0	0.20
17	-17	0	0.22
17	-17	0	0.24
17	-17	0	0.27
17	-17	0	0.29
17	-17	0	0.31
17	-17	0	0.33
17	-17	0	0.36
17	-17	0	0.38
17	-17	0	0.40
17	-17	0	0.42
17	-17	0	0.45
17	-17	0	0.47
17	-17	0	0.49
17	-17	0	0.51
17	-17	0	0.54
17	-17	0	0.56
16	-16	0	0.56
16	-16	0	0.58
16	-16	0	0.60
15	-15	0	0.60
15	-15	0	0.62
15	-15	0	0.64
15	-15	0	0.66
13	-13	0	0.63
13	-13	0	0.65
12	-12	0	0.64
11	-11	0	0.64
11	-11	0	0.65
10	-10	0	0.64
9	-9	0	0.63
8	-8	0	0.62
7	-7	0	0.61
5	-5	0	0.57
4	-4	0	0.56
3	-3	0	0.54
3	-3	0	0.54
3	-3	0	0.55
3	-3	0	0.55
3	-3	0	0.55
3	-3	0	0.56
3	-3	0	0.56
3	-3	0	0.57
3	-3	0	0.57
3	-3	0	0.57
3	-3	0	0.58
3	-3	0	0.58
3	-3	0	0.58
3	-3	0	0.59
3	-3	0	0.59
3	-3	0	0.60
3	-3	0	0.60
3	-3	0	0.60
3	-3	0	0.61
3	-3	0	0.61
3	-3	0	0.62
3	-3	0	0.62
2	-2	0	0.60
1	-1	0	0.58
-1	1	0	0.54
-3	3	0	0.49
-3	3	0	0.48
-3	3	0	0.48
-3	3	0	0.48
-3	3	0	0.47
-3	3	0	0.47
-3	3	0	0.46
-3	3	0	0.46
-3	3	0	0.46
-3	3	0	0.45
-3	3	0	0.45
-3	3	0	0.44
-3	3	0	0.44
-3	3	0	0.44
-3	3	0	0.43
-3	3	0	0.43
-3	3	0	0.42
-3	3	0	0.42
-3	3	0	0.42
-3	3	0	0.41
-3	3	0	0.41
-3	3	0	0.40
-3	3	0	0.40
-3	3	0	0.40
-3	3	0	0.39
-3	3	0	0.39
-3	3	0	0.39
-3	3	0	0.38
-3	3	0	0.38
-3	3	0	0.37
-3	3	0	0.37
-3	3	0	0.37
-3	3	0	0.36
-3	3	0	0.36
-3	3	0	0.35
-3	3	0	0.35
-3	3	0	0.35
-3	3	0	0.34
-3	3	0	0.34
-3	3	0	0.33
-3	3	0	0.33
-3	3	0	0.33
-3	3	0	0.32
-3	3	0	0.32
-3	3	0	0.31
-3	3	0	0.31
-3	3	0	0.31
-3	3	0	0.30
-3	3	0	0.30
-3	3	0	0.29
-3	3	0	0.29
-3	3	0	0.29
-3	3	0	0.28
-3	3	0	0.28
-3	3	0	0.27
-3	3	0	0.27
-3	3	0	0.27
-3	3	0	0.26
-3	3	0	0.26
-3	3	0	0.25
-3	3	0	0.25
-3	3	0	0.25
-3	3	0	0.24
-3	3	0	0.24
-3	3	0	0.23
-3	3	0	0.23
-3	3	0	0.23
-3	3	0	0.22
-3	3	0	0.22
-3	3	0	0.21
-3	3	0	0.21
-3	3	0	0.21
-3	3	0	0.20
-3	3	0	0.20
-3	3	0	0.19
-3	3	0	0.19
-3	3	0	0.19
-3	3	0	0.18
-3	3	0	0.18
-3	3	0	0.17
-3	3	0	0.17
-3	3	0	0.17
-3	3	0	0.16
-3	3	0	0.16
-3	3	0	0.15
1997	3	2000	46.47
1989	11	2000	48.93
1964	36	2000	50.99
1928	72	2000	52.75
1884	116	2000	54.28
1834	166	2000	55.62
1781	219	2000	56.82
1724	276	2000	57.86
1665	335	2000	58.77
1605	395	2000	59.59
1543	457	2000	60.27
1481	519	2000	60.88
1417	583	2000	61.36
1354	646	2000	61.77
1290	710	2000	62.08
1225	775	2000	62.29
1161	839	2000	62.42
1096	904	2000	62.46
1031	969	2000	62.40
966	1034	2000	62.26
901	1099	2000	62.03
836	1164	2000	61.72
771	1229	2000	61.32
705	1295	2000	60.81
640	1360	2000	60.24
575	1425	2000	59.58
510	1490	2000	58.84
444	1556	2000	57.98
379	1621	2000	57.07
314	1686	2000	56.06
248	1752	2000	54.95
183	1817	2000	53.77
118	1882	2000	52.51
52	1948	2000	51.14
-13	2013	2000	49.70
-79	2079	2000	48.15
-144	2144	2000	46.54
-209	2209	2000	44.85
-275	2275	2000	43.04
-340	2340	2000	41.17
-405	2405	2000	39.22
-471	2471	2000	37.15
-536	2536	2000	35.02
-601	2601	2000	32.81
-667	2667	2000	30.48
-732	2732	2000	28.10
-797	2797	2000	25.62
-863	2863	2000	23.04
-929	2929	2000	20.37
-994	2994	2000	17.63
-1059	3059	2000	14.81
-1125	3125	2000	11.88
-1190	3190	2000	8.89
-1254	3254	2000	5.83
-1313	3313	2000	2.80
-1364	3364	2000	-0.12
-1403	3403	2000	-2.83
-1429	3429	2000	-5.28
-1439	3439	2000	-7.41
-1436	3436	2000	-9.24
-1420	3420	2000	-10.77
-1393	3393	2000	-12.03
-1357	3357	2000	-13.04
-1313	3313	2000	-13.81
-1262	3262	2000	-14.37
-1208	3208	2000	-14.79
-1151	3151	2000	-15.07
-1091	3091	2000	-15.20
-1030	3030	2000	-15.23
-967	2967	2000	-15.14
-904	2904	2000	-14.96
-839	2839	2000	-14.65
-775	2775	2000	-14.28
-709	2709	2000	-13.77
-643	2643	2000	-13.18
-578	2578	2000	-12.53
-511	2511	2000	-11.74
-445	2445	2000	-10.89
-380	2380	2000	-9.97
-316	2316	2000	-8.99
-254	2254	2000	-7.98
-195	2195	2000	-6.95
-139	2139	2000	-5.91
-86	2086	2000	-4.86
-38	2038	2000	-3.87
6	1994	2000	-2.90
44	1956	2000	-2.01
77	1923	2000	-1.19
104	1896	2000	-0.46
125	1875	2000	0.17
139	1861	2000	0.66
148	1852	2000	1.05
153	1847	2000	1.36
153	1847	2000	1.56
151	1849	2000	1.72
147	1853	2000	1.83
143	1857	2000	1.93
137	1863	2000	1.98
131	1869	2000	2.02
125	1875	2000	2.05
118	1882	2000	2.06
111	1889	2000	2.05
103	1897	2000	2.01
95	1905	2000	1.96
88	1912	2000	1.93
81	1919	2000	1.88
74	1926	2000	1.83
67	1933	2000	1.76
61	1939	2000	1.71
55	1945	2000	1.65
49	1951	2000	1.59
43	1957	2000	1.51
38	1962	2000	1.46
33	1967	2000	1.39
28	1972	2000	1.32
24	1976	2000	1.26
20	1980	2000	1.20
17	1983	2000	1.16
13	1987	2000	1.09
10	1990	2000	1.04
7	1993	2000	0.98
5	1995	2000	0.94
3	1997	2000	0.90
1	1999	2000	0.86
-3	2003	2000	0.77
-5	2005	2000	0.72
-8	2008	2000	0.64
-11	2011	2000	0.56
-13	2013	2000	0.50
-14	2014	2000	0.46
-15	2015	2000	0.42
-15	2015	2000	0.40
-15	2015	2000	0.38
-15	2015	2000	0.36
-15	2015	2000	0.34
-15	2015	2000	0.32
-15	2015	2000	0.30
-15	2015	2000	0.28
-15	2015	2000	0.26
-15	2015	2000	0.24
-15	2015	2000	0.22
-15	2015	2000	0.20
-15	2015	2000	0.18
-15	2015	2000	0.16
-15	2015	2000	0.14
-15	2015	2000	0.12
-15	2015	2000	0.10
-15	2015	2000	0.08
-15	2015	2000	0.06
-15	2015	2000	0.04
-15	2015	2000	0.02
-15	2015	2000	0.00
-15	2015	2000	-0.02
-15	2015	2000	-0.04
-15	2015	2000	-0.06
-15	2015	2000	-0.08
-15	2015	2000	-0.10
-15	2015	2000	-0.12
-15	2015	2000	-0.14
-15	2015	2000	-0.16
-15	2015	2000	-0.18
-15	2015	2000	-0.20
-15	2015	2000	-0.22
-15	2015	2000	-0.24
-15	2015	2000	-0.26
-15	2015	2000	-0.28
-15	2015	2000	-0.30
-15	2015	2000	-0.32
-15	2015	2000	-0.33
-15	2015	2000	-0.35
-15	2015	2000	-0.37
-15	2015	2000	-0.39
-15	2015	2000	-0.41
-15	2015	2000	-0.43
-15	2015	2000	-0.45
-15	2015	2000	-0.47
-15	2015	2000	-0.49
-15	2015	2000	-0.51
-15	2015	2000	-0.53
-15	2015	2000	-0.55
-15	2015	2000	-0.57
-14	2014	2000	-0.57
-14	2014	2000	-0.59
-14	2014	2000	-0.61
-14	2014	2000	-0.63
-14	2014	2000	-0.64
-14	2014	2000	-0.66
-14	2014	2000	-0.68
-14	2014	2000	-0.70
-14	2014	2000	-0.72
-14	2014	2000	-0.74
-14	2014	2000	-0.76
-14	2014	2000	-0.77
-14	2014	2000	-0.79
-14	2014	2000	-0.81
-14	2014	2000	-0.83
-14	2014	2000	-0.85
-14	2014	2000	-0.87
-14	2014	2000	-0.88
-13	2013	2000	-0.88
-13	2013	2000	-0.90
-12	2012	2000	-0.89
-10	2010	2000	-0.86
-7	2007	2000	-0.80
-5	2005	2000	-0.77
-3	2003	2000	-0.73
0	2000	2000	-0.66
2	1998	2000	-0.62
4	1996	2000	-0.57
5	1995	2000	-0.54
7	1993	2000	-0.49
8	1992	2000	-0.45
8	1992	2000	-0.44
8	1992	2000	-0.43
8	1992	2000	-0.42
7	1993	2000	-0.43
7	1993	2000	-0.42
7	1993	2000	-0.42
7	1993	2000	-0.41
7	1993	2000	-0.40
7	1993	2000	-0.39
7	1993	2000	-0.38
7	1993	2000	-0.37
7	1993	2000	-0.36
7	1993	2000	-0.35
7	1993	2000	-0.34
7	1993	2000	-0.33
7	1993	2000	-0.32
7	1993	2000	-0.31
7	1993	2000	-0.30
7	1993	2000	-0.30
7	1993	2000	-0.29
7	1993	2000	-0.28
7	1993	2000	-0.27
7	1993	2000	-0.26
7	1993	2000	-0.25
7	1993	2000	-0.24
7	1993	2000	-0.23
7	1993	2000	-0.22
7	1993	2000	-0.21
7	1993	2000	-0.20
7	1993	2000	-0.19
7	1993	2000	-0.18
7	1993	2000	-0.17
7	1993	2000	-0.17
7	1993	2000	-0.16
7	1993	2000	-0.15
7	1993	2000	-0.14
7	1993	2000	-0.13
7	1993	2000	-0.12
7	1993	2000	-0.11
7	1993	2000	-0.10
7	1993	2000	-0.09
7	1993	2000	-0.08
7	1993	2000	-0.07
7	1993	2000	-0.06
7	1993	2000	-0.05
7	1993	2000	-0.05
7	1993	2000	-0.04
7	1993	2000	-0.03
7	1993	2000	-0.02
7	1993	2000	-0.01
7	1993	2000	0.00
7	1993	2000	0.01
7	1993	2000	0.02
7	1993	2000	0.03
7	1993	2000	0.04
7	1993	2000	0.05
7	1993	2000	0.06
7	1993	2000	0.07
7	1993	2000	0.08
7	1993	2000	0.08
7	1993	2000	0.09
7	1993	2000	0.10
7	1993	2000	0.11
7	1993	2000	0.12
7	1993	2000	0.13
7	1993	2000	0.14
7	1993	2000	0.15
7	1993	2000	0.16
7	1993	2000	0.17
7	1993	2000	0.18
7	1993	2000	0.19
7	1993	2000	0.20
7	1993	2000	0.21
7	1993	2000	0.21
7	1993	2000	0.22
7	1993	2000	0.23
7	1993	2000	0.24
7	1993	2000	0.25
7	1993	2000	0.26
7	1993	2000	0.27
7	1993	2000	0.28
7	1993	2000	0.29
7	1993	2000	0.30
7	1993	2000	0.31
7	1993	2000	0.32
7	1993	2000	0.33
7	1993	2000	0.33
7	1993	2000	0.34
7	1993	2000	0.35
-1993	1993	0	-45.96
-1984	1984	0	-48.39
-1959	1959	0	-50.44
-1922	1922	0	-52.17
-1877	1877	0	-53.67
-1827	1827	0	-55.00
-1772	1772	0	-56.14
-1715	1715	0	-57.17
-1655	1655	0	-58.05
-1594	1594	0	-58.83
-1531	1531	0	-59.48
-1467	1467	0	-60.02
-1403	1403	0	-60.48
-1339	1339	0	-60.86
-1273	1273	0	-61.10
-1207	1207	0	-61.26
-1141	1141	0	-61.32
-1075	1075	0	-61.31
-1009	1009	0	-61.20
-943	943	0	-61.01
-876	876	0	-60.70
-810	810	0	-60.33
-743	743	0	-59.85
-677	677	0	-59.31
-610	610	0	-58.65
-543	543	0	-57.91
-476	476	0	-57.08
-409	409	0	-56.15
-343	343	0	-55.17
-276	276	0	-54.07
-209	209	0	-52.88
-142	142	0	-51.61
-75	75	0	-50.24
-9	9	0	-48.81
59	-59	0	-47.25
125	-125	0	-45.64
192	-192	0	-43.93
259	-259	0	-42.12
326	-326	0	-40.23
393	-393	0	-38.24
460	-460	0	-36.17
527	-527	0	-34.01
593	-593	0	-31.78
661	-661	0	-29.42
727	-727	0	-27.02
795	-795	0	-24.48
861	-861	0	-21.90
928	-928	0	-19.21
995	-995	0	-16.43
1062	-1062	0	-13.56
1129	-1129	0	-10.60
1195	-1195	0	-7.58
1259	-1259	0	-4.52
1315	-1315	0	-1.55
1363	-1363	0	1.30
1399	-1399	0	3.94
1419	-1419	0	6.25
1425	-1425	0	8.27
1417	-1417	0	9.97
1397	-1397	0	11.38
1367	-1367	0	12.54
1329	-1329	0	13.46
1283	-1283	0	14.16
1232	-1232	0	14.67
1177	-1177	0	15.03
1120	-1120	0	15.27
1061	-1061	0	15.38
1001	-1001	0	15.40
939	-939	0	15.29
876	-876	0	15.07
813	-813	0	14.77
749	-749	0	14.37
685	-685	0	13.87
620	-620	0	13.28
555	-555	0	12.59
491	-491	0	11.84
426	-426	0	10.99
361	-361	0	10.05
298	-298	0	9.06
237	-237	0	8.05
179	-179	0	7.02
124	-124	0	5.98
72	-72	0	4.94
25	-25	0	3.95
-18	18	0	2.98
-56	56	0	2.08
-88	88	0	1.26
-115	115	0	0.52
-135	135	0	-0.09
-149	149	0	-0.60
-159	159	0	-1.03
-163	163	0	-1.33
-164	164	0	-1.57
-162	162	0	-1.74
-158	158	0	-1.86
-153	153	0	-1.95
-148	148	0	-2.04
-141	141	0	-2.07
-135	135	0	-2.12
-127	127	0	-2.12
-120	120	0	-2.12
-112	112	0	-2.09
-105	105	0	-2.08
-97	97	0	-2.03
-89	89	0	-1.98
-81	81	0	-1.91
-74	74	0	-1.85
-67	67	0	-1.79
-61	61	0	-1.74
-54	54	0	-1.66
-48	48	0	-1.59
-42	42	0	-1.52
-37	37	0	-1.46
-32	32	0	-1.39
-28	28	0	-1.34
-23	23	0	-1.26
-19	19	0	-1.20
-16	16	0	-1.15
-13	13	0	-1.11
-10	10	0	-1.05
-7	7	0	-1.00
-5	5	0	-0.96
-2	2	0	-0.90
1	-1	0	-0.83
4	-4	0	-0.76
7	-7	0	-0.68
9	-9	0	-0.63
12	-12	0	-0.55
14	-14	0	-0.49
15	-15	0	-0.44
17	-17	0	-0.38
17	-17	0	-0.35
17	-17	0	-0.33
17	-17	0	-0.31
17	-17	0	-0.29
17	-17	0	-0.26
17	-17	0	-0.24
17	-17	0	-0.22
17	-17	0	-0.20
17	-17	0	-0.17
17	-17	0	-0.15
17	-17	0	-0.13
17	-17	0	-0.11
17	-17	0	-0.08
17	-17	0	-0.06
17	-17	0	-0.04
17	-17	0	-0.02
17	-17	0	0.01
17	-17	0	0.03
17	-17	0	0.05
17	-17	0	0.07
17	-17	0	0.10
17	-17	0	0.12
17	-17	0	0.14
17	-17	0	0.16
17	-17	0	0.19
17	-17	0	0.21
17	-17	0	0.23
17	-17	0	0.25
17	-17	0	0.28
17	-17	0	0.30
17	-17	0	0.32
17	-17	0	0.34
17	-17	0	0.37
17	-17	0	0.39
17	-17	0	0.41
17	-17	0	0.43
17	-17	0	0.46
17	-17	0	0.48
17	-17	0	0.50
17	-17	0	0.52
17	-17	0	0.55
16	-16	0	0.54
16	-16	0	0.57
16	-16	0	0.59
16	-16	0	0.61
15	-15	0	0.61
15	-15	0	0.63
15	-15	0	0.65
14	-14	0	0.64
13	-13	0	0.64
13	-13	0	0.66
12	-12	0	0.65
11	-11	0	0.64
11	-11	0	0.66
10	-10	0	0.65
9	-9	0	0.64
8	-8	0	0.63
7	-7	0	0.61
5	-5	0	0.58
4	-4	0	0.56
3	-3	0	0.54
3	-3	0	0.55
3	-3	0	0.55
3	-3	0	0.55
3	-3	0	0.56
3	-3	0	0.56
3	-3	0	0.57
3	-3	0	0.57
3	-3	0	0.57
3	-3	0	0.58
3	-3	0	0.58
3	-3	0	0.59
1	-1	0	0.54
0	0	0	0.52
-1	1	0	0.50
-2	2	0	0.47
-2	2	0	0.47
-2	2	0	0.47
-2	2	0	0.47
-2	2	0	0.46
-2	2	0	0.46
-2	2	0	0.46
-2	2	0	0.46
-2	2	0	0.45
-2	2	0	0.45
-2	2	0	0.45
-2	2	0	0.45
-2	2	0	0.44
-2	2	0	0.44
-2	2	0	0.44
-2	2	0	0.43
-2	2	0	0.43
-2	2	0	0.43
-2	2	0	0.43
-2	2	0	0.42
-2	2	0	0.42
-2	2	0	0.42
-2	2	0	0.42
-2	2	0	0.41
-2	2	0	0.41
-2	2	0	0.41
-2	2	0	0.41
-2	2	0	0.40
-2	2	0	0.40
-2	2	0	0.40
-2	2	0	0.40
-2	2	0	0.39
-2	2	0	0.39
-2	2	0	0.39
-2	2	0	0.38
-2	2	0	0.38
-2	2	0	0.38
-2	2	0	0.38
-2	2	0	0.37
-2	2	0	0.37
-2	2	0	0.37
-2	2	0	0.37
-2	2	0	0.36
-2	2	0	0.36
-2	2	0	0.36
-2	2	0	0.36
-2	2	0	0.35
-2	2	0	0.35
-2	2	0	0.35
-2	2	0	0.34
-2	2	0	0.34
-2	2	0	0.34
-2	2	0	0.34
-2	2	0	0.33
-2	2	0	0.33
-2	2	0	0.33
-2	2	0	0.33
-2	2	0	0.32
-2	2	0	0.32
-2	2	0	0.32
-2	2	0	0.32
-2	2	0	0.31
-2	2	0	0.31
-2	2	0	0.31
-2	2	0	0.31
-2	2	0	0.30
-2	2	0	0.30
-2	2	0	0.30
-2	2	0	0.29
-2	2	0	0.29
-2	2	0	0.29
-2	2	0	0.29
-2	2	0	0.28
-2	2	0	0.28
-2	2	0	0.28
-2	2	0	0.28
-2	2	0	0.27
-2	2	0	0.27
-2	2	0	0.27
-2	2	0	0.27
-2	2	0	0.26
-2	2	0	0.26
-2	2	0	0.26
-2	2	0	0.25
-2	2	0	0.25
-2	2	0	0.25
-2	2	0	0.25
-2	2	0	0.24
-2	2	0	0.24
-2	2	0	0.24
-2	2	0	0.24
-2	2	0	0.23
-2	2	0	0.23
-2	2	0	0.23
-2	2	0	0.23
1998	2	2000	46.55
1989	11	2000	48.98
1965	35	2000	51.06
1929	71	2000	52.83
1884	116	2000	54.34
1835	165	2000	55.70
1781	219	2000	56.87
1724	276	2000	57.91
1665	335	2000	58.83
1605	395	2000	59.64
1543	457	2000	60.33
1481	519	2000	60.93
1418	582	2000	61.43
1354	646	2000	61.83
1290	710	2000	62.14
1225	775	2000	62.34
1161	839	2000	62.48
1096	904	2000	62.51
1031	969	2000	62.46
966	1034	2000	62.32
901	1099	2000	62.09
835	1165	2000	61.75
770	1230	2000	61.35
705	1295	2000	60.87
640	1360	2000	60.29
575	1425	2000	59.63
509	1491	2000	58.87
444	1556	2000	58.03
379	1621	2000	57.12
313	1687	2000	56.09
247	1753	2000	54.98
182	1818	2000	53.80
117	1883	2000	52.53
51	1949	2000	51.16
-14	2014	2000	49.72
-79	2079	2000	48.20
-145	2145	2000	46.56
-210	2210	2000	44.87
-275	2275	2000	43.08
-341	2341	2000	41.19
-407	2407	2000	39.21
-472	2472	2000	37.17
-537	2537	2000	35.04
-603	2603	2000	32.80
-668	2668	2000	30.49
-733	2733	2000	28.10
-799	2799	2000	25.60
-865	2865	2000	23.02
-930	2930	2000	20.37
-995	2995	2000	17.63
-1061	3061	2000	14.79
-1126	3126	2000	11.88
-1191	3191	2000	8.88
-1255	3255	2000	5.82
-1315	3315	2000	2.77
-1365	3365	2000	-0.13
-1405	3405	2000	-2.86
-1430	3430	2000	-5.30
-1441	3441	2000	-7.45
-1437	3437	2000	-9.26
-1421	3421	2000	-10.79
-1393	3393	2000	-12.03
-1357	3357	2000	-13.04
-1312	3312	2000	-13.79
-1261	3261	2000	-14.34
-1207	3207	2000	-14.76
-1149	3149	2000	-15.02
-1090	3090	2000	-15.17
-1029	3029	2000	-15.20
-966	2966	2000	-15.10
-902	2902	2000	-14.90
-838	2838	2000	-14.61
-773	2773	2000	-14.21
-707	2707	2000	-13.71
-641	2641	2000	-13.12
-575	2575	2000	-12.44
-509	2509	2000	-11.67
-443	2443	2000	-10.81
-377	2377	2000	-9.87
-313	2313	2000	-8.89
-252	2252	2000	-7.89
-193	2193	2000	-6.86
-137	2137	2000	-5.81
-85	2085	2000	-4.79
-37	2037	2000	-3.79
6	1994	2000	-2.84
44	1956	2000	-1.96
76	1924	2000	-1.16
103	1897	2000	-0.43
123	1877	2000	0.17
137	1863	2000	0.66
146	1854	2000	1.04
151	1849	2000	1.35
151	1849	2000	1.55
149	1851	2000	1.71
146	1854	2000	1.84
142	1858	2000	1.94
137	1863	2000	2.01
131	1869	2000	2.05
124	1876	2000	2.06
117	1883	2000	2.06
110	1890	2000	2.06
103	1897	2000	2.04
95	1905	2000	1.99
87	1913	2000	1.93
80	1920	2000	1.88
73	1927	2000	1.83
67	1933	2000	1.79
60	1940	2000	1.71
53	1947	2000	1.63
47	1953	2000	1.56
42	1958	2000	1.51
37	1963	2000	1.45
32	1968	2000	1.38
27	1973	2000	1.31
23	1977	2000	1.25
19	1981	2000	1.19
15	1985	2000	1.12
12	1988	2000	1.07
9	1991	2000	1.02
7	1993	2000	0.98
5	1995	2000	0.94
2	1998	2000	0.88
-1	2001	2000	0.82
-3	2003	2000	0.77
-7	2007	2000	0.67
-9	2009	2000	0.62
-12	2012	2000	0.53
-13	2013	2000	0.49
-15	2015	2000	0.43
-15	2015	2000	0.41
-15	2015	2000	0.39
-15	2015	2000	0.37
-15	2015	2000	0.35
-15	2015	2000	0.33
-15	2015	2000	0.31
-15	2015	2000	0.29
-15	2015	2000	0.27
-15	2015	2000	0.25
-15	2015	2000	0.23
-15	2015	2000	0.21
-15	2015	2000	0.19
-15	2015	2000	0.17
-15	2015	2000	0.15
-15	2015	2000	0.13
-15	2015	2000	0.11
-15	2015	2000	0.09
-15	2015	2000	0.07
-15	2015	2000	0.05
-15	2015	2000	0.03
-15	2015	2000	0.01
-15	2015	2000	-0.01
-15	2015	2000	-0.03
-15	2015	2000	-0.05
-15	2015	2000	-0.06
-15	2015	2000	-0.08
-15	2015	2000	-0.10
-15	2015	2000	-0.12
-15	2015	2000	-0.14
-15	2015	2000	-0.16
-15	2015	2000	-0.18
-15	2015	2000	-0.20
-15	2015	2000	-0.22
-15	2015	2000	-0.24
-15	2015	2000	-0.26
-15	2015	2000	-0.28
-15	2015	2000	-0.30
-15	2015	2000	-0.32
-15	2015	2000	-0.34
-15	2015	2000	-0.36
-15	2015	2000	-0.38
-15	2015	2000	-0.40
-15	2015	2000	-0.42
-15	2015	2000	-0.44
-15	2015	2000	-0.46
-15	2015	2000	-0.48
-15	2015	2000	-0.50
-15	2015	2000	-0.52
-15	2015	2000	-0.54
-15	2015	2000	-0.56
-15	2015	2000	-0.58
-15	2015	2000	-0.60
-14	2014	2000	-0.60
-14	2014	2000	-0.62
-14	2014	2000	-0.63
-14	2014	2000	-0.65
-14	2014	2000	-0.67
-14	2014	2000	-0.69
-14	2014	2000	-0.71
-14	2014	2000	-0.73
-14	2014	2000	-0.75
-14	2014	2000	-0.76
-14	2014	2000	-0.78
-14	2014	2000	-0.80
-14	2014	2000	-0.82
-14	2014	2000	-0.84
-14	2014	2000	-0.86
-14	2014	2000	-0.88
-14	2014	2000	-0.89
-14	2014	2000	-0.91
-13	2013	2000	-0.91
-13	2013	2000	-0.93
-12	2012	2000	-0.92
-10	2010	2000	-0.89
-8	2008	2000	-0.86
-5	2005	2000	-0.80
-3	2003	2000	-0.76
-1	2001	2000	-0.71
1	1999	2000	-0.67
3	1997	2000	-0.62
6	1994	2000	-0.55
7	1993	2000	-0.52
8	1992	2000	-0.49
9	1991	2000	-0.45
9	1991	2000	-0.44
9	1991	2000	-0.43
9	1991	2000	-0.42
9	1991	2000	-0.40
9	1991	2000	-0.39
9	1991	2000	-0.38
9	1991	2000	-0.37
9	1991	2000	-0.36
9	1991	2000	-0.34
9	1991	2000	-0.33
9	1991	2000	-0.32
9	1991	2000	-0.31
9	1991	2000	-0.30
9	1991	2000	-0.28
9	1991	2000	-0.27
9	1991	2000	-0.26
9	1991	2000	-0.25
9	1991	2000	-0.24
9	1991	2000	-0.23
9	1991	2000	-0.21
9	1991	2000	-0.20
9	1991	2000	-0.19
9	1991	2000	-0.18
9	1991	2000	-0.17
9	1991	2000	-0.15
9	1991	2000	-0.14
9	1991	2000	-0.13
9	1991	2000	-0.12
9	1991	2000	-0.11
9	1991	2000	-0.09
9	1991	2000	-0.08
9	1991	2000	-0.07
9	1991	2000	-0.06
9	1991	2000	-0.05
9	1991	2000	-0.03
9	1991	2000	-0.02
9	1991	2000	-0.01
9	1991	2000	0.00
9	1991	2000	0.01
9	1991	2000	0.03
9	1991	2000	0.04
9	1991	2000	0.05
9	1991	2000	0.06
9	1991	2000	0.07
9	1991	2000	0.08
9	1991	2000	0.10
9	1991	2000	0.11
9	1991	2000	0.12
9	1991	2000	0.13
9	1991	2000	0.14
9	1991	2000	0.16
9	1991	2000	0.17
9	1991	2000	0.18
9	1991	2000	0.19
9	1991	2000	0.20
9	1991	2000	0.22
9	1991	2000	0.23
9	1991	2000	0.24
9	1991	2000	0.25
9	1991	2000	0.26
9	1991	2000	0.28
9	1991	2000	0.29
9	1991	2000	0.30
9	1991	2000	0.31
9	1991	2000	0.32
9	1991	2000	0.33
9	1991	2000	0.35
9	1991	2000	0.36
9	1991	2000	0.37
9	1991	2000	0.38
9	1991	2000	0.39
9	1991	2000	0.41
9	1991	2000	0.42
9	1991	2000	0.43
9	1991	2000	0.44
9	1991	2000	0.45
9	1991	2000	0.47
9	1991	2000	0.48
9	1991	2000	0.49
9	1991	2000	0.50
9	1991	2000	0.51
9	1991	2000	0.53
9	1991	2000	0.54
9	1991	2000	0.55
9	1991	2000	0.56
9	1991	2000	0.57
9	1991	2000	0.58
-1991	1991	0	-45.73
-1983	1983	0	-48.18
-1957	1957	0	-50.20
-1920	1920	0	-51.93
-1875	1875	0	-53.43
-1825	1825	0	-54.75
-1770	1770	0	-55.90
-1713	1713	0	-56.92
-1653	1653	0	-57.80
-1592	1592	0	-58.57
-1529	1529	0	-59.22
-1465	1465	0	-59.76
-1401	1401	0	-60.22
-1336	1336	0	-60.57
-1271	1271	0	-60.83
-1205	1205	0	-60.98
-1139	1139	0	-61.05
-1073	1073	0	-61.03
-1007	1007	0	-60.92
-940	940	0	-60.70
-874	874	0	-60.41
-807	807	0	-60.02
-741	741	0	-59.56
-673	673	0	-58.96
-607	607	0	-58.33
-540	540	0	-57.58
-473	473	0	-56.74
-406	406	0	-55.82
-339	339	0	-54.80
-273	273	0	-53.72
-205	205	0	-52.51
-139	139	0	-51.25
-72	72	0	-49.88
-5	5	0	-48.43
62	-62	0	-46.88
129	-129	0	-45.25
196	-196	0	-43.52
263	-263	0	-41.71
330	-330	0	-39.81
397	-397	0	-37.82
464	-464	0	-35.75
531	-531	0	-33.58
598	-598	0	-31.33
665	-665	0	-28.98
731	-731	0	-26.57
799	-799	0	-24.03
865	-865	0	-21.45
933	-933	0	-18.73
999	-999	0	-15.96
1067	-1067	0	-13.06
1133	-1133	0	-10.12
1199	-1199	0	-7.10
1262	-1262	0	-4.05
1318	-1318	0	-1.08
1365	-1365	0	1.75
1398	-1398	0	4.32
1416	-1416	0	6.59
1420	-1420	0	8.56
1411	-1411	0	10.23
1390	-1390	0	11.61
1359	-1359	0	12.73
1319	-1319	0	13.60
1272	-1272	0	14.26
1221	-1221	0	14.76
1166	-1166	0	15.10
1109	-1109	0	15.33
1050	-1050	0	15.43
989	-989	0	15.40
928	-928	0	15.30
865	-865	0	15.07
802	-802	0	14.76
739	-739	0	14.36
675	-675	0	13.85
610	-610	0	13.24
546	-546	0	12.57
481	-481	0	11.78
416	-416	0	10.91
352	-352	0	9.98
289	-289	0	8.99
229	-229	0	7.98
171	-171	0	6.94
116	-116	0	5.89
65	-65	0	4.87
17	-17	0	3.84
-25	25	0	2.89
-63	63	0	1.98
-95	95	0	1.15
-121	121	0	0.42
-141	141	0	-0.20
-155	155	0	-0.71
-163	163	0	-1.10
-167	167	0	-1.41
-168	168	0	-1.65
-167	167	0	-1.85
-163	163	0	-1.98
-159	159	0	-2.10
-153	153	0	-2.17
-147	147	0	-2.24
-140	140	0	-2.27
-132	132	0	-2.27
-125	125	0	-2.28
-116	116	0	-2.24
-108	108	0	-2.21
-100	100	0	-2.17
-92	92	0	-2.11
-84	84	0	-2.05
-77	77	0	-2.00
-69	69	0	-1.92
-62	62	0	-1.84
-55	55	0	-1.76
-49	49	0	-1.70
-43	43	0	-1.62
-38	38	0	-1.57
-33	33	0	-1.50
-28	28	0	-1.43
-23	23	0	-1.35
-19	19	0	-1.29
-15	15	0	-1.22
-12	12	0	-1.17
-9	9	0	-1.12
-6	6	0	-1.06
-3	3	0	-1.00
0	0	0	-0.93
3	-3	0	-0.86
6	-6	0	-0.79
9	-9	0	-0.71
11	-11	0	-0.65
14	-14	0	-0.57
17	-17	0	-0.48
19	-19	0	-0.41
19	-19	0	-0.39
20	-20	0	-0.34
20	-20	0	-0.31
20	-20	0	-0.29
20	-20	0	-0.26
20	-20	0	-0.23
20	-20	0	-0.21
20	-20	0	-0.18
20	-20	0	-0.15
20	-20	0	-0.13
20	-20	0	-0.10
20	-20	0	-0.07
20	-20	0	-0.05
20	-20	0	-0.02
20	-20	0	0.01
20	-20	0	0.03
20	-20	0	0.06
20	-20	0	0.09
20	-20	0	0.11
20	-20	0	0.14
20	-20	0	0.16
20	-20	0	0.19
20	-20	0	0.22
20	-20	0	0.24
20	-20	0	0.27
20	-20	0	0.30
20	-20	0	0.32
20	-20	0	0.35
20	-20	0	0.38
20	-20	0	0.40
20	-20	0	0.43
20	-20	0	0.46
20	-20	0	0.48
20	-20	0	0.51
20	-20	0	0.54
20	-20	0	0.56
20	-20	0	0.59
19	-19	0	0.59
19	-19	0	0.62
19	-19	0	0.64
18	-18	0	0.64
17	-17	0	0.64
17	-17	0	0.67
15	-15	0	0.64
15	-15	0	0.66
13	-13	0	0.64
13	-13	0	0.65
12	-12	0	0.65
11	-11	0	0.64
11	-11	0	0.66
10	-10	0	0.65
9	-9	0	0.64
7	-7	0	0.60
7	-7	0	0.61
5	-5	0	0.57
5	-5	0	0.58
4	-4	0	0.56
3	-3	0	0.55
3	-3	0	0.55
3	-3	0	0.55
3	-3	0	0.56
3	-3	0	0.56
3	-3	0	0.57
3	-3	0	0.57
3	-3	0	0.57
3	-3	0	0.58
3	-3	0	0.58
3	-3	0	0.59
3	-3	0	0.59
3	-3	0	0.59
3	-3	0	0.60
3	-3	0	0.60
3	-3	0	0.61
3	-3	0	0.61
3	-3	0	0.61
3	-3	0	0.62
3	-3	0	0.62
3	-3	0	0.63
3	-3	0	0.63
3	-3	0	0.63
3	-3	0	0.64
3	-3	0	0.64
3	-3	0	0.65
3	-3	0	0.65
3	-3	0	0.65
3	-3	0	0.66
3	-3	0	0.66
3	-3	0	0.67
3	-3	0	0.67
3	-3	0	0.67
3	-3	0	0.68
1	-1	0	0.64
0	0	0	0.61
-2	2	0	0.57
-4	4	0	0.52
-5	5	0	0.49
-6	6	0	0.46
-6	6	0	0.45
-6	6	0	0.44
-6	6	0	0.44
-6	6	0	0.43
-6	6	0	0.42
-6	6	0	0.41
-6	6	0	0.40
-6	6	0	0.40
-6	6	0	0.39
-6	6	0	0.38
-6	6	0	0.37
-6	6	0	0.36
-6	6	0	0.36
-6	6	0	0.35
-6	6	0	0.34
-6	6	0	0.33
-6	6	0	0.32
-6	6	0	0.32
-6	6	0	0.31
-6	6	0	0.30
-6	6	0	0.29
-6	6	0	0.29
-6	6	0	0.28
-6	6	0	0.27
-6	6	0	0.26
-6	6	0	0.25
-6	6	0	0.25
-6	6	0	0.24
-6	6	0	0.23
-6	6	0	0.22
-6	6	0	0.21
-6	6	0	0.21
-6	6	0	0.20
-6	6	0	0.19
-6	6	0	0.18
-6	6	0	0.17
-6	6	0	0.17
-6	6	0	0.16
-6	6	0	0.15
-6	6	0	0.14
-6	6	0	0.13
-6	6	0	0.13
-6	6	0	0.12
-6	6	0	0.11
-6	6	0	0.10
-6	6	0	0.09
-6	6	0	0.09
-6	6	0	0.08
-6	6	0	0.07
-6	6	0	0.06
-6	6	0	0.05
-6	6	0	0.05
-6	6	0	0.04
-6	6	0	0.03
-6	6	0	0.02
-6	6	0	0.02
-6	6	0	0.01
-6	6	0	-0.00
-6	6	0	-0.01
-6	6	0	-0.02
-6	6	0	-0.02
-6	6	0	-0.03
-6	6	0	-0.04
-6	6	0	-0.05
-6	6	0	-0.06
-6	6	0	-0.06
-6	6	0	-0.07
-6	6	0	-0.08
-6	6	0	-0.09
-6	6	0	-0.10
-6	6	0	-0.10
-6	6	0	-0.11
-6	6	0	-0.12
-6	6	0	-0.13
1994	6	2000	46.19
1985	15	2000	48.62
1961	39	2000	50.69
1925	75	2000	52.45
1881	119	2000	53.98
1831	169	2000	55.31
1777	223	2000	56.48
1721	279	2000	57.54
1663	337	2000	58.47
1603	397	2000	59.28
1541	459	2000	59.97
1479	521	2000	60.57
1416	584	2000	61.07
1353	647	2000	61.49
1289	711	2000	61.80
1224	776	2000	62.00
1160	840	2000	62.13
1095	905	2000	62.16
1031	969	2000	62.13
965	1035	2000	61.97
901	1099	2000	61.76
835	1165	2000	61.43
771	1229	2000	61.05
705	1295	2000	60.54
640	1360	2000	59.97
575	1425	2000	59.31
510	1490	2000	58.56
445	1555	2000	57.73
379	1621	2000	56.79
314	1686	2000	55.79
249	1751	2000	54.70
183	1817	2000	53.50
118	1882	2000	52.24
53	1947	2000	50.89
-13	2013	2000	49.43
-78	2078	2000	47.91
-143	2143	2000	46.30
-209	2209	2000	44.58
-274	2274	2000	42.80
-339	2339	2000	40.93
-405	2405	2000	38.95
-470	2470	2000	36.91
-535	2535	2000	34.78
-601	2601	2000	32.55
-666	2666	2000	30.25
-731	2731	2000	27.86
-797	2797	2000	25.36
-862	2862	2000	22.80
-927	2927	2000	20.16
-993	2993	2000	17.40
-1058	3058	2000	14.58
-1123	3123	2000	11.67
-1189	3189	2000	8.66
-1252	3252	2000	5.63
-1311	3311	2000	2.60
-1361	3361	2000	-0.29
-1400	3400	2000	-2.99
-1425	3425	2000	-5.43
-1435	3435	2000	-7.54
-1430	3430	2000	-9.33
-1413	3413	2000	-10.83
-1385	3385	2000	-12.05
-1348	3348	2000	-13.02
-1303	3303	2000	-13.77
-1253	3253	2000	-14.33
-1199	3199	2000	-14.74
-1141	3141	2000	-14.98
-1081	3081	2000	-15.10
-1020	3020	2000	-15.12
-957	2957	2000	-15.01
-894	2894	2000	-14.82
-829	2829	2000	-14.50
-765	2765	2000	-14.11
-699	2699	2000	-13.60
-633	2633	2000	-12.99
-567	2567	2000	-12.30
-501	2501	2000	-11.52
-435	2435	2000	-10.66
-369	2369	2000	-9.71
-306	2306	2000	-8.73
-245	2245	2000	-7.73
-186	2186	2000	-6.68
-131	2131	2000	-5.66
-79	2079	2000	-4.63
-32	2032	2000	-3.64
11	1989	2000	-2.69
47	1953	2000	-1.84
79	1921	2000	-1.04
105	1895	2000	-0.33
124	1876	2000	0.25
137	1863	2000	0.71
146	1854	2000	1.10
150	1850	2000	1.39
150	1850	2000	1.59
149	1851	2000	1.76
145	1855	2000	1.87
141	1859	2000	1.97
136	1864	2000	2.04
130	1870	2000	2.08
123	1877	2000	2.09
117	1883	2000	2.11
109	1891	2000	2.08
102	1898	2000	2.07
94	1906	2000	2.02
87	1913	2000	1.98
79	1921	2000	1.91
72	1928	2000	1.85
65	1935	2000	1.78
59	1941	2000	1.73
53	1947	2000	1.67
47	1953	2000	1.60
41	1959	2000	1.52
36	1964	2000	1.46
31	1969	2000	1.39
27	1973	2000	1.34
23	1977	2000	1.29
19	1981	2000	1.22
15	1985	2000	1.16
11	1989	2000	1.08
9	1991	2000	1.05
6	1994	2000	0.99
4	1996	2000	0.95
1	1999	2000	0.89
-1	2001	2000	0.85
-5	2005	2000	0.75
-8	2008	2000	0.68
-10	2010	2000	0.62
-13	2013	2000	0.54
-14	2014	2000	0.50
-15	2015	2000	0.45
-16	2016	2000	0.41
-16	2016	2000	0.39
-16	2016	2000	0.37
-16	2016	2000	0.35
-16	2016	2000	0.33
-16	2016	2000	0.31
-16	2016	2000	0.28
-16	2016	2000	0.26
-16	2016	2000	0.24
-16	2016	2000	0.22
-16	2016	2000	0.20
-16	2016	2000	0.18
-16	2016	2000	0.16
-16	2016	2000	0.14
-16	2016	2000	0.11
-16	2016	2000	0.09
-16	2016	2000	0.07
-16	2016	2000	0.05
-16	2016	2000	0.03
-16	2016	2000	0.01
-16	2016	2000	-0.01
-16	2016	2000	-0.03
-16	2016	2000	-0.05
-16	2016	2000	-0.08
-16	2016	2000	-0.10
-16	2016	2000	-0.12
-16	2016	2000	-0.14
-16	2016	2000	-0.16
-16	2016	2000	-0.18
-16	2016	2000	-0.20
-16	2016	2000	-0.22
-16	2016	2000	-0.25
-16	2016	2000	-0.27
-16	2016	2000	-0.29
-16	2016	2000	-0.31
-16	2016	2000	-0.33
-16	2016	2000	-0.35
-16	2016	2000	-0.37
-16	2016	2000	-0.39
-16	2016	2000	-0.41
-16	2016	2000	-0.44
-16	2016	2000	-0.46
-16	2016	2000	-0.48
-16	2016	2000	-0.50
-16	2016	2000	-0.52
-16	2016	2000	-0.54
-16	2016	2000	-0.56
-16	2016	2000	-0.58
-16	2016	2000	-0.61
-15	2015	2000	-0.60
-15	2015	2000	-0.62
-14	2014	2000	-0.62
-14	2014	2000	-0.64
-14	2014	2000	-0.66
-14	2014	2000	-0.68
-14	2014	2000	-0.69
-13	2013	2000	-0.69
-14	2014	2000	-0.73
-13	2013	2000	-0.73
-13	2013	2000	-0.74
-13	2013	2000	-0.76
-13	2013	2000	-0.78
-13	2013	2000	-0.79
-13	2013	2000	-0.81
-13	2013	2000	-0.83
-13	2013	2000	-0.85
-13	2013	2000	-0.86
-13	2013	2000	-0.88
-13	2013	2000	-0.90
-13	2013	2000	-0.91
-11	2011	2000	-0.89
-9	2009	2000	-0.85
-7	2007	2000	-0.82
-4	2004	2000	-0.76
-1	2001	2000	-0.69
1	1999	2000	-0.65
3	1997	2000	-0.60
5	1995	2000	-0.55
6	1994	2000	-0.52
7	1993	2000	-0.49
7	1993	2000	-0.48
7	1993	2000	-0.47
7	1993	2000	-0.46
7	1993	2000	-0.45
7	1993	2000	-0.44
7	1993	2000	-0.44
7	1993	2000	-0.43
7	1993	2000	-0.42
7	1993	2000	-0.41
7	1993	2000	-0.40
7	1993	2000	-0.39
7	1993	2000	-0.38
7	1993	2000	-0.37
7	1993	2000	-0.36
7	1993	2000	-0.35
7	1993	2000	-0.34
7	1993	2000	-0.33
7	1993	2000	-0.32
7	1993	2000	-0.32
7	1993	2000	-0.31
7	1993	2000	-0.30
7	1993	2000	-0.29
7	1993	2000	-0.28
7	1993	2000	-0.27
7	1993	2000	-0.26
7	1993	2000	-0.25
7	1993	2000	-0.24
7	1993	2000	-0.23
7	1993	2000	-0.22
7	1993	2000	-0.21
7	1993	2000	-0.20
7	1993	2000	-0.19
7	1993	2000	-0.19
7	1993	2000	-0.18
7	1993	2000	-0.17
7	1993	2000	-0.16
7	1993	2000	-0.15
7	1993	2000	-0.14
7	1993	2000	-0.13
7	1993	2000	-0.12
7	1993	2000	-0.11
7	1993	2000	-0.10
7	1993	2000	-0.09
7	1993	2000	-0.08
7	1993	2000	-0.07
7	1993	2000	-0.06
7	1993	2000	-0.06
7	1993	2000	-0.05
7	1993	2000	-0.04
7	1993	2000	-0.03
7	1993	2000	-0.02
7	1993	2000	-0.01
7	1993	2000	-0.00
7	1993	2000	0.01
7	1993	2000	0.02
7	1993	2000	0.03
7	1993	2000	0.04
7	1993	2000	0.05
7	1993	2000	0.06
7	1993	2000	0.06
7	1993	2000	0.07
7	1993	2000	0.08
7	1993	2000	0.09
7	1993	2000	0.10
7	1993	2000	0.11
7	1993	2000	0.12
7	1993	2000	0.13
7	1993	2000	0.14
7	1993	2000	0.15
7	1993	2000	0.16
7	1993	2000	0.17
7	1993	2000	0.18
7	1993	2000	0.19
7	1993	2000	0.19
7	1993	2000	0.20
7	1993	2000	0.21
7	1993	2000	0.22
7	1993	2000	0.23
7	1993	2000	0.24
7	1993	2000	0.25
7	1993	2000	0.26
7	1993	2000	0.27
7	1993	2000	0.28
7	1993	2000	0.29
7	1993	2000	0.30
7	1993	2000	0.31
7	1993	2000	0.31
7	1993	2000	0.32
7	1993	2000	0.33
7	1993	2000	0.34
7	1993	2000	0.35
-1993	1993	0	-45.96
-1984	1984	0	-48.39
-1959	1959	0	-50.44
-1922	1922	0	-52.17
-1877	1877	0	-53.68
-1827	1827	0	-55.00
-1772	1772	0	-56.15
-1715	1715	0	-57.17
-1655	1655	0	-58.05
-1594	1594	0	-58.83
-1531	1531	0	-59.48
-1467	1467	0	-60.02
-1403	1403	0	-60.48
-1338	1338	0	-60.83
-1273	1273	0	-61.10
-1207	1207	0	-61.26
-1141	1141	0	-61.32
-1075	1075	0	-61.31
-1009	1009	0	-61.20
-942	942	0	-60.98
-875	875	0	-60.68
-809	809	0	-60.31
-742	742	0	-59.83
-675	675	0	-59.26
-609	609	0	-58.62
-542	542	0	-57.88
-475	475	0	-57.04
-408	408	0	-56.12
-341	341	0	-55.11
-274	274	0	-54.01
-207	207	0	-52.82
-140	140	0	-51.54
-73	73	0	-50.17
-6	6	0	-48.72
61	-61	0	-47.17
128	-128	0	-45.54
195	-195	0	-43.82
262	-262	0	-42.01
329	-329	0	-40.11
396	-396	0	-38.12
463	-463	0	-36.05
530	-530	0	-33.88
597	-597	0	-31.63
664	-664	0	-29.29
731	-731	0	-26.86
798	-798	0	-24.34
865	-865	0	-21.73
932	-932	0	-19.03
999	-999	0	-16.25
1066	-1066	0	-13.37
1133	-1133	0	-10.41
1199	-1199	0	-7.38
1263	-1263	0	-4.31
1319	-1319	0	-1.34
1367	-1367	0	1.51
1401	-1401	0	4.11
1421	-1421	0	6.43
1425	-1425	0	8.40
1416	-1416	0	10.08
1395	-1395	0	11.47
1365	-1365	0	12.62
1325	-1325	0	13.50
1279	-1279	0	14.19
1229	-1229	0	14.72
1174	-1174	0	15.07
1117	-1117	0	15.31
1057	-1057	0	15.40
997	-997	0	15.40
935	-935	0	15.29
873	-873	0	15.09
810	-810	0	14.79
746	-746	0	14.38
682	-682	0	13.88
618	-618	0	13.30
553	-553	0	12.61
489	-489	0	11.86
424	-424	0	11.00
359	-359	0	10.06
297	-297	0	9.10
236	-236	0	8.08
178	-178	0	7.05
123	-123	0	6.01
71	-71	0	4.97
23	-23	0	3.95
-20	20	0	2.99
-58	58	0	2.08
-90	90	0	1.26
-117	117	0	0.52
-137	137	0	-0.10
-152	152	0	-0.63
-161	161	0	-1.04
-165	165	0	-1.35
-166	166	0	-1.59
-165	165	0	-1.78
-162	162	0	-1.93
-158	158	0	-2.05
-153	153	0	-2.15
-147	147	0	-2.21
-140	140	0	-2.24
-133	133	0	-2.27
-125	125	0	-2.26
-117	117	0	-2.24
-109	109	0	-2.21
-101	101	0	-2.17
-93	93	0	-2.12
-85	85	0	-2.05
-78	78	0	-2.00
-70	70	0	-1.92
-63	63	0	-1.85
-57	57	0	-1.80
-51	51	0	-1.73
-44	44	0	-1.64
-39	39	0	-1.58
-33	33	0	-1.49
-29	29	0	-1.44
-24	24	0	-1.37
-20	20	0	-1.31
-16	16	0	-1.24
-13	13	0	-1.19
-10	10	0	-1.14
-7	7	0	-1.08
-4	4	0	-1.02
-1	1	0	-0.96
3	-3	0	-0.87
6	-6	0	-0.79
9	-9	0	-0.72
12	-12	0	-0.63
15	-15	0	-0.55
17	-17	0	-0.48
19	-19	0	-0.41
20	-20	0	-0.37
20	-20	0	-0.34
20	-20	0	-0.31
20	-20	0	-0.29
20	-20	0	-0.26
20	-20	0	-0.23
20	-20	0	-0.21
20	-20	0	-0.18
20	-20	0	-0.15
20	-20	0	-0.13
20	-20	0	-0.10
20	-20	0	-0.07
20	-20	0	-0.05
20	-20	0	-0.02
20	-20	0	0.00
20	-20	0	0.03
20	-20	0	0.06
20	-20	0	0.08
20	-20	0	0.11
20	-20	0	0.14
20	-20	0	0.16
20	-20	0	0.19
20	-20	0	0.22
20	-20	0	0.24
20	-20	0	0.27
20	-20	0	0.30
20	-20	0	0.32
20	-20	0	0.35
20	-20	0	0.38
20	-20	0	0.40
20	-20	0	0.43
20	-20	0	0.45
20	-20	0	0.48
20	-20	0	0.51
20	-20	0	0.53
20	-20	0	0.56
20	-20	0	0.59
19	-19	0	0.59
19	-19	0	0.62
19	-19	0	0.64
18	-18	0	0.64
17	-17	0	0.64
17	-17	0	0.67
15	-15	0	0.64
15	-15	0	0.66
13	-13	0	0.64
12	-12	0	0.63
11	-11	0	0.62
11	-11	0	0.64
10	-10	0	0.63
9	-9	0	0.62
8	-8	0	0.61
7	-7	0	0.59
5	-5	0	0.56
5	-5	0	0.56
4	-4	0	0.55
4	-4	0	0.55
4	-4	0	0.56
4	-4	0	0.56
4	-4	0	0.57
4	-4	0	0.57
4	-4	0	0.58
4	-4	0	0.58
4	-4	0	0.59
4	-4	0	0.59
4	-4	0	0.60
4	-4	0	0.61
4	-4	0	0.61
4	-4	0	0.62
4	-4	0	0.62
4	-4	0	0.63
4	-4	0	0.63
4	-4	0	0.64
4	-4	0	0.64
4	-4	0	0.65
4	-4	0	0.65
4	-4	0	0.66
4	-4	0	0.66
4	-4	0	0.67
4	-4	0	0.67
4	-4	0	0.68
4	-4	0	0.68
3	-3	0	0.67
3	-3	0	0.67
3	-3	0	0.67
3	-3	0	0.68
3	-3	0	0.68
2	-2	0	0.66
1	-1	0	0.64
-1	1	0	0.60
-3	3	0	0.55
-4	4	0	0.52
-5	5	0	0.49
-6	6	0	0.47
-6	6	0	0.46
-6	6	0	0.45
-6	6	0	0.44
-6	6	0	0.43
-6	6	0	0.43
-6	6	0	0.42
-6	6	0	0.41
-6	6	0	0.40
-6	6	0	0.39
-6	6	0	0.39
-6	6	0	0.38
-6	6	0	0.37
-6	6	0	0.36
-6	6	0	0.35
-6	6	0	0.35
-6	6	0	0.34
-6	6	0	0.33
-6	6	0	0.32
-6	6	0	0.31
-6	6	0	0.31
-6	6	0	0.30
-6	6	0	0.29
-6	6	0	0.28
-6	6	0	0.27
-6	6	0	0.27
-6	6	0	0.26
-6	6	0	0.25
-6	6	0	0.24
-6	6	0	0.23
-6	6	0	0.23
-6	6	0	0.22
-6	6	0	0.21
-6	6	0	0.20
-6	6	0	0.20
-6	6	0	0.19
-6	6	0	0.18
-6	6	0	0.17
-6	6	0	0.16
-6	6	0	0.16
-6	6	0	0.15
-6	6	0	0.14
-6	6	0	0.13
-6	6	0	0.12
-6	6	0	0.12
-6	6	0	0.11
-6	6	0	0.10
-6	6	0	0.09
-6	6	0	0.08
-6	6	0	0.08
-6	6	0	0.07
-6	6	0	0.06
-6	6	0	0.05
-6	6	0	0.04
-6	6	0	0.04
-6	6	0	0.03
-6	6	0	0.02
-6	6	0	0.01
-6	6	0	0.00
-6	6	0	-0.00
-6	6	0	-0.01
-6	6	0	-0.02
-6	6	0	-0.03
-6	6	0	-0.04
-6	6	0	-0.04
-6	6	0	-0.05
-6	6	0	-0.06
-6	6	0	-0.07
-6	6	0	-0.07
-6	6	0	-0.08
-6	6	0	-0.09
-6	6	0	-0.10
-6	6	0	-0.11
-6	6	0	-0.11
-6	6	0	-0.12
-6	6	0	-0.13
-6	6	0	-0.14
-6	6	0	-0.15
1994	6	2000	46.17
1985	15	2000	48.60
1961	39	2000	50.67
1924	76	2000	52.41
1880	120	2000	53.94
1831	169	2000	55.29
1777	223	2000	56.46
1721	279	2000	57.52
1662	338	2000	58.43
1602	398	2000	59.24
1541	459	2000	59.95
1479	521	2000	60.55
1415	585	2000	61.03
1352	648	2000	61.44
1288	712	2000	61.75
1224	776	2000	61.97
1159	841	2000	62.08
1095	905	2000	62.13
1030	970	2000	62.08
965	1035	2000	61.94
900	1100	2000	61.71
835	1165	2000	61.39
770	1230	2000	60.99
705	1295	2000	60.51
640	1360	2000	59.93
575	1425	2000	59.28
509	1491	2000	58.51
444	1556	2000	57.68
379	1621	2000	56.76
313	1687	2000	55.73
248	1752	2000	54.64
183	1817	2000	53.46
118	1882	2000	52.20
53	1947	2000	50.85
-13	2013	2000	49.39
-78	2078	2000	47.87
-143	2143	2000	46.26
-209	2209	2000	44.54
-274	2274	2000	42.76
-339	2339	2000	40.89
-405	2405	2000	38.91
-469	2469	2000	36.90
-535	2535	2000	34.75
-600	2600	2000	32.53
-665	2665	2000	30.23
-731	2731	2000	27.82
-796	2796	2000	25.35
-861	2861	2000	22.79
-927	2927	2000	20.12
-992	2992	2000	17.39
-1057	3057	2000	14.57
-1123	3123	2000	11.65
-1188	3188	2000	8.65
-1251	3251	2000	5.62
-1310	3310	2000	2.60
-1361	3361	2000	-0.31
-1399	3399	2000	-3.00
-1424	3424	2000	-5.43
-1434	3434	2000	-7.54
-1429	3429	2000	-9.33
-1412	3412	2000	-10.82
-1385	3385	2000	-12.07
-1347	3347	2000	-13.02
-1303	3303	2000	-13.78
-1252	3252	2000	-14.33
-1197	3197	2000	-14.71
-1140	3140	2000	-14.97
-1081	3081	2000	-15.12
-1019	3019	2000	-15.11
-957	2957	2000	-15.02
-893	2893	2000	-14.81
-828	2828	2000	-14.48
-763	2763	2000	-14.07
-698	2698	2000	-13.58
-632	2632	2000	-12.97
-566	2566	2000	-12.28
-500	2500	2000	-11.50
-433	2433	2000	-10.61
-368	2368	2000	-9.68
-305	2305	2000	-8.71
-243	2243	2000	-7.68
-185	2185	2000	-6.65
-130	2130	2000	-5.62
-79	2079	2000	-4.62
-31	2031	2000	-3.61
11	1989	2000	-2.68
48	1952	2000	-1.80
79	1921	2000	-1.02
105	1895	2000	-0.32
124	1876	2000	0.26
137	1863	2000	0.73
145	1855	2000	1.09
149	1851	2000	1.38
149	1851	2000	1.58
148	1852	2000	1.75
145	1855	2000	1.88
141	1859	2000	1.98
136	1864	2000	2.05
130	1870	2000	2.09
123	1877	2000	2.10
117	1883	2000	2.12
109	1891	2000	2.09
102	1898	2000	2.07
95	1905	2000	2.05
87	1913	2000	1.99
80	1920	2000	1.94
73	1927	2000	1.88
66	1934	2000	1.82
59	1941	2000	1.74
53	1947	2000	1.68
47	1953	2000	1.61
41	1959	2000	1.54
36	1964	2000	1.48
31	1969	2000	1.41
27	1973	2000	1.36
23	1977	2000	1.30
19	1981	2000	1.24
15	1985	2000	1.17
11	1989	2000	1.10
9	1991	2000	1.06
6	1994	2000	1.01
3	1997	2000	0.94
1	1999	2000	0.90
-2	2002	2000	0.83
-5	2005	2000	0.76
-8	2008	2000	0.69
-11	2011	2000	0.61
-13	2013	2000	0.55
-14	2014	2000	0.50
-16	2016	2000	0.44
-16	2016	2000	0.42
-17	2017	2000	0.37
-17	2017	2000	0.35
-17	2017	2000	0.33
-17	2017	2000	0.31
-17	2017	2000	0.28
-17	2017	2000	0.26
-17	2017	2000	0.24
-17	2017	2000	0.22
-17	2017	2000	0.19
-17	2017	2000	0.17
-17	2017	2000	0.15
-17	2017	2000	0.13
-17	2017	2000	0.10
-17	2017	2000	0.08
-17	2017	2000	0.06
-17	2017	2000	0.04
-17	2017	2000	0.01
-17	2017	2000	-0.01
-17	2017	2000	-0.03
-17	2017	2000	-0.05
-17	2017	2000	-0.08
-17	2017	2000	-0.10
-17	2017	2000	-0.12
-17	2017	2000	-0.14
-17	2017	2000	-0.17
-17	2017	2000	-0.19
-17	2017	2000	-0.21
-17	2017	2000	-0.23
-17	2017	2000	-0.26
-17	2017	2000	-0.28
-17	2017	2000	-0.30
-17	2017	2000	-0.32
-17	2017	2000	-0.35
-17	2017	2000	-0.37
-17	2017	2000	-0.39
-17	2017	2000	-0.41
-17	2017	2000	-0.44
-17	2017	2000	-0.46
-17	2017	2000	-0.48
-17	2017	2000	-0.50
-17	2017	2000	-0.53
-17	2017	2000	-0.55
-16	2016	2000	-0.55
-16	2016	2000	-0.57
-16	2016	2000	-0.59
-15	2015	2000	-0.59
-15	2015	2000	-0.61
-14	2014	2000	-0.60
-14	2014	2000	-0.62
-14	2014	2000	-0.64
-14	2014	2000	-0.66
-14	2014	2000	-0.68
-14	2014	2000	-0.70
-14	2014	2000	-0.72
-14	2014	2000	-0.73
-14	2014	2000	-0.75
-14	2014	2000	-0.77
-14	2014	2000	-0.79
-14	2014	2000	-0.81
-14	2014	2000	-0.83
-14	2014	2000	-0.85
-14	2014	2000	-0.86
-14	2014	2000	-0.88
-13	2013	2000	-0.88
-13	2013	2000	-0.89
-13	2013	2000	-0.91
-12	2012	2000	-0.91
-10	2010	2000	-0.88
-8	2008	2000	-0.84
-5	2005	2000	-0.78
-3	2003	2000	-0.74
-1	2001	2000	-0.70
1	1999	2000	-0.66
3	1997	2000	-0.61
5	1995	2000	-0.56
6	1994	2000	-0.53
7	1993	2000	-0.50
8	1992	2000	-0.47
8	1992	2000	-0.45
7	1993	2000	-0.47
7	1993	2000	-0.46
7	1993	2000	-0.45
7	1993	2000	-0.44
7	1993	2000	-0.43
7	1993	2000	-0.42
7	1993	2000	-0.41
7	1993	2000	-0.40
7	1993	2000	-0.39
7	1993	2000	-0.38
7	1993	2000	-0.37
7	1993	2000	-0.37
7	1993	2000	-0.36
7	1993	2000	-0.35
7	1993	2000	-0.34
7	1993	2000	-0.33
7	1993	2000	-0.32
7	1993	2000	-0.31
7	1993	2000	-0.30
7	1993	2000	-0.29
7	1993	2000	-0.28
7	1993	2000	-0.27
7	1993	2000	-0.26
7	1993	2000	-0.25
7	1993	2000	-0.24
7	1993	2000	-0.24
7	1993	2000	-0.23
7	1993	2000	-0.22
7	1993	2000	-0.21
7	1993	2000	-0.20
7	1993	2000	-0.19
7	1993	2000	-0.18
7	1993	2000	-0.17
7	1993	2000	-0.16
7	1993	2000	-0.15
7	1993	2000	-0.14
7	1993	2000	-0.13
7	1993	2000	-0.12
7	1993	2000	-0.12
7	1993	2000	-0.11
7	1993	2000	-0.10
7	1993	2000	-0.09
7	1993	2000	-0.08
7	1993	2000	-0.07
7	1993	2000	-0.06
7	1993	2000	-0.05
7	1993	2000	-0.04
7	1993	2000	-0.03
7	1993	2000	-0.02
7	1993	2000	-0.01
7	1993	2000	-0.00
7	1993	2000	0.01
7	1993	2000	0.01
7	1993	2000	0.02
7	1993	2000	0.03
7	1993	2000	0.04
7	1993	2000	0.05
7	1993	2000	0.06
7	1993	2000	0.07
7	1993	2000	0.08
7	1993	2000	0.09
7	1993	2000	0.10
7	1993	2000	0.11
7	1993	2000	0.12
7	1993	2000	0.13
7	1993	2000	0.13
7	1993	2000	0.14
7	1993	2000	0.15
7	1993	2000	0.16
7	1993	2000	0.17
7	1993	2000	0.18
7	1993	2000	0.19
7	1993	2000	0.20
7	1993	2000	0.21
7	1993	2000	0.22
7	1993	2000	0.23
7	1993	2000	0.24
7	1993	2000	0.25
7	1993	2000	0.26
7	1993	2000	0.26
7	1993	2000	0.27
7	1993	2000	0.28
7	1993	2000	0.29
7	1993	2000	0.30
7	1993	2000	0.31
7	1993	2000	0.32
7	1993	2000	0.33
7	1993	2000	0.34
7	1993	2000	0.35
7	1993	2000	0.36
7	1993	2000	0.37
-1993	1993	0	-45.95
-1984	1984	0	-48.38
-1959	1959	0	-50.42
-1922	1922	0	-52.16
-1877	1877	0	-53.66
-1827	1827	0	-54.99
-1773	1773	0	-56.15
-1715	1715	0	-57.16
-1656	1656	0	-58.06
-1595	1595	0	-58.84
-1532	1532	0	-59.49
-1468	1468	0	-60.04
-1404	1404	0	-60.50
-1339	1339	0	-60.85
-1273	1273	0	-61.09
-1208	1208	0	-61.27
-1142	1142	0	-61.34
-1076	1076	0	-61.33
-1009	1009	0	-61.20
-943	943	0	-61.01
-877	877	0	-60.72
-810	810	0	-60.33
-743	743	0	-59.85
-677	677	0	-59.31
-609	609	0	-58.63
-543	543	0	-57.91
-476	476	0	-57.07
-409	409	0	-56.15
-342	342	0	-55.14
-275	275	0	-54.04
-209	209	0	-52.88
-141	141	0	-51.58
-75	75	0	-50.24
-7	7	0	-48.76
59	-59	0	-47.24
127	-127	0	-45.59
193	-193	0	-43.89
260	-260	0	-42.09
327	-327	0	-40.19
394	-394	0	-38.20
461	-461	0	-36.13
528	-528	0	-33.97
595	-595	0	-31.72
662	-662	0	-29.38
729	-729	0	-26.95
796	-796	0	-24.43
863	-863	0	-21.83
930	-930	0	-19.13
997	-997	0	-16.35
1064	-1064	0	-13.48
1131	-1131	0	-10.52
1197	-1197	0	-7.50
1261	-1261	0	-4.43
1317	-1317	0	-1.46
1365	-1365	0	1.39
1400	-1400	0	4.01
1420	-1420	0	6.33
1426	-1426	0	8.34
1417	-1417	0	10.02
1397	-1397	0	11.44
1328	-1328	0	13.50
1282	-1282	0	14.19
ets Jun  8 2016 00:22:57

rst:0x1 (POWERON_RESET),boot:0x3 (DOWNLOAD_BOOT(UART0/UART1/SDIO_REI_REO_V2))
waiting for download
